<?xml version="1.0" encoding="UTF-8"?>
<coverage generated="1750932952384" clover="3.2.0">
  <project timestamp="1750932952384" name="All files">
    <metrics statements="4304" coveredstatements="4202" conditionals="125" coveredconditionals="102" methods="1067" coveredmethods="1029" elements="5496" coveredelements="5333" complexity="0" loc="4304" ncloc="4304" packages="65" files="75" classes="75"/>
    <package name="Accordion">
      <metrics statements="24" coveredstatements="24" conditionals="0" coveredconditionals="0" methods="6" coveredmethods="6"/>
      <file name="Accordion.update-test.component-test.tsx" path="/e2e/packages/sdds-insol/src/components/Accordion/Accordion.update-test.component-test.tsx">
        <metrics statements="24" coveredstatements="24" conditionals="0" coveredconditionals="0" methods="6" coveredmethods="6"/>
        <line num="4" count="6" type="stmt"/>
        <line num="5" count="6" type="stmt"/>
        <line num="6" count="6" type="stmt"/>
        <line num="8" count="6" type="stmt"/>
        <line num="10" count="6" type="stmt"/>
        <line num="12" count="6" type="stmt"/>
        <line num="13" count="6" type="stmt"/>
        <line num="29" count="6" type="stmt"/>
        <line num="31" count="6" type="stmt"/>
        <line num="34" count="6" type="stmt"/>
        <line num="35" count="5" type="stmt"/>
        <line num="51" count="5" type="stmt"/>
        <line num="53" count="5" type="stmt"/>
        <line num="56" count="6" type="stmt"/>
        <line num="57" count="4" type="stmt"/>
        <line num="73" count="4" type="stmt"/>
        <line num="75" count="4" type="stmt"/>
        <line num="78" count="6" type="stmt"/>
        <line num="79" count="3" type="stmt"/>
        <line num="89" count="3" type="stmt"/>
        <line num="91" count="3" type="stmt"/>
        <line num="94" count="6" type="stmt"/>
        <line num="95" count="2" type="stmt"/>
        <line num="105" count="2" type="stmt"/>
      </file>
    </package>
    <package name="Attach">
      <metrics statements="72" coveredstatements="72" conditionals="0" coveredconditionals="0" methods="15" coveredmethods="15"/>
      <file name="Attach.update-test.component-test.tsx" path="/e2e/packages/sdds-insol/src/components/Attach/Attach.update-test.component-test.tsx">
        <metrics statements="72" coveredstatements="72" conditionals="0" coveredconditionals="0" methods="15" coveredmethods="15"/>
        <line num="5" count="51" type="stmt"/>
        <line num="6" count="14" type="stmt"/>
        <line num="7" count="14" type="stmt"/>
        <line num="9" count="14" type="stmt"/>
        <line num="10" count="14" type="stmt"/>
        <line num="12" count="14" type="stmt"/>
        <line num="13" count="14" type="stmt"/>
        <line num="19" count="14" type="stmt"/>
        <line num="20" count="14" type="stmt"/>
        <line num="22" count="14" type="stmt"/>
        <line num="25" count="14" type="stmt"/>
        <line num="26" count="13" type="stmt"/>
        <line num="32" count="13" type="stmt"/>
        <line num="33" count="13" type="stmt"/>
        <line num="35" count="13" type="stmt"/>
        <line num="38" count="14" type="stmt"/>
        <line num="39" count="12" type="stmt"/>
        <line num="45" count="12" type="stmt"/>
        <line num="46" count="12" type="stmt"/>
        <line num="48" count="12" type="stmt"/>
        <line num="51" count="14" type="stmt"/>
        <line num="52" count="11" type="stmt"/>
        <line num="58" count="11" type="stmt"/>
        <line num="59" count="11" type="stmt"/>
        <line num="61" count="11" type="stmt"/>
        <line num="64" count="14" type="stmt"/>
        <line num="65" count="10" type="stmt"/>
        <line num="71" count="10" type="stmt"/>
        <line num="72" count="10" type="stmt"/>
        <line num="74" count="10" type="stmt"/>
        <line num="77" count="14" type="stmt"/>
        <line num="78" count="9" type="stmt"/>
        <line num="84" count="9" type="stmt"/>
        <line num="85" count="9" type="stmt"/>
        <line num="87" count="9" type="stmt"/>
        <line num="90" count="14" type="stmt"/>
        <line num="91" count="8" type="stmt"/>
        <line num="97" count="8" type="stmt"/>
        <line num="98" count="8" type="stmt"/>
        <line num="100" count="8" type="stmt"/>
        <line num="103" count="14" type="stmt"/>
        <line num="104" count="7" type="stmt"/>
        <line num="110" count="7" type="stmt"/>
        <line num="111" count="7" type="stmt"/>
        <line num="113" count="7" type="stmt"/>
        <line num="116" count="14" type="stmt"/>
        <line num="117" count="6" type="stmt"/>
        <line num="123" count="6" type="stmt"/>
        <line num="124" count="6" type="stmt"/>
        <line num="126" count="6" type="stmt"/>
        <line num="129" count="14" type="stmt"/>
        <line num="130" count="5" type="stmt"/>
        <line num="136" count="5" type="stmt"/>
        <line num="137" count="5" type="stmt"/>
        <line num="139" count="5" type="stmt"/>
        <line num="142" count="14" type="stmt"/>
        <line num="143" count="4" type="stmt"/>
        <line num="149" count="4" type="stmt"/>
        <line num="150" count="4" type="stmt"/>
        <line num="152" count="4" type="stmt"/>
        <line num="155" count="14" type="stmt"/>
        <line num="156" count="3" type="stmt"/>
        <line num="162" count="3" type="stmt"/>
        <line num="163" count="3" type="stmt"/>
        <line num="164" count="3" type="stmt"/>
        <line num="165" count="3" type="stmt"/>
        <line num="167" count="3" type="stmt"/>
        <line num="170" count="14" type="stmt"/>
        <line num="171" count="2" type="stmt"/>
        <line num="177" count="2" type="stmt"/>
        <line num="178" count="2" type="stmt"/>
        <line num="180" count="2" type="stmt"/>
      </file>
    </package>
    <package name="Autocomplete">
      <metrics statements="126" coveredstatements="126" conditionals="0" coveredconditionals="0" methods="20" coveredmethods="20"/>
      <file name="Autocomplete.component-test.tsx" path="/e2e/packages/sdds-insol/src/components/Autocomplete/Autocomplete.component-test.tsx">
        <metrics statements="126" coveredstatements="126" conditionals="0" coveredconditionals="0" methods="20" coveredmethods="20"/>
        <line num="4" count="18" type="stmt"/>
        <line num="57" count="18" type="stmt"/>
        <line num="58" count="18" type="stmt"/>
        <line num="61" count="10" type="stmt"/>
        <line num="63" count="10" type="stmt"/>
        <line num="70" count="18" type="stmt"/>
        <line num="71" count="18" type="stmt"/>
        <line num="73" count="18" type="stmt"/>
        <line num="79" count="18" type="stmt"/>
        <line num="80" count="18" type="stmt"/>
        <line num="81" count="18" type="stmt"/>
        <line num="84" count="18" type="stmt"/>
        <line num="85" count="17" type="stmt"/>
        <line num="87" count="17" type="stmt"/>
        <line num="157" count="17" type="stmt"/>
        <line num="160" count="18" type="stmt"/>
        <line num="161" count="16" type="stmt"/>
        <line num="163" count="16" type="stmt"/>
        <line num="233" count="16" type="stmt"/>
        <line num="236" count="18" type="stmt"/>
        <line num="237" count="15" type="stmt"/>
        <line num="239" count="15" type="stmt"/>
        <line num="317" count="15" type="stmt"/>
        <line num="320" count="18" type="stmt"/>
        <line num="321" count="14" type="stmt"/>
        <line num="323" count="14" type="stmt"/>
        <line num="401" count="14" type="stmt"/>
        <line num="404" count="18" type="stmt"/>
        <line num="405" count="13" type="stmt"/>
        <line num="407" count="13" type="stmt"/>
        <line num="413" count="13" type="stmt"/>
        <line num="414" count="13" type="stmt"/>
        <line num="415" count="13" type="stmt"/>
        <line num="418" count="18" type="stmt"/>
        <line num="419" count="12" type="stmt"/>
        <line num="421" count="12" type="stmt"/>
        <line num="427" count="12" type="stmt"/>
        <line num="428" count="12" type="stmt"/>
        <line num="429" count="12" type="stmt"/>
        <line num="432" count="18" type="stmt"/>
        <line num="433" count="11" type="stmt"/>
        <line num="435" count="11" type="stmt"/>
        <line num="441" count="11" type="stmt"/>
        <line num="442" count="11" type="stmt"/>
        <line num="443" count="11" type="stmt"/>
        <line num="444" count="11" type="stmt"/>
        <line num="445" count="11" type="stmt"/>
        <line num="446" count="11" type="stmt"/>
        <line num="447" count="11" type="stmt"/>
        <line num="450" count="18" type="stmt"/>
        <line num="451" count="10" type="stmt"/>
        <line num="457" count="10" type="stmt"/>
        <line num="458" count="10" type="stmt"/>
        <line num="461" count="10" type="stmt"/>
        <line num="464" count="18" type="stmt"/>
        <line num="465" count="9" type="stmt"/>
        <line num="467" count="9" type="stmt"/>
        <line num="487" count="9" type="stmt"/>
        <line num="490" count="18" type="stmt"/>
        <line num="491" count="8" type="stmt"/>
        <line num="493" count="8" type="stmt"/>
        <line num="503" count="8" type="stmt"/>
        <line num="506" count="18" type="stmt"/>
        <line num="507" count="7" type="stmt"/>
        <line num="509" count="7" type="stmt"/>
        <line num="522" count="7" type="stmt"/>
        <line num="523" count="7" type="stmt"/>
        <line num="525" count="7" type="stmt"/>
        <line num="528" count="18" type="stmt"/>
        <line num="529" count="6" type="stmt"/>
        <line num="531" count="6" type="stmt"/>
        <line num="544" count="6" type="stmt"/>
        <line num="545" count="6" type="stmt"/>
        <line num="547" count="6" type="stmt"/>
        <line num="550" count="18" type="stmt"/>
        <line num="551" count="5" type="stmt"/>
        <line num="553" count="5" type="stmt"/>
        <line num="560" count="75" type="stmt"/>
        <line num="566" count="5" type="stmt"/>
        <line num="567" count="5" type="stmt"/>
        <line num="569" count="5" type="stmt"/>
        <line num="572" count="18" type="stmt"/>
        <line num="573" count="4" type="stmt"/>
        <line num="575" count="4" type="stmt"/>
        <line num="589" count="4" type="stmt"/>
        <line num="591" count="4" type="stmt"/>
        <line num="594" count="18" type="stmt"/>
        <line num="595" count="3" type="stmt"/>
        <line num="597" count="3" type="stmt"/>
        <line num="611" count="3" type="stmt"/>
        <line num="612" count="3" type="stmt"/>
        <line num="614" count="3" type="stmt"/>
        <line num="617" count="18" type="stmt"/>
        <line num="618" count="2" type="stmt"/>
        <line num="620" count="2" type="stmt"/>
        <line num="626" count="2" type="stmt"/>
        <line num="627" count="2" type="stmt"/>
        <line num="630" count="2" type="stmt"/>
        <line num="631" count="2" type="stmt"/>
        <line num="632" count="2" type="stmt"/>
        <line num="633" count="2" type="stmt"/>
        <line num="634" count="2" type="stmt"/>
        <line num="635" count="2" type="stmt"/>
        <line num="636" count="2" type="stmt"/>
        <line num="637" count="2" type="stmt"/>
        <line num="638" count="2" type="stmt"/>
        <line num="639" count="2" type="stmt"/>
        <line num="640" count="2" type="stmt"/>
        <line num="643" count="2" type="stmt"/>
        <line num="644" count="2" type="stmt"/>
        <line num="645" count="2" type="stmt"/>
        <line num="646" count="2" type="stmt"/>
        <line num="647" count="2" type="stmt"/>
        <line num="648" count="2" type="stmt"/>
        <line num="649" count="2" type="stmt"/>
        <line num="650" count="2" type="stmt"/>
        <line num="651" count="2" type="stmt"/>
        <line num="652" count="2" type="stmt"/>
        <line num="653" count="2" type="stmt"/>
        <line num="656" count="2" type="stmt"/>
        <line num="657" count="2" type="stmt"/>
        <line num="658" count="2" type="stmt"/>
        <line num="659" count="2" type="stmt"/>
        <line num="660" count="2" type="stmt"/>
        <line num="663" count="2" type="stmt"/>
        <line num="664" count="2" type="stmt"/>
      </file>
    </package>
    <package name="Avatar">
      <metrics statements="83" coveredstatements="83" conditionals="0" coveredconditionals="0" methods="22" coveredmethods="22"/>
      <file name="Avatar.update-test.component-test.tsx" path="/e2e/packages/sdds-insol/src/components/Avatar/Avatar.update-test.component-test.tsx">
        <metrics statements="83" coveredstatements="83" conditionals="0" coveredconditionals="0" methods="22" coveredmethods="22"/>
        <line num="7" count="31" type="stmt"/>
        <line num="9" count="21" type="stmt"/>
        <line num="11" count="21" type="stmt"/>
        <line num="12" count="21" type="stmt"/>
        <line num="14" count="21" type="stmt"/>
        <line num="15" count="21" type="stmt"/>
        <line num="21" count="21" type="stmt"/>
        <line num="22" count="21" type="stmt"/>
        <line num="25" count="21" type="stmt"/>
        <line num="26" count="20" type="stmt"/>
        <line num="32" count="20" type="stmt"/>
        <line num="35" count="21" type="stmt"/>
        <line num="36" count="19" type="stmt"/>
        <line num="42" count="19" type="stmt"/>
        <line num="43" count="19" type="stmt"/>
        <line num="46" count="21" type="stmt"/>
        <line num="47" count="18" type="stmt"/>
        <line num="53" count="18" type="stmt"/>
        <line num="54" count="18" type="stmt"/>
        <line num="57" count="21" type="stmt"/>
        <line num="58" count="17" type="stmt"/>
        <line num="64" count="17" type="stmt"/>
        <line num="65" count="17" type="stmt"/>
        <line num="68" count="21" type="stmt"/>
        <line num="69" count="16" type="stmt"/>
        <line num="86" count="16" type="stmt"/>
        <line num="87" count="16" type="stmt"/>
        <line num="90" count="21" type="stmt"/>
        <line num="91" count="15" type="stmt"/>
        <line num="107" count="15" type="stmt"/>
        <line num="108" count="15" type="stmt"/>
        <line num="111" count="21" type="stmt"/>
        <line num="112" count="14" type="stmt"/>
        <line num="126" count="14" type="stmt"/>
        <line num="127" count="14" type="stmt"/>
        <line num="130" count="21" type="stmt"/>
        <line num="131" count="13" type="stmt"/>
        <line num="146" count="13" type="stmt"/>
        <line num="147" count="13" type="stmt"/>
        <line num="150" count="21" type="stmt"/>
        <line num="151" count="12" type="stmt"/>
        <line num="165" count="12" type="stmt"/>
        <line num="166" count="12" type="stmt"/>
        <line num="169" count="21" type="stmt"/>
        <line num="170" count="11" type="stmt"/>
        <line num="184" count="11" type="stmt"/>
        <line num="185" count="11" type="stmt"/>
        <line num="188" count="21" type="stmt"/>
        <line num="189" count="10" type="stmt"/>
        <line num="203" count="10" type="stmt"/>
        <line num="204" count="10" type="stmt"/>
        <line num="207" count="21" type="stmt"/>
        <line num="208" count="9" type="stmt"/>
        <line num="223" count="9" type="stmt"/>
        <line num="224" count="9" type="stmt"/>
        <line num="227" count="21" type="stmt"/>
        <line num="228" count="8" type="stmt"/>
        <line num="244" count="8" type="stmt"/>
        <line num="245" count="8" type="stmt"/>
        <line num="248" count="21" type="stmt"/>
        <line num="249" count="7" type="stmt"/>
        <line num="265" count="7" type="stmt"/>
        <line num="266" count="7" type="stmt"/>
        <line num="269" count="21" type="stmt"/>
        <line num="270" count="6" type="stmt"/>
        <line num="286" count="6" type="stmt"/>
        <line num="287" count="6" type="stmt"/>
        <line num="290" count="21" type="stmt"/>
        <line num="291" count="5" type="stmt"/>
        <line num="307" count="5" type="stmt"/>
        <line num="308" count="5" type="stmt"/>
        <line num="311" count="21" type="stmt"/>
        <line num="312" count="4" type="stmt"/>
        <line num="327" count="4" type="stmt"/>
        <line num="328" count="4" type="stmt"/>
        <line num="331" count="21" type="stmt"/>
        <line num="332" count="3" type="stmt"/>
        <line num="347" count="3" type="stmt"/>
        <line num="348" count="3" type="stmt"/>
        <line num="351" count="21" type="stmt"/>
        <line num="352" count="2" type="stmt"/>
        <line num="367" count="2" type="stmt"/>
        <line num="368" count="2" type="stmt"/>
      </file>
    </package>
    <package name="AvatarGroup">
      <metrics statements="9" coveredstatements="9" conditionals="0" coveredconditionals="0" methods="3" coveredmethods="3"/>
      <file name="AvatarGroup.component-test.tsx" path="/e2e/packages/sdds-insol/src/components/AvatarGroup/AvatarGroup.component-test.tsx">
        <metrics statements="9" coveredstatements="9" conditionals="0" coveredconditionals="0" methods="3" coveredmethods="3"/>
        <line num="4" count="2" type="stmt"/>
        <line num="6" count="2" type="stmt"/>
        <line num="7" count="2" type="stmt"/>
        <line num="8" count="2" type="stmt"/>
        <line num="10" count="2" type="stmt"/>
        <line num="11" count="2" type="stmt"/>
        <line num="17" count="10" type="stmt"/>
        <line num="23" count="2" type="stmt"/>
        <line num="24" count="2" type="stmt"/>
      </file>
    </package>
    <package name="Badge">
      <metrics statements="36" coveredstatements="36" conditionals="0" coveredconditionals="0" methods="13" coveredmethods="13"/>
      <file name="Badge.update-test.component-test.tsx" path="/e2e/packages/sdds-insol/src/components/Badge/Badge.update-test.component-test.tsx">
        <metrics statements="36" coveredstatements="36" conditionals="0" coveredconditionals="0" methods="13" coveredmethods="13"/>
        <line num="5" count="35" type="stmt"/>
        <line num="7" count="12" type="stmt"/>
        <line num="8" count="12" type="stmt"/>
        <line num="10" count="12" type="stmt"/>
        <line num="11" count="12" type="stmt"/>
        <line num="17" count="12" type="stmt"/>
        <line num="20" count="12" type="stmt"/>
        <line num="21" count="11" type="stmt"/>
        <line num="27" count="11" type="stmt"/>
        <line num="30" count="12" type="stmt"/>
        <line num="31" count="10" type="stmt"/>
        <line num="37" count="10" type="stmt"/>
        <line num="40" count="12" type="stmt"/>
        <line num="41" count="9" type="stmt"/>
        <line num="47" count="9" type="stmt"/>
        <line num="50" count="12" type="stmt"/>
        <line num="51" count="8" type="stmt"/>
        <line num="57" count="8" type="stmt"/>
        <line num="60" count="12" type="stmt"/>
        <line num="61" count="7" type="stmt"/>
        <line num="67" count="7" type="stmt"/>
        <line num="70" count="12" type="stmt"/>
        <line num="71" count="6" type="stmt"/>
        <line num="77" count="6" type="stmt"/>
        <line num="80" count="12" type="stmt"/>
        <line num="81" count="5" type="stmt"/>
        <line num="87" count="5" type="stmt"/>
        <line num="90" count="12" type="stmt"/>
        <line num="91" count="4" type="stmt"/>
        <line num="97" count="4" type="stmt"/>
        <line num="100" count="12" type="stmt"/>
        <line num="101" count="3" type="stmt"/>
        <line num="113" count="3" type="stmt"/>
        <line num="116" count="12" type="stmt"/>
        <line num="117" count="2" type="stmt"/>
        <line num="123" count="2" type="stmt"/>
      </file>
    </package>
    <package name="Breadcrumbs">
      <metrics statements="23" coveredstatements="4" conditionals="0" coveredconditionals="0" methods="8" coveredmethods="1"/>
      <file name="Breadcrumbs.update-test.component-test.tsx" path="/e2e/packages/sdds-insol/src/components/Breadcrumbs/Breadcrumbs.update-test.component-test.tsx">
        <metrics statements="23" coveredstatements="4" conditionals="0" coveredconditionals="0" methods="8" coveredmethods="1"/>
        <line num="7" count="2" type="stmt"/>
        <line num="10" count="0" type="stmt"/>
        <line num="14" count="2" type="stmt"/>
        <line num="19" count="0" type="stmt"/>
        <line num="29" count="0" type="stmt"/>
        <line num="39" count="2" type="stmt"/>
        <line num="40" count="2" type="stmt"/>
        <line num="42" count="0" type="stmt"/>
        <line num="43" count="0" type="stmt"/>
        <line num="49" count="0" type="stmt"/>
        <line num="52" count="0" type="stmt"/>
        <line num="53" count="0" type="stmt"/>
        <line num="59" count="0" type="stmt"/>
        <line num="62" count="0" type="stmt"/>
        <line num="63" count="0" type="stmt"/>
        <line num="69" count="0" type="stmt"/>
        <line num="72" count="0" type="stmt"/>
        <line num="73" count="0" type="stmt"/>
        <line num="79" count="0" type="stmt"/>
        <line num="82" count="0" type="stmt"/>
        <line num="83" count="0" type="stmt"/>
        <line num="89" count="0" type="stmt"/>
        <line num="91" count="0" type="stmt"/>
      </file>
    </package>
    <package name="Button">
      <metrics statements="42" coveredstatements="42" conditionals="0" coveredconditionals="0" methods="15" coveredmethods="15"/>
      <file name="Button.update-test.component-test.tsx" path="/e2e/packages/sdds-insol/src/components/Button/Button.update-test.component-test.tsx">
        <metrics statements="42" coveredstatements="42" conditionals="0" coveredconditionals="0" methods="15" coveredmethods="15"/>
        <line num="7" count="48" type="stmt"/>
        <line num="9" count="14" type="stmt"/>
        <line num="10" count="14" type="stmt"/>
        <line num="12" count="14" type="stmt"/>
        <line num="13" count="14" type="stmt"/>
        <line num="18" count="14" type="stmt"/>
        <line num="21" count="14" type="stmt"/>
        <line num="22" count="13" type="stmt"/>
        <line num="27" count="13" type="stmt"/>
        <line num="30" count="14" type="stmt"/>
        <line num="31" count="12" type="stmt"/>
        <line num="36" count="12" type="stmt"/>
        <line num="39" count="14" type="stmt"/>
        <line num="40" count="11" type="stmt"/>
        <line num="45" count="11" type="stmt"/>
        <line num="48" count="14" type="stmt"/>
        <line num="49" count="10" type="stmt"/>
        <line num="54" count="10" type="stmt"/>
        <line num="57" count="14" type="stmt"/>
        <line num="58" count="9" type="stmt"/>
        <line num="63" count="9" type="stmt"/>
        <line num="66" count="14" type="stmt"/>
        <line num="67" count="8" type="stmt"/>
        <line num="81" count="8" type="stmt"/>
        <line num="84" count="14" type="stmt"/>
        <line num="85" count="7" type="stmt"/>
        <line num="98" count="7" type="stmt"/>
        <line num="101" count="14" type="stmt"/>
        <line num="102" count="6" type="stmt"/>
        <line num="107" count="6" type="stmt"/>
        <line num="110" count="14" type="stmt"/>
        <line num="111" count="5" type="stmt"/>
        <line num="116" count="5" type="stmt"/>
        <line num="119" count="14" type="stmt"/>
        <line num="120" count="4" type="stmt"/>
        <line num="125" count="4" type="stmt"/>
        <line num="128" count="14" type="stmt"/>
        <line num="129" count="3" type="stmt"/>
        <line num="134" count="3" type="stmt"/>
        <line num="137" count="14" type="stmt"/>
        <line num="138" count="2" type="stmt"/>
        <line num="143" count="2" type="stmt"/>
      </file>
    </package>
    <package name="ButtonGroup">
      <metrics statements="26" coveredstatements="26" conditionals="0" coveredconditionals="0" methods="9" coveredmethods="9"/>
      <file name="ButtonGroup.update-test.component-test.tsx" path="/e2e/packages/sdds-insol/src/components/ButtonGroup/ButtonGroup.update-test.component-test.tsx">
        <metrics statements="26" coveredstatements="26" conditionals="0" coveredconditionals="0" methods="9" coveredmethods="9"/>
        <line num="4" count="8" type="stmt"/>
        <line num="5" count="8" type="stmt"/>
        <line num="6" count="8" type="stmt"/>
        <line num="8" count="35" type="stmt"/>
        <line num="16" count="8" type="stmt"/>
        <line num="17" count="8" type="stmt"/>
        <line num="25" count="8" type="stmt"/>
        <line num="26" count="8" type="stmt"/>
        <line num="29" count="8" type="stmt"/>
        <line num="30" count="7" type="stmt"/>
        <line num="38" count="7" type="stmt"/>
        <line num="41" count="8" type="stmt"/>
        <line num="42" count="6" type="stmt"/>
        <line num="50" count="6" type="stmt"/>
        <line num="53" count="8" type="stmt"/>
        <line num="54" count="5" type="stmt"/>
        <line num="62" count="5" type="stmt"/>
        <line num="65" count="8" type="stmt"/>
        <line num="66" count="4" type="stmt"/>
        <line num="74" count="4" type="stmt"/>
        <line num="77" count="8" type="stmt"/>
        <line num="78" count="3" type="stmt"/>
        <line num="86" count="3" type="stmt"/>
        <line num="89" count="8" type="stmt"/>
        <line num="90" count="2" type="stmt"/>
        <line num="98" count="2" type="stmt"/>
      </file>
    </package>
    <package name="Calendar">
      <metrics statements="360" coveredstatements="358" conditionals="18" coveredconditionals="18" methods="71" coveredmethods="69"/>
      <file name="Calendar.component-test.tsx" path="/e2e/packages/sdds-insol/src/components/Calendar/Calendar.component-test.tsx">
        <metrics statements="324" coveredstatements="323" conditionals="13" coveredconditionals="13" methods="60" coveredmethods="59"/>
        <line num="7" count="37" type="stmt"/>
        <line num="8" count="37" type="stmt"/>
        <line num="10" count="37" type="stmt"/>
        <line num="36" count="185" type="stmt"/>
        <line num="39" count="37" type="stmt"/>
        <line num="81" count="37" type="stmt"/>
        <line num="107" count="37" type="stmt"/>
        <line num="122" count="37" type="stmt"/>
        <line num="126" count="37" type="stmt"/>
        <line num="127" count="36" type="stmt"/>
        <line num="129" count="36" type="stmt"/>
        <line num="132" count="667" type="stmt"/>
        <line num="133" count="487" type="stmt"/>
        <line num="135" count="37" type="stmt"/>
        <line num="136" count="37" type="stmt"/>
        <line num="137" count="37" type="stmt"/>
        <line num="139" count="37" type="stmt"/>
        <line num="150" count="944" type="stmt"/>
        <line num="151" count="944" type="stmt"/>
        <line num="153" count="944" type="stmt"/>
        <line num="154" count="0" type="stmt"/>
        <line num="157" count="944" type="stmt"/>
        <line num="158" count="3776" type="cond" truecount="2" falsecount="0"/>
        <line num="187" count="944" type="stmt"/>
        <line num="194" count="944" type="stmt"/>
        <line num="197" count="37" type="stmt"/>
        <line num="198" count="37" type="stmt"/>
        <line num="210" count="37" type="stmt"/>
        <line num="213" count="37" type="stmt"/>
        <line num="214" count="36" type="stmt"/>
        <line num="226" count="36" type="stmt"/>
        <line num="228" count="36" type="stmt"/>
        <line num="231" count="37" type="stmt"/>
        <line num="232" count="35" type="stmt"/>
        <line num="244" count="35" type="stmt"/>
        <line num="247" count="37" type="stmt"/>
        <line num="248" count="34" type="stmt"/>
        <line num="254" count="34" type="stmt"/>
        <line num="257" count="37" type="stmt"/>
        <line num="258" count="33" type="stmt"/>
        <line num="264" count="33" type="stmt"/>
        <line num="267" count="37" type="stmt"/>
        <line num="268" count="32" type="stmt"/>
        <line num="270" count="32" type="stmt"/>
        <line num="273" count="37" type="stmt"/>
        <line num="274" count="31" type="stmt"/>
        <line num="276" count="31" type="stmt"/>
        <line num="278" count="31" type="stmt"/>
        <line num="284" count="37" type="stmt"/>
        <line num="285" count="30" type="stmt"/>
        <line num="287" count="30" type="stmt"/>
        <line num="289" count="30" type="stmt"/>
        <line num="295" count="37" type="stmt"/>
        <line num="296" count="29" type="stmt"/>
        <line num="298" count="29" type="stmt"/>
        <line num="300" count="29" type="stmt"/>
        <line num="306" count="37" type="stmt"/>
        <line num="307" count="28" type="stmt"/>
        <line num="309" count="28" type="stmt"/>
        <line num="311" count="28" type="stmt"/>
        <line num="317" count="37" type="stmt"/>
        <line num="318" count="27" type="stmt"/>
        <line num="320" count="27" type="stmt"/>
        <line num="322" count="27" type="stmt"/>
        <line num="328" count="37" type="stmt"/>
        <line num="329" count="26" type="stmt"/>
        <line num="331" count="26" type="stmt"/>
        <line num="333" count="26" type="stmt"/>
        <line num="339" count="37" type="stmt"/>
        <line num="340" count="25" type="stmt"/>
        <line num="352" count="25" type="stmt"/>
        <line num="355" count="37" type="stmt"/>
        <line num="356" count="24" type="stmt"/>
        <line num="386" count="24" type="stmt"/>
        <line num="389" count="37" type="stmt"/>
        <line num="390" count="23" type="stmt"/>
        <line num="398" count="23" type="stmt"/>
        <line num="402" count="37" type="stmt"/>
        <line num="403" count="37" type="stmt"/>
        <line num="404" count="37" type="stmt"/>
        <line num="406" count="37" type="stmt"/>
        <line num="407" count="442" type="cond" truecount="3" falsecount="0"/>
        <line num="408" count="442" type="stmt"/>
        <line num="410" count="442" type="cond" truecount="2" falsecount="0"/>
        <line num="412" count="442" type="stmt"/>
        <line num="413" count="190" type="stmt"/>
        <line num="416" count="442" type="stmt"/>
        <line num="417" count="1768" type="cond" truecount="2" falsecount="0"/>
        <line num="440" count="442" type="stmt"/>
        <line num="447" count="442" type="stmt"/>
        <line num="450" count="37" type="stmt"/>
        <line num="451" count="252" type="stmt"/>
        <line num="454" count="37" type="stmt"/>
        <line num="455" count="22" type="stmt"/>
        <line num="457" count="22" type="stmt"/>
        <line num="459" count="22" type="stmt"/>
        <line num="462" count="37" type="stmt"/>
        <line num="463" count="21" type="stmt"/>
        <line num="465" count="21" type="stmt"/>
        <line num="472" count="21" type="stmt"/>
        <line num="475" count="37" type="stmt"/>
        <line num="476" count="20" type="stmt"/>
        <line num="478" count="20" type="stmt"/>
        <line num="479" count="20" type="stmt"/>
        <line num="480" count="20" type="stmt"/>
        <line num="482" count="20" type="stmt"/>
        <line num="483" count="20" type="stmt"/>
        <line num="484" count="20" type="stmt"/>
        <line num="486" count="20" type="stmt"/>
        <line num="487" count="20" type="stmt"/>
        <line num="488" count="20" type="stmt"/>
        <line num="491" count="37" type="stmt"/>
        <line num="492" count="19" type="stmt"/>
        <line num="494" count="19" type="stmt"/>
        <line num="495" count="19" type="stmt"/>
        <line num="496" count="19" type="stmt"/>
        <line num="498" count="19" type="stmt"/>
        <line num="499" count="19" type="stmt"/>
        <line num="500" count="19" type="stmt"/>
        <line num="503" count="37" type="stmt"/>
        <line num="504" count="18" type="stmt"/>
        <line num="506" count="18" type="stmt"/>
        <line num="507" count="18" type="stmt"/>
        <line num="513" count="18" type="stmt"/>
        <line num="516" count="18" type="stmt"/>
        <line num="520" count="18" type="stmt"/>
        <line num="521" count="18" type="stmt"/>
        <line num="527" count="18" type="stmt"/>
        <line num="530" count="18" type="stmt"/>
        <line num="535" count="37" type="stmt"/>
        <line num="536" count="17" type="stmt"/>
        <line num="538" count="17" type="stmt"/>
        <line num="539" count="17" type="stmt"/>
        <line num="540" count="17" type="stmt"/>
        <line num="542" count="17" type="stmt"/>
        <line num="543" count="17" type="stmt"/>
        <line num="544" count="17" type="stmt"/>
        <line num="546" count="17" type="stmt"/>
        <line num="552" count="17" type="stmt"/>
        <line num="553" count="17" type="stmt"/>
        <line num="555" count="17" type="stmt"/>
        <line num="556" count="17" type="stmt"/>
        <line num="557" count="17" type="stmt"/>
        <line num="559" count="17" type="stmt"/>
        <line num="560" count="17" type="stmt"/>
        <line num="561" count="17" type="stmt"/>
        <line num="563" count="17" type="stmt"/>
        <line num="564" count="17" type="stmt"/>
        <line num="565" count="17" type="stmt"/>
        <line num="567" count="17" type="stmt"/>
        <line num="575" count="17" type="stmt"/>
        <line num="576" count="17" type="stmt"/>
        <line num="578" count="17" type="stmt"/>
        <line num="579" count="17" type="stmt"/>
        <line num="580" count="17" type="stmt"/>
        <line num="583" count="37" type="stmt"/>
        <line num="584" count="16" type="stmt"/>
        <line num="586" count="16" type="stmt"/>
        <line num="587" count="16" type="stmt"/>
        <line num="588" count="16" type="stmt"/>
        <line num="590" count="16" type="stmt"/>
        <line num="597" count="16" type="stmt"/>
        <line num="598" count="16" type="stmt"/>
        <line num="600" count="16" type="stmt"/>
        <line num="606" count="16" type="stmt"/>
        <line num="607" count="16" type="stmt"/>
        <line num="609" count="16" type="stmt"/>
        <line num="610" count="16" type="stmt"/>
        <line num="611" count="16" type="stmt"/>
        <line num="613" count="16" type="stmt"/>
        <line num="614" count="16" type="stmt"/>
        <line num="615" count="16" type="stmt"/>
        <line num="617" count="16" type="stmt"/>
        <line num="618" count="16" type="stmt"/>
        <line num="619" count="16" type="stmt"/>
        <line num="621" count="16" type="stmt"/>
        <line num="629" count="16" type="stmt"/>
        <line num="630" count="16" type="stmt"/>
        <line num="632" count="16" type="stmt"/>
        <line num="633" count="16" type="stmt"/>
        <line num="634" count="16" type="stmt"/>
        <line num="637" count="37" type="stmt"/>
        <line num="638" count="15" type="stmt"/>
        <line num="640" count="15" type="stmt"/>
        <line num="642" count="15" type="stmt"/>
        <line num="649" count="37" type="stmt"/>
        <line num="650" count="37" type="stmt"/>
        <line num="651" count="37" type="stmt"/>
        <line num="652" count="37" type="stmt"/>
        <line num="653" count="37" type="stmt"/>
        <line num="655" count="37" type="stmt"/>
        <line num="656" count="14" type="stmt"/>
        <line num="665" count="14" type="stmt"/>
        <line num="667" count="14" type="stmt"/>
        <line num="669" count="14" type="stmt"/>
        <line num="670" count="14" type="stmt"/>
        <line num="671" count="14" type="stmt"/>
        <line num="673" count="14" type="stmt"/>
        <line num="674" count="14" type="stmt"/>
        <line num="675" count="14" type="stmt"/>
        <line num="678" count="37" type="stmt"/>
        <line num="679" count="13" type="stmt"/>
        <line num="688" count="13" type="stmt"/>
        <line num="690" count="13" type="stmt"/>
        <line num="692" count="13" type="stmt"/>
        <line num="693" count="13" type="stmt"/>
        <line num="694" count="13" type="stmt"/>
        <line num="696" count="13" type="stmt"/>
        <line num="697" count="13" type="stmt"/>
        <line num="698" count="13" type="stmt"/>
        <line num="701" count="37" type="stmt"/>
        <line num="702" count="12" type="stmt"/>
        <line num="711" count="12" type="stmt"/>
        <line num="713" count="12" type="stmt"/>
        <line num="715" count="12" type="stmt"/>
        <line num="716" count="12" type="stmt"/>
        <line num="717" count="12" type="stmt"/>
        <line num="719" count="12" type="stmt"/>
        <line num="720" count="12" type="stmt"/>
        <line num="721" count="12" type="stmt"/>
        <line num="724" count="37" type="stmt"/>
        <line num="725" count="11" type="stmt"/>
        <line num="731" count="11" type="stmt"/>
        <line num="732" count="330" type="stmt"/>
        <line num="737" count="11" type="stmt"/>
        <line num="739" count="11" type="stmt"/>
        <line num="740" count="11" type="stmt"/>
        <line num="741" count="11" type="stmt"/>
        <line num="743" count="11" type="stmt"/>
        <line num="745" count="11" type="stmt"/>
        <line num="746" count="11" type="stmt"/>
        <line num="749" count="37" type="stmt"/>
        <line num="750" count="310" type="stmt"/>
        <line num="755" count="310" type="stmt"/>
        <line num="760" count="10" type="stmt"/>
        <line num="767" count="10" type="stmt"/>
        <line num="769" count="10" type="stmt"/>
        <line num="771" count="10" type="stmt"/>
        <line num="772" count="10" type="stmt"/>
        <line num="773" count="10" type="stmt"/>
        <line num="775" count="10" type="stmt"/>
        <line num="777" count="10" type="stmt"/>
        <line num="778" count="10" type="stmt"/>
        <line num="781" count="37" type="stmt"/>
        <line num="782" count="9" type="stmt"/>
        <line num="784" count="9" type="stmt"/>
        <line num="785" count="9" type="stmt"/>
        <line num="787" count="9" type="stmt"/>
        <line num="788" count="9" type="stmt"/>
        <line num="790" count="9" type="stmt"/>
        <line num="791" count="9" type="stmt"/>
        <line num="793" count="9" type="stmt"/>
        <line num="794" count="9" type="stmt"/>
        <line num="796" count="9" type="stmt"/>
        <line num="797" count="9" type="stmt"/>
        <line num="799" count="9" type="stmt"/>
        <line num="800" count="9" type="stmt"/>
        <line num="802" count="9" type="stmt"/>
        <line num="803" count="9" type="stmt"/>
        <line num="805" count="9" type="stmt"/>
        <line num="806" count="9" type="stmt"/>
        <line num="809" count="37" type="stmt"/>
        <line num="810" count="8" type="stmt"/>
        <line num="812" count="8" type="stmt"/>
        <line num="813" count="8" type="stmt"/>
        <line num="815" count="8" type="stmt"/>
        <line num="816" count="8" type="stmt"/>
        <line num="818" count="8" type="stmt"/>
        <line num="819" count="8" type="stmt"/>
        <line num="821" count="8" type="stmt"/>
        <line num="822" count="8" type="stmt"/>
        <line num="824" count="8" type="stmt"/>
        <line num="825" count="8" type="stmt"/>
        <line num="827" count="8" type="stmt"/>
        <line num="828" count="8" type="stmt"/>
        <line num="830" count="8" type="stmt"/>
        <line num="831" count="8" type="stmt"/>
        <line num="833" count="8" type="stmt"/>
        <line num="834" count="8" type="stmt"/>
        <line num="837" count="37" type="stmt"/>
        <line num="838" count="56" type="stmt"/>
        <line num="842" count="7" type="stmt"/>
        <line num="844" count="7" type="stmt"/>
        <line num="845" count="7" type="stmt"/>
        <line num="847" count="7" type="stmt"/>
        <line num="848" count="7" type="stmt"/>
        <line num="851" count="37" type="stmt"/>
        <line num="852" count="168" type="stmt"/>
        <line num="856" count="6" type="stmt"/>
        <line num="858" count="6" type="stmt"/>
        <line num="859" count="6" type="stmt"/>
        <line num="860" count="6" type="stmt"/>
        <line num="861" count="6" type="stmt"/>
        <line num="864" count="37" type="stmt"/>
        <line num="865" count="40" type="stmt"/>
        <line num="869" count="5" type="stmt"/>
        <line num="871" count="5" type="stmt"/>
        <line num="872" count="5" type="stmt"/>
        <line num="873" count="5" type="stmt"/>
        <line num="874" count="5" type="stmt"/>
        <line num="877" count="37" type="stmt"/>
        <line num="878" count="120" type="stmt"/>
        <line num="882" count="4" type="stmt"/>
        <line num="884" count="4" type="stmt"/>
        <line num="885" count="4" type="stmt"/>
        <line num="886" count="4" type="stmt"/>
        <line num="887" count="4" type="stmt"/>
        <line num="891" count="37" type="stmt"/>
        <line num="892" count="37" type="stmt"/>
        <line num="893" count="37" type="stmt"/>
        <line num="895" count="37" type="stmt"/>
        <line num="896" count="18" type="stmt"/>
        <line num="900" count="3" type="stmt"/>
        <line num="904" count="3" type="stmt"/>
        <line num="906" count="3" type="stmt"/>
        <line num="908" count="3" type="stmt"/>
        <line num="909" count="3" type="stmt"/>
        <line num="912" count="37" type="stmt"/>
        <line num="913" count="12" type="stmt"/>
        <line num="917" count="2" type="stmt"/>
        <line num="921" count="2" type="stmt"/>
        <line num="923" count="2" type="stmt"/>
        <line num="925" count="2" type="stmt"/>
        <line num="926" count="2" type="stmt"/>
      </file>
      <file name="CalendarRange.component-test.tsx" path="/e2e/packages/sdds-insol/src/components/Calendar/CalendarRange.component-test.tsx">
        <metrics statements="36" coveredstatements="35" conditionals="5" coveredconditionals="5" methods="11" coveredmethods="10"/>
        <line num="10" count="7" type="stmt"/>
        <line num="36" count="35" type="stmt"/>
        <line num="40" count="7" type="stmt"/>
        <line num="41" count="7" type="stmt"/>
        <line num="42" count="7" type="stmt"/>
        <line num="44" count="7" type="stmt"/>
        <line num="45" count="68" type="cond" truecount="3" falsecount="0"/>
        <line num="46" count="68" type="stmt"/>
        <line num="48" count="68" type="stmt"/>
        <line num="49" count="0" type="stmt"/>
        <line num="52" count="68" type="stmt"/>
        <line num="53" count="272" type="cond" truecount="2" falsecount="0"/>
        <line num="78" count="68" type="stmt"/>
        <line num="85" count="68" type="stmt"/>
        <line num="88" count="7" type="stmt"/>
        <line num="89" count="7" type="stmt"/>
        <line num="101" count="7" type="stmt"/>
        <line num="107" count="7" type="stmt"/>
        <line num="108" count="6" type="stmt"/>
        <line num="120" count="6" type="stmt"/>
        <line num="122" count="6" type="stmt"/>
        <line num="125" count="7" type="stmt"/>
        <line num="126" count="5" type="stmt"/>
        <line num="128" count="5" type="stmt"/>
        <line num="131" count="7" type="stmt"/>
        <line num="132" count="4" type="stmt"/>
        <line num="134" count="4" type="stmt"/>
        <line num="136" count="4" type="stmt"/>
        <line num="139" count="7" type="stmt"/>
        <line num="140" count="3" type="stmt"/>
        <line num="142" count="3" type="stmt"/>
        <line num="143" count="3" type="stmt"/>
        <line num="145" count="3" type="stmt"/>
        <line num="148" count="7" type="stmt"/>
        <line num="149" count="2" type="stmt"/>
        <line num="157" count="2" type="stmt"/>
      </file>
    </package>
    <package name="Carousel">
      <metrics statements="43" coveredstatements="27" conditionals="0" coveredconditionals="0" methods="16" coveredmethods="9"/>
      <file name="Carousel.component-test.tsx" path="/e2e/packages/sdds-insol/src/components/Carousel/Carousel.component-test.tsx">
        <metrics statements="43" coveredstatements="27" conditionals="0" coveredconditionals="0" methods="16" coveredmethods="9"/>
        <line num="5" count="8" type="stmt"/>
        <line num="16" count="8" type="stmt"/>
        <line num="18" count="160" type="stmt"/>
        <line num="23" count="8" type="stmt"/>
        <line num="24" count="8" type="stmt"/>
        <line num="25" count="8" type="stmt"/>
        <line num="27" count="8" type="stmt"/>
        <line num="28" count="8" type="stmt"/>
        <line num="30" count="8" type="stmt"/>
        <line num="36" count="0" type="stmt"/>
        <line num="45" count="0" type="stmt"/>
        <line num="48" count="8" type="stmt"/>
        <line num="49" count="7" type="stmt"/>
        <line num="51" count="7" type="stmt"/>
        <line num="57" count="0" type="stmt"/>
        <line num="66" count="0" type="stmt"/>
        <line num="69" count="0" type="stmt"/>
        <line num="71" count="0" type="stmt"/>
        <line num="74" count="8" type="stmt"/>
        <line num="75" count="6" type="stmt"/>
        <line num="77" count="6" type="stmt"/>
        <line num="83" count="0" type="stmt"/>
        <line num="92" count="0" type="stmt"/>
        <line num="95" count="8" type="stmt"/>
        <line num="96" count="5" type="stmt"/>
        <line num="98" count="5" type="stmt"/>
        <line num="104" count="0" type="stmt"/>
        <line num="113" count="0" type="stmt"/>
        <line num="116" count="8" type="stmt"/>
        <line num="117" count="4" type="stmt"/>
        <line num="119" count="4" type="stmt"/>
        <line num="125" count="0" type="stmt"/>
        <line num="134" count="0" type="stmt"/>
        <line num="137" count="8" type="stmt"/>
        <line num="138" count="3" type="stmt"/>
        <line num="140" count="3" type="stmt"/>
        <line num="146" count="0" type="stmt"/>
        <line num="155" count="0" type="stmt"/>
        <line num="158" count="8" type="stmt"/>
        <line num="159" count="2" type="stmt"/>
        <line num="161" count="2" type="stmt"/>
        <line num="167" count="0" type="stmt"/>
        <line num="176" count="0" type="stmt"/>
      </file>
    </package>
    <package name="Cell">
      <metrics statements="26" coveredstatements="26" conditionals="0" coveredconditionals="0" methods="9" coveredmethods="9"/>
      <file name="Cell.update-test.component-test.tsx" path="/e2e/packages/sdds-insol/src/components/Cell/Cell.update-test.component-test.tsx">
        <metrics statements="26" coveredstatements="26" conditionals="0" coveredconditionals="0" methods="9" coveredmethods="9"/>
        <line num="5" count="23" type="stmt"/>
        <line num="7" count="8" type="stmt"/>
        <line num="8" count="8" type="stmt"/>
        <line num="9" count="8" type="stmt"/>
        <line num="11" count="8" type="stmt"/>
        <line num="13" count="8" type="stmt"/>
        <line num="14" count="8" type="stmt"/>
        <line num="27" count="8" type="stmt"/>
        <line num="30" count="8" type="stmt"/>
        <line num="31" count="7" type="stmt"/>
        <line num="37" count="7" type="stmt"/>
        <line num="40" count="8" type="stmt"/>
        <line num="41" count="6" type="stmt"/>
        <line num="47" count="6" type="stmt"/>
        <line num="50" count="8" type="stmt"/>
        <line num="51" count="5" type="stmt"/>
        <line num="57" count="5" type="stmt"/>
        <line num="60" count="8" type="stmt"/>
        <line num="61" count="4" type="stmt"/>
        <line num="77" count="4" type="stmt"/>
        <line num="80" count="8" type="stmt"/>
        <line num="81" count="3" type="stmt"/>
        <line num="97" count="3" type="stmt"/>
        <line num="100" count="8" type="stmt"/>
        <line num="101" count="2" type="stmt"/>
        <line num="117" count="2" type="stmt"/>
      </file>
    </package>
    <package name="Checkbox">
      <metrics statements="49" coveredstatements="49" conditionals="2" coveredconditionals="2" methods="15" coveredmethods="15"/>
      <file name="Checkbox.update-test.component-test.tsx" path="/e2e/packages/sdds-insol/src/components/Checkbox/Checkbox.update-test.component-test.tsx">
        <metrics statements="49" coveredstatements="49" conditionals="2" coveredconditionals="2" methods="15" coveredmethods="15"/>
        <line num="4" count="14" type="stmt"/>
        <line num="5" count="14" type="stmt"/>
        <line num="6" count="14" type="stmt"/>
        <line num="7" count="14" type="stmt"/>
        <line num="8" count="14" type="stmt"/>
        <line num="9" count="14" type="stmt"/>
        <line num="10" count="14" type="stmt"/>
        <line num="82" count="14" type="stmt"/>
        <line num="83" count="14" type="stmt"/>
        <line num="89" count="14" type="stmt"/>
        <line num="92" count="14" type="stmt"/>
        <line num="93" count="13" type="stmt"/>
        <line num="99" count="13" type="stmt"/>
        <line num="102" count="14" type="stmt"/>
        <line num="103" count="12" type="stmt"/>
        <line num="109" count="12" type="stmt"/>
        <line num="112" count="14" type="stmt"/>
        <line num="113" count="11" type="stmt"/>
        <line num="128" count="11" type="stmt"/>
        <line num="131" count="14" type="stmt"/>
        <line num="132" count="10" type="stmt"/>
        <line num="138" count="10" type="stmt"/>
        <line num="141" count="14" type="stmt"/>
        <line num="142" count="9" type="stmt"/>
        <line num="148" count="9" type="stmt"/>
        <line num="151" count="14" type="stmt"/>
        <line num="152" count="8" type="stmt"/>
        <line num="158" count="8" type="stmt"/>
        <line num="161" count="14" type="stmt"/>
        <line num="162" count="7" type="stmt"/>
        <line num="168" count="7" type="stmt"/>
        <line num="171" count="14" type="stmt"/>
        <line num="172" count="6" type="stmt"/>
        <line num="178" count="6" type="stmt"/>
        <line num="181" count="14" type="stmt"/>
        <line num="182" count="5" type="stmt"/>
        <line num="188" count="5" type="stmt"/>
        <line num="191" count="14" type="stmt"/>
        <line num="192" count="4" type="stmt"/>
        <line num="198" count="4" type="stmt"/>
        <line num="201" count="14" type="stmt"/>
        <line num="202" count="3" type="stmt"/>
        <line num="206" count="27" type="cond" truecount="2" falsecount="0"/>
        <line num="214" count="3" type="stmt"/>
        <line num="215" count="3" type="stmt"/>
        <line num="218" count="14" type="stmt"/>
        <line num="219" count="2" type="stmt"/>
        <line num="225" count="2" type="stmt"/>
        <line num="226" count="2" type="stmt"/>
      </file>
    </package>
    <package name="Chip">
      <metrics statements="21" coveredstatements="21" conditionals="0" coveredconditionals="0" methods="8" coveredmethods="8"/>
      <file name="Chip.update-test.component-test.tsx" path="/e2e/packages/sdds-insol/src/components/Chip/Chip.update-test.component-test.tsx">
        <metrics statements="21" coveredstatements="21" conditionals="0" coveredconditionals="0" methods="8" coveredmethods="8"/>
        <line num="7" count="7" type="stmt"/>
        <line num="9" count="7" type="stmt"/>
        <line num="10" count="7" type="stmt"/>
        <line num="12" count="7" type="stmt"/>
        <line num="13" count="7" type="stmt"/>
        <line num="19" count="7" type="stmt"/>
        <line num="22" count="7" type="stmt"/>
        <line num="23" count="6" type="stmt"/>
        <line num="29" count="6" type="stmt"/>
        <line num="32" count="7" type="stmt"/>
        <line num="33" count="5" type="stmt"/>
        <line num="39" count="5" type="stmt"/>
        <line num="42" count="7" type="stmt"/>
        <line num="43" count="4" type="stmt"/>
        <line num="49" count="4" type="stmt"/>
        <line num="52" count="7" type="stmt"/>
        <line num="53" count="3" type="stmt"/>
        <line num="59" count="3" type="stmt"/>
        <line num="62" count="7" type="stmt"/>
        <line num="63" count="2" type="stmt"/>
        <line num="73" count="2" type="stmt"/>
      </file>
    </package>
    <package name="ChipGroup">
      <metrics statements="25" coveredstatements="25" conditionals="1" coveredconditionals="1" methods="10" coveredmethods="10"/>
      <file name="ChipGroup.update-test.component-test.tsx" path="/e2e/packages/sdds-insol/src/components/ChipGroup/ChipGroup.update-test.component-test.tsx">
        <metrics statements="25" coveredstatements="25" conditionals="1" coveredconditionals="1" methods="10" coveredmethods="10"/>
        <line num="8" count="7" type="stmt"/>
        <line num="9" count="7" type="stmt"/>
        <line num="10" count="7" type="stmt"/>
        <line num="12" count="7" type="cond" truecount="1" falsecount="0"/>
        <line num="13" count="22" type="stmt"/>
        <line num="15" count="275" type="stmt"/>
        <line num="17" count="7" type="stmt"/>
        <line num="23" count="7" type="stmt"/>
        <line num="24" count="7" type="stmt"/>
        <line num="32" count="7" type="stmt"/>
        <line num="35" count="7" type="stmt"/>
        <line num="36" count="6" type="stmt"/>
        <line num="44" count="6" type="stmt"/>
        <line num="47" count="7" type="stmt"/>
        <line num="48" count="5" type="stmt"/>
        <line num="56" count="5" type="stmt"/>
        <line num="59" count="7" type="stmt"/>
        <line num="60" count="4" type="stmt"/>
        <line num="68" count="4" type="stmt"/>
        <line num="71" count="7" type="stmt"/>
        <line num="72" count="3" type="stmt"/>
        <line num="78" count="3" type="stmt"/>
        <line num="81" count="7" type="stmt"/>
        <line num="82" count="2" type="stmt"/>
        <line num="88" count="2" type="stmt"/>
      </file>
    </package>
    <package name="CodeField">
      <metrics statements="62" coveredstatements="62" conditionals="0" coveredconditionals="0" methods="19" coveredmethods="19"/>
      <file name="CodeField.component-test.tsx" path="/e2e/packages/sdds-insol/src/components/CodeField/CodeField.component-test.tsx">
        <metrics statements="62" coveredstatements="62" conditionals="0" coveredconditionals="0" methods="19" coveredmethods="19"/>
        <line num="6" count="14" type="stmt"/>
        <line num="7" count="14" type="stmt"/>
        <line num="8" count="14" type="stmt"/>
        <line num="10" count="14" type="stmt"/>
        <line num="11" count="14" type="stmt"/>
        <line num="18" count="14" type="stmt"/>
        <line num="21" count="14" type="stmt"/>
        <line num="22" count="13" type="stmt"/>
        <line num="29" count="13" type="stmt"/>
        <line num="32" count="14" type="stmt"/>
        <line num="33" count="12" type="stmt"/>
        <line num="39" count="12" type="stmt"/>
        <line num="42" count="14" type="stmt"/>
        <line num="43" count="11" type="stmt"/>
        <line num="52" count="11" type="stmt"/>
        <line num="55" count="14" type="stmt"/>
        <line num="56" count="10" type="stmt"/>
        <line num="63" count="10" type="stmt"/>
        <line num="66" count="14" type="stmt"/>
        <line num="67" count="9" type="stmt"/>
        <line num="83" count="9" type="stmt"/>
        <line num="86" count="14" type="stmt"/>
        <line num="87" count="8" type="stmt"/>
        <line num="94" count="8" type="stmt"/>
        <line num="97" count="14" type="stmt"/>
        <line num="98" count="14" type="stmt"/>
        <line num="103" count="15" type="stmt"/>
        <line num="106" count="14" type="stmt"/>
        <line num="107" count="6" type="stmt"/>
        <line num="113" count="6" type="stmt"/>
        <line num="115" count="6" type="stmt"/>
        <line num="117" count="6" type="stmt"/>
        <line num="120" count="14" type="stmt"/>
        <line num="121" count="5" type="stmt"/>
        <line num="127" count="5" type="stmt"/>
        <line num="129" count="5" type="stmt"/>
        <line num="131" count="5" type="stmt"/>
        <line num="134" count="14" type="stmt"/>
        <line num="135" count="4" type="stmt"/>
        <line num="141" count="4" type="stmt"/>
        <line num="143" count="4" type="stmt"/>
        <line num="145" count="4" type="stmt"/>
        <line num="149" count="14" type="stmt"/>
        <line num="150" count="14" type="stmt"/>
        <line num="155" count="10" type="stmt"/>
        <line num="156" count="10" type="stmt"/>
        <line num="158" count="10" type="stmt"/>
        <line num="168" count="14" type="stmt"/>
        <line num="169" count="3" type="stmt"/>
        <line num="175" count="3" type="stmt"/>
        <line num="177" count="3" type="stmt"/>
        <line num="179" count="3" type="stmt"/>
        <line num="182" count="14" type="stmt"/>
        <line num="183" count="2" type="stmt"/>
        <line num="189" count="2" type="stmt"/>
        <line num="191" count="2" type="stmt"/>
        <line num="193" count="2" type="stmt"/>
        <line num="197" count="14" type="stmt"/>
        <line num="198" count="7" type="stmt"/>
        <line num="204" count="7" type="stmt"/>
        <line num="205" count="7" type="stmt"/>
        <line num="207" count="7" type="stmt"/>
      </file>
    </package>
    <package name="Combobox">
      <metrics statements="558" coveredstatements="557" conditionals="2" coveredconditionals="2" methods="66" coveredmethods="65"/>
      <file name="Combobox.component-test.tsx" path="/e2e/packages/sdds-insol/src/components/Combobox/Combobox.component-test.tsx">
        <metrics statements="558" coveredstatements="557" conditionals="2" coveredconditionals="2" methods="66" coveredmethods="65"/>
        <line num="4" count="39" type="stmt"/>
        <line num="218" count="39" type="stmt"/>
        <line num="219" count="39" type="stmt"/>
        <line num="221" count="39" type="stmt"/>
        <line num="222" count="219" type="stmt"/>
        <line num="223" count="219" type="stmt"/>
        <line num="225" count="219" type="stmt"/>
        <line num="584" count="39" type="stmt"/>
        <line num="585" count="1535" type="stmt"/>
        <line num="592" count="39" type="stmt"/>
        <line num="593" count="39" type="stmt"/>
        <line num="595" count="39" type="stmt"/>
        <line num="597" count="39" type="stmt"/>
        <line num="600" count="39" type="stmt"/>
        <line num="601" count="38" type="stmt"/>
        <line num="603" count="38" type="stmt"/>
        <line num="605" count="38" type="stmt"/>
        <line num="608" count="39" type="stmt"/>
        <line num="609" count="37" type="stmt"/>
        <line num="611" count="37" type="stmt"/>
        <line num="613" count="37" type="stmt"/>
        <line num="616" count="39" type="stmt"/>
        <line num="617" count="36" type="stmt"/>
        <line num="619" count="36" type="stmt"/>
        <line num="621" count="36" type="stmt"/>
        <line num="624" count="39" type="stmt"/>
        <line num="625" count="35" type="stmt"/>
        <line num="627" count="35" type="stmt"/>
        <line num="629" count="35" type="stmt"/>
        <line num="632" count="39" type="stmt"/>
        <line num="633" count="34" type="stmt"/>
        <line num="635" count="34" type="stmt"/>
        <line num="637" count="34" type="stmt"/>
        <line num="640" count="39" type="stmt"/>
        <line num="641" count="33" type="stmt"/>
        <line num="643" count="33" type="stmt"/>
        <line num="702" count="33" type="stmt"/>
        <line num="705" count="39" type="stmt"/>
        <line num="706" count="32" type="stmt"/>
        <line num="708" count="32" type="stmt"/>
        <line num="710" count="32" type="stmt"/>
        <line num="911" count="32" type="stmt"/>
        <line num="914" count="39" type="stmt"/>
        <line num="915" count="31" type="stmt"/>
        <line num="917" count="31" type="stmt"/>
        <line num="919" count="31" type="stmt"/>
        <line num="922" count="39" type="stmt"/>
        <line num="923" count="30" type="stmt"/>
        <line num="925" count="30" type="stmt"/>
        <line num="938" count="30" type="stmt"/>
        <line num="941" count="39" type="stmt"/>
        <line num="942" count="29" type="stmt"/>
        <line num="944" count="29" type="stmt"/>
        <line num="946" count="2900" type="stmt"/>
        <line num="948" count="29" type="stmt"/>
        <line num="975" count="29" type="stmt"/>
        <line num="978" count="39" type="stmt"/>
        <line num="979" count="28" type="stmt"/>
        <line num="981" count="28" type="stmt"/>
        <line num="983" count="2800" type="stmt"/>
        <line num="985" count="28" type="stmt"/>
        <line num="1013" count="28" type="stmt"/>
        <line num="1016" count="39" type="stmt"/>
        <line num="1017" count="27" type="stmt"/>
        <line num="1019" count="27" type="stmt"/>
        <line num="1020" count="27" type="stmt"/>
        <line num="1022" count="27" type="stmt"/>
        <line num="1033" count="27" type="stmt"/>
        <line num="1035" count="27" type="stmt"/>
        <line num="1036" count="27" type="stmt"/>
        <line num="1037" count="27" type="stmt"/>
        <line num="1040" count="39" type="stmt"/>
        <line num="1041" count="26" type="stmt"/>
        <line num="1043" count="26" type="stmt"/>
        <line num="1045" count="52" type="stmt"/>
        <line num="1056" count="26" type="stmt"/>
        <line num="1058" count="26" type="stmt"/>
        <line num="1061" count="39" type="stmt"/>
        <line num="1062" count="25" type="stmt"/>
        <line num="1064" count="25" type="stmt"/>
        <line num="1091" count="25" type="stmt"/>
        <line num="1092" count="25" type="stmt"/>
        <line num="1094" count="25" type="stmt"/>
        <line num="1095" count="25" type="stmt"/>
        <line num="1097" count="25" type="stmt"/>
        <line num="1100" count="39" type="stmt"/>
        <line num="1101" count="24" type="stmt"/>
        <line num="1103" count="24" type="stmt"/>
        <line num="1107" count="0" type="stmt"/>
        <line num="1119" count="48" type="stmt"/>
        <line num="1131" count="24" type="stmt"/>
        <line num="1132" count="24" type="stmt"/>
        <line num="1133" count="24" type="stmt"/>
        <line num="1134" count="24" type="stmt"/>
        <line num="1136" count="24" type="stmt"/>
        <line num="1139" count="39" type="stmt"/>
        <line num="1140" count="23" type="stmt"/>
        <line num="1142" count="23" type="stmt"/>
        <line num="1160" count="23" type="stmt"/>
        <line num="1161" count="23" type="stmt"/>
        <line num="1162" count="23" type="stmt"/>
        <line num="1163" count="23" type="stmt"/>
        <line num="1164" count="23" type="stmt"/>
        <line num="1165" count="23" type="stmt"/>
        <line num="1167" count="23" type="stmt"/>
        <line num="1168" count="23" type="stmt"/>
        <line num="1169" count="23" type="stmt"/>
        <line num="1170" count="23" type="stmt"/>
        <line num="1171" count="23" type="stmt"/>
        <line num="1172" count="23" type="stmt"/>
        <line num="1175" count="39" type="stmt"/>
        <line num="1176" count="22" type="stmt"/>
        <line num="1178" count="22" type="stmt"/>
        <line num="1197" count="22" type="stmt"/>
        <line num="1198" count="22" type="stmt"/>
        <line num="1199" count="22" type="stmt"/>
        <line num="1200" count="22" type="stmt"/>
        <line num="1201" count="22" type="stmt"/>
        <line num="1202" count="22" type="stmt"/>
        <line num="1204" count="22" type="stmt"/>
        <line num="1205" count="22" type="stmt"/>
        <line num="1206" count="22" type="stmt"/>
        <line num="1207" count="22" type="stmt"/>
        <line num="1208" count="22" type="stmt"/>
        <line num="1209" count="22" type="stmt"/>
        <line num="1212" count="39" type="stmt"/>
        <line num="1213" count="21" type="stmt"/>
        <line num="1215" count="21" type="stmt"/>
        <line num="1227" count="21" type="stmt"/>
        <line num="1230" count="39" type="stmt"/>
        <line num="1231" count="20" type="stmt"/>
        <line num="1233" count="20" type="stmt"/>
        <line num="1241" count="20" type="stmt"/>
        <line num="1244" count="39" type="stmt"/>
        <line num="1245" count="19" type="stmt"/>
        <line num="1247" count="19" type="stmt"/>
        <line num="1253" count="19" type="stmt"/>
        <line num="1254" count="19" type="stmt"/>
        <line num="1256" count="19" type="stmt"/>
        <line num="1257" count="19" type="stmt"/>
        <line num="1260" count="39" type="stmt"/>
        <line num="1261" count="18" type="stmt"/>
        <line num="1267" count="18" type="stmt"/>
        <line num="1269" count="18" type="stmt"/>
        <line num="1272" count="39" type="stmt"/>
        <line num="1273" count="17" type="stmt"/>
        <line num="1275" count="17" type="stmt"/>
        <line num="1289" count="17" type="stmt"/>
        <line num="1291" count="17" type="stmt"/>
        <line num="1294" count="39" type="stmt"/>
        <line num="1295" count="16" type="stmt"/>
        <line num="1297" count="16" type="stmt"/>
        <line num="1311" count="16" type="stmt"/>
        <line num="1313" count="16" type="stmt"/>
        <line num="1316" count="39" type="stmt"/>
        <line num="1317" count="15" type="stmt"/>
        <line num="1319" count="15" type="stmt"/>
        <line num="1338" count="15" type="stmt"/>
        <line num="1340" count="15" type="stmt"/>
        <line num="1343" count="39" type="stmt"/>
        <line num="1344" count="14" type="stmt"/>
        <line num="1362" count="14" type="stmt"/>
        <line num="1363" count="14" type="stmt"/>
        <line num="1370" count="14" type="stmt"/>
        <line num="1372" count="14" type="stmt"/>
        <line num="1373" count="14" type="stmt"/>
        <line num="1374" count="14" type="stmt"/>
        <line num="1376" count="14" type="stmt"/>
        <line num="1377" count="14" type="stmt"/>
        <line num="1378" count="14" type="stmt"/>
        <line num="1380" count="14" type="stmt"/>
        <line num="1382" count="14" type="stmt"/>
        <line num="1383" count="14" type="stmt"/>
        <line num="1384" count="14" type="stmt"/>
        <line num="1387" count="39" type="stmt"/>
        <line num="1388" count="13" type="stmt"/>
        <line num="1390" count="13" type="stmt"/>
        <line num="1391" count="13" type="stmt"/>
        <line num="1398" count="13" type="stmt"/>
        <line num="1400" count="13" type="stmt"/>
        <line num="1401" count="13" type="stmt"/>
        <line num="1402" count="13" type="stmt"/>
        <line num="1404" count="13" type="stmt"/>
        <line num="1405" count="13" type="stmt"/>
        <line num="1406" count="13" type="stmt"/>
        <line num="1408" count="13" type="stmt"/>
        <line num="1409" count="13" type="stmt"/>
        <line num="1410" count="13" type="stmt"/>
        <line num="1411" count="13" type="stmt"/>
        <line num="1412" count="13" type="stmt"/>
        <line num="1413" count="13" type="stmt"/>
        <line num="1414" count="13" type="stmt"/>
        <line num="1415" count="13" type="stmt"/>
        <line num="1417" count="13" type="stmt"/>
        <line num="1418" count="13" type="stmt"/>
        <line num="1419" count="13" type="stmt"/>
        <line num="1420" count="13" type="stmt"/>
        <line num="1421" count="13" type="stmt"/>
        <line num="1422" count="13" type="stmt"/>
        <line num="1423" count="13" type="stmt"/>
        <line num="1424" count="13" type="stmt"/>
        <line num="1425" count="13" type="stmt"/>
        <line num="1426" count="13" type="stmt"/>
        <line num="1427" count="13" type="stmt"/>
        <line num="1428" count="13" type="stmt"/>
        <line num="1429" count="13" type="stmt"/>
        <line num="1430" count="13" type="stmt"/>
        <line num="1431" count="13" type="stmt"/>
        <line num="1432" count="13" type="stmt"/>
        <line num="1433" count="13" type="stmt"/>
        <line num="1434" count="13" type="stmt"/>
        <line num="1435" count="13" type="stmt"/>
        <line num="1436" count="13" type="stmt"/>
        <line num="1437" count="13" type="stmt"/>
        <line num="1438" count="13" type="stmt"/>
        <line num="1439" count="13" type="stmt"/>
        <line num="1440" count="13" type="stmt"/>
        <line num="1441" count="13" type="stmt"/>
        <line num="1442" count="13" type="stmt"/>
        <line num="1445" count="39" type="stmt"/>
        <line num="1446" count="12" type="stmt"/>
        <line num="1448" count="12" type="stmt"/>
        <line num="1449" count="48" type="stmt"/>
        <line num="1451" count="48" type="stmt"/>
        <line num="1465" count="12" type="stmt"/>
        <line num="1467" count="12" type="stmt"/>
        <line num="1468" count="12" type="stmt"/>
        <line num="1469" count="12" type="stmt"/>
        <line num="1471" count="12" type="stmt"/>
        <line num="1472" count="12" type="stmt"/>
        <line num="1473" count="12" type="stmt"/>
        <line num="1475" count="12" type="stmt"/>
        <line num="1476" count="12" type="stmt"/>
        <line num="1477" count="12" type="stmt"/>
        <line num="1478" count="12" type="stmt"/>
        <line num="1479" count="12" type="stmt"/>
        <line num="1480" count="12" type="stmt"/>
        <line num="1481" count="12" type="stmt"/>
        <line num="1482" count="12" type="stmt"/>
        <line num="1484" count="12" type="stmt"/>
        <line num="1485" count="12" type="stmt"/>
        <line num="1486" count="12" type="stmt"/>
        <line num="1487" count="12" type="stmt"/>
        <line num="1488" count="12" type="stmt"/>
        <line num="1489" count="12" type="stmt"/>
        <line num="1490" count="12" type="stmt"/>
        <line num="1491" count="12" type="stmt"/>
        <line num="1492" count="12" type="stmt"/>
        <line num="1493" count="12" type="stmt"/>
        <line num="1494" count="12" type="stmt"/>
        <line num="1495" count="12" type="stmt"/>
        <line num="1496" count="12" type="stmt"/>
        <line num="1497" count="12" type="stmt"/>
        <line num="1498" count="12" type="stmt"/>
        <line num="1499" count="12" type="stmt"/>
        <line num="1500" count="12" type="stmt"/>
        <line num="1501" count="12" type="stmt"/>
        <line num="1502" count="12" type="stmt"/>
        <line num="1503" count="12" type="stmt"/>
        <line num="1504" count="12" type="stmt"/>
        <line num="1505" count="12" type="stmt"/>
        <line num="1506" count="12" type="stmt"/>
        <line num="1507" count="12" type="stmt"/>
        <line num="1508" count="12" type="stmt"/>
        <line num="1509" count="12" type="stmt"/>
        <line num="1512" count="39" type="stmt"/>
        <line num="1513" count="11" type="stmt"/>
        <line num="1515" count="11" type="stmt"/>
        <line num="1516" count="11" type="stmt"/>
        <line num="1523" count="11" type="stmt"/>
        <line num="1525" count="11" type="stmt"/>
        <line num="1526" count="11" type="stmt"/>
        <line num="1527" count="11" type="stmt"/>
        <line num="1529" count="11" type="stmt"/>
        <line num="1530" count="11" type="stmt"/>
        <line num="1531" count="11" type="stmt"/>
        <line num="1532" count="11" type="stmt"/>
        <line num="1533" count="11" type="stmt"/>
        <line num="1535" count="11" type="stmt"/>
        <line num="1536" count="11" type="stmt"/>
        <line num="1537" count="11" type="stmt"/>
        <line num="1538" count="11" type="stmt"/>
        <line num="1540" count="11" type="stmt"/>
        <line num="1541" count="11" type="stmt"/>
        <line num="1542" count="11" type="stmt"/>
        <line num="1543" count="11" type="stmt"/>
        <line num="1545" count="11" type="stmt"/>
        <line num="1546" count="11" type="stmt"/>
        <line num="1547" count="11" type="stmt"/>
        <line num="1550" count="39" type="stmt"/>
        <line num="1551" count="10" type="stmt"/>
        <line num="1553" count="10" type="stmt"/>
        <line num="1554" count="50" type="stmt"/>
        <line num="1556" count="50" type="stmt"/>
        <line num="1571" count="10" type="stmt"/>
        <line num="1573" count="10" type="stmt"/>
        <line num="1574" count="10" type="stmt"/>
        <line num="1575" count="10" type="stmt"/>
        <line num="1577" count="10" type="stmt"/>
        <line num="1578" count="10" type="stmt"/>
        <line num="1579" count="10" type="stmt"/>
        <line num="1580" count="10" type="stmt"/>
        <line num="1581" count="10" type="stmt"/>
        <line num="1583" count="10" type="stmt"/>
        <line num="1584" count="10" type="stmt"/>
        <line num="1585" count="10" type="stmt"/>
        <line num="1586" count="10" type="stmt"/>
        <line num="1588" count="10" type="stmt"/>
        <line num="1589" count="10" type="stmt"/>
        <line num="1590" count="10" type="stmt"/>
        <line num="1591" count="10" type="stmt"/>
        <line num="1593" count="10" type="stmt"/>
        <line num="1594" count="10" type="stmt"/>
        <line num="1595" count="10" type="stmt"/>
        <line num="1598" count="39" type="stmt"/>
        <line num="1599" count="9" type="stmt"/>
        <line num="1601" count="9" type="stmt"/>
        <line num="1602" count="18" type="stmt"/>
        <line num="1604" count="18" type="stmt"/>
        <line num="1605" count="18" type="stmt"/>
        <line num="1608" count="18" type="stmt"/>
        <line num="1611" count="9" type="stmt"/>
        <line num="1613" count="9" type="stmt"/>
        <line num="1616" count="9" type="stmt"/>
        <line num="1618" count="9" type="stmt"/>
        <line num="1621" count="39" type="stmt"/>
        <line num="1622" count="8" type="stmt"/>
        <line num="1624" count="8" type="stmt"/>
        <line num="1625" count="8" type="stmt"/>
        <line num="1632" count="8" type="stmt"/>
        <line num="1634" count="8" type="stmt"/>
        <line num="1635" count="8" type="stmt"/>
        <line num="1636" count="8" type="stmt"/>
        <line num="1639" count="8" type="stmt"/>
        <line num="1640" count="8" type="stmt"/>
        <line num="1641" count="8" type="stmt"/>
        <line num="1642" count="8" type="stmt"/>
        <line num="1643" count="8" type="stmt"/>
        <line num="1644" count="8" type="stmt"/>
        <line num="1645" count="8" type="stmt"/>
        <line num="1646" count="8" type="stmt"/>
        <line num="1647" count="8" type="stmt"/>
        <line num="1648" count="8" type="stmt"/>
        <line num="1651" count="8" type="stmt"/>
        <line num="1652" count="8" type="stmt"/>
        <line num="1653" count="8" type="stmt"/>
        <line num="1654" count="8" type="stmt"/>
        <line num="1657" count="39" type="stmt"/>
        <line num="1658" count="7" type="stmt"/>
        <line num="1660" count="7" type="stmt"/>
        <line num="1661" count="7" type="stmt"/>
        <line num="1668" count="7" type="stmt"/>
        <line num="1670" count="7" type="stmt"/>
        <line num="1671" count="7" type="stmt"/>
        <line num="1672" count="7" type="stmt"/>
        <line num="1675" count="7" type="stmt"/>
        <line num="1676" count="7" type="stmt"/>
        <line num="1677" count="7" type="stmt"/>
        <line num="1678" count="7" type="stmt"/>
        <line num="1679" count="7" type="stmt"/>
        <line num="1680" count="7" type="stmt"/>
        <line num="1681" count="7" type="stmt"/>
        <line num="1682" count="7" type="stmt"/>
        <line num="1685" count="7" type="stmt"/>
        <line num="1686" count="7" type="stmt"/>
        <line num="1687" count="7" type="stmt"/>
        <line num="1688" count="7" type="stmt"/>
        <line num="1689" count="7" type="stmt"/>
        <line num="1690" count="7" type="stmt"/>
        <line num="1691" count="7" type="stmt"/>
        <line num="1694" count="7" type="stmt"/>
        <line num="1695" count="7" type="stmt"/>
        <line num="1696" count="7" type="stmt"/>
        <line num="1697" count="7" type="stmt"/>
        <line num="1698" count="7" type="stmt"/>
        <line num="1699" count="7" type="stmt"/>
        <line num="1700" count="7" type="stmt"/>
        <line num="1701" count="7" type="stmt"/>
        <line num="1702" count="7" type="stmt"/>
        <line num="1703" count="7" type="stmt"/>
        <line num="1704" count="7" type="stmt"/>
        <line num="1705" count="7" type="stmt"/>
        <line num="1706" count="7" type="stmt"/>
        <line num="1707" count="7" type="stmt"/>
        <line num="1713" count="7" type="stmt"/>
        <line num="1714" count="7" type="stmt"/>
        <line num="1715" count="7" type="stmt"/>
        <line num="1716" count="7" type="stmt"/>
        <line num="1717" count="7" type="stmt"/>
        <line num="1718" count="7" type="stmt"/>
        <line num="1723" count="7" type="stmt"/>
        <line num="1724" count="7" type="stmt"/>
        <line num="1725" count="7" type="stmt"/>
        <line num="1726" count="7" type="stmt"/>
        <line num="1727" count="7" type="stmt"/>
        <line num="1728" count="7" type="stmt"/>
        <line num="1729" count="7" type="stmt"/>
        <line num="1730" count="7" type="stmt"/>
        <line num="1731" count="7" type="stmt"/>
        <line num="1732" count="7" type="stmt"/>
        <line num="1733" count="7" type="stmt"/>
        <line num="1734" count="7" type="stmt"/>
        <line num="1735" count="7" type="stmt"/>
        <line num="1736" count="7" type="stmt"/>
        <line num="1737" count="7" type="stmt"/>
        <line num="1738" count="7" type="stmt"/>
        <line num="1739" count="7" type="stmt"/>
        <line num="1740" count="7" type="stmt"/>
        <line num="1741" count="7" type="stmt"/>
        <line num="1742" count="7" type="stmt"/>
        <line num="1743" count="7" type="stmt"/>
        <line num="1744" count="7" type="stmt"/>
        <line num="1745" count="7" type="stmt"/>
        <line num="1746" count="7" type="stmt"/>
        <line num="1747" count="7" type="stmt"/>
        <line num="1748" count="7" type="stmt"/>
        <line num="1749" count="7" type="stmt"/>
        <line num="1750" count="7" type="stmt"/>
        <line num="1751" count="7" type="stmt"/>
        <line num="1752" count="7" type="stmt"/>
        <line num="1755" count="7" type="stmt"/>
        <line num="1756" count="7" type="stmt"/>
        <line num="1757" count="7" type="stmt"/>
        <line num="1758" count="7" type="stmt"/>
        <line num="1759" count="7" type="stmt"/>
        <line num="1760" count="7" type="stmt"/>
        <line num="1763" count="7" type="stmt"/>
        <line num="1764" count="7" type="stmt"/>
        <line num="1765" count="7" type="stmt"/>
        <line num="1766" count="7" type="stmt"/>
        <line num="1767" count="7" type="stmt"/>
        <line num="1768" count="7" type="stmt"/>
        <line num="1771" count="7" type="stmt"/>
        <line num="1772" count="7" type="stmt"/>
        <line num="1773" count="7" type="stmt"/>
        <line num="1774" count="7" type="stmt"/>
        <line num="1775" count="7" type="stmt"/>
[...]
        <line num="34" count="7" type="stmt"/>
        <line num="37" count="7" type="stmt"/>
        <line num="38" count="6" type="stmt"/>
        <line num="46" count="6" type="stmt"/>
        <line num="47" count="6" type="stmt"/>
        <line num="50" count="7" type="stmt"/>
        <line num="51" count="5" type="stmt"/>
        <line num="62" count="5" type="stmt"/>
        <line num="65" count="7" type="stmt"/>
        <line num="66" count="4" type="stmt"/>
        <line num="78" count="4" type="stmt"/>
        <line num="80" count="4" type="stmt"/>
        <line num="81" count="4" type="stmt"/>
        <line num="84" count="7" type="stmt"/>
        <line num="85" count="3" type="stmt"/>
        <line num="106" count="3" type="stmt"/>
        <line num="108" count="3" type="stmt"/>
        <line num="109" count="3" type="stmt"/>
        <line num="112" count="7" type="stmt"/>
        <line num="113" count="2" type="stmt"/>
        <line num="123" count="2" type="stmt"/>
        <line num="124" count="2" type="stmt"/>
      </file>
    </package>
    <package name="Toast">
      <metrics statements="105" coveredstatements="105" conditionals="2" coveredconditionals="2" methods="28" coveredmethods="28"/>
      <file name="Toast.component-test.tsx" path="/e2e/packages/sdds-insol/src/components/Toast/Toast.component-test.tsx">
        <metrics statements="105" coveredstatements="105" conditionals="2" coveredconditionals="2" methods="28" coveredmethods="28"/>
        <line num="6" count="44" type="stmt"/>
        <line num="8" count="17" type="stmt"/>
        <line num="9" count="17" type="stmt"/>
        <line num="10" count="17" type="stmt"/>
        <line num="11" count="17" type="stmt"/>
        <line num="13" count="17" type="stmt"/>
        <line num="14" count="42" type="stmt"/>
        <line num="17" count="17" type="stmt"/>
        <line num="18" count="17" type="stmt"/>
        <line num="26" count="17" type="stmt"/>
        <line num="33" count="17" type="stmt"/>
        <line num="34" count="16" type="stmt"/>
        <line num="45" count="16" type="stmt"/>
        <line num="48" count="17" type="stmt"/>
        <line num="49" count="15" type="stmt"/>
        <line num="60" count="15" type="stmt"/>
        <line num="63" count="17" type="stmt"/>
        <line num="64" count="14" type="stmt"/>
        <line num="72" count="14" type="stmt"/>
        <line num="75" count="17" type="stmt"/>
        <line num="76" count="13" type="stmt"/>
        <line num="84" count="13" type="stmt"/>
        <line num="87" count="17" type="stmt"/>
        <line num="88" count="12" type="stmt"/>
        <line num="96" count="12" type="stmt"/>
        <line num="99" count="17" type="stmt"/>
        <line num="100" count="17" type="stmt"/>
        <line num="102" count="17" type="stmt"/>
        <line num="103" count="17" type="stmt"/>
        <line num="105" count="17" type="stmt"/>
        <line num="106" count="70" type="stmt"/>
        <line num="107" count="70" type="cond" truecount="2" falsecount="0"/>
        <line num="108" count="70" type="stmt"/>
        <line num="109" count="35" type="stmt"/>
        <line num="120" count="70" type="stmt"/>
        <line num="123" count="17" type="stmt"/>
        <line num="124" count="8" type="stmt"/>
        <line num="132" count="8" type="stmt"/>
        <line num="134" count="8" type="stmt"/>
        <line num="135" count="8" type="stmt"/>
        <line num="138" count="17" type="stmt"/>
        <line num="139" count="7" type="stmt"/>
        <line num="147" count="7" type="stmt"/>
        <line num="149" count="7" type="stmt"/>
        <line num="150" count="7" type="stmt"/>
        <line num="153" count="17" type="stmt"/>
        <line num="154" count="6" type="stmt"/>
        <line num="162" count="6" type="stmt"/>
        <line num="164" count="6" type="stmt"/>
        <line num="165" count="6" type="stmt"/>
        <line num="168" count="17" type="stmt"/>
        <line num="169" count="5" type="stmt"/>
        <line num="177" count="5" type="stmt"/>
        <line num="179" count="5" type="stmt"/>
        <line num="182" count="17" type="stmt"/>
        <line num="183" count="4" type="stmt"/>
        <line num="191" count="4" type="stmt"/>
        <line num="193" count="4" type="stmt"/>
        <line num="194" count="4" type="stmt"/>
        <line num="197" count="17" type="stmt"/>
        <line num="198" count="3" type="stmt"/>
        <line num="206" count="3" type="stmt"/>
        <line num="208" count="3" type="stmt"/>
        <line num="209" count="3" type="stmt"/>
        <line num="212" count="17" type="stmt"/>
        <line num="213" count="2" type="stmt"/>
        <line num="221" count="2" type="stmt"/>
        <line num="223" count="2" type="stmt"/>
        <line num="224" count="2" type="stmt"/>
        <line num="228" count="17" type="stmt"/>
        <line num="229" count="11" type="stmt"/>
        <line num="231" count="11" type="stmt"/>
        <line num="233" count="11" type="stmt"/>
        <line num="234" count="66" type="stmt"/>
        <line num="235" count="66" type="stmt"/>
        <line num="236" count="22" type="stmt"/>
        <line num="244" count="66" type="stmt"/>
        <line num="252" count="11" type="stmt"/>
        <line num="260" count="11" type="stmt"/>
        <line num="261" count="11" type="stmt"/>
        <line num="263" count="11" type="stmt"/>
        <line num="264" count="11" type="stmt"/>
        <line num="266" count="11" type="stmt"/>
        <line num="267" count="11" type="stmt"/>
        <line num="269" count="11" type="stmt"/>
        <line num="272" count="17" type="stmt"/>
        <line num="273" count="10" type="stmt"/>
        <line num="275" count="10" type="stmt"/>
        <line num="276" count="20" type="stmt"/>
        <line num="277" count="20" type="stmt"/>
        <line num="278" count="10" type="stmt"/>
        <line num="285" count="20" type="stmt"/>
        <line num="288" count="10" type="stmt"/>
        <line num="296" count="10" type="stmt"/>
        <line num="298" count="10" type="stmt"/>
        <line num="301" count="17" type="stmt"/>
        <line num="302" count="9" type="stmt"/>
        <line num="304" count="9" type="stmt"/>
        <line num="313" count="9" type="stmt"/>
        <line num="314" count="18" type="stmt"/>
        <line num="315" count="18" type="stmt"/>
        <line num="317" count="18" type="stmt"/>
        <line num="320" count="9" type="stmt"/>
        <line num="328" count="9" type="stmt"/>
        <line num="330" count="9" type="stmt"/>
      </file>
    </package>
    <package name="Toolbar">
      <metrics statements="21" coveredstatements="21" conditionals="0" coveredconditionals="0" methods="11" coveredmethods="11"/>
      <file name="Toolbar.component-test.tsx" path="/e2e/packages/sdds-insol/src/components/Toolbar/Toolbar.component-test.tsx">
        <metrics statements="21" coveredstatements="21" conditionals="0" coveredconditionals="0" methods="11" coveredmethods="11"/>
        <line num="7" count="4" type="stmt"/>
        <line num="9" count="4" type="stmt"/>
        <line num="10" count="248" type="stmt"/>
        <line num="15" count="4" type="stmt"/>
        <line num="16" count="4" type="stmt"/>
        <line num="17" count="4" type="stmt"/>
        <line num="19" count="4" type="stmt"/>
        <line num="20" count="4" type="stmt"/>
        <line num="23" count="16" type="stmt"/>
        <line num="34" count="16" type="stmt"/>
        <line num="46" count="4" type="stmt"/>
        <line num="49" count="4" type="stmt"/>
        <line num="50" count="3" type="stmt"/>
        <line num="53" count="12" type="stmt"/>
        <line num="64" count="12" type="stmt"/>
        <line num="76" count="3" type="stmt"/>
        <line num="79" count="4" type="stmt"/>
        <line num="80" count="2" type="stmt"/>
        <line num="83" count="8" type="stmt"/>
        <line num="97" count="8" type="stmt"/>
        <line num="112" count="2" type="stmt"/>
      </file>
    </package>
    <package name="Tooltip">
      <metrics statements="72" coveredstatements="72" conditionals="0" coveredconditionals="0" methods="22" coveredmethods="22"/>
      <file name="Tooltip.component-test.tsx" path="/e2e/packages/sdds-insol/src/components/Tooltip/Tooltip.component-test.tsx">
        <metrics statements="72" coveredstatements="72" conditionals="0" coveredconditionals="0" methods="22" coveredmethods="22"/>
        <line num="5" count="13" type="stmt"/>
        <line num="6" count="13" type="stmt"/>
        <line num="7" count="13" type="stmt"/>
        <line num="10" count="25" type="stmt"/>
        <line num="12" count="25" type="stmt"/>
        <line num="27" count="20" type="stmt"/>
        <line num="34" count="13" type="stmt"/>
        <line num="35" count="13" type="stmt"/>
        <line num="46" count="13" type="stmt"/>
        <line num="52" count="13" type="stmt"/>
        <line num="53" count="12" type="stmt"/>
        <line num="54" count="12" type="stmt"/>
        <line num="68" count="12" type="stmt"/>
        <line num="109" count="12" type="stmt"/>
        <line num="112" count="13" type="stmt"/>
        <line num="113" count="11" type="stmt"/>
        <line num="165" count="11" type="stmt"/>
        <line num="168" count="13" type="stmt"/>
        <line num="170" count="20" type="stmt"/>
        <line num="172" count="20" type="stmt"/>
        <line num="179" count="10" type="stmt"/>
        <line num="191" count="10" type="stmt"/>
        <line num="197" count="10" type="stmt"/>
        <line num="199" count="10" type="stmt"/>
        <line num="202" count="13" type="stmt"/>
        <line num="203" count="9" type="stmt"/>
        <line num="204" count="9" type="stmt"/>
        <line num="216" count="9" type="stmt"/>
        <line num="237" count="9" type="stmt"/>
        <line num="240" count="13" type="stmt"/>
        <line num="241" count="8" type="stmt"/>
        <line num="254" count="8" type="stmt"/>
        <line num="257" count="13" type="stmt"/>
        <line num="258" count="7" type="stmt"/>
        <line num="259" count="7" type="stmt"/>
        <line num="271" count="7" type="stmt"/>
        <line num="279" count="7" type="stmt"/>
        <line num="282" count="13" type="stmt"/>
        <line num="283" count="6" type="stmt"/>
        <line num="294" count="6" type="stmt"/>
        <line num="297" count="13" type="stmt"/>
        <line num="298" count="5" type="stmt"/>
        <line num="304" count="5" type="stmt"/>
        <line num="306" count="5" type="stmt"/>
        <line num="308" count="5" type="stmt"/>
        <line num="310" count="5" type="stmt"/>
        <line num="312" count="5" type="stmt"/>
        <line num="315" count="13" type="stmt"/>
        <line num="316" count="13" type="stmt"/>
        <line num="317" count="4" type="stmt"/>
        <line num="330" count="4" type="stmt"/>
        <line num="332" count="4" type="stmt"/>
        <line num="333" count="4" type="stmt"/>
        <line num="335" count="4" type="stmt"/>
        <line num="336" count="4" type="stmt"/>
        <line num="338" count="4" type="stmt"/>
        <line num="339" count="4" type="stmt"/>
        <line num="340" count="4" type="stmt"/>
        <line num="343" count="13" type="stmt"/>
        <line num="344" count="3" type="stmt"/>
        <line num="350" count="3" type="stmt"/>
        <line num="352" count="3" type="stmt"/>
        <line num="353" count="3" type="stmt"/>
        <line num="355" count="3" type="stmt"/>
        <line num="356" count="3" type="stmt"/>
        <line num="359" count="13" type="stmt"/>
        <line num="360" count="2" type="stmt"/>
        <line num="366" count="2" type="stmt"/>
        <line num="368" count="2" type="stmt"/>
        <line num="369" count="2" type="stmt"/>
        <line num="371" count="2" type="stmt"/>
        <line num="372" count="2" type="stmt"/>
      </file>
    </package>
    <package name="Tree">
      <metrics statements="76" coveredstatements="76" conditionals="0" coveredconditionals="0" methods="18" coveredmethods="18"/>
      <file name="Tree.component-test.tsx" path="/e2e/packages/sdds-insol/src/components/Tree/Tree.component-test.tsx">
        <metrics statements="76" coveredstatements="76" conditionals="0" coveredconditionals="0" methods="18" coveredmethods="18"/>
        <line num="5" count="15" type="stmt"/>
        <line num="57" count="15" type="stmt"/>
        <line num="58" count="15" type="stmt"/>
        <line num="60" count="15" type="stmt"/>
        <line num="61" count="16" type="stmt"/>
        <line num="62" count="16" type="stmt"/>
        <line num="63" count="16" type="stmt"/>
        <line num="65" count="16" type="stmt"/>
        <line num="81" count="15" type="stmt"/>
        <line num="82" count="15" type="stmt"/>
        <line num="84" count="15" type="stmt"/>
        <line num="90" count="15" type="stmt"/>
        <line num="93" count="15" type="stmt"/>
        <line num="94" count="14" type="stmt"/>
        <line num="96" count="14" type="stmt"/>
        <line num="102" count="14" type="stmt"/>
        <line num="105" count="15" type="stmt"/>
        <line num="106" count="13" type="stmt"/>
        <line num="108" count="13" type="stmt"/>
        <line num="114" count="13" type="stmt"/>
        <line num="115" count="13" type="stmt"/>
        <line num="117" count="13" type="stmt"/>
        <line num="120" count="15" type="stmt"/>
        <line num="121" count="12" type="stmt"/>
        <line num="123" count="12" type="stmt"/>
        <line num="129" count="12" type="stmt"/>
        <line num="130" count="12" type="stmt"/>
        <line num="132" count="12" type="stmt"/>
        <line num="134" count="12" type="stmt"/>
        <line num="136" count="12" type="stmt"/>
        <line num="139" count="15" type="stmt"/>
        <line num="140" count="11" type="stmt"/>
        <line num="142" count="11" type="stmt"/>
        <line num="148" count="11" type="stmt"/>
        <line num="151" count="15" type="stmt"/>
        <line num="152" count="10" type="stmt"/>
        <line num="154" count="10" type="stmt"/>
        <line num="160" count="10" type="stmt"/>
        <line num="163" count="15" type="stmt"/>
        <line num="164" count="9" type="stmt"/>
        <line num="166" count="9" type="stmt"/>
        <line num="172" count="9" type="stmt"/>
        <line num="175" count="15" type="stmt"/>
        <line num="176" count="8" type="stmt"/>
        <line num="178" count="8" type="stmt"/>
        <line num="184" count="8" type="stmt"/>
        <line num="187" count="15" type="stmt"/>
        <line num="188" count="7" type="stmt"/>
        <line num="190" count="7" type="stmt"/>
        <line num="196" count="7" type="stmt"/>
        <line num="199" count="15" type="stmt"/>
        <line num="200" count="6" type="stmt"/>
        <line num="202" count="6" type="stmt"/>
        <line num="213" count="6" type="stmt"/>
        <line num="216" count="15" type="stmt"/>
        <line num="217" count="5" type="stmt"/>
        <line num="219" count="5" type="stmt"/>
        <line num="221" count="300" type="stmt"/>
        <line num="225" count="5" type="stmt"/>
        <line num="228" count="15" type="stmt"/>
        <line num="229" count="4" type="stmt"/>
        <line num="231" count="4" type="stmt"/>
        <line num="233" count="4" type="stmt"/>
        <line num="234" count="4" type="stmt"/>
        <line num="235" count="4" type="stmt"/>
        <line num="237" count="4" type="stmt"/>
        <line num="240" count="15" type="stmt"/>
        <line num="241" count="3" type="stmt"/>
        <line num="243" count="3" type="stmt"/>
        <line num="251" count="3" type="stmt"/>
        <line num="254" count="15" type="stmt"/>
        <line num="255" count="2" type="stmt"/>
        <line num="257" count="2" type="stmt"/>
        <line num="262" count="2000" type="stmt"/>
        <line num="269" count="2" type="stmt"/>
        <line num="270" count="2" type="stmt"/>
      </file>
    </package>
    <package name="Typography">
      <metrics statements="70" coveredstatements="70" conditionals="0" coveredconditionals="0" methods="13" coveredmethods="13"/>
      <file name="Typography.component-test.tsx" path="/e2e/packages/sdds-insol/src/components/Typography/Typography.component-test.tsx">
        <metrics statements="70" coveredstatements="70" conditionals="0" coveredconditionals="0" methods="13" coveredmethods="13"/>
        <line num="4" count="13" type="stmt"/>
        <line num="5" count="13" type="stmt"/>
        <line num="6" count="13" type="stmt"/>
        <line num="7" count="13" type="stmt"/>
        <line num="8" count="13" type="stmt"/>
        <line num="9" count="13" type="stmt"/>
        <line num="10" count="13" type="stmt"/>
        <line num="11" count="13" type="stmt"/>
        <line num="12" count="13" type="stmt"/>
        <line num="13" count="13" type="stmt"/>
        <line num="14" count="13" type="stmt"/>
        <line num="15" count="13" type="stmt"/>
        <line num="16" count="13" type="stmt"/>
        <line num="17" count="13" type="stmt"/>
        <line num="18" count="13" type="stmt"/>
        <line num="19" count="13" type="stmt"/>
        <line num="20" count="13" type="stmt"/>
        <line num="21" count="13" type="stmt"/>
        <line num="24" count="13" type="stmt"/>
        <line num="38" count="13" type="stmt"/>
        <line num="48" count="13" type="stmt"/>
        <line num="62" count="13" type="stmt"/>
        <line num="74" count="13" type="stmt"/>
        <line num="75" count="13" type="stmt"/>
        <line num="77" count="13" type="stmt"/>
        <line num="78" count="13" type="stmt"/>
        <line num="81" count="13" type="stmt"/>
        <line num="82" count="12" type="stmt"/>
        <line num="84" count="12" type="stmt"/>
        <line num="85" count="12" type="stmt"/>
        <line num="88" count="13" type="stmt"/>
        <line num="89" count="11" type="stmt"/>
        <line num="91" count="11" type="stmt"/>
        <line num="92" count="11" type="stmt"/>
        <line num="95" count="13" type="stmt"/>
        <line num="96" count="10" type="stmt"/>
        <line num="98" count="10" type="stmt"/>
        <line num="99" count="10" type="stmt"/>
        <line num="102" count="13" type="stmt"/>
        <line num="103" count="9" type="stmt"/>
        <line num="105" count="9" type="stmt"/>
        <line num="106" count="9" type="stmt"/>
        <line num="109" count="13" type="stmt"/>
        <line num="110" count="8" type="stmt"/>
        <line num="112" count="8" type="stmt"/>
        <line num="113" count="8" type="stmt"/>
        <line num="116" count="13" type="stmt"/>
        <line num="117" count="7" type="stmt"/>
        <line num="119" count="7" type="stmt"/>
        <line num="120" count="7" type="stmt"/>
        <line num="123" count="13" type="stmt"/>
        <line num="124" count="6" type="stmt"/>
        <line num="126" count="6" type="stmt"/>
        <line num="127" count="6" type="stmt"/>
        <line num="130" count="13" type="stmt"/>
        <line num="131" count="5" type="stmt"/>
        <line num="133" count="5" type="stmt"/>
        <line num="134" count="5" type="stmt"/>
        <line num="137" count="13" type="stmt"/>
        <line num="138" count="4" type="stmt"/>
        <line num="140" count="4" type="stmt"/>
        <line num="141" count="4" type="stmt"/>
        <line num="144" count="13" type="stmt"/>
        <line num="145" count="3" type="stmt"/>
        <line num="147" count="3" type="stmt"/>
        <line num="148" count="3" type="stmt"/>
        <line num="151" count="13" type="stmt"/>
        <line num="152" count="2" type="stmt"/>
        <line num="154" count="2" type="stmt"/>
        <line num="155" count="2" type="stmt"/>
      </file>
    </package>
  </project>
</coverage>
