{"/e2e/packages/sdds-insol/src/components/Accordion/Accordion.update-test.component-test.tsx": {"path":"/e2e/packages/sdds-insol/src/components/Accordion/Accordion.update-test.component-test.tsx","statementMap":{"0":{"start":{"line":4,"column":0},"end":{"line":107,"column":3}},"1":{"start":{"line":5,"column":22},"end":{"line":5,"column":47}},"2":{"start":{"line":6,"column":26},"end":{"line":6,"column":55}},"3":{"start":{"line":8,"column":18},"end":{"line":8,"column":63}},"4":{"start":{"line":10,"column":8},"end":{"line":10,"column":161}},"5":{"start":{"line":12,"column":4},"end":{"line":32,"column":7}},"6":{"start":{"line":13,"column":8},"end":{"line":27,"column":10}},"7":{"start":{"line":29,"column":8},"end":{"line":29,"column":87}},"8":{"start":{"line":31,"column":8},"end":{"line":31,"column":32}},"9":{"start":{"line":34,"column":4},"end":{"line":54,"column":7}},"10":{"start":{"line":35,"column":8},"end":{"line":49,"column":10}},"11":{"start":{"line":51,"column":8},"end":{"line":51,"column":87}},"12":{"start":{"line":53,"column":8},"end":{"line":53,"column":32}},"13":{"start":{"line":56,"column":4},"end":{"line":76,"column":7}},"14":{"start":{"line":57,"column":8},"end":{"line":71,"column":10}},"15":{"start":{"line":73,"column":8},"end":{"line":73,"column":87}},"16":{"start":{"line":75,"column":8},"end":{"line":75,"column":32}},"17":{"start":{"line":78,"column":4},"end":{"line":92,"column":7}},"18":{"start":{"line":79,"column":8},"end":{"line":87,"column":10}},"19":{"start":{"line":89,"column":8},"end":{"line":89,"column":87}},"20":{"start":{"line":91,"column":8},"end":{"line":91,"column":32}},"21":{"start":{"line":94,"column":4},"end":{"line":106,"column":7}},"22":{"start":{"line":95,"column":8},"end":{"line":103,"column":10}},"23":{"start":{"line":105,"column":8},"end":{"line":105,"column":32}}},"fnMap":{"0":{"name":"(anonymous_0)","decl":{"start":{"line":4,"column":34},"end":{"line":4,"column":35}},"loc":{"start":{"line":4,"column":40},"end":{"line":107,"column":1}},"line":4},"1":{"name":"(anonymous_1)","decl":{"start":{"line":12,"column":88},"end":{"line":12,"column":89}},"loc":{"start":{"line":12,"column":94},"end":{"line":32,"column":5}},"line":12},"2":{"name":"(anonymous_2)","decl":{"start":{"line":34,"column":104},"end":{"line":34,"column":105}},"loc":{"start":{"line":34,"column":110},"end":{"line":54,"column":5}},"line":34},"3":{"name":"(anonymous_3)","decl":{"start":{"line":56,"column":67},"end":{"line":56,"column":68}},"loc":{"start":{"line":56,"column":73},"end":{"line":76,"column":5}},"line":56},"4":{"name":"(anonymous_4)","decl":{"start":{"line":78,"column":59},"end":{"line":78,"column":60}},"loc":{"start":{"line":78,"column":65},"end":{"line":92,"column":5}},"line":78},"5":{"name":"(anonymous_5)","decl":{"start":{"line":94,"column":45},"end":{"line":94,"column":46}},"loc":{"start":{"line":94,"column":51},"end":{"line":106,"column":5}},"line":94}},"branchMap":{},"s":{"0":6,"1":6,"2":6,"3":6,"4":6,"5":6,"6":6,"7":6,"8":6,"9":6,"10":5,"11":5,"12":5,"13":6,"14":4,"15":4,"16":4,"17":6,"18":3,"19":3,"20":3,"21":6,"22":2,"23":2},"f":{"0":6,"1":6,"2":5,"3":4,"4":3,"5":2},"b":{},"_coverageSchema":"1a1c01bbd47fc00a2c39e90264f33305004495a9","hash":"ad5b9d32f63e6b227904df852306974f98cbc66b"}
,"/e2e/packages/sdds-insol/src/components/Attach/Attach.update-test.component-test.tsx": {"path":"/e2e/packages/sdds-insol/src/components/Attach/Attach.update-test.component-test.tsx","statementMap":{"0":{"start":{"line":5,"column":13},"end":{"line":5,"column":49}},"1":{"start":{"line":5,"column":19},"end":{"line":5,"column":49}},"2":{"start":{"line":6,"column":21},"end":{"line":6,"column":45}},"3":{"start":{"line":7,"column":25},"end":{"line":7,"column":37}},"4":{"start":{"line":9,"column":0},"end":{"line":182,"column":3}},"5":{"start":{"line":10,"column":19},"end":{"line":10,"column":41}},"6":{"start":{"line":12,"column":4},"end":{"line":23,"column":7}},"7":{"start":{"line":13,"column":8},"end":{"line":17,"column":10}},"8":{"start":{"line":19,"column":8},"end":{"line":19,"column":49}},"9":{"start":{"line":20,"column":8},"end":{"line":20,"column":54}},"10":{"start":{"line":22,"column":8},"end":{"line":22,"column":32}},"11":{"start":{"line":25,"column":4},"end":{"line":36,"column":7}},"12":{"start":{"line":26,"column":8},"end":{"line":30,"column":10}},"13":{"start":{"line":32,"column":8},"end":{"line":32,"column":49}},"14":{"start":{"line":33,"column":8},"end":{"line":33,"column":54}},"15":{"start":{"line":35,"column":8},"end":{"line":35,"column":32}},"16":{"start":{"line":38,"column":4},"end":{"line":49,"column":7}},"17":{"start":{"line":39,"column":8},"end":{"line":43,"column":10}},"18":{"start":{"line":45,"column":8},"end":{"line":45,"column":49}},"19":{"start":{"line":46,"column":8},"end":{"line":46,"column":54}},"20":{"start":{"line":48,"column":8},"end":{"line":48,"column":32}},"21":{"start":{"line":51,"column":4},"end":{"line":62,"column":7}},"22":{"start":{"line":52,"column":8},"end":{"line":56,"column":10}},"23":{"start":{"line":58,"column":8},"end":{"line":58,"column":49}},"24":{"start":{"line":59,"column":8},"end":{"line":59,"column":54}},"25":{"start":{"line":61,"column":8},"end":{"line":61,"column":32}},"26":{"start":{"line":64,"column":4},"end":{"line":75,"column":7}},"27":{"start":{"line":65,"column":8},"end":{"line":69,"column":10}},"28":{"start":{"line":71,"column":8},"end":{"line":71,"column":49}},"29":{"start":{"line":72,"column":8},"end":{"line":72,"column":56}},"30":{"start":{"line":74,"column":8},"end":{"line":74,"column":32}},"31":{"start":{"line":77,"column":4},"end":{"line":88,"column":7}},"32":{"start":{"line":78,"column":8},"end":{"line":82,"column":10}},"33":{"start":{"line":84,"column":8},"end":{"line":84,"column":49}},"34":{"start":{"line":85,"column":8},"end":{"line":85,"column":54}},"35":{"start":{"line":87,"column":8},"end":{"line":87,"column":32}},"36":{"start":{"line":90,"column":4},"end":{"line":101,"column":7}},"37":{"start":{"line":91,"column":8},"end":{"line":95,"column":10}},"38":{"start":{"line":97,"column":8},"end":{"line":97,"column":49}},"39":{"start":{"line":98,"column":8},"end":{"line":98,"column":54}},"40":{"start":{"line":100,"column":8},"end":{"line":100,"column":32}},"41":{"start":{"line":103,"column":4},"end":{"line":114,"column":7}},"42":{"start":{"line":104,"column":8},"end":{"line":108,"column":10}},"43":{"start":{"line":110,"column":8},"end":{"line":110,"column":49}},"44":{"start":{"line":111,"column":8},"end":{"line":111,"column":54}},"45":{"start":{"line":113,"column":8},"end":{"line":113,"column":32}},"46":{"start":{"line":116,"column":4},"end":{"line":127,"column":7}},"47":{"start":{"line":117,"column":8},"end":{"line":121,"column":10}},"48":{"start":{"line":123,"column":8},"end":{"line":123,"column":49}},"49":{"start":{"line":124,"column":8},"end":{"line":124,"column":54}},"50":{"start":{"line":126,"column":8},"end":{"line":126,"column":32}},"51":{"start":{"line":129,"column":4},"end":{"line":140,"column":7}},"52":{"start":{"line":130,"column":8},"end":{"line":134,"column":10}},"53":{"start":{"line":136,"column":8},"end":{"line":136,"column":49}},"54":{"start":{"line":137,"column":8},"end":{"line":137,"column":54}},"55":{"start":{"line":139,"column":8},"end":{"line":139,"column":32}},"56":{"start":{"line":142,"column":4},"end":{"line":153,"column":7}},"57":{"start":{"line":143,"column":8},"end":{"line":147,"column":10}},"58":{"start":{"line":149,"column":8},"end":{"line":149,"column":49}},"59":{"start":{"line":150,"column":8},"end":{"line":150,"column":54}},"60":{"start":{"line":152,"column":8},"end":{"line":152,"column":32}},"61":{"start":{"line":155,"column":4},"end":{"line":168,"column":7}},"62":{"start":{"line":156,"column":8},"end":{"line":160,"column":10}},"63":{"start":{"line":162,"column":8},"end":{"line":162,"column":49}},"64":{"start":{"line":163,"column":8},"end":{"line":163,"column":54}},"65":{"start":{"line":164,"column":8},"end":{"line":164,"column":40}},"66":{"start":{"line":165,"column":8},"end":{"line":165,"column":58}},"67":{"start":{"line":167,"column":8},"end":{"line":167,"column":32}},"68":{"start":{"line":170,"column":4},"end":{"line":181,"column":7}},"69":{"start":{"line":171,"column":8},"end":{"line":175,"column":10}},"70":{"start":{"line":177,"column":8},"end":{"line":177,"column":49}},"71":{"start":{"line":178,"column":8},"end":{"line":178,"column":54}},"72":{"start":{"line":180,"column":8},"end":{"line":180,"column":32}}},"fnMap":{"0":{"name":"(anonymous_0)","decl":{"start":{"line":5,"column":13},"end":{"line":5,"column":14}},"loc":{"start":{"line":5,"column":19},"end":{"line":5,"column":49}},"line":5},"1":{"name":"(anonymous_1)","decl":{"start":{"line":9,"column":31},"end":{"line":9,"column":32}},"loc":{"start":{"line":9,"column":37},"end":{"line":182,"column":1}},"line":9},"2":{"name":"(anonymous_2)","decl":{"start":{"line":12,"column":85},"end":{"line":12,"column":86}},"loc":{"start":{"line":12,"column":91},"end":{"line":23,"column":5}},"line":12},"3":{"name":"(anonymous_3)","decl":{"start":{"line":25,"column":86},"end":{"line":25,"column":87}},"loc":{"start":{"line":25,"column":92},"end":{"line":36,"column":5}},"line":25},"4":{"name":"(anonymous_4)","decl":{"start":{"line":38,"column":120},"end":{"line":38,"column":121}},"loc":{"start":{"line":38,"column":126},"end":{"line":49,"column":5}},"line":38},"5":{"name":"(anonymous_5)","decl":{"start":{"line":51,"column":53},"end":{"line":51,"column":54}},"loc":{"start":{"line":51,"column":59},"end":{"line":62,"column":5}},"line":51},"6":{"name":"(anonymous_6)","decl":{"start":{"line":64,"column":67},"end":{"line":64,"column":68}},"loc":{"start":{"line":64,"column":73},"end":{"line":75,"column":5}},"line":64},"7":{"name":"(anonymous_7)","decl":{"start":{"line":77,"column":79},"end":{"line":77,"column":80}},"loc":{"start":{"line":77,"column":85},"end":{"line":88,"column":5}},"line":77},"8":{"name":"(anonymous_8)","decl":{"start":{"line":90,"column":62},"end":{"line":90,"column":63}},"loc":{"start":{"line":90,"column":68},"end":{"line":101,"column":5}},"line":90},"9":{"name":"(anonymous_9)","decl":{"start":{"line":103,"column":67},"end":{"line":103,"column":68}},"loc":{"start":{"line":103,"column":73},"end":{"line":114,"column":5}},"line":103},"10":{"name":"(anonymous_10)","decl":{"start":{"line":116,"column":57},"end":{"line":116,"column":58}},"loc":{"start":{"line":116,"column":63},"end":{"line":127,"column":5}},"line":116},"11":{"name":"(anonymous_11)","decl":{"start":{"line":129,"column":53},"end":{"line":129,"column":54}},"loc":{"start":{"line":129,"column":59},"end":{"line":140,"column":5}},"line":129},"12":{"name":"(anonymous_12)","decl":{"start":{"line":142,"column":55},"end":{"line":142,"column":56}},"loc":{"start":{"line":142,"column":61},"end":{"line":153,"column":5}},"line":142},"13":{"name":"(anonymous_13)","decl":{"start":{"line":155,"column":54},"end":{"line":155,"column":55}},"loc":{"start":{"line":155,"column":60},"end":{"line":168,"column":5}},"line":155},"14":{"name":"(anonymous_14)","decl":{"start":{"line":170,"column":44},"end":{"line":170,"column":45}},"loc":{"start":{"line":170,"column":50},"end":{"line":181,"column":5}},"line":170}},"branchMap":{},"s":{"0":14,"1":51,"2":14,"3":14,"4":14,"5":14,"6":14,"7":14,"8":14,"9":14,"10":14,"11":14,"12":13,"13":13,"14":13,"15":13,"16":14,"17":12,"18":12,"19":12,"20":12,"21":14,"22":11,"23":11,"24":11,"25":11,"26":14,"27":10,"28":10,"29":10,"30":10,"31":14,"32":9,"33":9,"34":9,"35":9,"36":14,"37":8,"38":8,"39":8,"40":8,"41":14,"42":7,"43":7,"44":7,"45":7,"46":14,"47":6,"48":6,"49":6,"50":6,"51":14,"52":5,"53":5,"54":5,"55":5,"56":14,"57":4,"58":4,"59":4,"60":4,"61":14,"62":3,"63":3,"64":3,"65":3,"66":3,"67":3,"68":14,"69":2,"70":2,"71":2,"72":2},"f":{"0":51,"1":14,"2":14,"3":13,"4":12,"5":11,"6":10,"7":9,"8":8,"9":7,"10":6,"11":5,"12":4,"13":3,"14":2},"b":{},"_coverageSchema":"1a1c01bbd47fc00a2c39e90264f33305004495a9","hash":"7ebe4712519eca29be758b64f8d9b60810bea642"}
,"/e2e/packages/sdds-insol/src/components/Autocomplete/Autocomplete.component-test.tsx": {"path":"/e2e/packages/sdds-insol/src/components/Autocomplete/Autocomplete.component-test.tsx","statementMap":{"0":{"start":{"line":4,"column":20},"end":{"line":55,"column":1}},"1":{"start":{"line":57,"column":0},"end":{"line":666,"column":3}},"2":{"start":{"line":58,"column":25},"end":{"line":58,"column":53}},"3":{"start":{"line":61,"column":26},"end":{"line":61,"column":38}},"4":{"start":{"line":63,"column":8},"end":{"line":67,"column":10}},"5":{"start":{"line":70,"column":4},"end":{"line":82,"column":7}},"6":{"start":{"line":71,"column":8},"end":{"line":71,"column":31}},"7":{"start":{"line":73,"column":8},"end":{"line":77,"column":10}},"8":{"start":{"line":79,"column":8},"end":{"line":79,"column":32}},"9":{"start":{"line":80,"column":8},"end":{"line":80,"column":32}},"10":{"start":{"line":81,"column":8},"end":{"line":81,"column":32}},"11":{"start":{"line":84,"column":4},"end":{"line":158,"column":7}},"12":{"start":{"line":85,"column":8},"end":{"line":85,"column":31}},"13":{"start":{"line":87,"column":8},"end":{"line":155,"column":10}},"14":{"start":{"line":157,"column":8},"end":{"line":157,"column":32}},"15":{"start":{"line":160,"column":4},"end":{"line":234,"column":7}},"16":{"start":{"line":161,"column":8},"end":{"line":161,"column":31}},"17":{"start":{"line":163,"column":8},"end":{"line":231,"column":10}},"18":{"start":{"line":233,"column":8},"end":{"line":233,"column":32}},"19":{"start":{"line":236,"column":4},"end":{"line":318,"column":7}},"20":{"start":{"line":237,"column":8},"end":{"line":237,"column":31}},"21":{"start":{"line":239,"column":8},"end":{"line":315,"column":10}},"22":{"start":{"line":317,"column":8},"end":{"line":317,"column":32}},"23":{"start":{"line":320,"column":4},"end":{"line":402,"column":7}},"24":{"start":{"line":321,"column":8},"end":{"line":321,"column":31}},"25":{"start":{"line":323,"column":8},"end":{"line":399,"column":10}},"26":{"start":{"line":401,"column":8},"end":{"line":401,"column":32}},"27":{"start":{"line":404,"column":4},"end":{"line":416,"column":7}},"28":{"start":{"line":405,"column":8},"end":{"line":405,"column":31}},"29":{"start":{"line":407,"column":8},"end":{"line":411,"column":10}},"30":{"start":{"line":413,"column":8},"end":{"line":413,"column":32}},"31":{"start":{"line":414,"column":8},"end":{"line":414,"column":32}},"32":{"start":{"line":415,"column":8},"end":{"line":415,"column":32}},"33":{"start":{"line":418,"column":4},"end":{"line":430,"column":7}},"34":{"start":{"line":419,"column":8},"end":{"line":419,"column":31}},"35":{"start":{"line":421,"column":8},"end":{"line":425,"column":10}},"36":{"start":{"line":427,"column":8},"end":{"line":427,"column":32}},"37":{"start":{"line":428,"column":8},"end":{"line":428,"column":32}},"38":{"start":{"line":429,"column":8},"end":{"line":429,"column":32}},"39":{"start":{"line":432,"column":4},"end":{"line":448,"column":7}},"40":{"start":{"line":433,"column":8},"end":{"line":433,"column":31}},"41":{"start":{"line":435,"column":8},"end":{"line":439,"column":10}},"42":{"start":{"line":441,"column":8},"end":{"line":441,"column":32}},"43":{"start":{"line":442,"column":8},"end":{"line":442,"column":32}},"44":{"start":{"line":443,"column":8},"end":{"line":443,"column":57}},"45":{"start":{"line":444,"column":8},"end":{"line":444,"column":28}},"46":{"start":{"line":445,"column":8},"end":{"line":445,"column":32}},"47":{"start":{"line":446,"column":8},"end":{"line":446,"column":31}},"48":{"start":{"line":447,"column":8},"end":{"line":447,"column":58}},"49":{"start":{"line":450,"column":4},"end":{"line":462,"column":7}},"50":{"start":{"line":451,"column":8},"end":{"line":455,"column":10}},"51":{"start":{"line":457,"column":8},"end":{"line":457,"column":32}},"52":{"start":{"line":458,"column":8},"end":{"line":458,"column":34}},"53":{"start":{"line":461,"column":8},"end":{"line":461,"column":88}},"54":{"start":{"line":464,"column":4},"end":{"line":488,"column":7}},"55":{"start":{"line":465,"column":8},"end":{"line":465,"column":30}},"56":{"start":{"line":467,"column":8},"end":{"line":485,"column":10}},"57":{"start":{"line":487,"column":8},"end":{"line":487,"column":32}},"58":{"start":{"line":490,"column":4},"end":{"line":504,"column":7}},"59":{"start":{"line":491,"column":8},"end":{"line":491,"column":30}},"60":{"start":{"line":493,"column":8},"end":{"line":501,"column":10}},"61":{"start":{"line":503,"column":8},"end":{"line":503,"column":32}},"62":{"start":{"line":506,"column":4},"end":{"line":526,"column":7}},"63":{"start":{"line":507,"column":8},"end":{"line":507,"column":30}},"64":{"start":{"line":509,"column":8},"end":{"line":520,"column":10}},"65":{"start":{"line":522,"column":8},"end":{"line":522,"column":32}},"66":{"start":{"line":523,"column":8},"end":{"line":523,"column":37}},"67":{"start":{"line":525,"column":8},"end":{"line":525,"column":32}},"68":{"start":{"line":528,"column":4},"end":{"line":548,"column":7}},"69":{"start":{"line":529,"column":8},"end":{"line":529,"column":30}},"70":{"start":{"line":531,"column":8},"end":{"line":542,"column":10}},"71":{"start":{"line":544,"column":8},"end":{"line":544,"column":32}},"72":{"start":{"line":545,"column":8},"end":{"line":545,"column":37}},"73":{"start":{"line":547,"column":8},"end":{"line":547,"column":32}},"74":{"start":{"line":550,"column":4},"end":{"line":570,"column":7}},"75":{"start":{"line":551,"column":8},"end":{"line":551,"column":30}},"76":{"start":{"line":553,"column":8},"end":{"line":564,"column":10}},"77":{"start":{"line":560,"column":46},"end":{"line":560,"column":81}},"78":{"start":{"line":566,"column":8},"end":{"line":566,"column":32}},"79":{"start":{"line":567,"column":8},"end":{"line":567,"column":37}},"80":{"start":{"line":569,"column":8},"end":{"line":569,"column":32}},"81":{"start":{"line":572,"column":4},"end":{"line":592,"column":7}},"82":{"start":{"line":573,"column":8},"end":{"line":573,"column":30}},"83":{"start":{"line":575,"column":8},"end":{"line":587,"column":10}},"84":{"start":{"line":589,"column":8},"end":{"line":589,"column":32}},"85":{"start":{"line":591,"column":8},"end":{"line":591,"column":32}},"86":{"start":{"line":594,"column":4},"end":{"line":615,"column":7}},"87":{"start":{"line":595,"column":8},"end":{"line":595,"column":30}},"88":{"start":{"line":597,"column":8},"end":{"line":609,"column":10}},"89":{"start":{"line":611,"column":8},"end":{"line":611,"column":32}},"90":{"start":{"line":612,"column":8},"end":{"line":612,"column":34}},"91":{"start":{"line":614,"column":8},"end":{"line":614,"column":32}},"92":{"start":{"line":617,"column":4},"end":{"line":665,"column":7}},"93":{"start":{"line":618,"column":8},"end":{"line":618,"column":31}},"94":{"start":{"line":620,"column":8},"end":{"line":624,"column":10}},"95":{"start":{"line":626,"column":8},"end":{"line":626,"column":32}},"96":{"start":{"line":627,"column":8},"end":{"line":627,"column":32}},"97":{"start":{"line":630,"column":8},"end":{"line":630,"column":34}},"98":{"start":{"line":631,"column":8},"end":{"line":631,"column":42}},"99":{"start":{"line":632,"column":8},"end":{"line":632,"column":83}},"100":{"start":{"line":633,"column":8},"end":{"line":633,"column":34}},"101":{"start":{"line":634,"column":8},"end":{"line":634,"column":87}},"102":{"start":{"line":635,"column":8},"end":{"line":635,"column":90}},"103":{"start":{"line":636,"column":8},"end":{"line":636,"column":28}},"104":{"start":{"line":637,"column":8},"end":{"line":637,"column":82}},"105":{"start":{"line":638,"column":8},"end":{"line":638,"column":34}},"106":{"start":{"line":639,"column":8},"end":{"line":639,"column":82}},"107":{"start":{"line":640,"column":8},"end":{"line":640,"column":28}},"108":{"start":{"line":643,"column":8},"end":{"line":643,"column":32}},"109":{"start":{"line":644,"column":8},"end":{"line":644,"column":32}},"110":{"start":{"line":645,"column":8},"end":{"line":645,"column":42}},"111":{"start":{"line":646,"column":8},"end":{"line":646,"column":82}},"112":{"start":{"line":647,"column":8},"end":{"line":647,"column":32}},"113":{"start":{"line":648,"column":8},"end":{"line":648,"column":89}},"114":{"start":{"line":649,"column":8},"end":{"line":649,"column":29}},"115":{"start":{"line":650,"column":8},"end":{"line":650,"column":83}},"116":{"start":{"line":651,"column":8},"end":{"line":651,"column":32}},"117":{"start":{"line":652,"column":8},"end":{"line":652,"column":83}},"118":{"start":{"line":653,"column":8},"end":{"line":653,"column":28}},"119":{"start":{"line":656,"column":8},"end":{"line":656,"column":32}},"120":{"start":{"line":657,"column":8},"end":{"line":657,"column":34}},"121":{"start":{"line":658,"column":8},"end":{"line":658,"column":30}},"122":{"start":{"line":659,"column":8},"end":{"line":659,"column":41}},"123":{"start":{"line":660,"column":8},"end":{"line":660,"column":64}},"124":{"start":{"line":663,"column":8},"end":{"line":663,"column":28}},"125":{"start":{"line":664,"column":8},"end":{"line":664,"column":49}}},"fnMap":{"0":{"name":"(anonymous_0)","decl":{"start":{"line":57,"column":37},"end":{"line":57,"column":38}},"loc":{"start":{"line":57,"column":43},"end":{"line":666,"column":1}},"line":57},"1":{"name":"DemoWithPortal","decl":{"start":{"line":60,"column":13},"end":{"line":60,"column":27}},"loc":{"start":{"line":60,"column":30},"end":{"line":68,"column":5}},"line":60},"2":{"name":"(anonymous_2)","decl":{"start":{"line":70,"column":18},"end":{"line":70,"column":19}},"loc":{"start":{"line":70,"column":24},"end":{"line":82,"column":5}},"line":70},"3":{"name":"(anonymous_3)","decl":{"start":{"line":84,"column":21},"end":{"line":84,"column":22}},"loc":{"start":{"line":84,"column":27},"end":{"line":158,"column":5}},"line":84},"4":{"name":"(anonymous_4)","decl":{"start":{"line":160,"column":21},"end":{"line":160,"column":22}},"loc":{"start":{"line":160,"column":27},"end":{"line":234,"column":5}},"line":160},"5":{"name":"(anonymous_5)","decl":{"start":{"line":236,"column":25},"end":{"line":236,"column":26}},"loc":{"start":{"line":236,"column":31},"end":{"line":318,"column":5}},"line":236},"6":{"name":"(anonymous_6)","decl":{"start":{"line":320,"column":25},"end":{"line":320,"column":26}},"loc":{"start":{"line":320,"column":31},"end":{"line":402,"column":5}},"line":320},"7":{"name":"(anonymous_7)","decl":{"start":{"line":404,"column":30},"end":{"line":404,"column":31}},"loc":{"start":{"line":404,"column":36},"end":{"line":416,"column":5}},"line":404},"8":{"name":"(anonymous_8)","decl":{"start":{"line":418,"column":26},"end":{"line":418,"column":27}},"loc":{"start":{"line":418,"column":32},"end":{"line":430,"column":5}},"line":418},"9":{"name":"(anonymous_9)","decl":{"start":{"line":432,"column":26},"end":{"line":432,"column":27}},"loc":{"start":{"line":432,"column":32},"end":{"line":448,"column":5}},"line":432},"10":{"name":"(anonymous_10)","decl":{"start":{"line":450,"column":23},"end":{"line":450,"column":24}},"loc":{"start":{"line":450,"column":29},"end":{"line":462,"column":5}},"line":450},"11":{"name":"(anonymous_11)","decl":{"start":{"line":464,"column":44},"end":{"line":464,"column":45}},"loc":{"start":{"line":464,"column":50},"end":{"line":488,"column":5}},"line":464},"12":{"name":"(anonymous_12)","decl":{"start":{"line":490,"column":25},"end":{"line":490,"column":26}},"loc":{"start":{"line":490,"column":31},"end":{"line":504,"column":5}},"line":490},"13":{"name":"(anonymous_13)","decl":{"start":{"line":506,"column":27},"end":{"line":506,"column":28}},"loc":{"start":{"line":506,"column":33},"end":{"line":526,"column":5}},"line":506},"14":{"name":"(anonymous_14)","decl":{"start":{"line":528,"column":26},"end":{"line":528,"column":27}},"loc":{"start":{"line":528,"column":32},"end":{"line":548,"column":5}},"line":528},"15":{"name":"(anonymous_15)","decl":{"start":{"line":550,"column":27},"end":{"line":550,"column":28}},"loc":{"start":{"line":550,"column":33},"end":{"line":570,"column":5}},"line":550},"16":{"name":"(anonymous_16)","decl":{"start":{"line":560,"column":36},"end":{"line":560,"column":37}},"loc":{"start":{"line":560,"column":46},"end":{"line":560,"column":81}},"line":560},"17":{"name":"(anonymous_17)","decl":{"start":{"line":572,"column":24},"end":{"line":572,"column":25}},"loc":{"start":{"line":572,"column":30},"end":{"line":592,"column":5}},"line":572},"18":{"name":"(anonymous_18)","decl":{"start":{"line":594,"column":39},"end":{"line":594,"column":40}},"loc":{"start":{"line":594,"column":45},"end":{"line":615,"column":5}},"line":594},"19":{"name":"(anonymous_19)","decl":{"start":{"line":617,"column":32},"end":{"line":617,"column":33}},"loc":{"start":{"line":617,"column":38},"end":{"line":665,"column":5}},"line":617}},"branchMap":{},"s":{"0":18,"1":18,"2":18,"3":10,"4":10,"5":18,"6":18,"7":18,"8":18,"9":18,"10":18,"11":18,"12":17,"13":17,"14":17,"15":18,"16":16,"17":16,"18":16,"19":18,"20":15,"21":15,"22":15,"23":18,"24":14,"25":14,"26":14,"27":18,"28":13,"29":13,"30":13,"31":13,"32":13,"33":18,"34":12,"35":12,"36":12,"37":12,"38":12,"39":18,"40":11,"41":11,"42":11,"43":11,"44":11,"45":11,"46":11,"47":11,"48":11,"49":18,"50":10,"51":10,"52":10,"53":10,"54":18,"55":9,"56":9,"57":9,"58":18,"59":8,"60":8,"61":8,"62":18,"63":7,"64":7,"65":7,"66":7,"67":7,"68":18,"69":6,"70":6,"71":6,"72":6,"73":6,"74":18,"75":5,"76":5,"77":75,"78":5,"79":5,"80":5,"81":18,"82":4,"83":4,"84":4,"85":4,"86":18,"87":3,"88":3,"89":3,"90":3,"91":3,"92":18,"93":2,"94":2,"95":2,"96":2,"97":2,"98":2,"99":2,"100":2,"101":2,"102":2,"103":2,"104":2,"105":2,"106":2,"107":2,"108":2,"109":2,"110":2,"111":2,"112":2,"113":2,"114":2,"115":2,"116":2,"117":2,"118":2,"119":2,"120":2,"121":2,"122":2,"123":2,"124":2,"125":2},"f":{"0":18,"1":10,"2":18,"3":17,"4":16,"5":15,"6":14,"7":13,"8":12,"9":11,"10":10,"11":9,"12":8,"13":7,"14":6,"15":5,"16":75,"17":4,"18":3,"19":2},"b":{},"_coverageSchema":"1a1c01bbd47fc00a2c39e90264f33305004495a9","hash":"83617e11c5a3bb3df159a7bb3558f41cc19f6121"}
,"/e2e/packages/sdds-insol/src/components/Avatar/Avatar.update-test.component-test.tsx": {"path":"/e2e/packages/sdds-insol/src/components/Avatar/Avatar.update-test.component-test.tsx","statementMap":{"0":{"start":{"line":7,"column":13},"end":{"line":7,"column":56}},"1":{"start":{"line":7,"column":19},"end":{"line":7,"column":56}},"2":{"start":{"line":9,"column":20},"end":{"line":9,"column":39}},"3":{"start":{"line":11,"column":0},"end":{"line":370,"column":3}},"4":{"start":{"line":12,"column":19},"end":{"line":12,"column":81}},"5":{"start":{"line":14,"column":4},"end":{"line":23,"column":7}},"6":{"start":{"line":15,"column":8},"end":{"line":19,"column":10}},"7":{"start":{"line":21,"column":8},"end":{"line":21,"column":41}},"8":{"start":{"line":22,"column":8},"end":{"line":22,"column":32}},"9":{"start":{"line":25,"column":4},"end":{"line":33,"column":7}},"10":{"start":{"line":26,"column":8},"end":{"line":30,"column":10}},"11":{"start":{"line":32,"column":8},"end":{"line":32,"column":32}},"12":{"start":{"line":35,"column":4},"end":{"line":44,"column":7}},"13":{"start":{"line":36,"column":8},"end":{"line":40,"column":10}},"14":{"start":{"line":42,"column":8},"end":{"line":42,"column":41}},"15":{"start":{"line":43,"column":8},"end":{"line":43,"column":32}},"16":{"start":{"line":46,"column":4},"end":{"line":55,"column":7}},"17":{"start":{"line":47,"column":8},"end":{"line":51,"column":10}},"18":{"start":{"line":53,"column":8},"end":{"line":53,"column":41}},"19":{"start":{"line":54,"column":8},"end":{"line":54,"column":32}},"20":{"start":{"line":57,"column":4},"end":{"line":66,"column":7}},"21":{"start":{"line":58,"column":8},"end":{"line":62,"column":10}},"22":{"start":{"line":64,"column":8},"end":{"line":64,"column":41}},"23":{"start":{"line":65,"column":8},"end":{"line":65,"column":32}},"24":{"start":{"line":68,"column":4},"end":{"line":88,"column":7}},"25":{"start":{"line":69,"column":8},"end":{"line":84,"column":10}},"26":{"start":{"line":86,"column":8},"end":{"line":86,"column":41}},"27":{"start":{"line":87,"column":8},"end":{"line":87,"column":32}},"28":{"start":{"line":90,"column":4},"end":{"line":109,"column":7}},"29":{"start":{"line":91,"column":8},"end":{"line":105,"column":10}},"30":{"start":{"line":107,"column":8},"end":{"line":107,"column":41}},"31":{"start":{"line":108,"column":8},"end":{"line":108,"column":32}},"32":{"start":{"line":111,"column":4},"end":{"line":128,"column":7}},"33":{"start":{"line":112,"column":8},"end":{"line":124,"column":10}},"34":{"start":{"line":126,"column":8},"end":{"line":126,"column":41}},"35":{"start":{"line":127,"column":8},"end":{"line":127,"column":32}},"36":{"start":{"line":130,"column":4},"end":{"line":148,"column":7}},"37":{"start":{"line":131,"column":8},"end":{"line":144,"column":10}},"38":{"start":{"line":146,"column":8},"end":{"line":146,"column":41}},"39":{"start":{"line":147,"column":8},"end":{"line":147,"column":32}},"40":{"start":{"line":150,"column":4},"end":{"line":167,"column":7}},"41":{"start":{"line":151,"column":8},"end":{"line":163,"column":10}},"42":{"start":{"line":165,"column":8},"end":{"line":165,"column":41}},"43":{"start":{"line":166,"column":8},"end":{"line":166,"column":32}},"44":{"start":{"line":169,"column":4},"end":{"line":186,"column":7}},"45":{"start":{"line":170,"column":8},"end":{"line":182,"column":10}},"46":{"start":{"line":184,"column":8},"end":{"line":184,"column":41}},"47":{"start":{"line":185,"column":8},"end":{"line":185,"column":32}},"48":{"start":{"line":188,"column":4},"end":{"line":205,"column":7}},"49":{"start":{"line":189,"column":8},"end":{"line":201,"column":10}},"50":{"start":{"line":203,"column":8},"end":{"line":203,"column":41}},"51":{"start":{"line":204,"column":8},"end":{"line":204,"column":32}},"52":{"start":{"line":207,"column":4},"end":{"line":225,"column":7}},"53":{"start":{"line":208,"column":8},"end":{"line":221,"column":10}},"54":{"start":{"line":223,"column":8},"end":{"line":223,"column":41}},"55":{"start":{"line":224,"column":8},"end":{"line":224,"column":32}},"56":{"start":{"line":227,"column":4},"end":{"line":246,"column":7}},"57":{"start":{"line":228,"column":8},"end":{"line":242,"column":10}},"58":{"start":{"line":244,"column":8},"end":{"line":244,"column":41}},"59":{"start":{"line":245,"column":8},"end":{"line":245,"column":32}},"60":{"start":{"line":248,"column":4},"end":{"line":267,"column":7}},"61":{"start":{"line":249,"column":8},"end":{"line":263,"column":10}},"62":{"start":{"line":265,"column":8},"end":{"line":265,"column":41}},"63":{"start":{"line":266,"column":8},"end":{"line":266,"column":32}},"64":{"start":{"line":269,"column":4},"end":{"line":288,"column":7}},"65":{"start":{"line":270,"column":8},"end":{"line":284,"column":10}},"66":{"start":{"line":286,"column":8},"end":{"line":286,"column":41}},"67":{"start":{"line":287,"column":8},"end":{"line":287,"column":32}},"68":{"start":{"line":290,"column":4},"end":{"line":309,"column":7}},"69":{"start":{"line":291,"column":8},"end":{"line":305,"column":10}},"70":{"start":{"line":307,"column":8},"end":{"line":307,"column":41}},"71":{"start":{"line":308,"column":8},"end":{"line":308,"column":32}},"72":{"start":{"line":311,"column":4},"end":{"line":329,"column":7}},"73":{"start":{"line":312,"column":8},"end":{"line":325,"column":10}},"74":{"start":{"line":327,"column":8},"end":{"line":327,"column":41}},"75":{"start":{"line":328,"column":8},"end":{"line":328,"column":32}},"76":{"start":{"line":331,"column":4},"end":{"line":349,"column":7}},"77":{"start":{"line":332,"column":8},"end":{"line":345,"column":10}},"78":{"start":{"line":347,"column":8},"end":{"line":347,"column":41}},"79":{"start":{"line":348,"column":8},"end":{"line":348,"column":32}},"80":{"start":{"line":351,"column":4},"end":{"line":369,"column":7}},"81":{"start":{"line":352,"column":8},"end":{"line":365,"column":10}},"82":{"start":{"line":367,"column":8},"end":{"line":367,"column":41}},"83":{"start":{"line":368,"column":8},"end":{"line":368,"column":32}}},"fnMap":{"0":{"name":"(anonymous_0)","decl":{"start":{"line":7,"column":13},"end":{"line":7,"column":14}},"loc":{"start":{"line":7,"column":19},"end":{"line":7,"column":56}},"line":7},"1":{"name":"(anonymous_1)","decl":{"start":{"line":11,"column":31},"end":{"line":11,"column":32}},"loc":{"start":{"line":11,"column":37},"end":{"line":370,"column":1}},"line":11},"2":{"name":"(anonymous_2)","decl":{"start":{"line":14,"column":73},"end":{"line":14,"column":74}},"loc":{"start":{"line":14,"column":79},"end":{"line":23,"column":5}},"line":14},"3":{"name":"(anonymous_3)","decl":{"start":{"line":25,"column":76},"end":{"line":25,"column":77}},"loc":{"start":{"line":25,"column":82},"end":{"line":33,"column":5}},"line":25},"4":{"name":"(anonymous_4)","decl":{"start":{"line":35,"column":39},"end":{"line":35,"column":40}},"loc":{"start":{"line":35,"column":45},"end":{"line":44,"column":5}},"line":35},"5":{"name":"(anonymous_5)","decl":{"start":{"line":46,"column":39},"end":{"line":46,"column":40}},"loc":{"start":{"line":46,"column":45},"end":{"line":55,"column":5}},"line":46},"6":{"name":"(anonymous_6)","decl":{"start":{"line":57,"column":51},"end":{"line":57,"column":52}},"loc":{"start":{"line":57,"column":57},"end":{"line":66,"column":5}},"line":57},"7":{"name":"(anonymous_7)","decl":{"start":{"line":68,"column":146},"end":{"line":68,"column":147}},"loc":{"start":{"line":68,"column":152},"end":{"line":88,"column":5}},"line":68},"8":{"name":"(anonymous_8)","decl":{"start":{"line":90,"column":124},"end":{"line":90,"column":125}},"loc":{"start":{"line":90,"column":130},"end":{"line":109,"column":5}},"line":90},"9":{"name":"(anonymous_9)","decl":{"start":{"line":111,"column":124},"end":{"line":111,"column":125}},"loc":{"start":{"line":111,"column":130},"end":{"line":128,"column":5}},"line":111},"10":{"name":"(anonymous_10)","decl":{"start":{"line":130,"column":108},"end":{"line":130,"column":109}},"loc":{"start":{"line":130,"column":114},"end":{"line":148,"column":5}},"line":130},"11":{"name":"(anonymous_11)","decl":{"start":{"line":150,"column":83},"end":{"line":150,"column":84}},"loc":{"start":{"line":150,"column":89},"end":{"line":167,"column":5}},"line":150},"12":{"name":"(anonymous_12)","decl":{"start":{"line":169,"column":79},"end":{"line":169,"column":80}},"loc":{"start":{"line":169,"column":85},"end":{"line":186,"column":5}},"line":169},"13":{"name":"(anonymous_13)","decl":{"start":{"line":188,"column":80},"end":{"line":188,"column":81}},"loc":{"start":{"line":188,"column":86},"end":{"line":205,"column":5}},"line":188},"14":{"name":"(anonymous_14)","decl":{"start":{"line":207,"column":99},"end":{"line":207,"column":100}},"loc":{"start":{"line":207,"column":105},"end":{"line":225,"column":5}},"line":207},"15":{"name":"(anonymous_15)","decl":{"start":{"line":227,"column":133},"end":{"line":227,"column":134}},"loc":{"start":{"line":227,"column":139},"end":{"line":246,"column":5}},"line":227},"16":{"name":"(anonymous_16)","decl":{"start":{"line":248,"column":130},"end":{"line":248,"column":131}},"loc":{"start":{"line":248,"column":136},"end":{"line":267,"column":5}},"line":248},"17":{"name":"(anonymous_17)","decl":{"start":{"line":269,"column":135},"end":{"line":269,"column":136}},"loc":{"start":{"line":269,"column":141},"end":{"line":288,"column":5}},"line":269},"18":{"name":"(anonymous_18)","decl":{"start":{"line":290,"column":112},"end":{"line":290,"column":113}},"loc":{"start":{"line":290,"column":118},"end":{"line":309,"column":5}},"line":290},"19":{"name":"(anonymous_19)","decl":{"start":{"line":311,"column":87},"end":{"line":311,"column":88}},"loc":{"start":{"line":311,"column":93},"end":{"line":329,"column":5}},"line":311},"20":{"name":"(anonymous_20)","decl":{"start":{"line":331,"column":83},"end":{"line":331,"column":84}},"loc":{"start":{"line":331,"column":89},"end":{"line":349,"column":5}},"line":331},"21":{"name":"(anonymous_21)","decl":{"start":{"line":351,"column":84},"end":{"line":351,"column":85}},"loc":{"start":{"line":351,"column":90},"end":{"line":369,"column":5}},"line":351}},"branchMap":{},"s":{"0":21,"1":31,"2":21,"3":21,"4":21,"5":21,"6":21,"7":21,"8":21,"9":21,"10":20,"11":20,"12":21,"13":19,"14":19,"15":19,"16":21,"17":18,"18":18,"19":18,"20":21,"21":17,"22":17,"23":17,"24":21,"25":16,"26":16,"27":16,"28":21,"29":15,"30":15,"31":15,"32":21,"33":14,"34":14,"35":14,"36":21,"37":13,"38":13,"39":13,"40":21,"41":12,"42":12,"43":12,"44":21,"45":11,"46":11,"47":11,"48":21,"49":10,"50":10,"51":10,"52":21,"53":9,"54":9,"55":9,"56":21,"57":8,"58":8,"59":8,"60":21,"61":7,"62":7,"63":7,"64":21,"65":6,"66":6,"67":6,"68":21,"69":5,"70":5,"71":5,"72":21,"73":4,"74":4,"75":4,"76":21,"77":3,"78":3,"79":3,"80":21,"81":2,"82":2,"83":2},"f":{"0":31,"1":21,"2":21,"3":20,"4":19,"5":18,"6":17,"7":16,"8":15,"9":14,"10":13,"11":12,"12":11,"13":10,"14":9,"15":8,"16":7,"17":6,"18":5,"19":4,"20":3,"21":2},"b":{},"_coverageSchema":"1a1c01bbd47fc00a2c39e90264f33305004495a9","hash":"bd2b865fc532a88eb3ffc862620c7f2573e7efdc"}
,"/e2e/packages/sdds-insol/src/components/AvatarGroup/AvatarGroup.component-test.tsx": {"path":"/e2e/packages/sdds-insol/src/components/AvatarGroup/AvatarGroup.component-test.tsx","statementMap":{"0":{"start":{"line":4,"column":20},"end":{"line":4,"column":39}},"1":{"start":{"line":6,"column":0},"end":{"line":26,"column":3}},"2":{"start":{"line":7,"column":19},"end":{"line":7,"column":41}},"3":{"start":{"line":8,"column":24},"end":{"line":8,"column":51}},"4":{"start":{"line":10,"column":4},"end":{"line":25,"column":7}},"5":{"start":{"line":11,"column":8},"end":{"line":21,"column":10}},"6":{"start":{"line":17,"column":28},"end":{"line":17,"column":67}},"7":{"start":{"line":23,"column":8},"end":{"line":23,"column":41}},"8":{"start":{"line":24,"column":8},"end":{"line":24,"column":32}}},"fnMap":{"0":{"name":"(anonymous_0)","decl":{"start":{"line":6,"column":36},"end":{"line":6,"column":37}},"loc":{"start":{"line":6,"column":42},"end":{"line":26,"column":1}},"line":6},"1":{"name":"(anonymous_1)","decl":{"start":{"line":10,"column":17},"end":{"line":10,"column":18}},"loc":{"start":{"line":10,"column":23},"end":{"line":25,"column":5}},"line":10},"2":{"name":"(anonymous_2)","decl":{"start":{"line":16,"column":29},"end":{"line":16,"column":30}},"loc":{"start":{"line":17,"column":28},"end":{"line":17,"column":67}},"line":17}},"branchMap":{},"s":{"0":2,"1":2,"2":2,"3":2,"4":2,"5":2,"6":10,"7":2,"8":2},"f":{"0":2,"1":2,"2":10},"b":{},"_coverageSchema":"1a1c01bbd47fc00a2c39e90264f33305004495a9","hash":"d9361e7ef49e200b4692419960c72ebf4f4cf000"}
,"/e2e/packages/sdds-insol/src/components/Badge/Badge.update-test.component-test.tsx": {"path":"/e2e/packages/sdds-insol/src/components/Badge/Badge.update-test.component-test.tsx","statementMap":{"0":{"start":{"line":5,"column":13},"end":{"line":5,"column":56}},"1":{"start":{"line":5,"column":19},"end":{"line":5,"column":56}},"2":{"start":{"line":7,"column":0},"end":{"line":125,"column":3}},"3":{"start":{"line":8,"column":18},"end":{"line":8,"column":39}},"4":{"start":{"line":10,"column":4},"end":{"line":18,"column":7}},"5":{"start":{"line":11,"column":8},"end":{"line":15,"column":10}},"6":{"start":{"line":17,"column":8},"end":{"line":17,"column":32}},"7":{"start":{"line":20,"column":4},"end":{"line":28,"column":7}},"8":{"start":{"line":21,"column":8},"end":{"line":25,"column":10}},"9":{"start":{"line":27,"column":8},"end":{"line":27,"column":32}},"10":{"start":{"line":30,"column":4},"end":{"line":38,"column":7}},"11":{"start":{"line":31,"column":8},"end":{"line":35,"column":10}},"12":{"start":{"line":37,"column":8},"end":{"line":37,"column":32}},"13":{"start":{"line":40,"column":4},"end":{"line":48,"column":7}},"14":{"start":{"line":41,"column":8},"end":{"line":45,"column":10}},"15":{"start":{"line":47,"column":8},"end":{"line":47,"column":32}},"16":{"start":{"line":50,"column":4},"end":{"line":58,"column":7}},"17":{"start":{"line":51,"column":8},"end":{"line":55,"column":10}},"18":{"start":{"line":57,"column":8},"end":{"line":57,"column":32}},"19":{"start":{"line":60,"column":4},"end":{"line":68,"column":7}},"20":{"start":{"line":61,"column":8},"end":{"line":65,"column":10}},"21":{"start":{"line":67,"column":8},"end":{"line":67,"column":32}},"22":{"start":{"line":70,"column":4},"end":{"line":78,"column":7}},"23":{"start":{"line":71,"column":8},"end":{"line":75,"column":10}},"24":{"start":{"line":77,"column":8},"end":{"line":77,"column":32}},"25":{"start":{"line":80,"column":4},"end":{"line":88,"column":7}},"26":{"start":{"line":81,"column":8},"end":{"line":85,"column":10}},"27":{"start":{"line":87,"column":8},"end":{"line":87,"column":32}},"28":{"start":{"line":90,"column":4},"end":{"line":98,"column":7}},"29":{"start":{"line":91,"column":8},"end":{"line":95,"column":10}},"30":{"start":{"line":97,"column":8},"end":{"line":97,"column":32}},"31":{"start":{"line":100,"column":4},"end":{"line":114,"column":7}},"32":{"start":{"line":101,"column":8},"end":{"line":111,"column":10}},"33":{"start":{"line":113,"column":8},"end":{"line":113,"column":32}},"34":{"start":{"line":116,"column":4},"end":{"line":124,"column":7}},"35":{"start":{"line":117,"column":8},"end":{"line":121,"column":10}},"36":{"start":{"line":123,"column":8},"end":{"line":123,"column":32}}},"fnMap":{"0":{"name":"(anonymous_0)","decl":{"start":{"line":5,"column":13},"end":{"line":5,"column":14}},"loc":{"start":{"line":5,"column":19},"end":{"line":5,"column":56}},"line":5},"1":{"name":"(anonymous_1)","decl":{"start":{"line":7,"column":30},"end":{"line":7,"column":31}},"loc":{"start":{"line":7,"column":36},"end":{"line":125,"column":1}},"line":7},"2":{"name":"(anonymous_2)","decl":{"start":{"line":10,"column":72},"end":{"line":10,"column":73}},"loc":{"start":{"line":10,"column":78},"end":{"line":18,"column":5}},"line":10},"3":{"name":"(anonymous_3)","decl":{"start":{"line":20,"column":72},"end":{"line":20,"column":73}},"loc":{"start":{"line":20,"column":78},"end":{"line":28,"column":5}},"line":20},"4":{"name":"(anonymous_4)","decl":{"start":{"line":30,"column":62},"end":{"line":30,"column":63}},"loc":{"start":{"line":30,"column":68},"end":{"line":38,"column":5}},"line":30},"5":{"name":"(anonymous_5)","decl":{"start":{"line":40,"column":54},"end":{"line":40,"column":55}},"loc":{"start":{"line":40,"column":60},"end":{"line":48,"column":5}},"line":40},"6":{"name":"(anonymous_6)","decl":{"start":{"line":50,"column":54},"end":{"line":50,"column":55}},"loc":{"start":{"line":50,"column":60},"end":{"line":58,"column":5}},"line":50},"7":{"name":"(anonymous_7)","decl":{"start":{"line":60,"column":50},"end":{"line":60,"column":51}},"loc":{"start":{"line":60,"column":56},"end":{"line":68,"column":5}},"line":60},"8":{"name":"(anonymous_8)","decl":{"start":{"line":70,"column":51},"end":{"line":70,"column":52}},"loc":{"start":{"line":70,"column":57},"end":{"line":78,"column":5}},"line":70},"9":{"name":"(anonymous_9)","decl":{"start":{"line":80,"column":60},"end":{"line":80,"column":61}},"loc":{"start":{"line":80,"column":66},"end":{"line":88,"column":5}},"line":80},"10":{"name":"(anonymous_10)","decl":{"start":{"line":90,"column":66},"end":{"line":90,"column":67}},"loc":{"start":{"line":90,"column":72},"end":{"line":98,"column":5}},"line":90},"11":{"name":"(anonymous_11)","decl":{"start":{"line":100,"column":41},"end":{"line":100,"column":42}},"loc":{"start":{"line":100,"column":47},"end":{"line":114,"column":5}},"line":100},"12":{"name":"(anonymous_12)","decl":{"start":{"line":116,"column":66},"end":{"line":116,"column":67}},"loc":{"start":{"line":116,"column":72},"end":{"line":124,"column":5}},"line":116}},"branchMap":{},"s":{"0":12,"1":35,"2":12,"3":12,"4":12,"5":12,"6":12,"7":12,"8":11,"9":11,"10":12,"11":10,"12":10,"13":12,"14":9,"15":9,"16":12,"17":8,"18":8,"19":12,"20":7,"21":7,"22":12,"23":6,"24":6,"25":12,"26":5,"27":5,"28":12,"29":4,"30":4,"31":12,"32":3,"33":3,"34":12,"35":2,"36":2},"f":{"0":35,"1":12,"2":12,"3":11,"4":10,"5":9,"6":8,"7":7,"8":6,"9":5,"10":4,"11":3,"12":2},"b":{},"_coverageSchema":"1a1c01bbd47fc00a2c39e90264f33305004495a9","hash":"af1653fc37b9d25d0d729567d27d8e9557ba985c"}
,"/e2e/packages/sdds-insol/src/components/Breadcrumbs/Breadcrumbs.update-test.component-test.tsx": {"path":"/e2e/packages/sdds-insol/src/components/Breadcrumbs/Breadcrumbs.update-test.component-test.tsx","statementMap":{"0":{"start":{"line":7,"column":14},"end":{"line":12,"column":1}},"1":{"start":{"line":10,"column":24},"end":{"line":10,"column":48}},"2":{"start":{"line":14,"column":20},"end":{"line":37,"column":1}},"3":{"start":{"line":19,"column":34},"end":{"line":28,"column":13}},"4":{"start":{"line":29,"column":12},"end":{"line":33,"column":14}},"5":{"start":{"line":39,"column":0},"end":{"line":93,"column":3}},"6":{"start":{"line":40,"column":24},"end":{"line":40,"column":82}},"7":{"start":{"line":42,"column":4},"end":{"line":50,"column":7}},"8":{"start":{"line":43,"column":8},"end":{"line":47,"column":10}},"9":{"start":{"line":49,"column":8},"end":{"line":49,"column":32}},"10":{"start":{"line":52,"column":4},"end":{"line":60,"column":7}},"11":{"start":{"line":53,"column":8},"end":{"line":57,"column":10}},"12":{"start":{"line":59,"column":8},"end":{"line":59,"column":32}},"13":{"start":{"line":62,"column":4},"end":{"line":70,"column":7}},"14":{"start":{"line":63,"column":8},"end":{"line":67,"column":10}},"15":{"start":{"line":69,"column":8},"end":{"line":69,"column":32}},"16":{"start":{"line":72,"column":4},"end":{"line":80,"column":7}},"17":{"start":{"line":73,"column":8},"end":{"line":77,"column":10}},"18":{"start":{"line":79,"column":8},"end":{"line":79,"column":32}},"19":{"start":{"line":82,"column":4},"end":{"line":92,"column":7}},"20":{"start":{"line":83,"column":8},"end":{"line":87,"column":10}},"21":{"start":{"line":89,"column":8},"end":{"line":89,"column":61}},"22":{"start":{"line":91,"column":8},"end":{"line":91,"column":32}}},"fnMap":{"0":{"name":"(anonymous_0)","decl":{"start":{"line":10,"column":18},"end":{"line":10,"column":19}},"loc":{"start":{"line":10,"column":24},"end":{"line":10,"column":48}},"line":10},"1":{"name":"(anonymous_1)","decl":{"start":{"line":18,"column":20},"end":{"line":18,"column":21}},"loc":{"start":{"line":18,"column":26},"end":{"line":34,"column":9}},"line":18},"2":{"name":"(anonymous_2)","decl":{"start":{"line":39,"column":36},"end":{"line":39,"column":37}},"loc":{"start":{"line":39,"column":42},"end":{"line":93,"column":1}},"line":39},"3":{"name":"(anonymous_3)","decl":{"start":{"line":42,"column":58},"end":{"line":42,"column":59}},"loc":{"start":{"line":42,"column":64},"end":{"line":50,"column":5}},"line":42},"4":{"name":"(anonymous_4)","decl":{"start":{"line":52,"column":58},"end":{"line":52,"column":59}},"loc":{"start":{"line":52,"column":64},"end":{"line":60,"column":5}},"line":52},"5":{"name":"(anonymous_5)","decl":{"start":{"line":62,"column":58},"end":{"line":62,"column":59}},"loc":{"start":{"line":62,"column":64},"end":{"line":70,"column":5}},"line":62},"6":{"name":"(anonymous_6)","decl":{"start":{"line":72,"column":59},"end":{"line":72,"column":60}},"loc":{"start":{"line":72,"column":65},"end":{"line":80,"column":5}},"line":72},"7":{"name":"(anonymous_7)","decl":{"start":{"line":82,"column":52},"end":{"line":82,"column":53}},"loc":{"start":{"line":82,"column":58},"end":{"line":92,"column":5}},"line":82}},"branchMap":{},"s":{"0":2,"1":0,"2":2,"3":0,"4":0,"5":2,"6":2,"7":0,"8":0,"9":0,"10":0,"11":0,"12":0,"13":0,"14":0,"15":0,"16":0,"17":0,"18":0,"19":0,"20":0,"21":0,"22":0},"f":{"0":0,"1":0,"2":2,"3":0,"4":0,"5":0,"6":0,"7":0},"b":{},"_coverageSchema":"1a1c01bbd47fc00a2c39e90264f33305004495a9","hash":"3e315372f377127615dabc7019684984f7f0e6e9"}
,"/e2e/packages/sdds-insol/src/components/Button/Button.update-test.component-test.tsx": {"path":"/e2e/packages/sdds-insol/src/components/Button/Button.update-test.component-test.tsx","statementMap":{"0":{"start":{"line":7,"column":13},"end":{"line":7,"column":51}},"1":{"start":{"line":7,"column":19},"end":{"line":7,"column":51}},"2":{"start":{"line":9,"column":0},"end":{"line":145,"column":3}},"3":{"start":{"line":10,"column":19},"end":{"line":10,"column":61}},"4":{"start":{"line":12,"column":4},"end":{"line":19,"column":7}},"5":{"start":{"line":13,"column":8},"end":{"line":17,"column":10}},"6":{"start":{"line":18,"column":8},"end":{"line":18,"column":32}},"7":{"start":{"line":21,"column":4},"end":{"line":28,"column":7}},"8":{"start":{"line":22,"column":8},"end":{"line":26,"column":10}},"9":{"start":{"line":27,"column":8},"end":{"line":27,"column":32}},"10":{"start":{"line":30,"column":4},"end":{"line":37,"column":7}},"11":{"start":{"line":31,"column":8},"end":{"line":35,"column":10}},"12":{"start":{"line":36,"column":8},"end":{"line":36,"column":32}},"13":{"start":{"line":39,"column":4},"end":{"line":46,"column":7}},"14":{"start":{"line":40,"column":8},"end":{"line":44,"column":10}},"15":{"start":{"line":45,"column":8},"end":{"line":45,"column":32}},"16":{"start":{"line":48,"column":4},"end":{"line":55,"column":7}},"17":{"start":{"line":49,"column":8},"end":{"line":53,"column":10}},"18":{"start":{"line":54,"column":8},"end":{"line":54,"column":32}},"19":{"start":{"line":57,"column":4},"end":{"line":64,"column":7}},"20":{"start":{"line":58,"column":8},"end":{"line":62,"column":10}},"21":{"start":{"line":63,"column":8},"end":{"line":63,"column":32}},"22":{"start":{"line":66,"column":4},"end":{"line":82,"column":7}},"23":{"start":{"line":67,"column":8},"end":{"line":80,"column":10}},"24":{"start":{"line":81,"column":8},"end":{"line":81,"column":32}},"25":{"start":{"line":84,"column":4},"end":{"line":99,"column":7}},"26":{"start":{"line":85,"column":8},"end":{"line":97,"column":10}},"27":{"start":{"line":98,"column":8},"end":{"line":98,"column":32}},"28":{"start":{"line":101,"column":4},"end":{"line":108,"column":7}},"29":{"start":{"line":102,"column":8},"end":{"line":106,"column":10}},"30":{"start":{"line":107,"column":8},"end":{"line":107,"column":32}},"31":{"start":{"line":110,"column":4},"end":{"line":117,"column":7}},"32":{"start":{"line":111,"column":8},"end":{"line":115,"column":10}},"33":{"start":{"line":116,"column":8},"end":{"line":116,"column":32}},"34":{"start":{"line":119,"column":4},"end":{"line":126,"column":7}},"35":{"start":{"line":120,"column":8},"end":{"line":124,"column":10}},"36":{"start":{"line":125,"column":8},"end":{"line":125,"column":32}},"37":{"start":{"line":128,"column":4},"end":{"line":135,"column":7}},"38":{"start":{"line":129,"column":8},"end":{"line":133,"column":10}},"39":{"start":{"line":134,"column":8},"end":{"line":134,"column":32}},"40":{"start":{"line":137,"column":4},"end":{"line":144,"column":7}},"41":{"start":{"line":138,"column":8},"end":{"line":142,"column":10}},"42":{"start":{"line":143,"column":8},"end":{"line":143,"column":32}}},"fnMap":{"0":{"name":"(anonymous_0)","decl":{"start":{"line":7,"column":13},"end":{"line":7,"column":14}},"loc":{"start":{"line":7,"column":19},"end":{"line":7,"column":51}},"line":7},"1":{"name":"(anonymous_1)","decl":{"start":{"line":9,"column":31},"end":{"line":9,"column":32}},"loc":{"start":{"line":9,"column":37},"end":{"line":145,"column":1}},"line":9},"2":{"name":"(anonymous_2)","decl":{"start":{"line":12,"column":54},"end":{"line":12,"column":55}},"loc":{"start":{"line":12,"column":60},"end":{"line":19,"column":5}},"line":12},"3":{"name":"(anonymous_3)","decl":{"start":{"line":21,"column":66},"end":{"line":21,"column":67}},"loc":{"start":{"line":21,"column":72},"end":{"line":28,"column":5}},"line":21},"4":{"name":"(anonymous_4)","decl":{"start":{"line":30,"column":68},"end":{"line":30,"column":69}},"loc":{"start":{"line":30,"column":74},"end":{"line":37,"column":5}},"line":30},"5":{"name":"(anonymous_5)","decl":{"start":{"line":39,"column":63},"end":{"line":39,"column":64}},"loc":{"start":{"line":39,"column":69},"end":{"line":46,"column":5}},"line":39},"6":{"name":"(anonymous_6)","decl":{"start":{"line":48,"column":65},"end":{"line":48,"column":66}},"loc":{"start":{"line":48,"column":71},"end":{"line":55,"column":5}},"line":48},"7":{"name":"(anonymous_7)","decl":{"start":{"line":57,"column":64},"end":{"line":57,"column":65}},"loc":{"start":{"line":57,"column":70},"end":{"line":64,"column":5}},"line":57},"8":{"name":"(anonymous_8)","decl":{"start":{"line":66,"column":140},"end":{"line":66,"column":141}},"loc":{"start":{"line":66,"column":146},"end":{"line":82,"column":5}},"line":66},"9":{"name":"(anonymous_9)","decl":{"start":{"line":84,"column":136},"end":{"line":84,"column":137}},"loc":{"start":{"line":84,"column":142},"end":{"line":99,"column":5}},"line":84},"10":{"name":"(anonymous_10)","decl":{"start":{"line":101,"column":76},"end":{"line":101,"column":77}},"loc":{"start":{"line":101,"column":82},"end":{"line":108,"column":5}},"line":101},"11":{"name":"(anonymous_11)","decl":{"start":{"line":110,"column":58},"end":{"line":110,"column":59}},"loc":{"start":{"line":110,"column":64},"end":{"line":117,"column":5}},"line":110},"12":{"name":"(anonymous_12)","decl":{"start":{"line":119,"column":60},"end":{"line":119,"column":61}},"loc":{"start":{"line":119,"column":66},"end":{"line":126,"column":5}},"line":119},"13":{"name":"(anonymous_13)","decl":{"start":{"line":128,"column":67},"end":{"line":128,"column":68}},"loc":{"start":{"line":128,"column":73},"end":{"line":135,"column":5}},"line":128},"14":{"name":"(anonymous_14)","decl":{"start":{"line":137,"column":72},"end":{"line":137,"column":73}},"loc":{"start":{"line":137,"column":78},"end":{"line":144,"column":5}},"line":137}},"branchMap":{},"s":{"0":14,"1":48,"2":14,"3":14,"4":14,"5":14,"6":14,"7":14,"8":13,"9":13,"10":14,"11":12,"12":12,"13":14,"14":11,"15":11,"16":14,"17":10,"18":10,"19":14,"20":9,"21":9,"22":14,"23":8,"24":8,"25":14,"26":7,"27":7,"28":14,"29":6,"30":6,"31":14,"32":5,"33":5,"34":14,"35":4,"36":4,"37":14,"38":3,"39":3,"40":14,"41":2,"42":2},"f":{"0":48,"1":14,"2":14,"3":13,"4":12,"5":11,"6":10,"7":9,"8":8,"9":7,"10":6,"11":5,"12":4,"13":3,"14":2},"b":{},"_coverageSchema":"1a1c01bbd47fc00a2c39e90264f33305004495a9","hash":"6c1b41e56dafd6e5339d1dfe3849f7d8cadb5b09"}
,"/e2e/packages/sdds-insol/src/components/ButtonGroup/ButtonGroup.update-test.component-test.tsx": {"path":"/e2e/packages/sdds-insol/src/components/ButtonGroup/ButtonGroup.update-test.component-test.tsx","statementMap":{"0":{"start":{"line":4,"column":0},"end":{"line":100,"column":3}},"1":{"start":{"line":5,"column":24},"end":{"line":5,"column":51}},"2":{"start":{"line":6,"column":19},"end":{"line":6,"column":41}},"3":{"start":{"line":8,"column":23},"end":{"line":14,"column":5}},"4":{"start":{"line":8,"column":29},"end":{"line":14,"column":5}},"5":{"start":{"line":16,"column":4},"end":{"line":27,"column":7}},"6":{"start":{"line":17,"column":8},"end":{"line":23,"column":10}},"7":{"start":{"line":25,"column":8},"end":{"line":25,"column":31}},"8":{"start":{"line":26,"column":8},"end":{"line":26,"column":32}},"9":{"start":{"line":29,"column":4},"end":{"line":39,"column":7}},"10":{"start":{"line":30,"column":8},"end":{"line":36,"column":10}},"11":{"start":{"line":38,"column":8},"end":{"line":38,"column":32}},"12":{"start":{"line":41,"column":4},"end":{"line":51,"column":7}},"13":{"start":{"line":42,"column":8},"end":{"line":48,"column":10}},"14":{"start":{"line":50,"column":8},"end":{"line":50,"column":32}},"15":{"start":{"line":53,"column":4},"end":{"line":63,"column":7}},"16":{"start":{"line":54,"column":8},"end":{"line":60,"column":10}},"17":{"start":{"line":62,"column":8},"end":{"line":62,"column":32}},"18":{"start":{"line":65,"column":4},"end":{"line":75,"column":7}},"19":{"start":{"line":66,"column":8},"end":{"line":72,"column":10}},"20":{"start":{"line":74,"column":8},"end":{"line":74,"column":32}},"21":{"start":{"line":77,"column":4},"end":{"line":87,"column":7}},"22":{"start":{"line":78,"column":8},"end":{"line":84,"column":10}},"23":{"start":{"line":86,"column":8},"end":{"line":86,"column":32}},"24":{"start":{"line":89,"column":4},"end":{"line":99,"column":7}},"25":{"start":{"line":90,"column":8},"end":{"line":96,"column":10}},"26":{"start":{"line":98,"column":8},"end":{"line":98,"column":32}}},"fnMap":{"0":{"name":"(anonymous_0)","decl":{"start":{"line":4,"column":36},"end":{"line":4,"column":37}},"loc":{"start":{"line":4,"column":42},"end":{"line":100,"column":1}},"line":4},"1":{"name":"(anonymous_1)","decl":{"start":{"line":8,"column":23},"end":{"line":8,"column":24}},"loc":{"start":{"line":8,"column":29},"end":{"line":14,"column":5}},"line":8},"2":{"name":"(anonymous_2)","decl":{"start":{"line":16,"column":69},"end":{"line":16,"column":70}},"loc":{"start":{"line":16,"column":75},"end":{"line":27,"column":5}},"line":16},"3":{"name":"(anonymous_3)","decl":{"start":{"line":29,"column":70},"end":{"line":29,"column":71}},"loc":{"start":{"line":29,"column":76},"end":{"line":39,"column":5}},"line":29},"4":{"name":"(anonymous_4)","decl":{"start":{"line":41,"column":71},"end":{"line":41,"column":72}},"loc":{"start":{"line":41,"column":77},"end":{"line":51,"column":5}},"line":41},"5":{"name":"(anonymous_5)","decl":{"start":{"line":53,"column":77},"end":{"line":53,"column":78}},"loc":{"start":{"line":53,"column":83},"end":{"line":63,"column":5}},"line":53},"6":{"name":"(anonymous_6)","decl":{"start":{"line":65,"column":80},"end":{"line":65,"column":81}},"loc":{"start":{"line":65,"column":86},"end":{"line":75,"column":5}},"line":65},"7":{"name":"(anonymous_7)","decl":{"start":{"line":77,"column":82},"end":{"line":77,"column":83}},"loc":{"start":{"line":77,"column":88},"end":{"line":87,"column":5}},"line":77},"8":{"name":"(anonymous_8)","decl":{"start":{"line":89,"column":49},"end":{"line":89,"column":50}},"loc":{"start":{"line":89,"column":55},"end":{"line":99,"column":5}},"line":89}},"branchMap":{},"s":{"0":8,"1":8,"2":8,"3":8,"4":35,"5":8,"6":8,"7":8,"8":8,"9":8,"10":7,"11":7,"12":8,"13":6,"14":6,"15":8,"16":5,"17":5,"18":8,"19":4,"20":4,"21":8,"22":3,"23":3,"24":8,"25":2,"26":2},"f":{"0":8,"1":35,"2":8,"3":7,"4":6,"5":5,"6":4,"7":3,"8":2},"b":{},"_coverageSchema":"1a1c01bbd47fc00a2c39e90264f33305004495a9","hash":"98140a58e31fbd65d50f1dc76f6148bbdb03edcd"}
,"/e2e/packages/sdds-insol/src/components/Calendar/Calendar.component-test.tsx": {"path":"/e2e/packages/sdds-insol/src/components/Calendar/Calendar.component-test.tsx","statementMap":{"0":{"start":{"line":7,"column":17},"end":{"line":7,"column":37}},"1":{"start":{"line":8,"column":20},"end":{"line":8,"column":40}},"2":{"start":{"line":10,"column":15},"end":{"line":35,"column":1}},"3":{"start":{"line":36,"column":21},"end":{"line":38,"column":3}},"4":{"start":{"line":36,"column":56},"end":{"line":38,"column":1}},"5":{"start":{"line":39,"column":20},"end":{"line":80,"column":1}},"6":{"start":{"line":81,"column":22},"end":{"line":106,"column":1}},"7":{"start":{"line":107,"column":19},"end":{"line":120,"column":1}},"8":{"start":{"line":122,"column":22},"end":{"line":124,"column":2}},"9":{"start":{"line":126,"column":17},"end":{"line":130,"column":1}},"10":{"start":{"line":127,"column":37},"end":{"line":127,"column":63}},"11":{"start":{"line":129,"column":4},"end":{"line":129,"column":55}},"12":{"start":{"line":132,"column":24},"end":{"line":132,"column":90}},"13":{"start":{"line":132,"column":41},"end":{"line":132,"column":90}},"14":{"start":{"line":133,"column":26},"end":{"line":133,"column":114}},"15":{"start":{"line":133,"column":50},"end":{"line":133,"column":114}},"16":{"start":{"line":135,"column":0},"end":{"line":400,"column":3}},"17":{"start":{"line":136,"column":25},"end":{"line":136,"column":81}},"18":{"start":{"line":137,"column":27},"end":{"line":137,"column":87}},"19":{"start":{"line":139,"column":17},"end":{"line":195,"column":5}},"20":{"start":{"line":150,"column":12},"end":{"line":150,"column":16}},"21":{"start":{"line":151,"column":34},"end":{"line":151,"column":53}},"22":{"start":{"line":153,"column":31},"end":{"line":155,"column":14}},"23":{"start":{"line":154,"column":12},"end":{"line":154,"column":31}},"24":{"start":{"line":157,"column":37},"end":{"line":185,"column":9}},"25":{"start":{"line":158,"column":12},"end":{"line":184,"column":14}},"26":{"start":{"line":187,"column":28},"end":{"line":192,"column":9}},"27":{"start":{"line":194,"column":8},"end":{"line":194,"column":80}},"28":{"start":{"line":197,"column":4},"end":{"line":211,"column":7}},"29":{"start":{"line":198,"column":8},"end":{"line":208,"column":10}},"30":{"start":{"line":210,"column":8},"end":{"line":210,"column":32}},"31":{"start":{"line":213,"column":4},"end":{"line":229,"column":7}},"32":{"start":{"line":214,"column":8},"end":{"line":224,"column":10}},"33":{"start":{"line":226,"column":8},"end":{"line":226,"column":31}},"34":{"start":{"line":228,"column":8},"end":{"line":228,"column":32}},"35":{"start":{"line":231,"column":4},"end":{"line":245,"column":7}},"36":{"start":{"line":232,"column":8},"end":{"line":242,"column":10}},"37":{"start":{"line":244,"column":8},"end":{"line":244,"column":32}},"38":{"start":{"line":247,"column":4},"end":{"line":255,"column":7}},"39":{"start":{"line":248,"column":8},"end":{"line":252,"column":10}},"40":{"start":{"line":254,"column":8},"end":{"line":254,"column":32}},"41":{"start":{"line":257,"column":4},"end":{"line":265,"column":7}},"42":{"start":{"line":258,"column":8},"end":{"line":262,"column":10}},"43":{"start":{"line":264,"column":8},"end":{"line":264,"column":32}},"44":{"start":{"line":267,"column":4},"end":{"line":271,"column":7}},"45":{"start":{"line":268,"column":8},"end":{"line":268,"column":24}},"46":{"start":{"line":270,"column":8},"end":{"line":270,"column":77}},"47":{"start":{"line":273,"column":4},"end":{"line":282,"column":7}},"48":{"start":{"line":274,"column":8},"end":{"line":274,"column":66}},"49":{"start":{"line":276,"column":8},"end":{"line":276,"column":39}},"50":{"start":{"line":278,"column":8},"end":{"line":281,"column":11}},"51":{"start":{"line":284,"column":4},"end":{"line":293,"column":7}},"52":{"start":{"line":285,"column":8},"end":{"line":285,"column":66}},"53":{"start":{"line":287,"column":8},"end":{"line":287,"column":39}},"54":{"start":{"line":289,"column":8},"end":{"line":292,"column":11}},"55":{"start":{"line":295,"column":4},"end":{"line":304,"column":7}},"56":{"start":{"line":296,"column":8},"end":{"line":296,"column":59}},"57":{"start":{"line":298,"column":8},"end":{"line":298,"column":39}},"58":{"start":{"line":300,"column":8},"end":{"line":303,"column":11}},"59":{"start":{"line":306,"column":4},"end":{"line":315,"column":7}},"60":{"start":{"line":307,"column":8},"end":{"line":307,"column":59}},"61":{"start":{"line":309,"column":8},"end":{"line":309,"column":39}},"62":{"start":{"line":311,"column":8},"end":{"line":314,"column":11}},"63":{"start":{"line":317,"column":4},"end":{"line":326,"column":7}},"64":{"start":{"line":318,"column":8},"end":{"line":318,"column":61}},"65":{"start":{"line":320,"column":8},"end":{"line":320,"column":39}},"66":{"start":{"line":322,"column":8},"end":{"line":325,"column":11}},"67":{"start":{"line":328,"column":4},"end":{"line":337,"column":7}},"68":{"start":{"line":329,"column":8},"end":{"line":329,"column":61}},"69":{"start":{"line":331,"column":8},"end":{"line":331,"column":39}},"70":{"start":{"line":333,"column":8},"end":{"line":336,"column":11}},"71":{"start":{"line":339,"column":4},"end":{"line":353,"column":7}},"72":{"start":{"line":340,"column":8},"end":{"line":350,"column":10}},"73":{"start":{"line":352,"column":8},"end":{"line":352,"column":32}},"74":{"start":{"line":355,"column":4},"end":{"line":387,"column":7}},"75":{"start":{"line":356,"column":8},"end":{"line":384,"column":10}},"76":{"start":{"line":386,"column":8},"end":{"line":386,"column":32}},"77":{"start":{"line":389,"column":4},"end":{"line":399,"column":7}},"78":{"start":{"line":390,"column":8},"end":{"line":396,"column":10}},"79":{"start":{"line":398,"column":8},"end":{"line":398,"column":32}},"80":{"start":{"line":402,"column":0},"end":{"line":929,"column":3}},"81":{"start":{"line":403,"column":25},"end":{"line":403,"column":81}},"82":{"start":{"line":404,"column":27},"end":{"line":404,"column":87}},"83":{"start":{"line":406,"column":17},"end":{"line":448,"column":5}},"84":{"start":{"line":407,"column":115},"end":{"line":407,"column":119}},"85":{"start":{"line":408,"column":34},"end":{"line":408,"column":53}},"86":{"start":{"line":410,"column":30},"end":{"line":410,"column":80}},"87":{"start":{"line":412,"column":31},"end":{"line":414,"column":14}},"88":{"start":{"line":413,"column":12},"end":{"line":413,"column":31}},"89":{"start":{"line":416,"column":37},"end":{"line":438,"column":9}},"90":{"start":{"line":417,"column":12},"end":{"line":437,"column":14}},"91":{"start":{"line":440,"column":28},"end":{"line":445,"column":9}},"92":{"start":{"line":447,"column":8},"end":{"line":447,"column":80}},"93":{"start":{"line":450,"column":4},"end":{"line":452,"column":7}},"94":{"start":{"line":451,"column":8},"end":{"line":451,"column":30}},"95":{"start":{"line":454,"column":4},"end":{"line":460,"column":7}},"96":{"start":{"line":455,"column":8},"end":{"line":455,"column":45}},"97":{"start":{"line":457,"column":8},"end":{"line":457,"column":64}},"98":{"start":{"line":459,"column":8},"end":{"line":459,"column":32}},"99":{"start":{"line":462,"column":4},"end":{"line":473,"column":7}},"100":{"start":{"line":463,"column":8},"end":{"line":463,"column":45}},"101":{"start":{"line":465,"column":8},"end":{"line":470,"column":31}},"102":{"start":{"line":472,"column":8},"end":{"line":472,"column":32}},"103":{"start":{"line":475,"column":4},"end":{"line":489,"column":7}},"104":{"start":{"line":476,"column":8},"end":{"line":476,"column":45}},"105":{"start":{"line":478,"column":8},"end":{"line":478,"column":57}},"106":{"start":{"line":479,"column":8},"end":{"line":479,"column":30}},"107":{"start":{"line":480,"column":8},"end":{"line":480,"column":31}},"108":{"start":{"line":482,"column":8},"end":{"line":482,"column":38}},"109":{"start":{"line":483,"column":8},"end":{"line":483,"column":30}},"110":{"start":{"line":484,"column":8},"end":{"line":484,"column":31}},"111":{"start":{"line":486,"column":8},"end":{"line":486,"column":88}},"112":{"start":{"line":487,"column":8},"end":{"line":487,"column":29}},"113":{"start":{"line":488,"column":8},"end":{"line":488,"column":31}},"114":{"start":{"line":491,"column":4},"end":{"line":501,"column":7}},"115":{"start":{"line":492,"column":8},"end":{"line":492,"column":45}},"116":{"start":{"line":494,"column":8},"end":{"line":494,"column":40}},"117":{"start":{"line":495,"column":8},"end":{"line":495,"column":29}},"118":{"start":{"line":496,"column":8},"end":{"line":496,"column":31}},"119":{"start":{"line":498,"column":8},"end":{"line":498,"column":62}},"120":{"start":{"line":499,"column":8},"end":{"line":499,"column":30}},"121":{"start":{"line":500,"column":8},"end":{"line":500,"column":31}},"122":{"start":{"line":503,"column":4},"end":{"line":533,"column":7}},"123":{"start":{"line":504,"column":8},"end":{"line":504,"column":48}},"124":{"start":{"line":506,"column":8},"end":{"line":506,"column":47}},"125":{"start":{"line":507,"column":8},"end":{"line":511,"column":77}},"126":{"start":{"line":513,"column":8},"end":{"line":515,"column":50}},"127":{"start":{"line":516,"column":8},"end":{"line":518,"column":58}},"128":{"start":{"line":520,"column":8},"end":{"line":520,"column":59}},"129":{"start":{"line":521,"column":8},"end":{"line":525,"column":77}},"130":{"start":{"line":527,"column":8},"end":{"line":529,"column":50}},"131":{"start":{"line":530,"column":8},"end":{"line":532,"column":58}},"132":{"start":{"line":535,"column":4},"end":{"line":581,"column":7}},"133":{"start":{"line":536,"column":8},"end":{"line":536,"column":48}},"134":{"start":{"line":538,"column":8},"end":{"line":538,"column":43}},"135":{"start":{"line":539,"column":8},"end":{"line":539,"column":30}},"136":{"start":{"line":540,"column":8},"end":{"line":540,"column":31}},"137":{"start":{"line":542,"column":8},"end":{"line":542,"column":113}},"138":{"start":{"line":543,"column":8},"end":{"line":543,"column":30}},"139":{"start":{"line":544,"column":8},"end":{"line":544,"column":32}},"140":{"start":{"line":546,"column":8},"end":{"line":551,"column":34}},"141":{"start":{"line":552,"column":8},"end":{"line":552,"column":29}},"142":{"start":{"line":553,"column":8},"end":{"line":553,"column":31}},"143":{"start":{"line":555,"column":8},"end":{"line":555,"column":41}},"144":{"start":{"line":556,"column":8},"end":{"line":556,"column":30}},"145":{"start":{"line":557,"column":8},"end":{"line":557,"column":32}},"146":{"start":{"line":559,"column":8},"end":{"line":559,"column":43}},"147":{"start":{"line":560,"column":8},"end":{"line":560,"column":29}},"148":{"start":{"line":561,"column":8},"end":{"line":561,"column":31}},"149":{"start":{"line":563,"column":8},"end":{"line":563,"column":63}},"150":{"start":{"line":564,"column":8},"end":{"line":564,"column":29}},"151":{"start":{"line":565,"column":8},"end":{"line":565,"column":31}},"152":{"start":{"line":567,"column":8},"end":{"line":574,"column":34}},"153":{"start":{"line":575,"column":8},"end":{"line":575,"column":29}},"154":{"start":{"line":576,"column":8},"end":{"line":576,"column":31}},"155":{"start":{"line":578,"column":8},"end":{"line":578,"column":103}},"156":{"start":{"line":579,"column":8},"end":{"line":579,"column":29}},"157":{"start":{"line":580,"column":8},"end":{"line":580,"column":31}},"158":{"start":{"line":583,"column":4},"end":{"line":635,"column":7}},"159":{"start":{"line":584,"column":8},"end":{"line":584,"column":62}},"160":{"start":{"line":586,"column":8},"end":{"line":586,"column":43}},"161":{"start":{"line":587,"column":8},"end":{"line":587,"column":30}},"162":{"start":{"line":588,"column":8},"end":{"line":588,"column":31}},"163":{"start":{"line":590,"column":8},"end":{"line":596,"column":31}},"164":{"start":{"line":597,"column":8},"end":{"line":597,"column":30}},"165":{"start":{"line":598,"column":8},"end":{"line":598,"column":32}},"166":{"start":{"line":600,"column":8},"end":{"line":605,"column":34}},"167":{"start":{"line":606,"column":8},"end":{"line":606,"column":29}},"168":{"start":{"line":607,"column":8},"end":{"line":607,"column":31}},"169":{"start":{"line":609,"column":8},"end":{"line":609,"column":41}},"170":{"start":{"line":610,"column":8},"end":{"line":610,"column":30}},"171":{"start":{"line":611,"column":8},"end":{"line":611,"column":32}},"172":{"start":{"line":613,"column":8},"end":{"line":613,"column":43}},"173":{"start":{"line":614,"column":8},"end":{"line":614,"column":29}},"174":{"start":{"line":615,"column":8},"end":{"line":615,"column":31}},"175":{"start":{"line":617,"column":8},"end":{"line":617,"column":63}},"176":{"start":{"line":618,"column":8},"end":{"line":618,"column":29}},"177":{"start":{"line":619,"column":8},"end":{"line":619,"column":31}},"178":{"start":{"line":621,"column":8},"end":{"line":628,"column":34}},"179":{"start":{"line":629,"column":8},"end":{"line":629,"column":29}},"180":{"start":{"line":630,"column":8},"end":{"line":630,"column":31}},"181":{"start":{"line":632,"column":8},"end":{"line":632,"column":103}},"182":{"start":{"line":633,"column":8},"end":{"line":633,"column":29}},"183":{"start":{"line":634,"column":8},"end":{"line":634,"column":31}},"184":{"start":{"line":637,"column":4},"end":{"line":647,"column":7}},"185":{"start":{"line":638,"column":8},"end":{"line":638,"column":45}},"186":{"start":{"line":640,"column":8},"end":{"line":640,"column":67}},"187":{"start":{"line":642,"column":8},"end":{"line":646,"column":58}},"188":{"start":{"line":649,"column":4},"end":{"line":889,"column":7}},"189":{"start":{"line":650,"column":31},"end":{"line":650,"column":51}},"190":{"start":{"line":651,"column":32},"end":{"line":651,"column":53}},"191":{"start":{"line":652,"column":31},"end":{"line":652,"column":51}},"192":{"start":{"line":653,"column":29},"end":{"line":653,"column":47}},"193":{"start":{"line":655,"column":8},"end":{"line":676,"column":11}},"194":{"start":{"line":656,"column":33},"end":{"line":663,"column":13}},"195":{"start":{"line":665,"column":12},"end":{"line":665,"column":80}},"196":{"start":{"line":667,"column":26},"end":{"line":667,"column":64}},"197":{"start":{"line":669,"column":12},"end":{"line":669,"column":61}},"198":{"start":{"line":670,"column":12},"end":{"line":670,"column":33}},"199":{"start":{"line":671,"column":12},"end":{"line":671,"column":35}},"200":{"start":{"line":673,"column":12},"end":{"line":673,"column":46}},"201":{"start":{"line":674,"column":12},"end":{"line":674,"column":33}},"202":{"start":{"line":675,"column":12},"end":{"line":675,"column":35}},"203":{"start":{"line":678,"column":8},"end":{"line":699,"column":11}},"204":{"start":{"line":679,"column":33},"end":{"line":686,"column":13}},"205":{"start":{"line":688,"column":12},"end":{"line":688,"column":80}},"206":{"start":{"line":690,"column":26},"end":{"line":690,"column":64}},"207":{"start":{"line":692,"column":12},"end":{"line":692,"column":60}},"208":{"start":{"line":693,"column":12},"end":{"line":693,"column":34}},"209":{"start":{"line":694,"column":12},"end":{"line":694,"column":35}},"210":{"start":{"line":696,"column":12},"end":{"line":696,"column":92}},"211":{"start":{"line":697,"column":12},"end":{"line":697,"column":34}},"212":{"start":{"line":698,"column":12},"end":{"line":698,"column":35}},"213":{"start":{"line":701,"column":8},"end":{"line":722,"column":11}},"214":{"start":{"line":702,"column":33},"end":{"line":709,"column":13}},"215":{"start":{"line":711,"column":12},"end":{"line":711,"column":80}},"216":{"start":{"line":713,"column":26},"end":{"line":713,"column":65}},"217":{"start":{"line":715,"column":12},"end":{"line":715,"column":61}},"218":{"start":{"line":716,"column":12},"end":{"line":716,"column":33}},"219":{"start":{"line":717,"column":12},"end":{"line":717,"column":35}},"220":{"start":{"line":719,"column":12},"end":{"line":719,"column":46}},"221":{"start":{"line":720,"column":12},"end":{"line":720,"column":34}},"222":{"start":{"line":721,"column":12},"end":{"line":721,"column":35}},"223":{"start":{"line":724,"column":8},"end":{"line":747,"column":11}},"224":{"start":{"line":725,"column":24},"end":{"line":729,"column":13}},"225":{"start":{"line":731,"column":26},"end":{"line":735,"column":13}},"226":{"start":{"line":732,"column":55},"end":{"line":734,"column":17}},"227":{"start":{"line":737,"column":12},"end":{"line":737,"column":95}},"228":{"start":{"line":739,"column":12},"end":{"line":739,"column":95}},"229":{"start":{"line":740,"column":12},"end":{"line":740,"column":33}},"230":{"start":{"line":741,"column":12},"end":{"line":741,"column":35}},"231":{"start":{"line":743,"column":12},"end":{"line":743,"column":46}},"232":{"start":{"line":745,"column":12},"end":{"line":745,"column":34}},"233":{"start":{"line":746,"column":12},"end":{"line":746,"column":35}},"234":{"start":{"line":749,"column":8},"end":{"line":779,"column":11}},"235":{"start":{"line":750,"column":26},"end":{"line":753,"column":15}},"236":{"start":{"line":750,"column":62},"end":{"line":753,"column":13}},"237":{"start":{"line":755,"column":26},"end":{"line":758,"column":15}},"238":{"start":{"line":755,"column":62},"end":{"line":758,"column":13}},"239":{"start":{"line":760,"column":24},"end":{"line":765,"column":13}},"240":{"start":{"line":767,"column":12},"end":{"line":767,"column":96}},"241":{"start":{"line":769,"column":26},"end":{"line":769,"column":65}},"242":{"start":{"line":771,"column":12},"end":{"line":771,"column":61}},"243":{"start":{"line":772,"column":12},"end":{"line":772,"column":33}},"244":{"start":{"line":773,"column":12},"end":{"line":773,"column":35}},"245":{"start":{"line":775,"column":12},"end":{"line":775,"column":46}},"246":{"start":{"line":777,"column":12},"end":{"line":777,"column":34}},"247":{"start":{"line":778,"column":12},"end":{"line":778,"column":35}},"248":{"start":{"line":781,"column":8},"end":{"line":807,"column":11}},"249":{"start":{"line":782,"column":12},"end":{"line":782,"column":117}},"250":{"start":{"line":784,"column":12},"end":{"line":784,"column":90}},"251":{"start":{"line":785,"column":12},"end":{"line":785,"column":33}},"252":{"start":{"line":787,"column":12},"end":{"line":787,"column":93}},"253":{"start":{"line":788,"column":12},"end":{"line":788,"column":33}},"254":{"start":{"line":790,"column":12},"end":{"line":790,"column":92}},"255":{"start":{"line":791,"column":12},"end":{"line":791,"column":34}},"256":{"start":{"line":793,"column":12},"end":{"line":793,"column":95}},"257":{"start":{"line":794,"column":12},"end":{"line":794,"column":34}},"258":{"start":{"line":796,"column":12},"end":{"line":796,"column":88}},"259":{"start":{"line":797,"column":12},"end":{"line":797,"column":33}},"260":{"start":{"line":799,"column":12},"end":{"line":799,"column":91}},"261":{"start":{"line":800,"column":12},"end":{"line":800,"column":33}},"262":{"start":{"line":802,"column":12},"end":{"line":802,"column":91}},"263":{"start":{"line":803,"column":12},"end":{"line":803,"column":34}},"264":{"start":{"line":805,"column":12},"end":{"line":805,"column":94}},"265":{"start":{"line":806,"column":12},"end":{"line":806,"column":34}},"266":{"start":{"line":809,"column":8},"end":{"line":835,"column":11}},"267":{"start":{"line":810,"column":12},"end":{"line":810,"column":118}},"268":{"start":{"line":812,"column":12},"end":{"line":812,"column":92}},"269":{"start":{"line":813,"column":12},"end":{"line":813,"column":34}},"270":{"start":{"line":815,"column":12},"end":{"line":815,"column":95}},"271":{"start":{"line":816,"column":12},"end":{"line":816,"column":34}},"272":{"start":{"line":818,"column":12},"end":{"line":818,"column":91}},"273":{"start":{"line":819,"column":12},"end":{"line":819,"column":34}},"274":{"start":{"line":821,"column":12},"end":{"line":821,"column":94}},"275":{"start":{"line":822,"column":12},"end":{"line":822,"column":34}},"276":{"start":{"line":824,"column":12},"end":{"line":824,"column":89}},"277":{"start":{"line":825,"column":12},"end":{"line":825,"column":34}},"278":{"start":{"line":827,"column":12},"end":{"line":827,"column":92}},"279":{"start":{"line":828,"column":12},"end":{"line":828,"column":34}},"280":{"start":{"line":830,"column":12},"end":{"line":830,"column":91}},"281":{"start":{"line":831,"column":12},"end":{"line":831,"column":34}},"282":{"start":{"line":833,"column":12},"end":{"line":833,"column":94}},"283":{"start":{"line":834,"column":12},"end":{"line":834,"column":34}},"284":{"start":{"line":837,"column":8},"end":{"line":849,"column":11}},"285":{"start":{"line":838,"column":33},"end":{"line":840,"column":15}},"286":{"start":{"line":838,"column":68},"end":{"line":840,"column":13}},"287":{"start":{"line":842,"column":12},"end":{"line":842,"column":117}},"288":{"start":{"line":844,"column":12},"end":{"line":844,"column":101}},"289":{"start":{"line":845,"column":12},"end":{"line":845,"column":33}},"290":{"start":{"line":847,"column":12},"end":{"line":847,"column":44}},"291":{"start":{"line":848,"column":12},"end":{"line":848,"column":33}},"292":{"start":{"line":851,"column":8},"end":{"line":862,"column":11}},"293":{"start":{"line":852,"column":33},"end":{"line":854,"column":15}},"294":{"start":{"line":852,"column":69},"end":{"line":854,"column":13}},"295":{"start":{"line":856,"column":12},"end":{"line":856,"column":117}},"296":{"start":{"line":858,"column":12},"end":{"line":858,"column":93}},"297":{"start":{"line":859,"column":12},"end":{"line":859,"column":33}},"298":{"start":{"line":860,"column":12},"end":{"line":860,"column":44}},"299":{"start":{"line":861,"column":12},"end":{"line":861,"column":33}},"300":{"start":{"line":864,"column":8},"end":{"line":875,"column":11}},"301":{"start":{"line":865,"column":33},"end":{"line":867,"column":15}},"302":{"start":{"line":865,"column":68},"end":{"line":867,"column":13}},"303":{"start":{"line":869,"column":12},"end":{"line":869,"column":116}},"304":{"start":{"line":871,"column":12},"end":{"line":871,"column":95}},"305":{"start":{"line":872,"column":12},"end":{"line":872,"column":34}},"306":{"start":{"line":873,"column":12},"end":{"line":873,"column"
[...]
ne":257,"column":35}},"loc":{"start":{"line":257,"column":40},"end":{"line":280,"column":5}},"line":257},"15":{"name":"(anonymous_15)","decl":{"start":{"line":258,"column":26},"end":{"line":258,"column":27}},"loc":{"start":{"line":258,"column":44},"end":{"line":269,"column":9}},"line":258},"16":{"name":"(anonymous_16)","decl":{"start":{"line":282,"column":23},"end":{"line":282,"column":24}},"loc":{"start":{"line":282,"column":29},"end":{"line":295,"column":5}},"line":282},"17":{"name":"(anonymous_17)","decl":{"start":{"line":297,"column":27},"end":{"line":297,"column":28}},"loc":{"start":{"line":297,"column":33},"end":{"line":313,"column":5}},"line":297},"18":{"name":"(anonymous_18)","decl":{"start":{"line":315,"column":24},"end":{"line":315,"column":25}},"loc":{"start":{"line":315,"column":30},"end":{"line":374,"column":5}},"line":315},"19":{"name":"(anonymous_19)","decl":{"start":{"line":316,"column":28},"end":{"line":316,"column":29}},"loc":{"start":{"line":316,"column":34},"end":{"line":341,"column":9}},"line":316},"20":{"name":"(anonymous_20)","decl":{"start":{"line":343,"column":28},"end":{"line":343,"column":29}},"loc":{"start":{"line":343,"column":34},"end":{"line":357,"column":9}},"line":343},"21":{"name":"(anonymous_21)","decl":{"start":{"line":359,"column":27},"end":{"line":359,"column":28}},"loc":{"start":{"line":359,"column":33},"end":{"line":373,"column":9}},"line":359}},"branchMap":{},"s":{"0":13,"1":13,"2":13,"3":25,"4":25,"5":20,"6":13,"7":13,"8":13,"9":13,"10":12,"11":12,"12":12,"13":12,"14":13,"15":11,"16":11,"17":13,"18":20,"19":20,"20":10,"21":10,"22":10,"23":10,"24":10,"25":13,"26":9,"27":9,"28":9,"29":9,"30":13,"31":8,"32":8,"33":13,"34":7,"35":7,"36":7,"37":7,"38":13,"39":6,"40":6,"41":13,"42":5,"43":5,"44":5,"45":5,"46":5,"47":5,"48":13,"49":13,"50":4,"51":4,"52":4,"53":4,"54":4,"55":4,"56":4,"57":4,"58":4,"59":13,"60":3,"61":3,"62":3,"63":3,"64":3,"65":3,"66":13,"67":2,"68":2,"69":2,"70":2,"71":2,"72":2},"f":{"0":13,"1":25,"2":20,"3":13,"4":12,"5":12,"6":11,"7":10,"8":20,"9":10,"10":10,"11":9,"12":9,"13":8,"14":7,"15":7,"16":6,"17":5,"18":13,"19":4,"20":3,"21":2},"b":{},"_coverageSchema":"1a1c01bbd47fc00a2c39e90264f33305004495a9","hash":"7ef169a69e3d10f3d3875d7a1b25febd3293252c"}
,"/e2e/packages/sdds-insol/src/components/Tree/Tree.component-test.tsx": {"path":"/e2e/packages/sdds-insol/src/components/Tree/Tree.component-test.tsx","statementMap":{"0":{"start":{"line":5,"column":17},"end":{"line":55,"column":1}},"1":{"start":{"line":57,"column":0},"end":{"line":272,"column":3}},"2":{"start":{"line":58,"column":17},"end":{"line":58,"column":37}},"3":{"start":{"line":60,"column":36},"end":{"line":79,"column":5}},"4":{"start":{"line":61,"column":40},"end":{"line":61,"column":58}},"5":{"start":{"line":62,"column":38},"end":{"line":62,"column":56}},"6":{"start":{"line":63,"column":40},"end":{"line":63,"column":58}},"7":{"start":{"line":65,"column":8},"end":{"line":78,"column":10}},"8":{"start":{"line":81,"column":4},"end":{"line":91,"column":7}},"9":{"start":{"line":82,"column":8},"end":{"line":82,"column":30}},"10":{"start":{"line":84,"column":8},"end":{"line":88,"column":10}},"11":{"start":{"line":90,"column":8},"end":{"line":90,"column":32}},"12":{"start":{"line":93,"column":4},"end":{"line":103,"column":7}},"13":{"start":{"line":94,"column":8},"end":{"line":94,"column":30}},"14":{"start":{"line":96,"column":8},"end":{"line":100,"column":10}},"15":{"start":{"line":102,"column":8},"end":{"line":102,"column":32}},"16":{"start":{"line":105,"column":4},"end":{"line":118,"column":7}},"17":{"start":{"line":106,"column":8},"end":{"line":106,"column":30}},"18":{"start":{"line":108,"column":8},"end":{"line":112,"column":10}},"19":{"start":{"line":114,"column":8},"end":{"line":114,"column":59}},"20":{"start":{"line":115,"column":8},"end":{"line":115,"column":59}},"21":{"start":{"line":117,"column":8},"end":{"line":117,"column":32}},"22":{"start":{"line":120,"column":4},"end":{"line":137,"column":7}},"23":{"start":{"line":121,"column":8},"end":{"line":121,"column":30}},"24":{"start":{"line":123,"column":8},"end":{"line":127,"column":10}},"25":{"start":{"line":129,"column":8},"end":{"line":129,"column":47}},"26":{"start":{"line":130,"column":8},"end":{"line":130,"column":47}},"27":{"start":{"line":132,"column":8},"end":{"line":132,"column":51}},"28":{"start":{"line":134,"column":8},"end":{"line":134,"column":32}},"29":{"start":{"line":136,"column":8},"end":{"line":136,"column":62}},"30":{"start":{"line":139,"column":4},"end":{"line":149,"column":7}},"31":{"start":{"line":140,"column":8},"end":{"line":140,"column":30}},"32":{"start":{"line":142,"column":8},"end":{"line":146,"column":10}},"33":{"start":{"line":148,"column":8},"end":{"line":148,"column":32}},"34":{"start":{"line":151,"column":4},"end":{"line":161,"column":7}},"35":{"start":{"line":152,"column":8},"end":{"line":152,"column":30}},"36":{"start":{"line":154,"column":8},"end":{"line":158,"column":10}},"37":{"start":{"line":160,"column":8},"end":{"line":160,"column":32}},"38":{"start":{"line":163,"column":4},"end":{"line":173,"column":7}},"39":{"start":{"line":164,"column":8},"end":{"line":164,"column":30}},"40":{"start":{"line":166,"column":8},"end":{"line":170,"column":10}},"41":{"start":{"line":172,"column":8},"end":{"line":172,"column":32}},"42":{"start":{"line":175,"column":4},"end":{"line":185,"column":7}},"43":{"start":{"line":176,"column":8},"end":{"line":176,"column":30}},"44":{"start":{"line":178,"column":8},"end":{"line":182,"column":10}},"45":{"start":{"line":184,"column":8},"end":{"line":184,"column":32}},"46":{"start":{"line":187,"column":4},"end":{"line":197,"column":7}},"47":{"start":{"line":188,"column":8},"end":{"line":188,"column":30}},"48":{"start":{"line":190,"column":8},"end":{"line":194,"column":10}},"49":{"start":{"line":196,"column":8},"end":{"line":196,"column":32}},"50":{"start":{"line":199,"column":4},"end":{"line":214,"column":7}},"51":{"start":{"line":200,"column":8},"end":{"line":200,"column":32}},"52":{"start":{"line":202,"column":8},"end":{"line":211,"column":10}},"53":{"start":{"line":213,"column":8},"end":{"line":213,"column":32}},"54":{"start":{"line":216,"column":4},"end":{"line":226,"column":7}},"55":{"start":{"line":217,"column":8},"end":{"line":217,"column":32}},"56":{"start":{"line":219,"column":8},"end":{"line":223,"column":10}},"57":{"start":{"line":221,"column":75},"end":{"line":221,"column":94}},"58":{"start":{"line":225,"column":8},"end":{"line":225,"column":32}},"59":{"start":{"line":228,"column":4},"end":{"line":238,"column":7}},"60":{"start":{"line":229,"column":8},"end":{"line":229,"column":32}},"61":{"start":{"line":231,"column":8},"end":{"line":231,"column":34}},"62":{"start":{"line":233,"column":8},"end":{"line":233,"column":52}},"63":{"start":{"line":234,"column":8},"end":{"line":234,"column":47}},"64":{"start":{"line":235,"column":8},"end":{"line":235,"column":59}},"65":{"start":{"line":237,"column":8},"end":{"line":237,"column":32}},"66":{"start":{"line":240,"column":4},"end":{"line":252,"column":7}},"67":{"start":{"line":241,"column":8},"end":{"line":241,"column":30}},"68":{"start":{"line":243,"column":8},"end":{"line":249,"column":10}},"69":{"start":{"line":251,"column":8},"end":{"line":251,"column":32}},"70":{"start":{"line":254,"column":4},"end":{"line":271,"column":7}},"71":{"start":{"line":255,"column":8},"end":{"line":255,"column":30}},"72":{"start":{"line":257,"column":8},"end":{"line":267,"column":10}},"73":{"start":{"line":262,"column":40},"end":{"line":262,"column":82}},"74":{"start":{"line":269,"column":8},"end":{"line":269,"column":48}},"75":{"start":{"line":270,"column":8},"end":{"line":270,"column":54}}},"fnMap":{"0":{"name":"(anonymous_0)","decl":{"start":{"line":57,"column":29},"end":{"line":57,"column":30}},"loc":{"start":{"line":57,"column":35},"end":{"line":272,"column":1}},"line":57},"1":{"name":"(anonymous_1)","decl":{"start":{"line":60,"column":36},"end":{"line":60,"column":37}},"loc":{"start":{"line":60,"column":42},"end":{"line":79,"column":5}},"line":60},"2":{"name":"(anonymous_2)","decl":{"start":{"line":81,"column":18},"end":{"line":81,"column":19}},"loc":{"start":{"line":81,"column":24},"end":{"line":91,"column":5}},"line":81},"3":{"name":"(anonymous_3)","decl":{"start":{"line":93,"column":33},"end":{"line":93,"column":34}},"loc":{"start":{"line":93,"column":39},"end":{"line":103,"column":5}},"line":93},"4":{"name":"(anonymous_4)","decl":{"start":{"line":105,"column":26},"end":{"line":105,"column":27}},"loc":{"start":{"line":105,"column":32},"end":{"line":118,"column":5}},"line":105},"5":{"name":"(anonymous_5)","decl":{"start":{"line":120,"column":25},"end":{"line":120,"column":26}},"loc":{"start":{"line":120,"column":31},"end":{"line":137,"column":5}},"line":120},"6":{"name":"(anonymous_6)","decl":{"start":{"line":139,"column":35},"end":{"line":139,"column":36}},"loc":{"start":{"line":139,"column":41},"end":{"line":149,"column":5}},"line":139},"7":{"name":"(anonymous_7)","decl":{"start":{"line":151,"column":36},"end":{"line":151,"column":37}},"loc":{"start":{"line":151,"column":42},"end":{"line":161,"column":5}},"line":151},"8":{"name":"(anonymous_8)","decl":{"start":{"line":163,"column":36},"end":{"line":163,"column":37}},"loc":{"start":{"line":163,"column":42},"end":{"line":173,"column":5}},"line":163},"9":{"name":"(anonymous_9)","decl":{"start":{"line":175,"column":31},"end":{"line":175,"column":32}},"loc":{"start":{"line":175,"column":37},"end":{"line":185,"column":5}},"line":175},"10":{"name":"(anonymous_10)","decl":{"start":{"line":187,"column":23},"end":{"line":187,"column":24}},"loc":{"start":{"line":187,"column":29},"end":{"line":197,"column":5}},"line":187},"11":{"name":"(anonymous_11)","decl":{"start":{"line":199,"column":21},"end":{"line":199,"column":22}},"loc":{"start":{"line":199,"column":27},"end":{"line":214,"column":5}},"line":199},"12":{"name":"(anonymous_12)","decl":{"start":{"line":216,"column":28},"end":{"line":216,"column":29}},"loc":{"start":{"line":216,"column":34},"end":{"line":226,"column":5}},"line":216},"13":{"name":"(anonymous_13)","decl":{"start":{"line":221,"column":69},"end":{"line":221,"column":70}},"loc":{"start":{"line":221,"column":75},"end":{"line":221,"column":94}},"line":221},"14":{"name":"(anonymous_14)","decl":{"start":{"line":228,"column":27},"end":{"line":228,"column":28}},"loc":{"start":{"line":228,"column":33},"end":{"line":238,"column":5}},"line":228},"15":{"name":"(anonymous_15)","decl":{"start":{"line":240,"column":27},"end":{"line":240,"column":28}},"loc":{"start":{"line":240,"column":33},"end":{"line":252,"column":5}},"line":240},"16":{"name":"(anonymous_16)","decl":{"start":{"line":254,"column":24},"end":{"line":254,"column":25}},"loc":{"start":{"line":254,"column":30},"end":{"line":271,"column":5}},"line":254},"17":{"name":"(anonymous_17)","decl":{"start":{"line":262,"column":29},"end":{"line":262,"column":30}},"loc":{"start":{"line":262,"column":40},"end":{"line":262,"column":82}},"line":262}},"branchMap":{},"s":{"0":15,"1":15,"2":15,"3":15,"4":16,"5":16,"6":16,"7":16,"8":15,"9":15,"10":15,"11":15,"12":15,"13":14,"14":14,"15":14,"16":15,"17":13,"18":13,"19":13,"20":13,"21":13,"22":15,"23":12,"24":12,"25":12,"26":12,"27":12,"28":12,"29":12,"30":15,"31":11,"32":11,"33":11,"34":15,"35":10,"36":10,"37":10,"38":15,"39":9,"40":9,"41":9,"42":15,"43":8,"44":8,"45":8,"46":15,"47":7,"48":7,"49":7,"50":15,"51":6,"52":6,"53":6,"54":15,"55":5,"56":5,"57":300,"58":5,"59":15,"60":4,"61":4,"62":4,"63":4,"64":4,"65":4,"66":15,"67":3,"68":3,"69":3,"70":15,"71":2,"72":2,"73":2000,"74":2,"75":2},"f":{"0":15,"1":16,"2":15,"3":14,"4":13,"5":12,"6":11,"7":10,"8":9,"9":8,"10":7,"11":6,"12":5,"13":300,"14":4,"15":3,"16":2,"17":2000},"b":{},"_coverageSchema":"1a1c01bbd47fc00a2c39e90264f33305004495a9","hash":"196a8e23696d926720bd5ef0e4eda73af95dd69a"}
,"/e2e/packages/sdds-insol/src/components/Typography/Typography.component-test.tsx": {"path":"/e2e/packages/sdds-insol/src/components/Typography/Typography.component-test.tsx","statementMap":{"0":{"start":{"line":4,"column":0},"end":{"line":157,"column":3}},"1":{"start":{"line":5,"column":18},"end":{"line":5,"column":39}},"2":{"start":{"line":6,"column":18},"end":{"line":6,"column":39}},"3":{"start":{"line":7,"column":18},"end":{"line":7,"column":39}},"4":{"start":{"line":8,"column":19},"end":{"line":8,"column":41}},"5":{"start":{"line":9,"column":20},"end":{"line":9,"column":43}},"6":{"start":{"line":10,"column":18},"end":{"line":10,"column":39}},"7":{"start":{"line":11,"column":18},"end":{"line":11,"column":39}},"8":{"start":{"line":12,"column":18},"end":{"line":12,"column":39}},"9":{"start":{"line":13,"column":15},"end":{"line":13,"column":33}},"10":{"start":{"line":14,"column":15},"end":{"line":14,"column":33}},"11":{"start":{"line":15,"column":15},"end":{"line":15,"column":33}},"12":{"start":{"line":16,"column":15},"end":{"line":16,"column":33}},"13":{"start":{"line":17,"column":15},"end":{"line":17,"column":33}},"14":{"start":{"line":18,"column":18},"end":{"line":18,"column":39}},"15":{"start":{"line":19,"column":18},"end":{"line":19,"column":39}},"16":{"start":{"line":20,"column":18},"end":{"line":20,"column":39}},"17":{"start":{"line":21,"column":19},"end":{"line":21,"column":41}},"18":{"start":{"line":24,"column":8},"end":{"line":35,"column":31}},"19":{"start":{"line":38,"column":8},"end":{"line":45,"column":31}},"20":{"start":{"line":48,"column":8},"end":{"line":59,"column":31}},"21":{"start":{"line":62,"column":8},"end":{"line":71,"column":31}},"22":{"start":{"line":74,"column":4},"end":{"line":79,"column":7}},"23":{"start":{"line":75,"column":8},"end":{"line":75,"column":20}},"24":{"start":{"line":77,"column":8},"end":{"line":77,"column":30}},"25":{"start":{"line":78,"column":8},"end":{"line":78,"column":32}},"26":{"start":{"line":81,"column":4},"end":{"line":86,"column":7}},"27":{"start":{"line":82,"column":8},"end":{"line":82,"column":20}},"28":{"start":{"line":84,"column":8},"end":{"line":84,"column":31}},"29":{"start":{"line":85,"column":8},"end":{"line":85,"column":32}},"30":{"start":{"line":88,"column":4},"end":{"line":93,"column":7}},"31":{"start":{"line":89,"column":8},"end":{"line":89,"column":20}},"32":{"start":{"line":91,"column":8},"end":{"line":91,"column":31}},"33":{"start":{"line":92,"column":8},"end":{"line":92,"column":32}},"34":{"start":{"line":95,"column":4},"end":{"line":100,"column":7}},"35":{"start":{"line":96,"column":8},"end":{"line":96,"column":20}},"36":{"start":{"line":98,"column":8},"end":{"line":98,"column":30}},"37":{"start":{"line":99,"column":8},"end":{"line":99,"column":32}},"38":{"start":{"line":102,"column":4},"end":{"line":107,"column":7}},"39":{"start":{"line":103,"column":8},"end":{"line":103,"column":20}},"40":{"start":{"line":105,"column":8},"end":{"line":105,"column":31}},"41":{"start":{"line":106,"column":8},"end":{"line":106,"column":32}},"42":{"start":{"line":109,"column":4},"end":{"line":114,"column":7}},"43":{"start":{"line":110,"column":8},"end":{"line":110,"column":20}},"44":{"start":{"line":112,"column":8},"end":{"line":112,"column":31}},"45":{"start":{"line":113,"column":8},"end":{"line":113,"column":32}},"46":{"start":{"line":116,"column":4},"end":{"line":121,"column":7}},"47":{"start":{"line":117,"column":8},"end":{"line":117,"column":24}},"48":{"start":{"line":119,"column":8},"end":{"line":119,"column":30}},"49":{"start":{"line":120,"column":8},"end":{"line":120,"column":32}},"50":{"start":{"line":123,"column":4},"end":{"line":128,"column":7}},"51":{"start":{"line":124,"column":8},"end":{"line":124,"column":24}},"52":{"start":{"line":126,"column":8},"end":{"line":126,"column":31}},"53":{"start":{"line":127,"column":8},"end":{"line":127,"column":32}},"54":{"start":{"line":130,"column":4},"end":{"line":135,"column":7}},"55":{"start":{"line":131,"column":8},"end":{"line":131,"column":24}},"56":{"start":{"line":133,"column":8},"end":{"line":133,"column":31}},"57":{"start":{"line":134,"column":8},"end":{"line":134,"column":32}},"58":{"start":{"line":137,"column":4},"end":{"line":142,"column":7}},"59":{"start":{"line":138,"column":8},"end":{"line":138,"column":20}},"60":{"start":{"line":140,"column":8},"end":{"line":140,"column":30}},"61":{"start":{"line":141,"column":8},"end":{"line":141,"column":32}},"62":{"start":{"line":144,"column":4},"end":{"line":149,"column":7}},"63":{"start":{"line":145,"column":8},"end":{"line":145,"column":20}},"64":{"start":{"line":147,"column":8},"end":{"line":147,"column":31}},"65":{"start":{"line":148,"column":8},"end":{"line":148,"column":32}},"66":{"start":{"line":151,"column":4},"end":{"line":156,"column":7}},"67":{"start":{"line":152,"column":8},"end":{"line":152,"column":20}},"68":{"start":{"line":154,"column":8},"end":{"line":154,"column":31}},"69":{"start":{"line":155,"column":8},"end":{"line":155,"column":32}}},"fnMap":{"0":{"name":"(anonymous_0)","decl":{"start":{"line":4,"column":45},"end":{"line":4,"column":46}},"loc":{"start":{"line":4,"column":51},"end":{"line":157,"column":1}},"line":4},"1":{"name":"(anonymous_1)","decl":{"start":{"line":74,"column":22},"end":{"line":74,"column":23}},"loc":{"start":{"line":74,"column":28},"end":{"line":79,"column":5}},"line":74},"2":{"name":"(anonymous_2)","decl":{"start":{"line":81,"column":22},"end":{"line":81,"column":23}},"loc":{"start":{"line":81,"column":28},"end":{"line":86,"column":5}},"line":81},"3":{"name":"(anonymous_3)","decl":{"start":{"line":88,"column":23},"end":{"line":88,"column":24}},"loc":{"start":{"line":88,"column":29},"end":{"line":93,"column":5}},"line":88},"4":{"name":"(anonymous_4)","decl":{"start":{"line":95,"column":22},"end":{"line":95,"column":23}},"loc":{"start":{"line":95,"column":28},"end":{"line":100,"column":5}},"line":95},"5":{"name":"(anonymous_5)","decl":{"start":{"line":102,"column":22},"end":{"line":102,"column":23}},"loc":{"start":{"line":102,"column":28},"end":{"line":107,"column":5}},"line":102},"6":{"name":"(anonymous_6)","decl":{"start":{"line":109,"column":23},"end":{"line":109,"column":24}},"loc":{"start":{"line":109,"column":29},"end":{"line":114,"column":5}},"line":109},"7":{"name":"(anonymous_7)","decl":{"start":{"line":116,"column":19},"end":{"line":116,"column":20}},"loc":{"start":{"line":116,"column":25},"end":{"line":121,"column":5}},"line":116},"8":{"name":"(anonymous_8)","decl":{"start":{"line":123,"column":19},"end":{"line":123,"column":20}},"loc":{"start":{"line":123,"column":25},"end":{"line":128,"column":5}},"line":123},"9":{"name":"(anonymous_9)","decl":{"start":{"line":130,"column":20},"end":{"line":130,"column":21}},"loc":{"start":{"line":130,"column":26},"end":{"line":135,"column":5}},"line":130},"10":{"name":"(anonymous_10)","decl":{"start":{"line":137,"column":22},"end":{"line":137,"column":23}},"loc":{"start":{"line":137,"column":28},"end":{"line":142,"column":5}},"line":137},"11":{"name":"(anonymous_11)","decl":{"start":{"line":144,"column":22},"end":{"line":144,"column":23}},"loc":{"start":{"line":144,"column":28},"end":{"line":149,"column":5}},"line":144},"12":{"name":"(anonymous_12)","decl":{"start":{"line":151,"column":23},"end":{"line":151,"column":24}},"loc":{"start":{"line":151,"column":29},"end":{"line":156,"column":5}},"line":151}},"branchMap":{},"s":{"0":13,"1":13,"2":13,"3":13,"4":13,"5":13,"6":13,"7":13,"8":13,"9":13,"10":13,"11":13,"12":13,"13":13,"14":13,"15":13,"16":13,"17":13,"18":13,"19":13,"20":13,"21":13,"22":13,"23":13,"24":13,"25":13,"26":13,"27":12,"28":12,"29":12,"30":13,"31":11,"32":11,"33":11,"34":13,"35":10,"36":10,"37":10,"38":13,"39":9,"40":9,"41":9,"42":13,"43":8,"44":8,"45":8,"46":13,"47":7,"48":7,"49":7,"50":13,"51":6,"52":6,"53":6,"54":13,"55":5,"56":5,"57":5,"58":13,"59":4,"60":4,"61":4,"62":13,"63":3,"64":3,"65":3,"66":13,"67":2,"68":2,"69":2},"f":{"0":13,"1":13,"2":12,"3":11,"4":10,"5":9,"6":8,"7":7,"8":6,"9":5,"10":4,"11":3,"12":2},"b":{},"_coverageSchema":"1a1c01bbd47fc00a2c39e90264f33305004495a9","hash":"f46f46f5b6c78242e1303428ae5dd4b5e9f0ecf2"}
}
