{"total": {"lines":{"total":4304,"covered":4202,"skipped":0,"pct":97.63},"statements":{"total":4343,"covered":4239,"skipped":0,"pct":97.61},"functions":{"total":1067,"covered":1029,"skipped":0,"pct":96.44},"branches":{"total":125,"covered":102,"skipped":0,"pct":81.6}}
,"/e2e/packages/sdds-insol/src/components/Accordion/Accordion.update-test.component-test.tsx": {"lines":{"total":24,"covered":24,"skipped":0,"pct":100},"functions":{"total":6,"covered":6,"skipped":0,"pct":100},"statements":{"total":24,"covered":24,"skipped":0,"pct":100},"branches":{"total":0,"covered":0,"skipped":0,"pct":100}}
,"/e2e/packages/sdds-insol/src/components/Attach/Attach.update-test.component-test.tsx": {"lines":{"total":72,"covered":72,"skipped":0,"pct":100},"functions":{"total":15,"covered":15,"skipped":0,"pct":100},"statements":{"total":73,"covered":73,"skipped":0,"pct":100},"branches":{"total":0,"covered":0,"skipped":0,"pct":100}}
,"/e2e/packages/sdds-insol/src/components/Autocomplete/Autocomplete.component-test.tsx": {"lines":{"total":126,"covered":126,"skipped":0,"pct":100},"functions":{"total":20,"covered":20,"skipped":0,"pct":100},"statements":{"total":126,"covered":126,"skipped":0,"pct":100},"branches":{"total":0,"covered":0,"skipped":0,"pct":100}}
,"/e2e/packages/sdds-insol/src/components/Avatar/Avatar.update-test.component-test.tsx": {"lines":{"total":83,"covered":83,"skipped":0,"pct":100},"functions":{"total":22,"covered":22,"skipped":0,"pct":100},"statements":{"total":84,"covered":84,"skipped":0,"pct":100},"branches":{"total":0,"covered":0,"skipped":0,"pct":100}}
,"/e2e/packages/sdds-insol/src/components/AvatarGroup/AvatarGroup.component-test.tsx": {"lines":{"total":9,"covered":9,"skipped":0,"pct":100},"functions":{"total":3,"covered":3,"skipped":0,"pct":100},"statements":{"total":9,"covered":9,"skipped":0,"pct":100},"branches":{"total":0,"covered":0,"skipped":0,"pct":100}}
,"/e2e/packages/sdds-insol/src/components/Badge/Badge.update-test.component-test.tsx": {"lines":{"total":36,"covered":36,"skipped":0,"pct":100},"functions":{"total":13,"covered":13,"skipped":0,"pct":100},"statements":{"total":37,"covered":37,"skipped":0,"pct":100},"branches":{"total":0,"covered":0,"skipped":0,"pct":100}}
,"/e2e/packages/sdds-insol/src/components/Breadcrumbs/Breadcrumbs.update-test.component-test.tsx": {"lines":{"total":23,"covered":4,"skipped":0,"pct":17.39},"functions":{"total":8,"covered":1,"skipped":0,"pct":12.5},"statements":{"total":23,"covered":4,"skipped":0,"pct":17.39},"branches":{"total":0,"covered":0,"skipped":0,"pct":100}}
,"/e2e/packages/sdds-insol/src/components/Button/Button.update-test.component-test.tsx": {"lines":{"total":42,"covered":42,"skipped":0,"pct":100},"functions":{"total":15,"covered":15,"skipped":0,"pct":100},"statements":{"total":43,"covered":43,"skipped":0,"pct":100},"branches":{"total":0,"covered":0,"skipped":0,"pct":100}}
,"/e2e/packages/sdds-insol/src/components/ButtonGroup/ButtonGroup.update-test.component-test.tsx": {"lines":{"total":26,"covered":26,"skipped":0,"pct":100},"functions":{"total":9,"covered":9,"skipped":0,"pct":100},"statements":{"total":27,"covered":27,"skipped":0,"pct":100},"branches":{"total":0,"covered":0,"skipped":0,"pct":100}}
,"/e2e/packages/sdds-insol/src/components/Calendar/Calendar.component-test.tsx": {"lines":{"total":324,"covered":323,"skipped":0,"pct":99.69},"functions":{"total":60,"covered":59,"skipped":0,"pct":98.33},"statements":{"total":335,"covered":334,"skipped":0,"pct":99.7},"branches":{"total":13,"covered":13,"skipped":0,"pct":100}}
,"/e2e/packages/sdds-insol/src/components/Calendar/CalendarRange.component-test.tsx": {"lines":{"total":36,"covered":35,"skipped":0,"pct":97.22},"functions":{"total":11,"covered":10,"skipped":0,"pct":90.91},"statements":{"total":37,"covered":36,"skipped":0,"pct":97.3},"branches":{"total":5,"covered":5,"skipped":0,"pct":100}}
,"/e2e/packages/sdds-insol/src/components/Carousel/Carousel.component-test.tsx": {"lines":{"total":43,"covered":27,"skipped":0,"pct":62.79},"functions":{"total":16,"covered":9,"skipped":0,"pct":56.25},"statements":{"total":43,"covered":27,"skipped":0,"pct":62.79},"branches":{"total":0,"covered":0,"skipped":0,"pct":100}}
,"/e2e/packages/sdds-insol/src/components/Cell/Cell.update-test.component-test.tsx": {"lines":{"total":26,"covered":26,"skipped":0,"pct":100},"functions":{"total":9,"covered":9,"skipped":0,"pct":100},"statements":{"total":27,"covered":27,"skipped":0,"pct":100},"branches":{"total":0,"covered":0,"skipped":0,"pct":100}}
,"/e2e/packages/sdds-insol/src/components/Checkbox/Checkbox.update-test.component-test.tsx": {"lines":{"total":49,"covered":49,"skipped":0,"pct":100},"functions":{"total":15,"covered":15,"skipped":0,"pct":100},"statements":{"total":49,"covered":49,"skipped":0,"pct":100},"branches":{"total":2,"covered":2,"skipped":0,"pct":100}}
,"/e2e/packages/sdds-insol/src/components/Chip/Chip.update-test.component-test.tsx": {"lines":{"total":21,"covered":21,"skipped":0,"pct":100},"functions":{"total":8,"covered":8,"skipped":0,"pct":100},"statements":{"total":22,"covered":22,"skipped":0,"pct":100},"branches":{"total":0,"covered":0,"skipped":0,"pct":100}}
,"/e2e/packages/sdds-insol/src/components/ChipGroup/ChipGroup.update-test.component-test.tsx": {"lines":{"total":25,"covered":25,"skipped":0,"pct":100},"functions":{"total":10,"covered":10,"skipped":0,"pct":100},"statements":{"total":26,"covered":26,"skipped":0,"pct":100},"branches":{"total":1,"covered":1,"skipped":0,"pct":100}}
,"/e2e/packages/sdds-insol/src/components/CodeField/CodeField.component-test.tsx": {"lines":{"total":62,"covered":62,"skipped":0,"pct":100},"functions":{"total":19,"covered":19,"skipped":0,"pct":100},"statements":{"total":63,"covered":63,"skipped":0,"pct":100},"branches":{"total":0,"covered":0,"skipped":0,"pct":100}}
,"/e2e/packages/sdds-insol/src/components/Combobox/Combobox.component-test.tsx": {"lines":{"total":558,"covered":557,"skipped":0,"pct":99.82},"functions":{"total":66,"covered":65,"skipped":0,"pct":98.48},"statements":{"total":558,"covered":557,"skipped":0,"pct":99.82},"branches":{"total":2,"covered":2,"skipped":0,"pct":100}}
,"/e2e/packages/sdds-insol/src/components/Counter/Counter.config.ts": {"lines":{"total":1,"covered":1,"skipped":0,"pct":100},"functions":{"total":0,"covered":0,"skipped":0,"pct":100},"statements":{"total":1,"covered":1,"skipped":0,"pct":100},"branches":{"total":0,"covered":0,"skipped":0,"pct":100}}
,"/e2e/packages/sdds-insol/src/components/Counter/Counter.tsx": {"lines":{"total":2,"covered":2,"skipped":0,"pct":100},"functions":{"total":0,"covered":0,"skipped":0,"pct":100},"statements":{"total":2,"covered":2,"skipped":0,"pct":100},"branches":{"total":0,"covered":0,"skipped":0,"pct":100}}
,"/e2e/packages/sdds-insol/src/components/Counter/Counter.update-test.component-test.tsx": {"lines":{"total":20,"covered":20,"skipped":0,"pct":100},"functions":{"total":7,"covered":7,"skipped":0,"pct":100},"statements":{"total":20,"covered":20,"skipped":0,"pct":100},"branches":{"total":0,"covered":0,"skipped":0,"pct":100}}
,"/e2e/packages/sdds-insol/src/components/DatePicker/DatePicker.update-test.component-test.tsx": {"lines":{"total":169,"covered":169,"skipped":0,"pct":100},"functions":{"total":40,"covered":40,"skipped":0,"pct":100},"statements":{"total":169,"covered":169,"skipped":0,"pct":100},"branches":{"total":24,"covered":24,"skipped":0,"pct":100}}
,"/e2e/packages/sdds-insol/src/components/Divider/Divider.update-test.component-test.tsx": {"lines":{"total":19,"covered":19,"skipped":0,"pct":100},"functions":{"total":7,"covered":7,"skipped":0,"pct":100},"statements":{"total":19,"covered":19,"skipped":0,"pct":100},"branches":{"total":7,"covered":7,"skipped":0,"pct":100}}
,"/e2e/packages/sdds-insol/src/components/Drawer/Drawer.update-test.component-test.tsx": {"lines":{"total":53,"covered":2,"skipped":0,"pct":3.77},"functions":{"total":12,"covered":0,"skipped":0,"pct":0},"statements":{"total":54,"covered":2,"skipped":0,"pct":3.7},"branches":{"total":17,"covered":0,"skipped":0,"pct":0}}
,"/e2e/packages/sdds-insol/src/components/Dropdown/Dropdown.config.ts": {"lines":{"total":1,"covered":1,"skipped":0,"pct":100},"functions":{"total":0,"covered":0,"skipped":0,"pct":100},"statements":{"total":1,"covered":1,"skipped":0,"pct":100},"branches":{"total":0,"covered":0,"skipped":0,"pct":100}}
,"/e2e/packages/sdds-insol/src/components/Dropdown/Dropdown.tsx": {"lines":{"total":5,"covered":5,"skipped":0,"pct":100},"functions":{"total":1,"covered":1,"skipped":0,"pct":100},"statements":{"total":5,"covered":5,"skipped":0,"pct":100},"branches":{"total":0,"covered":0,"skipped":0,"pct":100}}
,"/e2e/packages/sdds-insol/src/components/Dropdown/Dropdown.update-test.component-test.tsx": {"lines":{"total":43,"covered":43,"skipped":0,"pct":100},"functions":{"total":6,"covered":6,"skipped":0,"pct":100},"statements":{"total":43,"covered":43,"skipped":0,"pct":100},"branches":{"total":0,"covered":0,"skipped":0,"pct":100}}
,"/e2e/packages/sdds-insol/src/components/Dropdown/index.ts": {"lines":{"total":0,"covered":0,"skipped":0,"pct":0},"functions":{"total":0,"covered":0,"skipped":0,"pct":0},"statements":{"total":0,"covered":0,"skipped":0,"pct":0},"branches":{"total":0,"covered":0,"skipped":0,"pct":0}}
,"/e2e/packages/sdds-insol/src/components/Dropzone/Dropzone.update-test.component-test.tsx": {"lines":{"total":26,"covered":26,"skipped":0,"pct":100},"functions":{"total":7,"covered":7,"skipped":0,"pct":100},"statements":{"total":26,"covered":26,"skipped":0,"pct":100},"branches":{"total":0,"covered":0,"skipped":0,"pct":100}}
,"/e2e/packages/sdds-insol/src/components/EmptyState/EmptyState.update-test.component-test.tsx": {"lines":{"total":16,"covered":16,"skipped":0,"pct":100},"functions":{"total":6,"covered":6,"skipped":0,"pct":100},"statements":{"total":16,"covered":16,"skipped":0,"pct":100},"branches":{"total":6,"covered":6,"skipped":0,"pct":100}}
,"/e2e/packages/sdds-insol/src/components/Flow/Flow.update-test.component-test.tsx": {"lines":{"total":28,"covered":28,"skipped":0,"pct":100},"functions":{"total":9,"covered":9,"skipped":0,"pct":100},"statements":{"total":28,"covered":28,"skipped":0,"pct":100},"branches":{"total":0,"covered":0,"skipped":0,"pct":100}}
,"/e2e/packages/sdds-insol/src/components/Grid/Grid.component-test.tsx": {"lines":{"total":34,"covered":34,"skipped":0,"pct":100},"functions":{"total":9,"covered":9,"skipped":0,"pct":100},"statements":{"total":34,"covered":34,"skipped":0,"pct":100},"branches":{"total":0,"covered":0,"skipped":0,"pct":100}}
,"/e2e/packages/sdds-insol/src/components/IconButton/IconButton.config.ts": {"lines":{"total":1,"covered":1,"skipped":0,"pct":100},"functions":{"total":0,"covered":0,"skipped":0,"pct":100},"statements":{"total":1,"covered":1,"skipped":0,"pct":100},"branches":{"total":0,"covered":0,"skipped":0,"pct":100}}
,"/e2e/packages/sdds-insol/src/components/IconButton/IconButton.ts": {"lines":{"total":3,"covered":3,"skipped":0,"pct":100},"functions":{"total":0,"covered":0,"skipped":0,"pct":100},"statements":{"total":3,"covered":3,"skipped":0,"pct":100},"branches":{"total":0,"covered":0,"skipped":0,"pct":100}}
,"/e2e/packages/sdds-insol/src/components/IconButton/IconButton.update-test.component-test.tsx": {"lines":{"total":42,"covered":42,"skipped":0,"pct":100},"functions":{"total":15,"covered":15,"skipped":0,"pct":100},"statements":{"total":43,"covered":43,"skipped":0,"pct":100},"branches":{"total":0,"covered":0,"skipped":0,"pct":100}}
,"/e2e/packages/sdds-insol/src/components/IconButton/index.ts": {"lines":{"total":0,"covered":0,"skipped":0,"pct":0},"functions":{"total":0,"covered":0,"skipped":0,"pct":0},"statements":{"total":0,"covered":0,"skipped":0,"pct":0},"branches":{"total":0,"covered":0,"skipped":0,"pct":0}}
,"/e2e/packages/sdds-insol/src/components/Image/Image.component-test.tsx": {"lines":{"total":21,"covered":21,"skipped":0,"pct":100},"functions":{"total":8,"covered":8,"skipped":0,"pct":100},"statements":{"total":21,"covered":21,"skipped":0,"pct":100},"branches":{"total":0,"covered":0,"skipped":0,"pct":100}}
,"/e2e/packages/sdds-insol/src/components/Image/Image.update-test.component-test.tsx": {"lines":{"total":22,"covered":20,"skipped":0,"pct":90.91},"functions":{"total":8,"covered":7,"skipped":0,"pct":87.5},"statements":{"total":22,"covered":20,"skipped":0,"pct":90.91},"branches":{"total":0,"covered":0,"skipped":0,"pct":100}}
,"/e2e/packages/sdds-insol/src/components/Indicator/Indicator.component-test.tsx": {"lines":{"total":5,"covered":5,"skipped":0,"pct":100},"functions":{"total":2,"covered":2,"skipped":0,"pct":100},"statements":{"total":5,"covered":5,"skipped":0,"pct":100},"branches":{"total":0,"covered":0,"skipped":0,"pct":100}}
,"/e2e/packages/sdds-insol/src/components/Link/Link.component-test.tsx": {"lines":{"total":5,"covered":5,"skipped":0,"pct":100},"functions":{"total":2,"covered":2,"skipped":0,"pct":100},"statements":{"total":5,"covered":5,"skipped":0,"pct":100},"branches":{"total":0,"covered":0,"skipped":0,"pct":100}}
,"/e2e/packages/sdds-insol/src/components/LinkButton/LinkButton.component-test.tsx": {"lines":{"total":23,"covered":23,"skipped":0,"pct":100},"functions":{"total":10,"covered":10,"skipped":0,"pct":100},"statements":{"total":24,"covered":24,"skipped":0,"pct":100},"branches":{"total":0,"covered":0,"skipped":0,"pct":100}}
,"/e2e/packages/sdds-insol/src/components/List/List.component-test.tsx": {"lines":{"total":15,"covered":15,"skipped":0,"pct":100},"functions":{"total":5,"covered":5,"skipped":0,"pct":100},"statements":{"total":15,"covered":15,"skipped":0,"pct":100},"branches":{"total":0,"covered":0,"skipped":0,"pct":100}}
,"/e2e/packages/sdds-insol/src/components/Mask/Mask.update-test.component-test.tsx": {"lines":{"total":70,"covered":70,"skipped":0,"pct":100},"functions":{"total":18,"covered":18,"skipped":0,"pct":100},"statements":{"total":70,"covered":70,"skipped":0,"pct":100},"branches":{"total":0,"covered":0,"skipped":0,"pct":100}}
,"/e2e/packages/sdds-insol/src/components/Modal/Modal.component-test.tsx": {"lines":{"total":97,"covered":95,"skipped":0,"pct":97.94},"functions":{"total":32,"covered":30,"skipped":0,"pct":93.75},"statements":{"total":97,"covered":95,"skipped":0,"pct":97.94},"branches":{"total":6,"covered":6,"skipped":0,"pct":100}}
,"/e2e/packages/sdds-insol/src/components/Note/Note.component-test.tsx": {"lines":{"total":40,"covered":40,"skipped":0,"pct":100},"functions":{"total":13,"covered":13,"skipped":0,"pct":100},"statements":{"total":40,"covered":40,"skipped":0,"pct":100},"branches":{"total":6,"covered":6,"skipped":0,"pct":100}}
,"/e2e/packages/sdds-insol/src/components/Notification/Notification.component-test.tsx": {"lines":{"total":95,"covered":94,"skipped":0,"pct":98.95},"functions":{"total":25,"covered":24,"skipped":0,"pct":96},"statements":{"total":95,"covered":94,"skipped":0,"pct":98.95},"branches":{"total":0,"covered":0,"skipped":0,"pct":100}}
,"/e2e/packages/sdds-insol/src/components/NumberFormat/NumberFormat.component-test.tsx": {"lines":{"total":30,"covered":30,"skipped":0,"pct":100},"functions":{"total":7,"covered":7,"skipped":0,"pct":100},"statements":{"total":30,"covered":30,"skipped":0,"pct":100},"branches":{"total":0,"covered":0,"skipped":0,"pct":100}}
,"/e2e/packages/sdds-insol/src/components/NumberInput/NumberInput.component-test.tsx": {"lines":{"total":92,"covered":92,"skipped":0,"pct":100},"functions":{"total":22,"covered":22,"skipped":0,"pct":100},"statements":{"total":94,"covered":94,"skipped":0,"pct":100},"branches":{"total":0,"covered":0,"skipped":0,"pct":100}}
,"/e2e/packages/sdds-insol/src/components/Overlay/Overlay.component-test.tsx": {"lines":{"total":14,"covered":14,"skipped":0,"pct":100},"functions":{"total":5,"covered":5,"skipped":0,"pct":100},"statements":{"total":14,"covered":14,"skipped":0,"pct":100},"branches":{"total":0,"covered":0,"skipped":0,"pct":100}}
,"/e2e/packages/sdds-insol/src/components/Pagination/Pagination.component-test.tsx": {"lines":{"total":64,"covered":63,"skipped":0,"pct":98.44},"functions":{"total":21,"covered":20,"skipped":0,"pct":95.24},"statements":{"total":65,"covered":64,"skipped":0,"pct":98.46},"branches":{"total":0,"covered":0,"skipped":0,"pct":100}}
,"/e2e/packages/sdds-insol/src/components/Popover/Popover.component-test.tsx": {"lines":{"total":54,"covered":53,"skipped":0,"pct":98.15},"functions":{"total":14,"covered":13,"skipped":0,"pct":92.86},"statements":{"total":54,"covered":53,"skipped":0,"pct":98.15},"branches":{"total":0,"covered":0,"skipped":0,"pct":100}}
,"/e2e/packages/sdds-insol/src/components/Popup/Popup.component-test.tsx": {"lines":{"total":48,"covered":45,"skipped":0,"pct":93.75},"functions":{"total":18,"covered":15,"skipped":0,"pct":83.33},"statements":{"total":48,"covered":45,"skipped":0,"pct":93.75},"branches":{"total":1,"covered":1,"skipped":0,"pct":100}}
,"/e2e/packages/sdds-insol/src/components/Portal/Portal.component-test.tsx": {"lines":{"total":20,"covered":20,"skipped":0,"pct":100},"functions":{"total":5,"covered":5,"skipped":0,"pct":100},"statements":{"total":20,"covered":20,"skipped":0,"pct":100},"branches":{"total":4,"covered":4,"skipped":0,"pct":100}}
,"/e2e/packages/sdds-insol/src/components/Price/Price.update-test.component-test.tsx": {"lines":{"total":21,"covered":21,"skipped":0,"pct":100},"functions":{"total":7,"covered":7,"skipped":0,"pct":100},"statements":{"total":21,"covered":21,"skipped":0,"pct":100},"branches":{"total":0,"covered":0,"skipped":0,"pct":100}}
,"/e2e/packages/sdds-insol/src/components/Progress/Progress.update-test.component-test.tsx": {"lines":{"total":32,"covered":32,"skipped":0,"pct":100},"functions":{"total":11,"covered":11,"skipped":0,"pct":100},"statements":{"total":32,"covered":32,"skipped":0,"pct":100},"branches":{"total":0,"covered":0,"skipped":0,"pct":100}}
,"/e2e/packages/sdds-insol/src/components/Radiobox/Radiobox.update-test.component-test.tsx": {"lines":{"total":35,"covered":35,"skipped":0,"pct":100},"functions":{"total":12,"covered":12,"skipped":0,"pct":100},"statements":{"total":35,"covered":35,"skipped":0,"pct":100},"branches":{"total":0,"covered":0,"skipped":0,"pct":100}}
,"/e2e/packages/sdds-insol/src/components/Range/Range.update-test.component-test.tsx": {"lines":{"total":41,"covered":41,"skipped":0,"pct":100},"functions":{"total":14,"covered":14,"skipped":0,"pct":100},"statements":{"total":42,"covered":42,"skipped":0,"pct":100},"branches":{"total":2,"covered":2,"skipped":0,"pct":100}}
,"/e2e/packages/sdds-insol/src/components/Rating/Rating.component-test.tsx": {"lines":{"total":30,"covered":30,"skipped":0,"pct":100},"functions":{"total":11,"covered":11,"skipped":0,"pct":100},"statements":{"total":30,"covered":30,"skipped":0,"pct":100},"branches":{"total":5,"covered":5,"skipped":0,"pct":100}}
,"/e2e/packages/sdds-insol/src/components/Segment/Segment.update-test.component-test.tsx": {"lines":{"total":39,"covered":39,"skipped":0,"pct":100},"functions":{"total":9,"covered":9,"skipped":0,"pct":100},"statements":{"total":39,"covered":39,"skipped":0,"pct":100},"branches":{"total":0,"covered":0,"skipped":0,"pct":100}}
,"/e2e/packages/sdds-insol/src/components/Select/Select.component-test.tsx": {"lines":{"total":372,"covered":372,"skipped":0,"pct":100},"functions":{"total":44,"covered":44,"skipped":0,"pct":100},"statements":{"total":372,"covered":372,"skipped":0,"pct":100},"branches":{"total":6,"covered":6,"skipped":0,"pct":100}}
,"/e2e/packages/sdds-insol/src/components/Sheet/Sheet.component-test.tsx": {"lines":{"total":26,"covered":26,"skipped":0,"pct":100},"functions":{"total":8,"covered":8,"skipped":0,"pct":100},"statements":{"total":27,"covered":27,"skipped":0,"pct":100},"branches":{"total":0,"covered":0,"skipped":0,"pct":100}}
,"/e2e/packages/sdds-insol/src/components/Skeleton/Skeleton.component-test.tsx": {"lines":{"total":60,"covered":60,"skipped":0,"pct":100},"functions":{"total":24,"covered":24,"skipped":0,"pct":100},"statements":{"total":61,"covered":61,"skipped":0,"pct":100},"branches":{"total":0,"covered":0,"skipped":0,"pct":100}}
,"/e2e/packages/sdds-insol/src/components/Slider/Slider.update-test.component-test.tsx": {"lines":{"total":26,"covered":26,"skipped":0,"pct":100},"functions":{"total":8,"covered":8,"skipped":0,"pct":100},"statements":{"total":26,"covered":26,"skipped":0,"pct":100},"branches":{"total":0,"covered":0,"skipped":0,"pct":100}}
,"/e2e/packages/sdds-insol/src/components/Steps/Steps.component-test.tsx": {"lines":{"total":118,"covered":118,"skipped":0,"pct":100},"functions":{"total":59,"covered":59,"skipped":0,"pct":100},"statements":{"total":121,"covered":121,"skipped":0,"pct":100},"branches":{"total":9,"covered":7,"skipped":0,"pct":77.78}}
,"/e2e/packages/sdds-insol/src/components/Switch/Switch.update-test.component-test.tsx": {"lines":{"total":40,"covered":40,"skipped":0,"pct":100},"functions":{"total":12,"covered":12,"skipped":0,"pct":100},"statements":{"total":40,"covered":40,"skipped":0,"pct":100},"branches":{"total":0,"covered":0,"skipped":0,"pct":100}}
,"/e2e/packages/sdds-insol/src/components/Table/Table.component-test.tsx": {"lines":{"total":101,"covered":98,"skipped":0,"pct":97.03},"functions":{"total":19,"covered":19,"skipped":0,"pct":100},"statements":{"total":103,"covered":99,"skipped":0,"pct":96.12},"branches":{"total":7,"covered":3,"skipped":0,"pct":42.86}}
,"/e2e/packages/sdds-insol/src/components/Tabs/Tabs.update-test.component-test.tsx": {"lines":{"total":42,"covered":42,"skipped":0,"pct":100},"functions":{"total":17,"covered":17,"skipped":0,"pct":100},"statements":{"total":42,"covered":42,"skipped":0,"pct":100},"branches":{"total":0,"covered":0,"skipped":0,"pct":100}}
,"/e2e/packages/sdds-insol/src/components/TextArea/TextArea.update-test.component-test.tsx": {"lines":{"total":99,"covered":99,"skipped":0,"pct":100},"functions":{"total":28,"covered":28,"skipped":0,"pct":100},"statements":{"total":99,"covered":99,"skipped":0,"pct":100},"branches":{"total":0,"covered":0,"skipped":0,"pct":100}}
,"/e2e/packages/sdds-insol/src/components/TextField/TextField.update-test.component-test.tsx": {"lines":{"total":85,"covered":85,"skipped":0,"pct":100},"functions":{"total":25,"covered":25,"skipped":0,"pct":100},"statements":{"total":85,"covered":85,"skipped":0,"pct":100},"branches":{"total":0,"covered":0,"skipped":0,"pct":100}}
,"/e2e/packages/sdds-insol/src/components/TextFieldGroup/TextFieldGroup.component-test.tsx": {"lines":{"total":30,"covered":30,"skipped":0,"pct":100},"functions":{"total":8,"covered":8,"skipped":0,"pct":100},"statements":{"total":31,"covered":31,"skipped":0,"pct":100},"branches":{"total":0,"covered":0,"skipped":0,"pct":100}}
,"/e2e/packages/sdds-insol/src/components/Toast/Toast.component-test.tsx": {"lines":{"total":105,"covered":105,"skipped":0,"pct":100},"functions":{"total":28,"covered":28,"skipped":0,"pct":100},"statements":{"total":107,"covered":107,"skipped":0,"pct":100},"branches":{"total":2,"covered":2,"skipped":0,"pct":100}}
,"/e2e/packages/sdds-insol/src/components/Toolbar/Toolbar.component-test.tsx": {"lines":{"total":21,"covered":21,"skipped":0,"pct":100},"functions":{"total":11,"covered":11,"skipped":0,"pct":100},"statements":{"total":21,"covered":21,"skipped":0,"pct":100},"branches":{"total":0,"covered":0,"skipped":0,"pct":100}}
,"/e2e/packages/sdds-insol/src/components/Tooltip/Tooltip.component-test.tsx": {"lines":{"total":72,"covered":72,"skipped":0,"pct":100},"functions":{"total":22,"covered":22,"skipped":0,"pct":100},"statements":{"total":73,"covered":73,"skipped":0,"pct":100},"branches":{"total":0,"covered":0,"skipped":0,"pct":100}}
,"/e2e/packages/sdds-insol/src/components/Tree/Tree.component-test.tsx": {"lines":{"total":76,"covered":76,"skipped":0,"pct":100},"functions":{"total":18,"covered":18,"skipped":0,"pct":100},"statements":{"total":76,"covered":76,"skipped":0,"pct":100},"branches":{"total":0,"covered":0,"skipped":0,"pct":100}}
,"/e2e/packages/sdds-insol/src/components/Typography/Typography.component-test.tsx": {"lines":{"total":70,"covered":70,"skipped":0,"pct":100},"functions":{"total":13,"covered":13,"skipped":0,"pct":100},"statements":{"total":70,"covered":70,"skipped":0,"pct":100},"branches":{"total":0,"covered":0,"skipped":0,"pct":100}}
}
