TN:
SF:packages/sdds-insol/src/components/Accordion/Accordion.update-test.component-test.tsx
FN:4,(anonymous_0)
FN:12,(anonymous_1)
FN:34,(anonymous_2)
FN:56,(anonymous_3)
FN:78,(anonymous_4)
FN:94,(anonymous_5)
FNF:6
FNH:6
FNDA:6,(anonymous_0)
FNDA:6,(anonymous_1)
FNDA:5,(anonymous_2)
FNDA:4,(anonymous_3)
FNDA:3,(anonymous_4)
FNDA:2,(anonymous_5)
DA:4,6
DA:5,6
DA:6,6
DA:8,6
DA:10,6
DA:12,6
DA:13,6
DA:29,6
DA:31,6
DA:34,6
DA:35,5
DA:51,5
DA:53,5
DA:56,6
DA:57,4
DA:73,4
DA:75,4
DA:78,6
DA:79,3
DA:89,3
DA:91,3
DA:94,6
DA:95,2
DA:105,2
LF:24
LH:24
BRF:0
BRH:0
end_of_record
TN:
SF:packages/sdds-insol/src/components/Attach/Attach.update-test.component-test.tsx
FN:5,(anonymous_0)
FN:9,(anonymous_1)
FN:12,(anonymous_2)
FN:25,(anonymous_3)
FN:38,(anonymous_4)
FN:51,(anonymous_5)
FN:64,(anonymous_6)
FN:77,(anonymous_7)
FN:90,(anonymous_8)
FN:103,(anonymous_9)
FN:116,(anonymous_10)
FN:129,(anonymous_11)
FN:142,(anonymous_12)
FN:155,(anonymous_13)
FN:170,(anonymous_14)
FNF:15
FNH:15
FNDA:51,(anonymous_0)
FNDA:14,(anonymous_1)
FNDA:14,(anonymous_2)
FNDA:13,(anonymous_3)
FNDA:12,(anonymous_4)
FNDA:11,(anonymous_5)
FNDA:10,(anonymous_6)
FNDA:9,(anonymous_7)
FNDA:8,(anonymous_8)
FNDA:7,(anonymous_9)
FNDA:6,(anonymous_10)
FNDA:5,(anonymous_11)
FNDA:4,(anonymous_12)
FNDA:3,(anonymous_13)
FNDA:2,(anonymous_14)
DA:5,51
DA:6,14
DA:7,14
DA:9,14
DA:10,14
DA:12,14
DA:13,14
DA:19,14
DA:20,14
DA:22,14
DA:25,14
DA:26,13
DA:32,13
DA:33,13
DA:35,13
DA:38,14
DA:39,12
DA:45,12
DA:46,12
DA:48,12
DA:51,14
DA:52,11
DA:58,11
DA:59,11
DA:61,11
DA:64,14
DA:65,10
DA:71,10
DA:72,10
DA:74,10
DA:77,14
DA:78,9
DA:84,9
DA:85,9
DA:87,9
DA:90,14
DA:91,8
DA:97,8
DA:98,8
DA:100,8
DA:103,14
DA:104,7
DA:110,7
DA:111,7
DA:113,7
DA:116,14
DA:117,6
DA:123,6
DA:124,6
DA:126,6
DA:129,14
DA:130,5
DA:136,5
DA:137,5
DA:139,5
DA:142,14
DA:143,4
DA:149,4
DA:150,4
DA:152,4
DA:155,14
DA:156,3
DA:162,3
DA:163,3
DA:164,3
DA:165,3
DA:167,3
DA:170,14
DA:171,2
DA:177,2
DA:178,2
DA:180,2
LF:72
LH:72
BRF:0
BRH:0
end_of_record
TN:
SF:packages/sdds-insol/src/components/Autocomplete/Autocomplete.component-test.tsx
FN:57,(anonymous_0)
FN:60,DemoWithPortal
FN:70,(anonymous_2)
FN:84,(anonymous_3)
FN:160,(anonymous_4)
FN:236,(anonymous_5)
FN:320,(anonymous_6)
FN:404,(anonymous_7)
FN:418,(anonymous_8)
FN:432,(anonymous_9)
FN:450,(anonymous_10)
FN:464,(anonymous_11)
FN:490,(anonymous_12)
FN:506,(anonymous_13)
FN:528,(anonymous_14)
FN:550,(anonymous_15)
FN:560,(anonymous_16)
FN:572,(anonymous_17)
FN:594,(anonymous_18)
FN:617,(anonymous_19)
FNF:20
FNH:20
FNDA:18,(anonymous_0)
FNDA:10,DemoWithPortal
FNDA:18,(anonymous_2)
FNDA:17,(anonymous_3)
FNDA:16,(anonymous_4)
FNDA:15,(anonymous_5)
FNDA:14,(anonymous_6)
FNDA:13,(anonymous_7)
FNDA:12,(anonymous_8)
FNDA:11,(anonymous_9)
FNDA:10,(anonymous_10)
FNDA:9,(anonymous_11)
FNDA:8,(anonymous_12)
FNDA:7,(anonymous_13)
FNDA:6,(anonymous_14)
FNDA:5,(anonymous_15)
FNDA:75,(anonymous_16)
FNDA:4,(anonymous_17)
FNDA:3,(anonymous_18)
FNDA:2,(anonymous_19)
DA:4,18
DA:57,18
DA:58,18
DA:61,10
DA:63,10
DA:70,18
DA:71,18
DA:73,18
DA:79,18
DA:80,18
DA:81,18
DA:84,18
DA:85,17
DA:87,17
DA:157,17
DA:160,18
DA:161,16
DA:163,16
DA:233,16
DA:236,18
DA:237,15
DA:239,15
DA:317,15
DA:320,18
DA:321,14
DA:323,14
DA:401,14
DA:404,18
DA:405,13
DA:407,13
DA:413,13
DA:414,13
DA:415,13
DA:418,18
DA:419,12
DA:421,12
DA:427,12
DA:428,12
DA:429,12
DA:432,18
DA:433,11
DA:435,11
DA:441,11
DA:442,11
DA:443,11
DA:444,11
DA:445,11
DA:446,11
DA:447,11
DA:450,18
DA:451,10
DA:457,10
DA:458,10
DA:461,10
DA:464,18
DA:465,9
DA:467,9
DA:487,9
DA:490,18
DA:491,8
DA:493,8
DA:503,8
DA:506,18
DA:507,7
DA:509,7
DA:522,7
DA:523,7
DA:525,7
DA:528,18
DA:529,6
DA:531,6
DA:544,6
DA:545,6
DA:547,6
DA:550,18
DA:551,5
DA:553,5
DA:560,75
DA:566,5
DA:567,5
DA:569,5
DA:572,18
DA:573,4
DA:575,4
DA:589,4
DA:591,4
DA:594,18
DA:595,3
DA:597,3
DA:611,3
DA:612,3
DA:614,3
DA:617,18
DA:618,2
DA:620,2
DA:626,2
DA:627,2
DA:630,2
DA:631,2
DA:632,2
DA:633,2
DA:634,2
DA:635,2
DA:636,2
DA:637,2
DA:638,2
DA:639,2
DA:640,2
DA:643,2
DA:644,2
DA:645,2
DA:646,2
DA:647,2
DA:648,2
DA:649,2
DA:650,2
DA:651,2
DA:652,2
DA:653,2
DA:656,2
DA:657,2
DA:658,2
DA:659,2
DA:660,2
DA:663,2
DA:664,2
LF:126
LH:126
BRF:0
BRH:0
end_of_record
TN:
SF:packages/sdds-insol/src/components/Avatar/Avatar.update-test.component-test.tsx
FN:7,(anonymous_0)
FN:11,(anonymous_1)
FN:14,(anonymous_2)
FN:25,(anonymous_3)
FN:35,(anonymous_4)
FN:46,(anonymous_5)
FN:57,(anonymous_6)
FN:68,(anonymous_7)
FN:90,(anonymous_8)
FN:111,(anonymous_9)
FN:130,(anonymous_10)
FN:150,(anonymous_11)
FN:169,(anonymous_12)
FN:188,(anonymous_13)
FN:207,(anonymous_14)
FN:227,(anonymous_15)
FN:248,(anonymous_16)
FN:269,(anonymous_17)
FN:290,(anonymous_18)
FN:311,(anonymous_19)
FN:331,(anonymous_20)
FN:351,(anonymous_21)
FNF:22
FNH:22
FNDA:31,(anonymous_0)
FNDA:21,(anonymous_1)
FNDA:21,(anonymous_2)
FNDA:20,(anonymous_3)
FNDA:19,(anonymous_4)
FNDA:18,(anonymous_5)
FNDA:17,(anonymous_6)
FNDA:16,(anonymous_7)
FNDA:15,(anonymous_8)
FNDA:14,(anonymous_9)
FNDA:13,(anonymous_10)
FNDA:12,(anonymous_11)
FNDA:11,(anonymous_12)
FNDA:10,(anonymous_13)
FNDA:9,(anonymous_14)
FNDA:8,(anonymous_15)
FNDA:7,(anonymous_16)
FNDA:6,(anonymous_17)
FNDA:5,(anonymous_18)
FNDA:4,(anonymous_19)
FNDA:3,(anonymous_20)
FNDA:2,(anonymous_21)
DA:7,31
DA:9,21
DA:11,21
DA:12,21
DA:14,21
DA:15,21
DA:21,21
DA:22,21
DA:25,21
DA:26,20
DA:32,20
DA:35,21
DA:36,19
DA:42,19
DA:43,19
DA:46,21
DA:47,18
DA:53,18
DA:54,18
DA:57,21
DA:58,17
DA:64,17
DA:65,17
DA:68,21
DA:69,16
DA:86,16
DA:87,16
DA:90,21
DA:91,15
DA:107,15
DA:108,15
DA:111,21
DA:112,14
DA:126,14
DA:127,14
DA:130,21
DA:131,13
DA:146,13
DA:147,13
DA:150,21
DA:151,12
DA:165,12
DA:166,12
DA:169,21
DA:170,11
DA:184,11
DA:185,11
DA:188,21
DA:189,10
DA:203,10
DA:204,10
DA:207,21
DA:208,9
DA:223,9
DA:224,9
DA:227,21
DA:228,8
DA:244,8
DA:245,8
DA:248,21
DA:249,7
DA:265,7
DA:266,7
DA:269,21
DA:270,6
DA:286,6
DA:287,6
DA:290,21
DA:291,5
DA:307,5
DA:308,5
DA:311,21
DA:312,4
DA:327,4
DA:328,4
DA:331,21
DA:332,3
DA:347,3
DA:348,3
DA:351,21
DA:352,2
DA:367,2
DA:368,2
LF:83
LH:83
BRF:0
BRH:0
end_of_record
TN:
SF:packages/sdds-insol/src/components/AvatarGroup/AvatarGroup.component-test.tsx
FN:6,(anonymous_0)
FN:10,(anonymous_1)
FN:16,(anonymous_2)
FNF:3
FNH:3
FNDA:2,(anonymous_0)
FNDA:2,(anonymous_1)
FNDA:10,(anonymous_2)
DA:4,2
DA:6,2
DA:7,2
DA:8,2
DA:10,2
DA:11,2
DA:17,10
DA:23,2
DA:24,2
LF:9
LH:9
BRF:0
BRH:0
end_of_record
TN:
SF:packages/sdds-insol/src/components/Badge/Badge.update-test.component-test.tsx
FN:5,(anonymous_0)
FN:7,(anonymous_1)
FN:10,(anonymous_2)
FN:20,(anonymous_3)
FN:30,(anonymous_4)
FN:40,(anonymous_5)
FN:50,(anonymous_6)
FN:60,(anonymous_7)
FN:70,(anonymous_8)
FN:80,(anonymous_9)
FN:90,(anonymous_10)
FN:100,(anonymous_11)
FN:116,(anonymous_12)
FNF:13
FNH:13
FNDA:35,(anonymous_0)
FNDA:12,(anonymous_1)
FNDA:12,(anonymous_2)
FNDA:11,(anonymous_3)
FNDA:10,(anonymous_4)
FNDA:9,(anonymous_5)
FNDA:8,(anonymous_6)
FNDA:7,(anonymous_7)
FNDA:6,(anonymous_8)
FNDA:5,(anonymous_9)
FNDA:4,(anonymous_10)
FNDA:3,(anonymous_11)
FNDA:2,(anonymous_12)
DA:5,35
DA:7,12
DA:8,12
DA:10,12
DA:11,12
DA:17,12
DA:20,12
DA:21,11
DA:27,11
DA:30,12
DA:31,10
DA:37,10
DA:40,12
DA:41,9
DA:47,9
DA:50,12
DA:51,8
DA:57,8
DA:60,12
DA:61,7
DA:67,7
DA:70,12
DA:71,6
DA:77,6
DA:80,12
DA:81,5
DA:87,5
DA:90,12
DA:91,4
DA:97,4
DA:100,12
DA:101,3
DA:113,3
DA:116,12
DA:117,2
DA:123,2
LF:36
LH:36
BRF:0
BRH:0
end_of_record
TN:
SF:packages/sdds-insol/src/components/Breadcrumbs/Breadcrumbs.update-test.component-test.tsx
FN:10,(anonymous_0)
FN:18,(anonymous_1)
FN:39,(anonymous_2)
FN:42,(anonymous_3)
FN:52,(anonymous_4)
FN:62,(anonymous_5)
FN:72,(anonymous_6)
FN:82,(anonymous_7)
FNF:8
FNH:1
FNDA:0,(anonymous_0)
FNDA:0,(anonymous_1)
FNDA:2,(anonymous_2)
FNDA:0,(anonymous_3)
FNDA:0,(anonymous_4)
FNDA:0,(anonymous_5)
FNDA:0,(anonymous_6)
FNDA:0,(anonymous_7)
DA:7,2
DA:10,0
DA:14,2
DA:19,0
DA:29,0
DA:39,2
DA:40,2
DA:42,0
DA:43,0
DA:49,0
DA:52,0
DA:53,0
DA:59,0
DA:62,0
DA:63,0
DA:69,0
DA:72,0
DA:73,0
DA:79,0
DA:82,0
DA:83,0
DA:89,0
DA:91,0
LF:23
LH:4
BRF:0
BRH:0
end_of_record
TN:
SF:packages/sdds-insol/src/components/Button/Button.update-test.component-test.tsx
FN:7,(anonymous_0)
FN:9,(anonymous_1)
FN:12,(anonymous_2)
FN:21,(anonymous_3)
FN:30,(anonymous_4)
FN:39,(anonymous_5)
FN:48,(anonymous_6)
FN:57,(anonymous_7)
FN:66,(anonymous_8)
FN:84,(anonymous_9)
FN:101,(anonymous_10)
FN:110,(anonymous_11)
FN:119,(anonymous_12)
FN:128,(anonymous_13)
FN:137,(anonymous_14)
FNF:15
FNH:15
FNDA:48,(anonymous_0)
FNDA:14,(anonymous_1)
FNDA:14,(anonymous_2)
FNDA:13,(anonymous_3)
FNDA:12,(anonymous_4)
FNDA:11,(anonymous_5)
FNDA:10,(anonymous_6)
FNDA:9,(anonymous_7)
FNDA:8,(anonymous_8)
FNDA:7,(anonymous_9)
FNDA:6,(anonymous_10)
FNDA:5,(anonymous_11)
FNDA:4,(anonymous_12)
FNDA:3,(anonymous_13)
FNDA:2,(anonymous_14)
DA:7,48
DA:9,14
DA:10,14
DA:12,14
DA:13,14
DA:18,14
DA:21,14
DA:22,13
DA:27,13
DA:30,14
DA:31,12
DA:36,12
DA:39,14
DA:40,11
DA:45,11
DA:48,14
DA:49,10
DA:54,10
DA:57,14
DA:58,9
DA:63,9
DA:66,14
DA:67,8
DA:81,8
DA:84,14
DA:85,7
DA:98,7
DA:101,14
DA:102,6
DA:107,6
DA:110,14
DA:111,5
DA:116,5
DA:119,14
DA:120,4
DA:125,4
DA:128,14
DA:129,3
DA:134,3
DA:137,14
DA:138,2
DA:143,2
LF:42
LH:42
BRF:0
BRH:0
end_of_record
TN:
SF:packages/sdds-insol/src/components/ButtonGroup/ButtonGroup.update-test.component-test.tsx
FN:4,(anonymous_0)
FN:8,(anonymous_1)
FN:16,(anonymous_2)
FN:29,(anonymous_3)
FN:41,(anonymous_4)
FN:53,(anonymous_5)
FN:65,(anonymous_6)
FN:77,(anonymous_7)
FN:89,(anonymous_8)
FNF:9
FNH:9
FNDA:8,(anonymous_0)
FNDA:35,(anonymous_1)
FNDA:8,(anonymous_2)
FNDA:7,(anonymous_3)
FNDA:6,(anonymous_4)
FNDA:5,(anonymous_5)
FNDA:4,(anonymous_6)
FNDA:3,(anonymous_7)
FNDA:2,(anonymous_8)
DA:4,8
DA:5,8
DA:6,8
DA:8,35
DA:16,8
DA:17,8
DA:25,8
DA:26,8
DA:29,8
DA:30,7
DA:38,7
DA:41,8
DA:42,6
DA:50,6
DA:53,8
DA:54,5
DA:62,5
DA:65,8
DA:66,4
DA:74,4
DA:77,8
DA:78,3
DA:86,3
DA:89,8
DA:90,2
DA:98,2
LF:26
LH:26
BRF:0
BRH:0
end_of_record
TN:
SF:packages/sdds-insol/src/components/Calendar/Calendar.component-test.tsx
FN:36,(anonymous_0)
FN:126,(anonymous_1)
FN:132,(anonymous_2)
FN:133,(anonymous_3)
FN:135,(anonymous_4)
FN:139,(anonymous_5)
FN:153,(anonymous_6)
FN:157,(anonymous_7)
FN:197,(anonymous_8)
FN:213,(anonymous_9)
FN:231,(anonymous_10)
FN:247,(anonymous_11)
FN:257,(anonymous_12)
FN:267,(anonymous_13)
FN:273,(anonymous_14)
FN:284,(anonymous_15)
FN:295,(anonymous_16)
FN:306,(anonymous_17)
FN:317,(anonymous_18)
FN:328,(anonymous_19)
FN:339,(anonymous_20)
FN:355,(anonymous_21)
FN:389,(anonymous_22)
FN:402,(anonymous_23)
FN:406,(anonymous_24)
FN:412,(anonymous_25)
FN:416,(anonymous_26)
FN:450,(anonymous_27)
FN:454,(anonymous_28)
FN:462,(anonymous_29)
FN:475,(anonymous_30)
FN:491,(anonymous_31)
FN:503,(anonymous_32)
FN:535,(anonymous_33)
FN:583,(anonymous_34)
FN:637,(anonymous_35)
FN:649,(anonymous_36)
FN:655,(anonymous_37)
FN:678,(anonymous_38)
FN:701,(anonymous_39)
FN:724,(anonymous_40)
FN:732,(anonymous_41)
FN:749,(anonymous_42)
FN:750,(anonymous_43)
FN:755,(anonymous_44)
FN:781,(anonymous_45)
FN:809,(anonymous_46)
FN:837,(anonymous_47)
FN:838,(anonymous_48)
FN:851,(anonymous_49)
FN:852,(anonymous_50)
FN:864,(anonymous_51)
FN:865,(anonymous_52)
FN:877,(anonymous_53)
FN:878,(anonymous_54)
FN:891,(anonymous_55)
FN:895,(anonymous_56)
FN:896,(anonymous_57)
FN:912,(anonymous_58)
FN:913,(anonymous_59)
FNF:60
FNH:59
FNDA:185,(anonymous_0)
FNDA:36,(anonymous_1)
FNDA:667,(anonymous_2)
FNDA:487,(anonymous_3)
FNDA:37,(anonymous_4)
FNDA:944,(anonymous_5)
FNDA:0,(anonymous_6)
FNDA:3776,(anonymous_7)
FNDA:37,(anonymous_8)
FNDA:36,(anonymous_9)
FNDA:35,(anonymous_10)
FNDA:34,(anonymous_11)
FNDA:33,(anonymous_12)
FNDA:32,(anonymous_13)
FNDA:31,(anonymous_14)
FNDA:30,(anonymous_15)
FNDA:29,(anonymous_16)
FNDA:28,(anonymous_17)
FNDA:27,(anonymous_18)
FNDA:26,(anonymous_19)
FNDA:25,(anonymous_20)
FNDA:24,(anonymous_21)
FNDA:23,(anonymous_22)
FNDA:37,(anonymous_23)
FNDA:442,(anonymous_24)
FNDA:190,(anonymous_25)
FNDA:1768,(anonymous_26)
FNDA:252,(anonymous_27)
FNDA:22,(anonymous_28)
FNDA:21,(anonymous_29)
FNDA:20,(anonymous_30)
FNDA:19,(anonymous_31)
FNDA:18,(anonymous_32)
FNDA:17,(anonymous_33)
FNDA:16,(anonymous_34)
FNDA:15,(anonymous_35)
FNDA:37,(anonymous_36)
FNDA:14,(anonymous_37)
FNDA:13,(anonymous_38)
FNDA:12,(anonymous_39)
FNDA:11,(anonymous_40)
FNDA:330,(anonymous_41)
FNDA:10,(anonymous_42)
FNDA:310,(anonymous_43)
FNDA:310,(anonymous_44)
FNDA:9,(anonymous_45)
FNDA:8,(anonymous_46)
FNDA:7,(anonymous_47)
FNDA:56,(anonymous_48)
FNDA:6,(anonymous_49)
FNDA:168,(anonymous_50)
FNDA:5,(anonymous_51)
FNDA:40,(anonymous_52)
FNDA:4,(anonymous_53)
FNDA:120,(anonymous_54)
FNDA:37,(anonymous_55)
FNDA:3,(anonymous_56)
FNDA:18,(anonymous_57)
FNDA:2,(anonymous_58)
FNDA:12,(anonymous_59)
DA:7,37
DA:8,37
DA:10,37
DA:36,185
DA:39,37
DA:81,37
DA:107,37
DA:122,37
DA:126,37
DA:127,36
DA:129,36
DA:132,667
DA:133,487
DA:135,37
DA:136,37
DA:137,37
DA:139,37
DA:150,944
DA:151,944
DA:153,944
DA:154,0
DA:157,944
DA:158,3776
DA:187,944
DA:194,944
DA:197,37
DA:198,37
DA:210,37
DA:213,37
DA:214,36
DA:226,36
DA:228,36
DA:231,37
DA:232,35
DA:244,35
DA:247,37
DA:248,34
DA:254,34
DA:257,37
DA:258,33
DA:264,33
DA:267,37
DA:268,32
DA:270,32
DA:273,37
DA:274,31
DA:276,31
DA:278,31
DA:284,37
DA:285,30
DA:287,30
DA:289,30
DA:295,37
DA:296,29
DA:298,29
DA:300,29
DA:306,37
DA:307,28
DA:309,28
DA:311,28
DA:317,37
DA:318,27
DA:320,27
DA:322,27
DA:328,37
DA:329,26
DA:331,26
DA:333,26
DA:339,37
DA:340,25
DA:352,25
DA:355,37
DA:356,24
DA:386,24
DA:389,37
DA:390,23
DA:398,23
DA:402,37
DA:403,37
DA:404,37
DA:406,37
DA:407,442
DA:408,442
DA:410,442
DA:412,442
DA:413,190
DA:416,442
DA:417,1768
DA:440,442
DA:447,442
DA:450,37
DA:451,252
DA:454,37
DA:455,22
DA:457,22
DA:459,22
DA:462,37
DA:463,21
DA:465,21
DA:472,21
DA:475,37
DA:476,20
DA:478,20
DA:479,20
DA:480,20
DA:482,20
DA:483,20
DA:484,20
DA:486,20
DA:487,20
DA:488,20
DA:491,37
DA:492,19
DA:494,19
DA:495,19
DA:496,19
DA:498,19
DA:499,19
DA:500,19
DA:503,37
DA:504,18
DA:506,18
DA:507,18
DA:513,18
DA:516,18
DA:520,18
DA:521,18
DA:527,18
DA:530,18
DA:535,37
DA:536,17
DA:538,17
DA:539,17
DA:540,17
DA:542,17
DA:543,17
DA:544,17
DA:546,17
DA:552,17
DA:553,17
DA:555,17
DA:556,17
DA:557,17
DA:559,17
DA:560,17
DA:561,17
DA:563,17
DA:564,17
DA:565,17
DA:567,17
DA:575,17
DA:576,17
DA:578,17
DA:579,17
DA:580,17
DA:583,37
DA:584,16
DA:586,16
DA:587,16
DA:588,16
DA:590,16
DA:597,16
DA:598,16
DA:600,16
DA:606,16
DA:607,16
DA:609,16
DA:610,16
DA:611,16
DA:613,16
DA:614,16
DA:615,16
DA:617,16
DA:618,16
DA:619,16
DA:621,16
DA:629,16
DA:630,16
DA:632,16
DA:633,16
DA:634,16
DA:637,37
DA:638,15
DA:640,15
DA:642,15
DA:649,37
DA:650,37
DA:651,37
DA:652,37
DA:653,37
DA:655,37
DA:656,14
DA:665,14
DA:667,14
DA:669,14
DA:670,14
DA:671,14
DA:673,14
DA:674,14
DA:675,14
DA:678,37
DA:679,13
DA:688,13
DA:690,13
DA:692,13
DA:693,13
DA:694,13
DA:696,13
DA:697,13
DA:698,13
DA:701,37
DA:702,12
DA:711,12
DA:713,12
DA:715,12
DA:716,12
DA:717,12
DA:719,12
DA:720,12
DA:721,12
DA:724,37
DA:725,11
DA:731,11
DA:732,330
DA:737,11
DA:739,11
DA:740,11
DA:741,11
DA:743,11
DA:745,11
DA:746,11
DA:749,37
DA:750,310
DA:755,310
DA:760,10
DA:767,10
DA:769,10
DA:771,10
DA:772,10
DA:773,10
DA:775,10
DA:777,10
DA:778,10
DA:781,37
DA:782,9
DA:784,9
DA:785,9
DA:787,9
DA:788,9
DA:790,9
DA:791,9
DA:793,9
DA:794,9
DA:796,9
DA:797,9
DA:799,9
DA:800,9
DA:802,9
DA:803,9
DA:805,9
DA:806,9
DA:809,37
DA:810,8
DA:812,8
DA:813,8
DA:815,8
DA:816,8
DA:818,8
DA:819,8
DA:821,8
DA:822,8
DA:824,8
DA:825,8
DA:827,8
DA:828,8
DA:830,8
DA:831,8
DA:833,8
DA:834,8
DA:837,37
DA:838,56
DA:842,7
DA:844,7
DA:845,7
DA:847,7
DA:848,7
DA:851,37
DA:852,168
DA:856,6
DA:858,6
DA:859,6
DA:860,6
DA:861,6
DA:864,37
DA:865,40
DA:869,5
DA:871,5
DA:872,5
DA:873,5
DA:874,5
DA:877,37
DA:878,120
DA:882,4
DA:884,4
DA:885,4
DA:886,4
DA:887,4
DA:891,37
DA:892,37
DA:893,37
DA:895,37
DA:896,18
DA:900,3
DA:904,3
DA:906,3
DA:908,3
DA:909,3
DA:912,37
DA:913,12
DA:917,2
DA:921,2
DA:923,2
DA:925,2
DA:926,2
LF:324
LH:323
BRDA:146,0,0,743
BRDA:147,1,0,288
BRDA:148,2,0,898
BRDA:149,3,0,877
BRDA:158,4,0,1092
BRDA:158,4,1,2684
BRDA:407,5,0,442
BRDA:407,6,0,442
BRDA:407,7,0,442
BRDA:410,8,0,181
BRDA:410,8,1,261
BRDA:417,9,0,104
BRDA:417,9,1,1664
BRF:13
BRH:13
end_of_record
TN:
SF:packages/sdds-insol/src/components/Calendar/CalendarRange.component-test.tsx
FN:36,(anonymous_0)
FN:40,(anonymous_1)
FN:44,(anonymous_2)
FN:48,(anonymous_3)
FN:52,(anonymous_4)
FN:88,(anonymous_5)
FN:107,(anonymous_6)
FN:125,(anonymous_7)
FN:131,(anonymous_8)
FN:139,(anonymous_9)
FN:148,(anonymous_10)
FNF:11
FNH:10
FNDA:35,(anonymous_0)
FNDA:7,(anonymous_1)
FNDA:68,(anonymous_2)
FNDA:0,(anonymous_3)
FNDA:272,(anonymous_4)
FNDA:7,(anonymous_5)
FNDA:6,(anonymous_6)
FNDA:5,(anonymous_7)
FNDA:4,(anonymous_8)
FNDA:3,(anonymous_9)
FNDA:2,(anonymous_10)
DA:10,7
DA:36,35
DA:40,7
DA:41,7
DA:42,7
DA:44,7
DA:45,68
DA:46,68
DA:48,68
DA:49,0
DA:52,68
DA:53,272
DA:78,68
DA:85,68
DA:88,7
DA:89,7
DA:101,7
DA:107,7
DA:108,6
DA:120,6
DA:122,6
DA:125,7
DA:126,5
DA:128,5
DA:131,7
DA:132,4
DA:134,4
DA:136,4
DA:139,7
DA:140,3
DA:142,3
DA:143,3
DA:145,3
DA:148,7
DA:149,2
DA:157,2
LF:36
LH:35
BRDA:45,0,0,68
BRDA:45,1,0,12
BRDA:45,2,0,64
BRDA:53,3,0,96
BRDA:53,3,1,176
BRF:5
BRH:5
end_of_record
TN:
SF:packages/sdds-insol/src/components/Carousel/Carousel.component-test.tsx
FN:18,(anonymous_0)
FN:23,(anonymous_1)
FN:27,(anonymous_2)
FN:35,(anonymous_3)
FN:48,(anonymous_4)
FN:56,(anonymous_5)
FN:74,(anonymous_6)
FN:82,(anonymous_7)
FN:95,(anonymous_8)
FN:103,(anonymous_9)
FN:116,(anonymous_10)
FN:124,(anonymous_11)
FN:137,(anonymous_12)
FN:145,(anonymous_13)
FN:158,(anonymous_14)
FN:166,(anonymous_15)
FNF:16
FNH:9
FNDA:160,(anonymous_0)
FNDA:8,(anonymous_1)
FNDA:8,(anonymous_2)
FNDA:0,(anonymous_3)
FNDA:7,(anonymous_4)
FNDA:0,(anonymous_5)
FNDA:6,(anonymous_6)
FNDA:0,(anonymous_7)
FNDA:5,(anonymous_8)
FNDA:0,(anonymous_9)
FNDA:4,(anonymous_10)
FNDA:0,(anonymous_11)
FNDA:3,(anonymous_12)
FNDA:0,(anonymous_13)
FNDA:2,(anonymous_14)
FNDA:0,(anonymous_15)
DA:5,8
DA:16,8
DA:18,160
DA:23,8
DA:24,8
DA:25,8
DA:27,8
DA:28,8
DA:30,8
DA:36,0
DA:45,0
DA:48,8
DA:49,7
DA:51,7
DA:57,0
DA:66,0
DA:69,0
DA:71,0
DA:74,8
DA:75,6
DA:77,6
DA:83,0
DA:92,0
DA:95,8
DA:96,5
DA:98,5
DA:104,0
DA:113,0
DA:116,8
DA:117,4
DA:119,4
DA:125,0
DA:134,0
DA:137,8
DA:138,3
DA:140,3
DA:146,0
DA:155,0
DA:158,8
DA:159,2
DA:161,2
DA:167,0
DA:176,0
LF:43
LH:27
BRF:0
BRH:0
end_of_record
TN:
SF:packages/sdds-insol/src/components/Cell/Cell.update-test.component-test.tsx
FN:5,(anonymous_0)
FN:7,(anonymous_1)
FN:13,(anonymous_2)
FN:30,(anonymous_3)
FN:40,(anonymous_4)
FN:50,(anonymous_5)
FN:60,(anonymous_6)
FN:80,(anonymous_7)
FN:100,(anonymous_8)
FNF:9
FNH:9
FNDA:23,(anonymous_0)
FNDA:8,(anonymous_1)
FNDA:8,(anonymous_2)
FNDA:7,(anonymous_3)
FNDA:6,(anonymous_4)
FNDA:5,(anonymous_5)
FNDA:4,(anonymous_6)
FNDA:3,(anonymous_7)
FNDA:2,(anonymous_8)
DA:5,23
DA:7,8
DA:8,8
DA:9,8
DA:11,8
DA:13,8
DA:14,8
DA:27,8
DA:30,8
DA:31,7
DA:37,7
DA:40,8
DA:41,6
DA:47,6
DA:50,8
DA:51,5
DA:57,5
DA:60,8
DA:61,4
DA:77,4
DA:80,8
DA:81,3
DA:97,3
DA:100,8
DA:101,2
DA:117,2
LF:26
LH:26
BRF:0
BRH:0
end_of_record
TN:
SF:packages/sdds-insol/src/components/Checkbox/Checkbox.update-test.component-test.tsx
FN:4,(anonymous_0)
FN:82,(anonymous_1)
FN:92,(anonymous_2)
FN:102,(anonymous_3)
FN:112,(anonymous_4)
FN:131,(anonymous_5)
FN:141,(anonymous_6)
FN:151,(anonymous_7)
FN:161,(anonymous_8)
FN:171,(anonymous_9)
FN:181,(anonymous_10)
FN:191,(anonymous_11)
FN:201,(anonymous_12)
FN:205,(anonymous_13)
FN:218,(anonymous_14)
FNF:15
FNH:15
FNDA:14,(anonymous_0)
FNDA:14,(anonymous_1)
FNDA:13,(anonymous_2)
FNDA:12,(anonymous_3)
FNDA:11,(anonymous_4)
FNDA:10,(anonymous_5)
FNDA:9,(anonymous_6)
FNDA:8,(anonymous_7)
FNDA:7,(anonymous_8)
FNDA:6,(anonymous_9)
FNDA:5,(anonymous_10)
FNDA:4,(anonymous_11)
FNDA:3,(anonymous_12)
FNDA:27,(anonymous_13)
FNDA:2,(anonymous_14)
DA:4,14
DA:5,14
DA:6,14
DA:7,14
DA:8,14
DA:9,14
DA:10,14
DA:82,14
DA:83,14
DA:89,14
DA:92,14
DA:93,13
DA:99,13
DA:102,14
DA:103,12
DA:109,12
DA:112,14
DA:113,11
DA:128,11
DA:131,14
DA:132,10
DA:138,10
DA:141,14
DA:142,9
DA:148,9
DA:151,14
DA:152,8
DA:158,8
DA:161,14
DA:162,7
DA:168,7
DA:171,14
DA:172,6
DA:178,6
DA:181,14
DA:182,5
DA:188,5
DA:191,14
DA:192,4
DA:198,4
DA:201,14
DA:202,3
DA:206,27
DA:214,3
DA:215,3
DA:218,14
DA:219,2
DA:225,2
DA:226,2
LF:49
LH:49
BRDA:206,0,0,21
BRDA:206,0,1,6
BRF:2
BRH:2
end_of_record
TN:
SF:packages/sdds-insol/src/components/Chip/Chip.update-test.component-test.tsx
FN:7,(anonymous_0)
FN:9,(anonymous_1)
FN:12,(anonymous_2)
FN:22,(anonymous_3)
FN:32,(anonymous_4)
FN:42,(anonymous_5)
FN:52,(anonymous_6)
FN:62,(anonymous_7)
FNF:8
FNH:8
FNDA:6,(anonymous_0)
FNDA:7,(anonymous_1)
FNDA:7,(anonymous_2)
FNDA:6,(anonymous_3)
FNDA:5,(anonymous_4)
FNDA:4,(anonymous_5)
FNDA:3,(anonymous_6)
FNDA:2,(anonymous_7)
DA:7,7
DA:9,7
DA:10,7
DA:12,7
DA:13,7
DA:19,7
DA:22,7
DA:23,6
DA:29,6
DA:32,7
DA:33,5
DA:39,5
DA:42,7
DA:43,4
DA:49,4
DA:52,7
DA:53,3
DA:59,3
DA:62,7
DA:63,2
DA:73,2
LF:21
LH:21
BRF:0
BRH:0
end_of_record
TN:
SF:packages/sdds-insol/src/components/ChipGroup/ChipGroup.update-test.component-test.tsx
FN:8,(anonymous_0)
FN:12,(anonymous_1)
FN:15,(anonymous_2)
FN:17,(anonymous_3)
FN:23,(anonymous_4)
FN:35,(anonymous_5)
FN:47,(anonymous_6)
FN:59,(anonymous_7)
FN:71,(anonymous_8)
FN:81,(anonymous_9)
FNF:10
FNH:10
FNDA:7,(anonymous_0)
FNDA:22,(anonymous_1)
FNDA:275,(anonymous_2)
FNDA:5,(anonymous_3)
FNDA:7,(anonymous_4)
FNDA:6,(anonymous_5)
FNDA:5,(anonymous_6)
FNDA:4,(anonymous_7)
FNDA:3,(anonymous_8)
FNDA:2,(anonymous_9)
DA:8,7
DA:9,7
DA:10,7
DA:12,7
DA:13,22
DA:15,275
DA:17,7
DA:23,7
DA:24,7
DA:32,7
DA:35,7
DA:36,6
DA:44,6
DA:47,7
DA:48,5
DA:56,5
DA:59,7
DA:60,4
DA:68,4
DA:71,7
DA:72,3
DA:78,3
DA:81,7
DA:82,2
DA:88,2
LF:25
LH:25
BRDA:12,0,0,11
BRF:1
BRH:1
end_of_record
TN:
SF:packages/sdds-insol/src/components/CodeField/CodeField.component-test.tsx
FN:6,(anonymous_0)
FN:10,(anonymous_1)
FN:21,(anonymous_2)
FN:32,(anonymous_3)
FN:42,(anonymous_4)
FN:55,(anonymous_5)
FN:66,(anonymous_6)
FN:86,(anonymous_7)
FN:97,(anonymous_8)
FN:98,(anonymous_9)
FN:106,(anonymous_10)
FN:120,(anonymous_11)
FN:134,(anonymous_12)
FN:149,(anonymous_13)
FN:150,(anonymous_14)
FN:156,(anonymous_15)
FN:168,(anonymous_16)
FN:182,(anonymous_17)
FN:197,(anonymous_18)
FNF:19
FNH:19
FNDA:14,(anonymous_0)
FNDA:14,(anonymous_1)
FNDA:13,(anonymous_2)
FNDA:12,(anonymous_3)
FNDA:11,(anonymous_4)
FNDA:10,(anonymous_5)
FNDA:9,(anonymous_6)
FNDA:8,(anonymous_7)
FNDA:14,(anonymous_8)
FNDA:15,(anonymous_9)
FNDA:6,(anonymous_10)
FNDA:5,(anonymous_11)
FNDA:4,(anonymous_12)
FNDA:14,(anonymous_13)
FNDA:10,(anonymous_14)
FNDA:5,(anonymous_15)
FNDA:3,(anonymous_16)
FNDA:2,(anonymous_17)
FNDA:7,(anonymous_18)
DA:6,14
DA:7,14
DA:8,14
DA:10,14
DA:11,14
DA:18,14
DA:21,14
DA:22,13
DA:29,13
DA:32,14
DA:33,12
DA:39,12
DA:42,14
DA:43,11
DA:52,11
DA:55,14
DA:56,10
DA:63,10
DA:66,14
DA:67,9
DA:83,9
DA:86,14
DA:87,8
DA:94,8
DA:97,14
DA:98,14
DA:103,15
DA:106,14
DA:107,6
DA:113,6
DA:115,6
DA:117,6
DA:120,14
DA:121,5
DA:127,5
DA:129,5
DA:131,5
DA:134,14
DA:135,4
DA:141,4
DA:143,4
DA:145,4
DA:149,14
DA:150,14
DA:155,10
DA:156,10
DA:158,10
DA:168,14
DA:169,3
DA:175,3
DA:177,3
DA:179,3
DA:182,14
DA:183,2
DA:189,2
DA:191,2
DA:193,2
DA:197,14
DA:198,7
DA:204,7
DA:205,7
DA:207,7
LF:62
LH:62
BRF:0
BRH:0
end_of_record
TN:
SF:packages/sdds-insol/src/components/Combobox/Combobox.component-test.tsx
FN:218,(anonymous_0)
FN:221,(anonymous_1)
FN:584,(anonymous_2)
FN:592,(anonymous_3)
FN:600,(anonymous_4)
FN:608,(anonymous_5)
FN:616,(anonymous_6)
FN:624,(anonymous_7)
FN:632,(anonymous_8)
FN:640,(anonymous_9)
FN:705,(anonymous_10)
FN:914,(anonymous_11)
FN:922,(anonymous_12)
FN:941,(anonymous_13)
FN:946,(anonymous_14)
FN:978,(anonymous_15)
FN:983,(anonymous_16)
FN:1016,(anonymous_17)
FN:1019,(anonymous_18)
FN:1040,(anonymous_19)
FN:1045,(anonymous_20)
FN:1061,(anonymous_21)
FN:1100,(anonymous_22)
FN:1107,(anonymous_23)
FN:1119,(anonymous_24)
FN:1139,(anonymous_25)
FN:1175,(anonymous_26)
FN:1212,(anonymous_27)
FN:1230,(anonymous_28)
FN:1244,(anonymous_29)
FN:1260,(anonymous_30)
FN:1272,(anonymous_31)
FN:1294,(anonymous_32)
FN:1316,(anonymous_33)
FN:1343,(anonymous_34)
FN:1362,(anonymous_35)
FN:1387,(anonymous_36)
FN:1390,(anonymous_37)
FN:1445,(anonymous_38)
FN:1448,(anonymous_39)
FN:1512,(anonymous_40)
FN:1515,(anonymous_41)
FN:1550,(anonymous_42)
FN:1553,(anonymous_43)
FN:1598,(anonymous_44)
FN:1601,(anonymous_45)
FN:1604,(anonymous_46)
FN:1621,(anonymous_47)
FN:1624,(anonymous_48)
FN:1657,(anonymous_49)
FN:1660,(anonymous_50)
FN:1845,(anonymous_51)
FN:1848,(anonymous_52)
FN:1852,(anonymous_53)
FN:1898,(anonymous_54)
FN:1901,(anonymous_55)
FN:1904,(anonymous_56)
FN:1946,(anonymous_57)
FN:1949,(anonymous_58)
FN:1952,(anonymous_59)
FN:1993,(anonymous_60)
FN:1996,(anonymous_61)
FN:2000,(anonymous_62)
FN:2030,(anonymous_63)
FN:2033,(anonymous_64)
FN:2037,(anonymous_65)
FNF:66
FNH:65
FNDA:39,(anonymous_0)
FNDA:219,(anonymous_1)
FNDA:1535,(anonymous_2)
FNDA:39,(anonymous_3)
FNDA:38,(anonymous_4)
FNDA:37,(anonymous_5)
FNDA:36,(anonymous_6)
FNDA:35,(anonymous_7)
FNDA:34,(anonymous_8)
FNDA:33,(anonymous_9)
FNDA:32,(anonymous_10)
FNDA:31,(anonymous_11)
FNDA:30,(anonymous_12)
FNDA:29,(anonymous_13)
FNDA:2900,(anonymous_14)
FNDA:28,(anonymous_15)
FNDA:2800,(anonymous_16)
FNDA:27,(anonymous_17)
FNDA:27,(anonymous_18)
FNDA:26,(anonymous_19)
FNDA:52,(anonymous_20)
FNDA:25,(anonymous_21)
FNDA:24,(anonymous_22)
FNDA:0,(anonymous_23)
FNDA:48,(anonymous_24)
FNDA:23,(anonymous_25)
FNDA:22,(anonymous_26)
FNDA:21,(anonymous_27)
FNDA:20,(anonymous_28)
FNDA:19,(anonymous_29)
FNDA:18,(anonymous_30)
FNDA:17,(anonymous_31)
FNDA:16,(anonymous_32)
FNDA:15,(anonymous_33)
FNDA:14,(anonymous_34)
FNDA:14,(anonymous_35)
FNDA:13,(anonymous_36)
FNDA:13,(anonymous_37)
FNDA:12,(anonymous_38)
FNDA:48,(anonymous_39)
FNDA:11,(anonymous_40)
FNDA:11,(anonymous_41)
FNDA:10,(anonymous_42)
FNDA:50,(anonymous_43)
FNDA:9,(anonymous_44)
FNDA:18,(anonymous_45)
FNDA:18,(anonymous_46)
FNDA:8,(anonymous_47)
FNDA:8,(anonymous_48)
FNDA:7,(anonymous_49)
FNDA:7,(anonymous_50)
FNDA:6,(anonymous_51)
FNDA:6,(anonymous_52)
FNDA:24,(anonymous_53)
FNDA:5,(anonymous_54)
FNDA:15,(anonymous_55)
FNDA:5,(anonymous_56)
FNDA:4,(anonymous_57)
FNDA:20,(anonymous_58)
FNDA:4,(anonymous_59)
FNDA:3,(anonymous_60)
FNDA:6,(anonymous_61)
FNDA:3,(anonymous_62)
FNDA:2,(anonymous_63)
FNDA:4,(anonymous_64)
FNDA:2,(anonymous_65)
DA:4,39
DA:218,39
DA:219,39
DA:221,39
DA:222,219
DA:223,219
DA:225,219
DA:584,39
DA:585,1535
DA:592,39
DA:593,39
DA:595,39
DA:597,39
DA:600,39
DA:601,38
DA:603,38
DA:605,38
DA:608,39
DA:609,37
DA:611,37
DA:613,37
DA:616,39
DA:617,36
DA:619,36
DA:621,36
DA:624,39
DA:625,35
DA:627,35
DA:629,35
DA:632,39
DA:633,34
DA:635,34
DA:637,34
DA:640,39
DA:641,33
DA:643,33
DA:702,33
DA:705,39
DA:706,32
DA:708,32
DA:710,32
DA:911,32
DA:914,39
DA:915,31
DA:917,31
DA:919,31
DA:922,39
DA:923,30
DA:925,30
DA:938,30
DA:941,39
DA:942,29
DA:944,29
DA:946,2900
DA:948,29
DA:975,29
DA:978,39
DA:979,28
DA:981,28
DA:983,2800
DA:985,28
DA:1013,28
DA:1016,39
DA:1017,27
DA:1019,27
DA:1020,27
DA:1022,27
DA:1033,27
DA:1035,27
DA:1036,27
DA:1037,27
DA:1040,39
DA:1041,26
DA:1043,26
DA:1045,52
DA:1056,26
DA:1058,26
DA:1061,39
DA:1062,25
DA:1064,25
DA:1091,25
DA:1092,25
DA:1094,25
DA:1095,25
DA:1097,25
DA:1100,39
DA:1101,24
DA:1103,24
DA:1107,0
DA:1119,48
DA:1131,24
DA:1132,24
DA:1133,24
DA:1134,24
DA:1136,24
DA:1139,39
DA:1140,23
DA:1142,23
DA:1160,23
DA:1161,23
DA:1162,23
DA:1163,23
DA:1164,23
DA:1165,23
DA:1167,23
DA:1168,23
DA:1169,23
DA:1170,23
DA:1171,23
DA:1172,23
DA:1175,39
DA:1176,22
DA:1178,22
DA:1197,22
DA:1198,22
DA:1199,22
DA:1200,22
DA:1201,22
DA:1202,22
DA:1204,22
DA:1205,22
DA:1206,22
DA:1207,22
DA:1208,22
DA:1209,22
DA:1212,39
DA:1213,21
DA:1215,21
DA:1227,21
DA:1230,39
DA:1231,20
DA:1233,20
DA:1241,20
DA:1244,39
DA:1245,19
DA:1247,19
DA:1253,19
DA:1254,19
DA:1256,19
DA:1257,19
DA:1260,39
DA:1261,18
DA:1267,18
DA:1269,18
DA:1272,39
DA:1273,17
DA:1275,17
DA:1289,17
DA:1291,17
DA:1294,39
DA:1295,16
DA:1297,16
DA:1311,16
DA:1313,16
DA:1316,39
DA:1317,15
DA:1319,15
DA:1338,15
DA:1340,15
DA:1343,39
DA:1344,14
DA:1362,14
DA:1363,14
DA:1370,14
DA:1372,14
DA:1373,14
DA:1374,14
DA:1376,14
DA:1377,14
DA:1378,14
DA:1380,14
DA:1382,14
DA:1383,14
DA:1384,14
DA:1387,39
DA:1388,13
DA:1390,13
DA:1391,13
DA:1398,13
DA:1400,13
DA:1401,13
DA:1402,13
DA:1404,13
DA:1405,13
DA:1406,13
DA:1408,13
DA:1409,13
DA:1410,13
DA:1411,13
DA:1412,13
DA:1413,13
DA:1414,13
DA:1415,13
DA:1417,13
DA:1418,13
DA:1419,13
DA:1420,13
DA:1421,13
DA:1422,13
DA:1423,13
DA:1424,13
DA:1425,13
DA:1426,13
DA:1427,13
DA:1428,13
DA:1429,13
DA:1430,13
DA:1431,13
DA:1432,13
DA:1433,13
DA:1434,13
DA:1435,13
DA:1436,13
DA:1437,13
DA:1438,13
DA:1439,13
DA:1440,13
DA:1441,13
DA:1442,13
DA:1445,39
DA:1446,12
DA:1448,12
DA:1449,48
DA:1451,48
DA:1465,12
DA:1467,12
DA:1468,12
DA:1469,12
DA:1471,12
DA:1472,12
DA:1473,12
DA:1475,12
DA:1476,12
DA:1477,12
DA:1478,12
DA:1479,12
DA:1480,12
DA:1481,12
DA:1482,12
DA:1484,12
DA:1485,12
DA:1486,12
DA:1487,12
DA:1488,12
DA:1489,12
DA:1490,12
DA:1491,12
DA:1492,12
DA:1493,12
DA:1494,12
DA:1495,12
DA:1496,12
DA:1497,12
DA:1498,12
DA:1499,12
DA:1500,12
DA:1501,12
DA:1502,12
DA:1503,12
DA:1504,12
DA:1505,12
DA:1506,12
DA:1507,12
DA:1508,12
DA:1509,12
DA:1512,39
DA:1513,11
DA:1515,11
DA:1516,11
DA:1523,11
DA:1525,11
DA:1526,11
DA:1527,11
DA:1529,11
DA:1530,11
DA:1531,11
DA:1532,11
DA:1533,11
DA:1535,11
DA:1536,11
DA:1537,11
DA:1538,11
DA:1540,11
DA:1541,11
DA:1542,11
DA:1543,11
DA:1545,11
DA:1546,11
DA:1547,11
DA:1550,39
DA:1551,10
DA:1553,10
DA:1554,50
DA:1556,50
DA:1571,10
DA:1573,10
DA:1574,10
DA:1575,10
DA:1577,10
DA:1578,10
DA:1579,10
DA:1580,10
DA:1581,10
DA:1583,10
DA:1584,10
DA:1585,10
DA:1586,10
DA:1588,10
DA:1589,10
DA:1590,10
DA:1591,10
DA:1593,10
DA:1594,10
DA:1595,10
DA:1598,39
DA:1599,9
DA:1601,9
DA:1602,18
DA:1604,18
DA:1605,18
DA:1608,18
DA:1611,9
DA:1613,9
DA:1616,9
DA:1618,9
DA:1621,39
DA:1622,8
DA:1624,8
DA:1625,8
DA:1632,8
DA:1634,8
DA:1635,8
DA:1636,8
DA:1639,8
DA:1640,8
DA:1641,8
DA:1642,8
DA:1643,8
DA:1644,8
DA:1645,8
DA:1646,8
DA:1647,8
DA:1648,8
DA:1651,8
DA:1652,8
DA:1653,8
DA:1654,8
DA:1657,39
DA:1658,7
DA:1660,7
DA:1661,7
DA:1668,7
DA:1670,7
DA:1671,7
DA:1672,7
DA:1675,7
DA:1676,7
DA:1677,7
DA:1678,7
DA:1679,7
DA:1680,7
DA:1681,7
DA:1682,7
DA:1685,7
DA:1686,7
DA:1687,7
DA:1688,7
DA:1689,7
DA:1690,7
DA:1691,7
DA:1694,7
DA:1695,7
DA:1696,7
DA:1697,7
DA:1698,7
DA:1699,7
DA:1700,7
DA:1701,7
DA:1702,7
DA:1703,7
DA:1704,7
DA:1705,7
DA:1706,7
DA:1707,7
DA:1713,7
DA:1714,7
DA:1715,7
DA:1716,7
DA:1717,7
DA:1718,7
DA:1723,7
DA:1724,7
DA:1725,7
DA:1726,7
DA:1727,7
DA:1728,7
DA:1729,7
DA:1730,7
DA:1731,7
DA:1732,7
DA:1733,7
DA:1734,7
DA:1735,7
DA:1736,7
DA:1737,7
DA:1738,7
DA:1739,7
DA:1740,7
DA:1741,7
DA:1742,7
DA:1743,7
DA:1744,7
DA:1745,7
DA:1746,7
DA:1747,7
DA:1748,7
DA:1749,7
DA:1750,7
DA:1751,7
DA:1752,7
DA:1755,7
DA:1756,7
DA:1757,7
DA:1758,7
DA:1759,7
DA:1760,7
DA:1763,7
DA:1764,7
DA:1765,7
DA:1766,7
DA:1767,7
DA:1768,7
DA:1771,7
DA:1772,7
DA:1773,7
DA:1774,7
DA:1775,7
DA:1776,7
DA:1779,7
DA:1780,7
DA:1781,7
DA:1782,7
DA:1783,7
DA:1784,7
DA:1785,7
DA:1786,7
DA:1787,7
DA:1790,7
DA:1791,7
DA:1792,7
DA:1793,7
DA:1794,7
DA:1795,7
DA:1796,7
DA:1797,7
DA:1798,7
DA:1799,7
DA:1802,7
DA:1803,7
DA:1804,7
DA:1805,7
DA:1806,7
DA:1807,7
DA:1808,7
DA:1809,7
DA:1810,7
DA:1811,7
DA:1812,7
DA:1813,7
DA:1814,7
DA:1815,7
DA:1818,7
DA:1819,7
DA:1820,7
DA:1821,7
DA:1822,7
DA:1823,7
DA:1824,7
DA:1825,7
DA:1826,7
DA:1827,7
DA:1828,7
DA:1829,7
DA:1830,7
DA:1831,7
DA:1832,7
DA:1833,7
DA:1834,7
DA:1835,7
DA:1836,7
DA:1837,7
DA:1840,7
DA:1841,7
DA:1842,7
DA:1845,39
DA:1846,6
DA:1848,6
DA:1849,6
DA:1850,6
DA:1852,6
DA:1853,24
DA:1854,12
DA:1857,12
DA:1860,6
DA:1893,6
DA:1895,6
DA:1898,39
DA:1899,5
DA:1901,5
DA:1902,15
DA:1904,15
DA:1905,5
DA:1908,15
DA:1929,5
DA:1931,5
DA:1933,5
DA:1935,5
DA:1942,5
DA:1943,5
DA:1946,39
DA:1947,4
DA:1949,4
DA:1950,20
DA:1952,20
DA:1953,4
DA:1956,20
DA:1978,4
DA:1980,4
DA:1981,4
DA:1982,4
DA:1984,4
DA:1986,4
DA:1987,4
DA:1988,4
DA:1989,4
DA:1990,4
DA:1993,39
DA:1994,3
DA:1996,3
DA:1997,6
DA:1998,6
DA:2000,6
DA:2001,3
DA:2004,6
DA:2023,3
DA:2025,3
DA:2027,3
DA:2030,39
DA:2031,2
DA:2033,2
DA:2034,4
DA:2035,4
DA:2037,4
DA:2038,2
DA:2041,4
DA:2061,2
DA:2063,2
DA:2065,2
LF:558
LH:557
BRDA:1853,0,0,12
BRDA:1853,0,1,12
BRF:2
BRH:2
end_of_record
TN:
SF:packages/sdds-insol/src/components/Counter/Counter.config.ts
FNF:0
FNH:0
DA:3,18
LF:1
LH:1
BRF:0
BRH:0
end_of_record
TN:
SF:packages/sdds-insol/src/components/Counter/Counter.tsx
FNF:0
FNH:0
DA:5,18
DA:10,18
LF:2
LH:2
BRF:0
BRH:0
end_of_record
TN:
SF:packages/sdds-insol/src/components/Counter/Counter.update-test.component-test.tsx
FN:4,(anonymous_0)
FN:7,(anonymous_1)
FN:17,(anonymous_2)
FN:27,(anonymous_3)
FN:37,(anonymous_4)
FN:47,(anonymous_5)
FN:57,(anonymous_6)
FNF:7
FNH:7
FNDA:7,(anonymous_0)
FNDA:7,(anonymous_1)
FNDA:6,(anonymous_2)
FNDA:5,(anonymous_3)
FNDA:4,(anonymous_4)
FNDA:3,(anonymous_5)
FNDA:2,(anonymous_6)
DA:4,7
DA:5,7
DA:7,7
DA:8,7
DA:14,7
DA:17,7
DA:18,6
DA:24,6
DA:27,7
DA:28,5
DA:34,5
DA:37,7
DA:38,4
DA:44,4
DA:47,7
DA:48,3
DA:54,3
DA:57,7
DA:58,2
DA:64,2
LF:20
LH:20
BRF:0
BRH:0
end_of_record
TN:
SF:packages/sdds-insol/src/components/DatePicker/DatePicker.update-test.component-test.tsx
FN:22,(anonymous_0)
FN:28,(anonymous_1)
FN:31,(anonymous_2)
FN:74,(anonymous_3)
FN:83,(anonymous_4)
FN:107,(anonymous_5)
FN:125,(anonymous_6)
FN:145,(anonymous_7)
FN:164,(anonymous_8)
FN:186,(anonymous_9)
FN:204,(anonymous_10)
FN:217,(anonymous_11)
FN:231,(anonymous_12)
FN:246,(anonymous_13)
FN:262,(anonymous_14)
FN:280,(anonymous_15)
FN:297,(anonymous_16)
FN:311,(anonymous_17)
FN:330,(anonymous_18)
FN:344,(anonymous_19)
FN:360,(anonymous_20)
FN:366,(anonymous_21)
FN:381,(anonymous_22)
FN:385,(anonymous_23)
FN:401,(anonymous_24)
FN:420,(anonymous_25)
FN:429,(anonymous_26)
FN:447,(anonymous_27)
FN:460,(anonymous_28)
FN:473,(anonymous_29)
FN:488,(anonymous_30)
FN:501,(anonymous_31)
FN:539,(anonymous_32)
FN:558,(anonymous_33)
FN:584,(anonymous_34)
FN:609,(anonymous_35)
FN:619,(anonymous_36)
FN:629,(anonymous_37)
FN:645,(anonymous_38)
FN:651,(anonymous_39)
FNF:40
FNH:40
FNDA:77,(anonymous_0)
FNDA:31,(anonymous_1)
FNDA:662,(anonymous_2)
FNDA:218,(anonymous_3)
FNDA:31,(anonymous_4)
FNDA:30,(anonymous_5)
FNDA:29,(anonymous_6)
FNDA:28,(anonymous_7)
FNDA:27,(anonymous_8)
FNDA:26,(anonymous_9)
FNDA:25,(anonymous_10)
FNDA:24,(anonymous_11)
FNDA:23,(anonymous_12)
FNDA:22,(anonymous_13)
FNDA:21,(anonymous_14)
FNDA:20,(anonymous_15)
FNDA:19,(anonymous_16)
FNDA:18,(anonymous_17)
FNDA:17,(anonymous_18)
FNDA:16,(anonymous_19)
FNDA:15,(anonymous_20)
FNDA:30,(anonymous_21)
FNDA:31,(anonymous_22)
FNDA:171,(anonymous_23)
FNDA:15,(anonymous_24)
FNDA:67,(anonymous_25)
FNDA:14,(anonymous_26)
FNDA:13,(anonymous_27)
FNDA:12,(anonymous_28)
FNDA:11,(anonymous_29)
FNDA:10,(anonymous_30)
FNDA:9,(anonymous_31)
FNDA:8,(anonymous_32)
FNDA:7,(anonymous_33)
FNDA:6,(anonymous_34)
FNDA:5,(anonymous_35)
FNDA:4,(anonymous_36)
FNDA:3,(anonymous_37)
FNDA:2,(anonymous_38)
FNDA:4,(anonymous_39)
DA:22,31
DA:23,77
DA:28,31
DA:29,31
DA:31,31
DA:51,662
DA:53,662
DA:55,662
DA:75,218
DA:76,218
DA:83,31
DA:84,31
DA:104,31
DA:107,31
DA:108,30
DA:122,30
DA:125,31
DA:126,29
DA:142,29
DA:145,31
DA:146,28
DA:161,28
DA:164,31
DA:165,27
DA:183,27
DA:186,31
DA:187,26
DA:201,26
DA:204,31
DA:205,25
DA:211,25
DA:212,25
DA:214,25
DA:217,31
DA:218,24
DA:224,24
DA:225,24
DA:226,24
DA:228,24
DA:231,31
DA:232,23
DA:238,23
DA:239,23
DA:240,23
DA:241,23
DA:243,23
DA:246,31
DA:247,22
DA:253,22
DA:254,22
DA:255,22
DA:256,22
DA:257,22
DA:259,22
DA:262,31
DA:263,21
DA:269,21
DA:270,21
DA:271,21
DA:272,21
DA:273,21
DA:275,21
DA:277,21
DA:280,31
DA:281,20
DA:287,20
DA:288,20
DA:289,20
DA:290,20
DA:291,20
DA:292,20
DA:294,20
DA:297,31
DA:298,19
DA:306,19
DA:308,19
DA:311,31
DA:312,18
DA:318,18
DA:319,18
DA:320,18
DA:321,18
DA:322,18
DA:323,18
DA:324,18
DA:325,18
DA:327,18
DA:330,31
DA:331,17
DA:341,17
DA:344,31
DA:345,16
DA:347,16
DA:355,16
DA:357,16
DA:360,31
DA:361,15
DA:367,30
DA:368,30
DA:374,15
DA:375,15
DA:377,15
DA:381,31
DA:382,31
DA:383,31
DA:385,31
DA:397,171
DA:399,171
DA:401,171
DA:402,15
DA:407,171
DA:421,67
DA:422,67
DA:429,31
DA:430,14
DA:432,14
DA:442,14
DA:444,14
DA:447,31
DA:448,13
DA:454,13
DA:455,13
DA:457,13
DA:460,31
DA:461,12
DA:467,12
DA:468,12
DA:470,12
DA:473,31
DA:474,11
DA:476,11
DA:482,11
DA:483,11
DA:485,11
DA:488,31
DA:489,10
DA:495,10
DA:496,10
DA:498,10
DA:501,31
DA:502,9
DA:504,9
DA:536,9
DA:539,31
DA:540,8
DA:555,8
DA:558,31
DA:559,7
DA:581,7
DA:584,31
DA:585,6
DA:606,6
DA:609,31
DA:610,5
DA:616,5
DA:619,31
DA:620,4
DA:626,4
DA:629,31
DA:630,3
DA:632,3
DA:640,3
DA:642,3
DA:645,31
DA:646,2
DA:652,4
DA:653,4
DA:659,2
DA:660,2
LF:169
LH:169
BRDA:46,0,0,491
BRDA:47,1,0,662
BRDA:53,2,0,519
BRDA:53,2,1,143
BRDA:72,3,0,121
BRDA:72,3,1,541
BRDA:73,4,0,120
BRDA:73,4,1,542
BRDA:392,5,0,141
BRDA:393,6,0,171
BRDA:399,7,0,147
BRDA:399,7,1,24
BRDA:411,8,0,16
BRDA:411,8,1,155
BRDA:412,9,0,15
BRDA:412,9,1,156
BRDA:414,10,0,16
BRDA:414,10,1,155
BRDA:415,11,0,15
BRDA:415,11,1,156
BRDA:416,12,0,15
BRDA:416,12,1,156
BRDA:418,13,0,16
BRDA:418,13,1,155
BRF:24
BRH:24
end_of_record
TN:
SF:packages/sdds-insol/src/components/Divider/Divider.update-test.component-test.tsx
FN:12,(anonymous_0)
FN:15,(anonymous_1)
FN:19,(anonymous_2)
FN:35,(anonymous_3)
FN:45,(anonymous_4)
FN:55,(anonymous_5)
FN:65,(anonymous_6)
FNF:7
FNH:7
FNDA:14,(anonymous_0)
FNDA:5,(anonymous_1)
FNDA:14,(anonymous_2)
FNDA:5,(anonymous_3)
FNDA:4,(anonymous_4)
FNDA:3,(anonymous_5)
FNDA:2,(anonymous_6)
DA:5,5
DA:12,14
DA:15,5
DA:16,5
DA:17,5
DA:19,5
DA:26,14
DA:35,5
DA:36,5
DA:42,5
DA:45,5
DA:46,4
DA:52,4
DA:55,5
DA:56,3
DA:62,3
DA:65,5
DA:66,2
DA:72,2
LF:19
LH:19
BRDA:12,0,0,10
BRDA:12,0,1,4
BRDA:20,1,0,5
BRDA:21,2,0,10
BRDA:22,3,0,10
BRDA:23,4,0,14
BRDA:24,5,0,14
BRF:7
BRH:7
end_of_record
TN:
SF:packages/sdds-insol/src/components/Drawer/Drawer.update-test.component-test.tsx
FN:22,(anonymous_0)
FN:31,(anonymous_1)
FN:41,Demo
FN:62,(anonymous_3)
FN:66,(anonymous_4)
FN:80,(anonymous_5)
FN:104,(anonymous_6)
FN:121,(anonymous_7)
FN:150,(anonymous_8)
FN:172,(anonymous_9)
FN:188,(anonymous_10)
FN:204,(anonymous_11)
FNF:12
FNH:0
FNDA:0,(anonymous_0)
FNDA:0,(anonymous_1)
FNDA:0,Demo
FNDA:0,(anonymous_3)
FNDA:0,(anonymous_4)
FNDA:0,(anonymous_5)
FNDA:0,(anonymous_6)
FNDA:0,(anonymous_7)
FNDA:0,(anonymous_8)
FNDA:0,(anonymous_9)
FNDA:0,(anonymous_10)
FNDA:0,(anonymous_11)
DA:22,2
DA:24,2
DA:31,0
DA:32,0
DA:33,0
DA:34,0
DA:35,0
DA:36,0
DA:37,0
DA:38,0
DA:39,0
DA:42,0
DA:58,0
DA:60,0
DA:62,0
DA:66,0
DA:80,0
DA:104,0
DA:105,0
DA:113,0
DA:115,0
DA:117,0
DA:118,0
DA:121,0
DA:122,0
DA:124,0
DA:141,0
DA:142,0
DA:144,0
DA:146,0
DA:147,0
DA:150,0
DA:151,0
DA:161,0
DA:163,0
DA:165,0
DA:166,0
DA:168,0
DA:169,0
DA:172,0
DA:173,0
DA:183,0
DA:185,0
DA:188,0
DA:189,0
DA:197,0
DA:198,0
DA:200,0
DA:201,0
DA:204,0
DA:205,0
DA:215,0
DA:217,0
LF:53
LH:2
BRDA:44,0,0,0
BRDA:45,1,0,0
BRDA:46,2,0,0
BRDA:47,3,0,0
BRDA:48,4,0,0
BRDA:49,5,0,0
BRDA:50,6,0,0
BRDA:51,7,0,0
BRDA:52,8,0,0
BRDA:53,9,0,0
BRDA:54,10,0,0
BRDA:82,11,0,0
BRDA:82,11,1,0
BRDA:89,12,0,0
BRDA:89,12,1,0
BRDA:94,13,0,0
BRDA:94,13,1,0
BRF:17
BRH:0
end_of_record
TN:
SF:packages/sdds-insol/src/components/Dropdown/Dropdown.config.ts
FNF:0
FNH:0
DA:3,8
LF:1
LH:1
BRF:0
BRH:0
end_of_record
TN:
SF:packages/sdds-insol/src/components/Dropdown/Dropdown.tsx
FN:13,(anonymous_0)
FNF:1
FNH:1
FNDA:2,(anonymous_0)
DA:7,8
DA:8,8
DA:13,8
DA:17,2
DA:20,8
LF:5
LH:5
BRF:0
BRH:0
end_of_record
TN:
SF:packages/sdds-insol/src/components/Dropdown/Dropdown.update-test.component-test.tsx
FN:221,(anonymous_0)
FN:225,(anonymous_1)
FN:245,(anonymous_2)
FN:276,(anonymous_3)
FN:299,(anonymous_4)
FN:319,(anonymous_5)
FNF:6
FNH:6
FNDA:6,(anonymous_0)
FNDA:6,(anonymous_1)
FNDA:5,(anonymous_2)
FNDA:4,(anonymous_3)
FNDA:3,(anonymous_4)
FNDA:2,(anonymous_5)
DA:5,6
DA:221,6
DA:222,6
DA:223,6
DA:225,6
DA:226,6
DA:228,6
DA:238,6
DA:239,6
DA:240,6
DA:242,6
DA:245,6
DA:246,5
DA:248,5
DA:266,5
DA:267,5
DA:268,5
DA:270,5
DA:272,5
DA:273,5
DA:276,6
DA:277,4
DA:279,4
DA:289,4
DA:290,4
DA:291,4
DA:293,4
DA:295,4
DA:296,4
DA:299,6
DA:300,3
DA:302,3
DA:312,3
DA:313,3
DA:314,3
DA:316,3
DA:319,6
DA:320,2
DA:322,2
DA:330,2
DA:331,2
DA:332,2
DA:334,2
LF:43
LH:43
BRF:0
BRH:0
end_of_record
TN:
SF:packages/sdds-insol/src/components/Dropdown/index.ts
FNF:0
FNH:0
LF:0
LH:0
BRF:0
BRH:0
end_of_record
TN:
SF:packages/sdds-insol/src/components/Dropzone/Dropzone.update-test.component-test.tsx
FN:10,(anonymous_0)
FN:13,(anonymous_1)
FN:25,(anonymous_2)
FN:35,(anonymous_3)
FN:45,(anonymous_4)
FN:57,(anonymous_5)
FN:67,(anonymous_6)
FNF:7
FNH:7
FNDA:7,(anonymous_0)
FNDA:7,(anonymous_1)
FNDA:6,(anonymous_2)
FNDA:5,(anonymous_3)
FNDA:4,(anonymous_4)
FNDA:3,(anonymous_5)
FNDA:2,(anonymous_6)
DA:4,7
DA:5,7
DA:6,7
DA:8,7
DA:10,7
DA:11,7
DA:13,7
DA:14,7
DA:16,7
DA:22,7
DA:25,7
DA:26,6
DA:32,6
DA:35,7
DA:36,5
DA:42,5
DA:45,7
DA:46,4
DA:48,4
DA:54,4
DA:57,7
DA:58,3
DA:64,3
DA:67,7
DA:68,2
DA:80,2
LF:26
LH:26
BRF:0
BRH:0
end_of_record
TN:
SF:packages/sdds-insol/src/components/EmptyState/EmptyState.update-test.component-test.tsx
FN:5,(anonymous_0)
FN:8,(anonymous_1)
FN:20,(anonymous_2)
FN:30,(anonymous_3)
FN:40,(anonymous_4)
FN:50,(anonymous_5)
FNF:6
FNH:6
FNDA:5,(anonymous_0)
FNDA:14,(anonymous_1)
FNDA:5,(anonymous_2)
FNDA:4,(anonymous_3)
FNDA:3,(anonymous_4)
FNDA:2,(anonymous_5)
DA:5,5
DA:6,5
DA:8,5
DA:9,14
DA:20,5
DA:21,5
DA:27,5
DA:30,5
DA:31,4
DA:37,4
DA:40,5
DA:41,3
DA:47,3
DA:50,5
DA:51,2
DA:57,2
LF:16
LH:16
BRDA:8,0,0,5
BRDA:8,1,0,11
BRDA:8,2,0,10
BRDA:8,3,0,5
BRDA:15,4,0,5
BRDA:15,4,1,9
BRF:6
BRH:6
end_of_record
TN:
SF:packages/sdds-insol/src/components/Flow/Flow.update-test.component-test.tsx
FN:19,(anonymous_0)
FN:27,(anonymous_1)
FN:36,(anonymous_2)
FN:51,(anonymous_3)
FN:68,(anonymous_4)
FN:84,(anonymous_5)
FN:94,(anonymous_6)
FN:104,(anonymous_7)
FN:114,(anonymous_8)
FNF:9
FNH:9
FNDA:7,(anonymous_0)
FNDA:34,(anonymous_1)
FNDA:204,(anonymous_2)
FNDA:7,(anonymous_3)
FNDA:6,(anonymous_4)
FNDA:5,(anonymous_5)
FNDA:4,(anonymous_6)
FNDA:3,(anonymous_7)
FNDA:2,(anonymous_8)
DA:5,7
DA:6,7
DA:8,7
DA:10,7
DA:19,7
DA:20,7
DA:22,7
DA:27,7
DA:28,34
DA:37,204
DA:51,7
DA:52,7
DA:65,7
DA:68,7
DA:69,6
DA:81,6
DA:84,7
DA:85,5
DA:91,5
DA:94,7
DA:95,4
DA:101,4
DA:104,7
DA:105,3
DA:111,3
DA:114,7
DA:115,2
DA:121,2
LF:28
LH:28
BRF:0
BRH:0
end_of_record
TN:
SF:packages/sdds-insol/src/components/Grid/Grid.component-test.tsx
FN:15,(anonymous_0)
FN:20,(anonymous_1)
FN:57,(anonymous_2)
FN:62,(anonymous_3)
FN:137,(anonymous_4)
FN:149,(anonymous_5)
FN:161,(anonymous_6)
FN:173,(anonymous_7)
FN:185,(anonymous_8)
FNF:9
FNH:9
FNDA:7,(anonymous_0)
FNDA:7,(anonymous_1)
FNDA:7,(anonymous_2)
FNDA:20,(anonymous_3)
FNDA:6,(anonymous_4)
FNDA:5,(anonymous_5)
FNDA:4,(anonymous_6)
FNDA:3,(anonymous_7)
FNDA:2,(anonymous_8)
DA:5,7
DA:15,7
DA:16,7
DA:17,7
DA:18,7
DA:20,7
DA:21,7
DA:53,7
DA:57,7
DA:58,7
DA:59,7
DA:60,7
DA:62,7
DA:63,20
DA:137,7
DA:138,6
DA:140,6
DA:146,6
DA:149,7
DA:150,5
DA:152,5
DA:158,5
DA:161,7
DA:162,4
DA:164,4
DA:170,4
DA:173,7
DA:174,3
DA:176,3
DA:182,3
DA:185,7
DA:186,2
DA:188,2
DA:194,2
LF:34
LH:34
BRF:0
BRH:0
end_of_record
TN:
SF:packages/sdds-insol/src/components/IconButton/IconButton.config.ts
FNF:0
FNH:0
DA:3,4
LF:1
LH:1
BRF:0
BRH:0
end_of_record
TN:
SF:packages/sdds-insol/src/components/IconButton/IconButton.ts
FNF:0
FNH:0
DA:5,4
DA:6,4
DA:11,4
LF:3
LH:3
BRF:0
BRH:0
end_of_record
TN:
SF:packages/sdds-insol/src/components/IconButton/IconButton.update-test.component-test.tsx
FN:5,(anonymous_0)
FN:7,(anonymous_1)
FN:10,(anonymous_2)
FN:22,(anonymous_3)
FN:34,(anonymous_4)
FN:46,(anonymous_5)
FN:58,(anonymous_6)
FN:70,(anonymous_7)
FN:82,(anonymous_8)
FN:94,(anonymous_9)
FN:106,(anonymous_10)
FN:118,(anonymous_11)
FN:130,(anonymous_12)
FN:142,(anonymous_13)
FN:154,(anonymous_14)
FNF:15
FNH:15
FNDA:104,(anonymous_0)
FNDA:14,(anonymous_1)
FNDA:14,(anonymous_2)
FNDA:13,(anonymous_3)
FNDA:12,(anonymous_4)
FNDA:11,(anonymous_5)
FNDA:10,(anonymous_6)
FNDA:9,(anonymous_7)
FNDA:8,(anonymous_8)
FNDA:7,(anonymous_9)
FNDA:6,(anonymous_10)
FNDA:5,(anonymous_11)
FNDA:4,(anonymous_12)
FNDA:3,(anonymous_13)
FNDA:2,(anonymous_14)
DA:5,104
DA:7,14
DA:8,14
DA:10,14
DA:11,14
DA:19,14
DA:22,14
DA:23,13
DA:31,13
DA:34,14
DA:35,12
DA:43,12
DA:46,14
DA:47,11
DA:55,11
DA:58,14
DA:59,10
DA:67,10
DA:70,14
DA:71,9
DA:79,9
DA:82,14
DA:83,8
DA:91,8
DA:94,14
DA:95,7
DA:103,7
DA:106,14
DA:107,6
DA:115,6
DA:118,14
DA:119,5
DA:127,5
DA:130,14
DA:131,4
DA:139,4
DA:142,14
DA:143,3
DA:151,3
DA:154,14
DA:155,2
DA:163,2
LF:42
LH:42
BRF:0
BRH:0
end_of_record
TN:
SF:packages/sdds-insol/src/components/IconButton/index.ts
FNF:0
FNH:0
LF:0
LH:0
BRF:0
BRH:0
end_of_record
TN:
SF:packages/sdds-insol/src/components/Image/Image.component-test.tsx
FN:7,(anonymous_0)
FN:15,(anonymous_1)
FN:16,(anonymous_2)
FN:23,(anonymous_3)
FN:32,(anonymous_4)
FN:41,(anonymous_5)
FN:61,(anonymous_6)
FN:77,(anonymous_7)
FNF:8
FNH:8
FNDA:5,(anonymous_0)
FNDA:14,(anonymous_1)
FNDA:5,(anonymous_2)
FNDA:5,(anonymous_3)
FNDA:4,(anonymous_4)
FNDA:3,(anonymous_5)
FNDA:42,(anonymous_6)
FNDA:2,(anonymous_7)
DA:5,5
DA:7,5
DA:8,5
DA:10,5
DA:15,5
DA:16,14
DA:17,5
DA:23,5
DA:24,5
DA:29,5
DA:32,5
DA:33,4
DA:38,4
DA:41,5
DA:42,3
DA:59,3
DA:62,42
DA:74,3
DA:77,5
DA:78,2
DA:89,2
LF:21
LH:21
BRF:0
BRH:0
end_of_record
TN:
SF:packages/sdds-insol/src/components/Image/Image.update-test.component-test.tsx
FN:7,(anonymous_0)
FN:15,(anonymous_1)
FN:16,(anonymous_2)
FN:23,(anonymous_3)
FN:35,(anonymous_4)
FN:47,(anonymous_5)
FN:59,(anonymous_6)
FN:71,(anonymous_7)
FNF:8
FNH:7
FNDA:5,(anonymous_0)
FNDA:14,(anonymous_1)
FNDA:5,(anonymous_2)
FNDA:5,(anonymous_3)
FNDA:4,(anonymous_4)
FNDA:3,(anonymous_5)
FNDA:2,(anonymous_6)
FNDA:0,(anonymous_7)
DA:5,5
DA:7,5
DA:8,5
DA:10,5
DA:15,5
DA:16,14
DA:17,5
DA:23,5
DA:24,5
DA:32,5
DA:35,5
DA:36,4
DA:44,4
DA:47,5
DA:48,3
DA:56,3
DA:59,5
DA:60,2
DA:68,2
DA:71,5
DA:72,0
DA:83,0
LF:22
LH:20
BRF:0
BRH:0
end_of_record
TN:
SF:packages/sdds-insol/src/components/Indicator/Indicator.component-test.tsx
FN:4,(anonymous_0)
FN:7,(anonymous_1)
FNF:2
FNH:2
FNDA:2,(anonymous_0)
FNDA:2,(anonymous_1)
DA:4,2
DA:5,2
DA:7,2
DA:8,2
DA:60,2
LF:5
LH:5
BRF:0
BRH:0
end_of_record
TN:
SF:packages/sdds-insol/src/components/Link/Link.component-test.tsx
FN:4,(anonymous_0)
FN:9,(anonymous_1)
FNF:2
FNH:2
FNDA:2,(anonymous_0)
FNDA:2,(anonymous_1)
DA:4,2
DA:5,2
DA:9,2
DA:10,2
DA:21,2
LF:5
LH:5
BRF:0
BRH:0
end_of_record
TN:
SF:packages/sdds-insol/src/components/LinkButton/LinkButton.component-test.tsx
FN:10,(anonymous_0)
FN:12,(anonymous_1)
FN:15,(anonymous_2)
FN:24,(anonymous_3)
FN:27,(anonymous_4)
FN:40,(anonymous_5)
FN:43,(anonymous_6)
FN:54,(anonymous_7)
FN:83,(anonymous_8)
FN:86,(anonymous_9)
FNF:10
FNH:10
FNDA:96,(anonymous_0)
FNDA:6,(anonymous_1)
FNDA:6,(anonymous_2)
FNDA:5,(anonymous_3)
FNDA:30,(anonymous_4)
FNDA:4,(anonymous_5)
FNDA:24,(anonymous_6)
FNDA:3,(anonymous_7)
FNDA:2,(anonymous_8)
FNDA:12,(anonymous_9)
DA:7,6
DA:8,6
DA:10,96
DA:12,6
DA:13,6
DA:15,6
DA:16,6
DA:21,6
DA:24,6
DA:25,5
DA:28,30
DA:37,5
DA:40,6
DA:41,4
DA:44,24
DA:51,4
DA:54,6
DA:55,3
DA:80,3
DA:83,6
DA:84,2
DA:87,12
DA:94,2
LF:23
LH:23
BRF:0
BRH:0
end_of_record
TN:
SF:packages/sdds-insol/src/components/List/List.component-test.tsx
FN:5,(anonymous_0)
FN:9,(anonymous_1)
FN:26,(anonymous_2)
FN:59,(anonymous_3)
FN:77,(anonymous_4)
FNF:5
FNH:5
FNDA:5,(anonymous_0)
FNDA:5,(anonymous_1)
FNDA:4,(anonymous_2)
FNDA:3,(anonymous_3)
FNDA:2,(anonymous_4)
DA:5,5
DA:6,5
DA:7,5
DA:9,5
DA:10,5
DA:23,5
DA:26,5
DA:27,4
DA:56,4
DA:59,5
DA:60,3
DA:74,3
DA:77,5
DA:78,2
DA:97,2
LF:15
LH:15
BRF:0
BRH:0
end_of_record
TN:
SF:packages/sdds-insol/src/components/Mask/Mask.update-test.component-test.tsx
FN:6,(anonymous_0)
FN:10,(anonymous_1)
FN:14,(anonymous_2)
FN:21,(anonymous_3)
FN:24,(anonymous_4)
FN:41,(anonymous_5)
FN:59,(anonymous_6)
FN:78,(anonymous_7)
FN:99,(anonymous_8)
FN:116,(anonymous_9)
FN:133,(anonymous_10)
FN:146,(anonymous_11)
FN:159,(anonymous_12)
FN:172,(anonymous_13)
FN:187,(anonymous_14)
FN:200,(anonymous_15)
FN:214,(anonymous_16)
FN:228,(anonymous_17)
FNF:18
FNH:18
FNDA:9,(anonymous_0)
FNDA:9,(anonymous_1)
FNDA:9,(anonymous_2)
FNDA:15,(anonymous_3)
FNDA:15,(anonymous_4)
FNDA:14,(anonymous_5)
FNDA:13,(anonymous_6)
FNDA:12,(anonymous_7)
FNDA:11,(anonymous_8)
FNDA:10,(anonymous_9)
FNDA:9,(anonymous_10)
FNDA:8,(anonymous_11)
FNDA:7,(anonymous_12)
FNDA:6,(anonymous_13)
FNDA:5,(anonymous_14)
FNDA:4,(anonymous_15)
FNDA:3,(anonymous_16)
FNDA:2,(anonymous_17)
DA:6,15
DA:8,9
DA:12,9
DA:14,9
DA:17,9
DA:21,15
DA:22,15
DA:24,15
DA:25,15
DA:38,15
DA:41,15
DA:42,14
DA:56,14
DA:59,15
DA:60,13
DA:75,13
DA:78,15
DA:79,12
DA:96,12
DA:99,15
DA:100,11
DA:113,11
DA:116,15
DA:117,10
DA:130,10
DA:133,15
DA:134,9
DA:140,9
DA:141,9
DA:143,9
DA:146,15
DA:147,8
DA:153,8
DA:154,8
DA:156,8
DA:159,15
DA:160,7
DA:166,7
DA:167,7
DA:169,7
DA:172,15
DA:173,6
DA:179,6
DA:180,6
DA:181,6
DA:182,6
DA:184,6
DA:187,15
DA:188,5
DA:194,5
DA:195,5
DA:197,5
DA:200,15
DA:201,4
DA:207,4
DA:208,4
DA:209,4
DA:211,4
DA:214,15
DA:215,3
DA:221,3
DA:222,3
DA:223,3
DA:225,3
DA:228,15
DA:229,2
DA:235,2
DA:236,2
DA:237,2
DA:239,2
LF:70
LH:70
BRF:0
BRH:0
end_of_record
TN:
SF:packages/sdds-insol/src/components/Modal/Modal.component-test.tsx
FN:10,(anonymous_0)
FN:16,Demo
FN:29,(anonymous_2)
FN:30,(anonymous_3)
FN:33,(anonymous_4)
FN:40,DemoWithBody
FN:55,(anonymous_6)
FN:58,(anonymous_7)
FN:65,(anonymous_8)
FN:71,Double
FN:77,(anonymous_10)
FN:78,(anonymous_11)
FN:81,(anonymous_12)
FN:82,(anonymous_13)
FN:83,(anonymous_14)
FN:86,(anonymous_15)
FN:95,ManualMount
FN:108,(anonymous_17)
FN:109,(anonymous_18)
FN:114,(anonymous_19)
FN:119,(anonymous_20)
FN:131,(anonymous_21)
FN:144,(anonymous_22)
FN:157,(anonymous_23)
FN:174,(anonymous_24)
FN:186,(anonymous_25)
FN:200,(anonymous_26)
FN:215,(anonymous_27)
FN:225,(anonymous_28)
FN:232,(anonymous_29)
FN:236,(anonymous_30)
FN:241,(anonymous_31)
FNF:32
FNH:30
FNDA:10,(anonymous_0)
FNDA:83,Demo
FNDA:33,(anonymous_2)
FNDA:17,(anonymous_3)
FNDA:0,(anonymous_4)
FNDA:22,DemoWithBody
FNDA:9,(anonymous_6)
FNDA:4,(anonymous_7)
FNDA:0,(anonymous_8)
FNDA:50,Double
FNDA:10,(anonymous_10)
FNDA:7,(anonymous_11)
FNDA:3,(anonymous_12)
FNDA:10,(anonymous_13)
FNDA:7,(anonymous_14)
FNDA:3,(anonymous_15)
FNDA:8,ManualMount
FNDA:2,(anonymous_17)
FNDA:4,(anonymous_18)
FNDA:54,(anonymous_19)
FNDA:10,(anonymous_20)
FNDA:9,(anonymous_21)
FNDA:8,(anonymous_22)
FNDA:7,(anonymous_23)
FNDA:6,(anonymous_24)
FNDA:5,(anonymous_25)
FNDA:4,(anonymous_26)
FNDA:3,(anonymous_27)
FNDA:3,(anonymous_28)
FNDA:3,(anonymous_29)
FNDA:3,(anonymous_30)
FNDA:2,(anonymous_31)
DA:5,10
DA:10,10
DA:11,10
DA:12,10
DA:13,10
DA:14,10
DA:25,83
DA:27,83
DA:29,33
DA:30,17
DA:33,0
DA:51,22
DA:53,22
DA:55,9
DA:58,4
DA:65,0
DA:72,50
DA:73,50
DA:75,50
DA:77,10
DA:78,7
DA:81,3
DA:82,10
DA:83,7
DA:86,3
DA:96,8
DA:97,8
DA:99,8
DA:108,2
DA:109,4
DA:114,10
DA:116,54
DA:119,10
DA:120,10
DA:126,10
DA:128,10
DA:131,10
DA:132,9
DA:138,9
DA:139,9
DA:140,9
DA:141,9
DA:144,10
DA:145,8
DA:151,8
DA:152,8
DA:153,8
DA:154,8
DA:157,10
DA:158,7
DA:164,7
DA:165,7
DA:166,7
DA:167,7
DA:168,7
DA:169,7
DA:170,7
DA:171,7
DA:174,10
DA:175,6
DA:181,6
DA:183,6
DA:186,10
DA:187,5
DA:193,5
DA:195,5
DA:197,5
DA:200,10
DA:201,4
DA:207,4
DA:209,4
DA:211,4
DA:212,4
DA:215,10
DA:216,3
DA:222,3
DA:223,3
DA:224,3
DA:225,3
DA:226,3
DA:229,3
DA:230,3
DA:232,3
DA:233,3
DA:235,3
DA:236,3
DA:237,3
DA:241,10
DA:242,2
DA:248,2
DA:249,2
DA:250,2
DA:252,2
DA:253,2
DA:256,2
DA:257,2
DA:258,2
LF:97
LH:95
BRDA:17,0,0,83
BRDA:18,1,0,71
BRDA:41,2,0,22
BRDA:42,3,0,22
BRDA:102,4,0,8
BRDA:102,4,1,4
BRF:6
BRH:6
end_of_record
TN:
SF:packages/sdds-insol/src/components/Note/Note.component-test.tsx
FN:11,(anonymous_0)
FN:23,(anonymous_1)
FN:31,(anonymous_2)
FN:34,(anonymous_3)
FN:53,(anonymous_4)
FN:56,(anonymous_5)
FN:82,(anonymous_6)
FN:100,(anonymous_7)
FN:111,(anonymous_8)
FN:124,(anonymous_9)
FN:137,(anonymous_10)
FN:153,(anonymous_11)
FN:170,(anonymous_12)
FNF:13
FNH:13
FNDA:150,(anonymous_0)
FNDA:10,(anonymous_1)
FNDA:10,(anonymous_2)
FNDA:50,(anonymous_3)
FNDA:9,(anonymous_4)
FNDA:36,(anonymous_5)
FNDA:8,(anonymous_6)
FNDA:7,(anonymous_7)
FNDA:6,(anonymous_8)
FNDA:5,(anonymous_9)
FNDA:4,(anonymous_10)
FNDA:3,(anonymous_11)
FNDA:2,(anonymous_12)
DA:8,10
DA:9,10
DA:11,10
DA:12,150
DA:13,44
DA:16,106
DA:17,68
DA:20,38
DA:23,10
DA:24,10
DA:26,10
DA:31,10
DA:32,10
DA:35,50
DA:50,10
DA:53,10
DA:54,9
DA:57,36
DA:79,9
DA:82,10
DA:83,8
DA:97,8
DA:100,10
DA:101,7
DA:108,7
DA:111,10
DA:112,6
DA:121,6
DA:124,10
DA:125,5
DA:134,5
DA:137,10
DA:138,4
DA:150,4
DA:153,10
DA:154,3
DA:167,3
DA:170,10
DA:171,2
DA:183,2
LF:40
LH:40
BRDA:12,0,0,44
BRDA:12,0,1,106
BRDA:16,1,0,68
BRDA:16,1,1,38
BRDA:16,2,0,106
BRDA:16,2,1,47
BRF:6
BRH:6
end_of_record
TN:
SF:packages/sdds-insol/src/components/Notification/Notification.component-test.tsx
FN:18,(anonymous_0)
FN:24,(anonymous_1)
FN:58,(anonymous_2)
FN:65,(anonymous_3)
FN:96,(anonymous_4)
FN:112,(anonymous_5)
FN:120,(anonymous_6)
FN:134,(anonymous_7)
FN:142,(anonymous_8)
FN:156,(anonymous_9)
FN:162,(anonymous_10)
FN:201,(anonymous_11)
FN:215,(anonymous_12)
FN:221,(anonymous_13)
FN:241,(anonymous_14)
FN:254,(anonymous_15)
FN:260,(anonymous_16)
FN:280,(anonymous_17)
FN:293,(anonymous_18)
FN:299,(anonymous_19)
FN:319,(anonymous_20)
FN:331,(anonymous_21)
FN:340,(anonymous_22)
FN:353,(anonymous_23)
FN:367,(anonymous_24)
FNF:25
FNH:24
FNDA:9,(anonymous_0)
FNDA:15,(anonymous_1)
FNDA:9,(anonymous_2)
FNDA:9,(anonymous_3)
FNDA:9,(anonymous_4)
FNDA:8,(anonymous_5)
FNDA:8,(anonymous_6)
FNDA:7,(anonymous_7)
FNDA:7,(anonymous_8)
FNDA:6,(anonymous_9)
FNDA:6,(anonymous_10)
FNDA:6,(anonymous_11)
FNDA:5,(anonymous_12)
FNDA:5,(anonymous_13)
FNDA:5,(anonymous_14)
FNDA:4,(anonymous_15)
FNDA:4,(anonymous_16)
FNDA:4,(anonymous_17)
FNDA:3,(anonymous_18)
FNDA:3,(anonymous_19)
FNDA:0,(anonymous_20)
FNDA:2,(anonymous_21)
FNDA:2,(anonymous_22)
FNDA:4,(anonymous_23)
FNDA:2,(anonymous_24)
DA:6,9
DA:13,9
DA:18,9
DA:19,9
DA:20,9
DA:21,9
DA:22,9
DA:24,9
DA:25,15
DA:40,15
DA:58,9
DA:59,9
DA:66,9
DA:75,9
DA:83,9
DA:97,9
DA:98,9
DA:99,9
DA:106,9
DA:107,9
DA:108,9
DA:109,9
DA:112,9
DA:113,8
DA:121,8
DA:122,8
DA:128,8
DA:129,8
DA:130,8
DA:131,8
DA:134,9
DA:135,7
DA:143,7
DA:144,7
DA:150,7
DA:151,7
DA:152,7
DA:153,7
DA:156,9
DA:157,6
DA:163,6
DA:179,6
DA:202,6
DA:203,6
DA:209,6
DA:210,6
DA:211,6
DA:212,6
DA:215,9
DA:216,5
DA:222,5
DA:242,5
DA:248,5
DA:249,5
DA:250,5
DA:251,5
DA:254,9
DA:255,4
DA:261,4
DA:281,4
DA:287,4
DA:288,4
DA:289,4
DA:290,4
DA:293,9
DA:294,3
DA:300,3
DA:320,0
DA:326,3
DA:327,3
DA:328,3
DA:331,9
DA:332,2
DA:333,2
DA:335,2
DA:341,2
DA:354,4
DA:368,2
DA:374,2
DA:375,2
DA:376,2
DA:377,2
DA:378,2
DA:380,2
DA:381,2
DA:382,2
DA:383,2
DA:384,2
DA:385,2
DA:387,2
DA:388,2
DA:389,2
DA:390,2
DA:391,2
DA:392,2
LF:95
LH:94
BRF:0
BRH:0
end_of_record
TN:
SF:packages/sdds-insol/src/components/NumberFormat/NumberFormat.component-test.tsx
FN:6,(anonymous_0)
FN:9,(anonymous_1)
FN:19,(anonymous_2)
FN:54,(anonymous_3)
FN:74,(anonymous_4)
FN:95,(anonymous_5)
FN:115,(anonymous_6)
FNF:7
FNH:7
FNDA:7,(anonymous_0)
FNDA:7,(anonymous_1)
FNDA:6,(anonymous_2)
FNDA:5,(anonymous_3)
FNDA:4,(anonymous_4)
FNDA:3,(anonymous_5)
FNDA:2,(anonymous_6)
DA:6,7
DA:7,7
DA:9,7
DA:10,7
DA:16,7
DA:19,7
DA:20,6
DA:51,6
DA:54,7
DA:55,5
DA:68,5
DA:69,5
DA:71,5
DA:74,7
DA:75,4
DA:89,4
DA:90,4
DA:92,4
DA:95,7
DA:96,3
DA:109,3
DA:110,3
DA:112,3
DA:115,7
DA:116,2
DA:122,2
DA:123,2
DA:124,2
DA:125,2
DA:127,2
LF:30
LH:30
BRF:0
BRH:0
end_of_record
TN:
SF:packages/sdds-insol/src/components/NumberInput/NumberInput.component-test.tsx
FN:6,(anonymous_0)
FN:7,(anonymous_1)
FN:16,(anonymous_2)
FN:20,(anonymous_3)
FN:32,(anonymous_4)
FN:43,(anonymous_5)
FN:58,(anonymous_6)
FN:73,(anonymous_7)
FN:86,(anonymous_8)
FN:97,(anonymous_9)
FN:108,(anonymous_10)
FN:130,(anonymous_11)
FN:144,(anonymous_12)
FN:153,(anonymous_13)
FN:163,(anonymous_14)
FN:181,(anonymous_15)
FN:197,(anonymous_16)
FN:213,(anonymous_17)
FN:229,(anonymous_18)
FN:240,(anonymous_19)
FN:251,(anonymous_20)
FN:262,(anonymous_21)
FNF:22
FNH:22
FNDA:13,(anonymous_0)
FNDA:13,(anonymous_1)
FNDA:20,(anonymous_2)
FNDA:20,(anonymous_3)
FNDA:19,(anonymous_4)
FNDA:18,(anonymous_5)
FNDA:17,(anonymous_6)
FNDA:16,(anonymous_7)
FNDA:15,(anonymous_8)
FNDA:14,(anonymous_9)
FNDA:13,(anonymous_10)
FNDA:12,(anonymous_11)
FNDA:11,(anonymous_12)
FNDA:10,(anonymous_13)
FNDA:9,(anonymous_14)
FNDA:8,(anonymous_15)
FNDA:7,(anonymous_16)
FNDA:6,(anonymous_17)
FNDA:5,(anonymous_18)
FNDA:4,(anonymous_19)
FNDA:3,(anonymous_20)
FNDA:2,(anonymous_21)
DA:6,20
DA:7,20
DA:9,20
DA:16,20
DA:17,20
DA:18,20
DA:20,20
DA:21,20
DA:26,20
DA:32,20
DA:33,19
DA:40,19
DA:43,20
DA:44,18
DA:55,18
DA:58,20
DA:59,17
DA:70,17
DA:73,20
DA:74,16
DA:83,16
DA:86,20
DA:87,15
DA:94,15
DA:97,20
DA:98,14
DA:105,14
DA:108,20
DA:109,13
DA:127,13
DA:130,20
DA:131,12
DA:141,12
DA:144,20
DA:145,11
DA:150,11
DA:153,20
DA:154,10
DA:160,10
DA:163,20
DA:164,9
DA:171,9
DA:172,9
DA:173,9
DA:174,9
DA:175,9
DA:176,9
DA:178,9
DA:181,20
DA:182,8
DA:188,8
DA:189,8
DA:191,8
DA:197,20
DA:198,7
DA:204,7
DA:205,7
DA:207,7
DA:213,20
DA:214,6
DA:220,6
DA:221,6
DA:223,6
DA:229,20
DA:230,5
DA:236,5
DA:237,5
DA:240,20
DA:241,4
DA:247,4
DA:248,4
DA:251,20
DA:252,3
DA:258,3
DA:259,3
DA:262,20
DA:263,2
DA:269,2
DA:270,2
DA:272,2
DA:273,2
DA:275,2
DA:276,2
DA:278,2
DA:279,2
DA:281,2
DA:282,2
DA:284,2
DA:285,2
DA:287,2
DA:288,2
DA:289,2
LF:92
LH:92
BRF:0
BRH:0
end_of_record
TN:
SF:packages/sdds-insol/src/components/Overlay/Overlay.component-test.tsx
FN:6,(anonymous_0)
FN:10,Demo
FN:24,(anonymous_2)
FN:34,(anonymous_3)
FN:44,(anonymous_4)
FNF:5
FNH:5
FNDA:4,(anonymous_0)
FNDA:9,Demo
FNDA:4,(anonymous_2)
FNDA:3,(anonymous_3)
FNDA:2,(anonymous_4)
DA:4,4
DA:6,4
DA:7,4
DA:8,4
DA:11,9
DA:24,4
DA:25,4
DA:31,4
DA:34,4
DA:35,3
DA:41,3
DA:44,4
DA:45,2
DA:51,2
LF:14
LH:14
BRF:0
BRH:0
end_of_record
TN:
SF:packages/sdds-insol/src/components/Pagination/Pagination.component-test.tsx
FN:12,(anonymous_0)
FN:15,(anonymous_1)
FN:18,(anonymous_2)
FN:21,(anonymous_3)
FN:31,(anonymous_4)
FN:47,(anonymous_5)
FN:61,(anonymous_6)
FN:75,(anonymous_7)
FN:142,(anonymous_8)
FN:145,(anonymous_9)
FN:158,(anonymous_10)
FN:171,(anonymous_11)
FN:186,(anonymous_12)
FN:190,(anonymous_13)
FN:195,(anonymous_14)
FN:202,(anonymous_15)
FN:219,(anonymous_16)
FN:229,(anonymous_17)
FN:243,(anonymous_18)
FN:256,(anonymous_19)
FN:266,(anonymous_20)
FNF:21
FNH:20
FNDA:12,(anonymous_0)
FNDA:24,(anonymous_1)
FNDA:12,(anonymous_2)
FNDA:12,(anonymous_3)
FNDA:11,(anonymous_4)
FNDA:10,(anonymous_5)
FNDA:9,(anonymous_6)
FNDA:8,(anonymous_7)
FNDA:12,(anonymous_8)
FNDA:7,(anonymous_9)
FNDA:6,(anonymous_10)
FNDA:5,(anonymous_11)
FNDA:12,(anonymous_12)
FNDA:32,(anonymous_13)
FNDA:0,(anonymous_14)
FNDA:28,(anonymous_15)
FNDA:4,(anonymous_16)
FNDA:8,(anonymous_17)
FNDA:4,(anonymous_18)
FNDA:3,(anonymous_19)
FNDA:2,(anonymous_20)
DA:6,12
DA:7,12
DA:8,12
DA:9,12
DA:10,12
DA:12,12
DA:13,12
DA:15,12
DA:16,24
DA:18,12
DA:21,12
DA:22,12
DA:28,12
DA:31,12
DA:32,11
DA:44,11
DA:47,12
DA:48,10
DA:58,10
DA:61,12
DA:62,9
DA:72,9
DA:75,12
DA:76,8
DA:138,8
DA:142,12
DA:143,12
DA:145,12
DA:146,7
DA:156,7
DA:158,12
DA:159,6
DA:169,6
DA:171,12
DA:172,5
DA:182,5
DA:186,12
DA:187,12
DA:188,12
DA:190,12
DA:191,32
DA:192,28
DA:194,28
DA:196,0
DA:201,28
DA:203,28
DA:208,28
DA:220,4
DA:230,8
DA:243,12
DA:244,4
DA:250,4
DA:251,4
DA:252,4
DA:254,4
DA:256,12
DA:257,3
DA:262,3
DA:264,3
DA:266,12
DA:267,2
DA:269,2
DA:274,2
DA:276,2
LF:64
LH:63
BRF:0
BRH:0
end_of_record
TN:
SF:packages/sdds-insol/src/components/Popover/Popover.component-test.tsx
FN:8,(anonymous_0)
FN:13,(anonymous_1)
FN:19,(anonymous_2)
FN:29,(anonymous_3)
FN:35,(anonymous_4)
FN:46,(anonymous_5)
FN:57,(anonymous_6)
FN:71,(anonymous_7)
FN:85,(anonymous_8)
FN:99,(anonymous_9)
FN:113,(anonymous_10)
FN:122,(anonymous_11)
FN:133,(anonymous_12)
FN:140,(anonymous_13)
FNF:14
FNH:13
FNDA:8,(anonymous_0)
FNDA:84,(anonymous_1)
FNDA:46,(anonymous_2)
FNDA:5,(anonymous_3)
FNDA:8,(anonymous_4)
FNDA:7,(anonymous_5)
FNDA:6,(anonymous_6)
FNDA:5,(anonymous_7)
FNDA:4,(anonymous_8)
FNDA:3,(anonymous_9)
FNDA:6,(anonymous_10)
FNDA:4,(anonymous_11)
FNDA:0,(anonymous_12)
FNDA:2,(anonymous_13)
DA:6,8
DA:8,8
DA:9,8
DA:10,8
DA:11,8
DA:13,8
DA:14,84
DA:16,84
DA:19,46
DA:29,5
DA:35,8
DA:36,8
DA:42,8
DA:43,8
DA:46,8
DA:47,7
DA:53,7
DA:54,7
DA:57,8
DA:58,6
DA:64,6
DA:65,6
DA:67,6
DA:68,6
DA:71,8
DA:72,5
DA:78,5
DA:79,5
DA:81,5
DA:82,5
DA:85,8
DA:86,4
DA:92,4
DA:93,4
DA:95,4
DA:96,4
DA:99,8
DA:100,3
DA:106,3
DA:107,3
DA:109,3
DA:110,3
DA:113,8
DA:114,6
DA:115,6
DA:117,6
DA:122,4
DA:133,0
DA:140,8
DA:141,2
DA:147,2
DA:148,2
DA:150,2
DA:151,2
LF:54
LH:53
BRF:0
BRH:0
end_of_record
TN:
SF:packages/sdds-insol/src/components/Popup/Popup.component-test.tsx
FN:25,(anonymous_0)
FN:31,Demo
FN:36,(anonymous_2)
FN:37,(anonymous_3)
FN:40,(anonymous_4)
FN:47,Placement
FN:60,Frame
FN:67,(anonymous_7)
FN:68,(anonymous_8)
FN:72,(anonymous_9)
FN:81,(anonymous_10)
FN:88,(anonymous_11)
FN:102,(anonymous_12)
FN:117,(anonymous_13)
FN:133,(anonymous_14)
FN:148,(anonymous_15)
FN:163,(anonymous_16)
FN:177,(anonymous_17)
FNF:18
FNH:15
FNDA:8,(anonymous_0)
FNDA:37,Demo
FNDA:15,(anonymous_2)
FNDA:0,(anonymous_3)
FNDA:7,(anonymous_4)
FNDA:66,Placement
FNDA:9,Frame
FNDA:3,(anonymous_7)
FNDA:3,(anonymous_8)
FNDA:0,(anonymous_9)
FNDA:0,(anonymous_10)
FNDA:8,(anonymous_11)
FNDA:7,(anonymous_12)
FNDA:6,(anonymous_13)
FNDA:5,(anonymous_14)
FNDA:4,(anonymous_15)
FNDA:3,(anonymous_16)
FNDA:2,(anonymous_17)
DA:5,8
DA:10,8
DA:25,8
DA:26,8
DA:27,8
DA:28,8
DA:29,8
DA:32,37
DA:34,37
DA:36,15
DA:37,0
DA:40,7
DA:48,66
DA:61,9
DA:62,9
DA:64,9
DA:65,9
DA:67,3
DA:68,3
DA:72,0
DA:81,0
DA:88,8
DA:89,8
DA:97,8
DA:99,8
DA:102,8
DA:103,7
DA:111,7
DA:112,7
DA:113,7
DA:114,7
DA:117,8
DA:118,6
DA:130,6
DA:133,8
DA:134,5
DA:145,5
DA:148,8
DA:149,4
DA:160,4
DA:163,8
DA:164,3
DA:172,3
DA:173,3
DA:174,3
DA:177,8
DA:178,2
DA:190,2
LF:48
LH:45
BRDA:31,0,0,37
BRF:1
BRH:1
end_of_record
TN:
SF:packages/sdds-insol/src/components/Portal/Portal.component-test.tsx
FN:15,(anonymous_0)
FN:20,Demo
FN:26,(anonymous_2)
FN:43,(anonymous_3)
FN:55,(anonymous_4)
FNF:5
FNH:5
FNDA:3,(anonymous_0)
FNDA:10,Demo
FNDA:5,(anonymous_2)
FNDA:3,(anonymous_3)
FNDA:2,(anonymous_4)
DA:5,3
DA:7,3
DA:15,3
DA:16,3
DA:17,3
DA:18,3
DA:21,10
DA:22,10
DA:24,10
DA:26,5
DA:43,3
DA:44,3
DA:50,3
DA:51,3
DA:52,3
DA:55,3
DA:56,2
DA:62,2
DA:63,2
DA:64,2
LF:20
LH:20
BRDA:20,0,0,6
BRDA:32,1,0,10
BRDA:32,1,1,5
BRDA:32,1,2,5
BRF:4
BRH:4
end_of_record
TN:
SF:packages/sdds-insol/src/components/Price/Price.update-test.component-test.tsx
FN:4,(anonymous_0)
FN:8,(anonymous_1)
FN:22,(anonymous_2)
FN:36,(anonymous_3)
FN:50,(anonymous_4)
FN:64,(anonymous_5)
FN:88,(anonymous_6)
FNF:7
FNH:7
FNDA:7,(anonymous_0)
FNDA:7,(anonymous_1)
FNDA:6,(anonymous_2)
FNDA:5,(anonymous_3)
FNDA:4,(anonymous_4)
FNDA:3,(anonymous_5)
FNDA:2,(anonymous_6)
DA:4,7
DA:5,7
DA:6,7
DA:8,7
DA:9,7
DA:19,7
DA:22,7
DA:23,6
DA:33,6
DA:36,7
DA:37,5
DA:47,5
DA:50,7
DA:51,4
DA:61,4
DA:64,7
DA:65,3
DA:85,3
DA:88,7
DA:89,2
DA:100,2
LF:21
LH:21
BRF:0
BRH:0
end_of_record
TN:
SF:packages/sdds-insol/src/components/Progress/Progress.update-test.component-test.tsx
FN:4,(anonymous_0)
FN:7,(anonymous_1)
FN:17,(anonymous_2)
FN:27,(anonymous_3)
FN:37,(anonymous_4)
FN:47,(anonymous_5)
FN:57,(anonymous_6)
FN:67,(anonymous_7)
FN:77,(anonymous_8)
FN:87,(anonymous_9)
FN:97,(anonymous_10)
FNF:11
FNH:11
FNDA:11,(anonymous_0)
FNDA:11,(anonymous_1)
FNDA:10,(anonymous_2)
FNDA:9,(anonymous_3)
FNDA:8,(anonymous_4)
FNDA:7,(anonymous_5)
FNDA:6,(anonymous_6)
FNDA:5,(anonymous_7)
FNDA:4,(anonymous_8)
FNDA:3,(anonymous_9)
FNDA:2,(anonymous_10)
DA:4,11
DA:5,11
DA:7,11
DA:8,11
DA:14,11
DA:17,11
DA:18,10
DA:24,10
DA:27,11
DA:28,9
DA:34,9
DA:37,11
DA:38,8
DA:44,8
DA:47,11
DA:48,7
DA:54,7
DA:57,11
DA:58,6
DA:64,6
DA:67,11
DA:68,5
DA:74,5
DA:77,11
DA:78,4
DA:84,4
DA:87,11
DA:88,3
DA:94,3
DA:97,11
DA:98,2
DA:104,2
LF:32
LH:32
BRF:0
BRH:0
end_of_record
TN:
SF:packages/sdds-insol/src/components/Radiobox/Radiobox.update-test.component-test.tsx
FN:4,(anonymous_0)
FN:7,(anonymous_1)
FN:17,(anonymous_2)
FN:27,(anonymous_3)
FN:37,(anonymous_4)
FN:47,(anonymous_5)
FN:66,(anonymous_6)
FN:76,(anonymous_7)
FN:86,(anonymous_8)
FN:96,(anonymous_9)
FN:106,(anonymous_10)
FN:116,(anonymous_11)
FNF:12
FNH:12
FNDA:12,(anonymous_0)
FNDA:12,(anonymous_1)
FNDA:11,(anonymous_2)
FNDA:10,(anonymous_3)
FNDA:9,(anonymous_4)
FNDA:8,(anonymous_5)
FNDA:7,(anonymous_6)
FNDA:6,(anonymous_7)
FNDA:5,(anonymous_8)
FNDA:4,(anonymous_9)
FNDA:3,(anonymous_10)
FNDA:2,(anonymous_11)
DA:4,12
DA:5,12
DA:7,12
DA:8,12
DA:14,12
DA:17,12
DA:18,11
DA:24,11
DA:27,12
DA:28,10
DA:34,10
DA:37,12
DA:38,9
DA:44,9
DA:47,12
DA:48,8
DA:63,8
DA:66,12
DA:67,7
DA:73,7
DA:76,12
DA:77,6
DA:83,6
DA:86,12
DA:87,5
DA:93,5
DA:96,12
DA:97,4
DA:103,4
DA:106,12
DA:107,3
DA:113,3
DA:116,12
DA:117,2
DA:123,2
LF:35
LH:35
BRF:0
BRH:0
end_of_record
TN:
SF:packages/sdds-insol/src/components/Range/Range.update-test.component-test.tsx
FN:5,(anonymous_0)
FN:18,(anonymous_1)
FN:22,(anonymous_2)
FN:58,(anonymous_3)
FN:68,(anonymous_4)
FN:91,(anonymous_5)
FN:118,(anonymous_6)
FN:128,(anonymous_7)
FN:138,(anonymous_8)
FN:148,(anonymous_9)
FN:158,(anonymous_10)
FN:168,(anonymous_11)
FN:178,(anonymous_12)
FN:189,(anonymous_13)
FNF:14
FNH:14
FNDA:109,(anonymous_0)
FNDA:12,(anonymous_1)
FNDA:56,(anonymous_2)
FNDA:12,(anonymous_3)
FNDA:11,(anonymous_4)
FNDA:10,(anonymous_5)
FNDA:9,(anonymous_6)
FNDA:8,(anonymous_7)
FNDA:7,(anonymous_8)
FNDA:6,(anonymous_9)
FNDA:5,(anonymous_10)
FNDA:4,(anonymous_11)
FNDA:3,(anonymous_12)
FNDA:2,(anonymous_13)
DA:5,109
DA:18,12
DA:19,12
DA:20,12
DA:22,12
DA:32,56
DA:58,12
DA:59,12
DA:65,12
DA:68,12
DA:69,11
DA:88,11
DA:91,12
DA:92,10
DA:115,10
DA:118,12
DA:119,9
DA:125,9
DA:128,12
DA:129,8
DA:135,8
DA:138,12
DA:139,7
DA:145,7
DA:148,12
DA:149,6
DA:155,6
DA:158,12
DA:159,5
DA:165,5
DA:168,12
DA:169,4
DA:175,4
DA:178,12
DA:179,3
DA:184,3
DA:186,3
DA:189,12
DA:190,2
DA:195,2
DA:197,2
LF:41
LH:41
BRDA:23,0,0,34
BRDA:24,1,0,44
BRF:2
BRH:2
end_of_record
TN:
SF:packages/sdds-insol/src/components/Rating/Rating.component-test.tsx
FN:23,(anonymous_0)
FN:26,(anonymous_1)
FN:53,(anonymous_2)
FN:64,(anonymous_3)
FN:77,(anonymous_4)
FN:88,(anonymous_5)
FN:99,(anonymous_6)
FN:108,(anonymous_7)
FN:117,(anonymous_8)
FN:132,(anonymous_9)
FN:135,(anonymous_10)
FNF:11
FNH:11
FNDA:9,(anonymous_0)
FNDA:132,(anonymous_1)
FNDA:9,(anonymous_2)
FNDA:8,(anonymous_3)
FNDA:7,(anonymous_4)
FNDA:6,(anonymous_5)
FNDA:5,(anonymous_6)
FNDA:4,(anonymous_7)
FNDA:3,(anonymous_8)
FNDA:2,(anonymous_9)
FNDA:26,(anonymous_10)
DA:21,9
DA:23,9
DA:24,9
DA:26,9
DA:37,132
DA:53,9
DA:54,9
DA:61,9
DA:64,9
DA:65,8
DA:74,8
DA:77,9
DA:78,7
DA:85,7
DA:88,9
DA:89,6
DA:96,6
DA:99,9
DA:100,5
DA:105,5
DA:108,9
DA:109,4
DA:114,4
DA:117,9
DA:118,3
DA:129,3
DA:132,9
DA:133,2
DA:136,26
DA:145,2
LF:30
LH:30
BRDA:27,0,0,52
BRDA:28,1,0,80
BRDA:30,2,0,128
BRDA:33,3,0,68
BRDA:34,4,0,127
BRF:5
BRH:5
end_of_record
TN:
SF:packages/sdds-insol/src/components/Segment/Segment.update-test.component-test.tsx
FN:10,(anonymous_0)
FN:15,(anonymous_1)
FN:33,(anonymous_2)
FN:75,(anonymous_3)
FN:93,(anonymous_4)
FN:111,(anonymous_5)
FN:129,(anonymous_6)
FN:147,(anonymous_7)
FN:183,(anonymous_8)
FNF:9
FNH:9
FNDA:9,(anonymous_0)
FNDA:9,(anonymous_1)
FNDA:8,(anonymous_2)
FNDA:7,(anonymous_3)
FNDA:6,(anonymous_4)
FNDA:5,(anonymous_5)
FNDA:4,(anonymous_6)
FNDA:3,(anonymous_7)
FNDA:2,(anonymous_8)
DA:7,9
DA:8,9
DA:10,9
DA:11,9
DA:12,9
DA:13,9
DA:15,9
DA:16,9
DA:28,9
DA:30,9
DA:33,9
DA:34,8
DA:70,8
DA:72,8
DA:75,9
DA:76,7
DA:88,7
DA:90,7
DA:93,9
DA:94,6
DA:106,6
DA:108,6
DA:111,9
DA:112,5
DA:124,5
DA:126,5
DA:129,9
DA:130,4
DA:142,4
DA:144,4
DA:147,9
DA:148,3
DA:178,3
DA:180,3
DA:183,9
DA:184,2
DA:196,2
DA:197,2
DA:199,2
LF:39
LH:39
BRF:0
BRH:0
end_of_record
TN:
SF:packages/sdds-insol/src/components/Select/Select.component-test.tsx
FN:221,(anonymous_0)
FN:224,(anonymous_1)
FN:531,(anonymous_2)
FN:539,(anonymous_3)
FN:547,(anonymous_4)
FN:555,(anonymous_5)
FN:563,(anonymous_6)
FN:571,(anonymous_7)
FN:579,(anonymous_8)
FN:593,(anonymous_9)
FN:608,(anonymous_10)
FN:623,(anonymous_11)
FN:644,(anonymous_12)
FN:658,(anonymous_13)
FN:666,(anonymous_14)
FN:692,(anonymous_15)
FN:708,(anonymous_16)
FN:732,(anonymous_17)
FN:756,(anonymous_18)
FN:772,(anonymous_19)
FN:784,(anonymous_20)
FN:787,(anonymous_21)
FN:798,(anonymous_22)
FN:810,(anonymous_23)
FN:822,(anonymous_24)
FN:835,(anonymous_25)
FN:847,(anonymous_26)
FN:874,(anonymous_27)
FN:877,(anonymous_28)
FN:934,(anonymous_29)
FN:953,(anonymous_30)
FN:978,(anonymous_31)
FN:981,(anonymous_32)
FN:1197,(anonymous_33)
FN:1200,(anonymous_34)
FN:1288,(anonymous_35)
FN:1291,(anonymous_36)
FN:1295,(anonymous_37)
FN:1362,(anonymous_38)
FN:1365,(anonymous_39)
FN:1368,(anonymous_40)
FN:1409,(anonymous_41)
FN:1412,(anonymous_42)
FN:1415,(anonymous_43)
FNF:44
FNH:44
FNDA:28,(anonymous_0)
FNDA:279,(anonymous_1)
FNDA:28,(anonymous_2)
FNDA:27,(anonymous_3)
FNDA:26,(anonymous_4)
FNDA:25,(anonymous_5)
FNDA:24,(anonymous_6)
FNDA:23,(anonymous_7)
FNDA:22,(anonymous_8)
FNDA:21,(anonymous_9)
FNDA:20,(anonymous_10)
FNDA:19,(anonymous_11)
FNDA:18,(anonymous_12)
FNDA:17,(anonymous_13)
FNDA:16,(anonymous_14)
FNDA:15,(anonymous_15)
FNDA:14,(anonymous_16)
FNDA:13,(anonymous_17)
FNDA:12,(anonymous_18)
FNDA:11,(anonymous_19)
FNDA:10,(anonymous_20)
FNDA:10,(anonymous_21)
FNDA:20,(anonymous_22)
FNDA:40,(anonymous_23)
FNDA:20,(anonymous_24)
FNDA:40,(anonymous_25)
FNDA:9,(anonymous_26)
FNDA:8,(anonymous_27)
FNDA:32,(anonymous_28)
FNDA:7,(anonymous_29)
FNDA:7,(anonymous_30)
FNDA:6,(anonymous_31)
FNDA:60,(anonymous_32)
FNDA:5,(anonymous_33)
FNDA:10,(anonymous_34)
FNDA:4,(anonymous_35)
FNDA:4,(anonymous_36)
FNDA:48,(anonymous_37)
FNDA:3,(anonymous_38)
FNDA:9,(anonymous_39)
FNDA:3,(anonymous_40)
FNDA:2,(anonymous_41)
FNDA:12,(anonymous_42)
FNDA:2,(anonymous_43)
DA:5,28
DA:221,28
DA:222,28
DA:224,28
DA:225,279
DA:226,251
DA:228,251
DA:531,28
DA:532,28
DA:534,28
DA:536,28
DA:539,28
DA:540,27
DA:542,27
DA:544,27
DA:547,28
DA:548,26
DA:550,26
DA:552,26
DA:555,28
DA:556,25
DA:558,25
DA:560,25
DA:563,28
DA:564,24
DA:566,24
DA:568,24
DA:571,28
DA:572,23
DA:574,23
DA:576,23
DA:579,28
DA:580,22
DA:582,22
DA:590,22
DA:593,28
DA:594,21
DA:596,21
DA:605,21
DA:608,28
DA:609,20
DA:611,20
DA:620,20
DA:623,28
DA:624,19
DA:626,19
DA:641,19
DA:644,28
DA:645,18
DA:647,18
DA:655,18
DA:658,28
DA:659,17
DA:661,17
DA:663,17
DA:666,28
DA:667,16
DA:669,16
DA:689,16
DA:692,28
DA:693,15
DA:695,15
DA:705,15
DA:708,28
DA:709,14
DA:711,14
DA:727,14
DA:729,14
DA:732,28
DA:733,13
DA:735,13
DA:751,13
DA:753,13
DA:756,28
DA:757,12
DA:759,12
DA:765,12
DA:766,12
DA:768,12
DA:769,12
DA:772,28
DA:773,11
DA:779,11
DA:781,11
DA:784,28
DA:785,10
DA:787,10
DA:788,10
DA:789,10
DA:791,10
DA:798,20
DA:810,40
DA:822,20
DA:835,40
DA:842,10
DA:844,10
DA:847,28
DA:848,9
DA:850,9
DA:869,9
DA:871,9
DA:874,28
DA:875,8
DA:877,8
DA:878,32
DA:879,32
DA:881,32
DA:911,8
DA:913,8
DA:914,8
DA:916,8
DA:917,8
DA:918,8
DA:920,8
DA:922,8
DA:923,8
DA:924,8
DA:926,8
DA:928,8
DA:929,8
DA:931,8
DA:934,28
DA:935,7
DA:953,7
DA:954,7
DA:961,7
DA:963,7
DA:964,7
DA:965,7
DA:967,7
DA:968,7
DA:969,7
DA:971,7
DA:973,7
DA:974,7
DA:975,7
DA:978,28
DA:979,6
DA:981,6
DA:982,60
DA:984,60
DA:1000,6
DA:1002,6
DA:1003,6
DA:1004,6
DA:1007,6
DA:1008,6
DA:1009,6
DA:1010,6
DA:1011,6
DA:1018,6
DA:1019,6
DA:1020,6
DA:1023,6
DA:1024,6
DA:1025,6
DA:1026,6
DA:1027,6
DA:1028,6
DA:1031,6
DA:1032,6
DA:1033,6
DA:1034,6
DA:1035,6
DA:1036,6
DA:1037,6
DA:1038,6
DA:1039,6
DA:1040,6
DA:1041,6
DA:1042,6
DA:1043,6
DA:1049,6
DA:1050,6
DA:1051,6
DA:1052,6
DA:1053,6
DA:1058,6
DA:1059,6
DA:1060,6
DA:1061,6
DA:1062,6
DA:1063,6
DA:1064,6
DA:1065,6
DA:1066,6
DA:1067,6
DA:1068,6
DA:1069,6
DA:1070,6
DA:1071,6
DA:1072,6
DA:1073,6
DA:1074,6
DA:1075,6
DA:1076,6
DA:1077,6
DA:1078,6
DA:1079,6
DA:1080,6
DA:1081,6
DA:1082,6
DA:1083,6
DA:1084,6
DA:1085,6
DA:1086,6
DA:1087,6
DA:1088,6
DA:1089,6
DA:1092,6
DA:1093,6
DA:1094,6
DA:1095,6
DA:1096,6
DA:1097,6
DA:1100,6
DA:1101,6
DA:1102,6
DA:1103,6
DA:1104,6
DA:1105,6
DA:1108,6
DA:1109,6
DA:1110,6
DA:1111,6
DA:1112,6
DA:1113,6
DA:1116,6
DA:1117,6
DA:1118,6
DA:1119,6
DA:1120,6
DA:1121,6
DA:1122,6
DA:1123,6
DA:1124,6
DA:1127,6
DA:1128,6
DA:1129,6
DA:1130,6
DA:1131,6
DA:1132,6
DA:1133,6
DA:1134,6
DA:1135,6
DA:1136,6
DA:1139,6
DA:1140,6
DA:1141,6
DA:1142,6
DA:1143,6
DA:1144,6
DA:1145,6
DA:1146,6
DA:1147,6
DA:1148,6
DA:1149,6
DA:1153,6
DA:1154,6
DA:1155,6
DA:1156,6
DA:1157,6
DA:1158,6
DA:1159,6
DA:1160,6
DA:1161,6
DA:1162,6
DA:1163,6
DA:1166,6
DA:1167,6
DA:1168,6
DA:1169,6
DA:1170,6
DA:1171,6
DA:1172,6
DA:1173,6
DA:1174,6
DA:1175,6
DA:1176,6
DA:1177,6
DA:1178,6
DA:1179,6
DA:1180,6
DA:1181,6
DA:1182,6
DA:1183,6
DA:1184,6
DA:1185,6
DA:1186,6
DA:1187,6
DA:1188,6
DA:1189,6
DA:1192,6
DA:1193,6
DA:1194,6
DA:1197,28
DA:1198,5
DA:1200,5
DA:1201,10
DA:1202,10
DA:1204,10
DA:1255,5
DA:1257,5
DA:1258,5
DA:1259,5
DA:1260,5
DA:1261,5
DA:1262,5
DA:1263,5
DA:1264,5
DA:1266,5
DA:1267,5
DA:1268,5
DA:1269,5
DA:1270,5
DA:1271,5
DA:1272,5
DA:1273,5
DA:1275,5
DA:1276,5
DA:1277,5
DA:1278,5
DA:1280,5
DA:1281,5
DA:1282,5
DA:1283,5
DA:1284,5
DA:1285,5
DA:1288,28
DA:1289,4
DA:1291,4
DA:1292,4
DA:1293,4
DA:1295,4
DA:1296,48
DA:1297,32
DA:1300,16
DA:1303,4
DA:1357,4
DA:1359,4
DA:1362,28
DA:1363,3
DA:1365,3
DA:1366,9
DA:1368,9
DA:1369,3
DA:1372,9
DA:1398,3
DA:1400,3
DA:1402,3
DA:1404,3
DA:1405,3
DA:1406,3
DA:1409,28
DA:1410,2
DA:1412,2
DA:1413,12
DA:1415,12
DA:1416,2
DA:1419,12
DA:1453,2
DA:1455,2
DA:1456,2
DA:1457,2
DA:1459,2
DA:1461,2
DA:1462,2
DA:1463,2
DA:1464,2
DA:1465,2
DA:1466,2
DA:1467,2
LF:372
LH:372
BRDA:225,0,0,279
BRDA:225,0,1,153
BRDA:226,1,0,251
BRDA:226,1,1,153
BRDA:1296,2,0,32
BRDA:1296,2,1,16
BRF:6
BRH:6
end_of_record
TN:
SF:packages/sdds-insol/src/components/Sheet/Sheet.component-test.tsx
FN:6,(anonymous_0)
FN:10,(anonymous_1)
FN:28,(anonymous_2)
FN:34,(anonymous_3)
FN:47,(anonymous_4)
FN:59,(anonymous_5)
FN:68,(anonymous_6)
FN:95,(anonymous_7)
FNF:8
FNH:8
FNDA:5,(anonymous_0)
FNDA:5,(anonymous_1)
FNDA:16,(anonymous_2)
FNDA:7,(anonymous_3)
FNDA:4,(anonymous_4)
FNDA:3,(anonymous_5)
FNDA:24,(anonymous_6)
FNDA:2,(anonymous_7)
DA:6,5
DA:7,5
DA:8,5
DA:10,5
DA:11,5
DA:25,5
DA:28,5
DA:29,16
DA:31,16
DA:34,7
DA:47,5
DA:48,4
DA:54,4
DA:56,4
DA:59,5
DA:60,3
DA:62,3
DA:68,24
DA:78,3
DA:84,3
DA:86,3
DA:92,3
DA:95,5
DA:96,2
DA:98,2
DA:104,2
LF:26
LH:26
BRF:0
BRH:0
end_of_record
TN:
SF:packages/sdds-insol/src/components/Skeleton/Skeleton.component-test.tsx
FN:25,(anonymous_0)
FN:27,(anonymous_1)
FN:28,(anonymous_2)
FN:32,(anonymous_3)
FN:41,(anonymous_4)
FN:44,(anonymous_5)
FN:52,(anonymous_6)
FN:55,(anonymous_7)
FN:64,(anonymous_8)
FN:68,(anonymous_9)
FN:77,(anonymous_10)
FN:90,(anonymous_11)
FN:93,(anonymous_12)
FN:105,(anonymous_13)
FN:109,(anonymous_14)
FN:118,(anonymous_15)
FN:130,(anonymous_16)
FN:139,(anonymous_17)
FN:142,(anonymous_18)
FN:150,(anonymous_19)
FN:153,(anonymous_20)
FN:164,(anonymous_21)
FN:175,(anonymous_22)
FN:180,(anonymous_23)
FNF:24
FNH:24
FNDA:154,(anonymous_0)
FNDA:14,(anonymous_1)
FNDA:14,(anonymous_2)
FNDA:14,(anonymous_3)
FNDA:13,(anonymous_4)
FNDA:221,(anonymous_5)
FNDA:12,(anonymous_6)
FNDA:132,(anonymous_7)
FNDA:14,(anonymous_8)
FNDA:11,(anonymous_9)
FNDA:10,(anonymous_10)
FNDA:9,(anonymous_11)
FNDA:99,(anonymous_12)
FNDA:14,(anonymous_13)
FNDA:8,(anonymous_14)
FNDA:7,(anonymous_15)
FNDA:6,(anonymous_16)
FNDA:5,(anonymous_17)
FNDA:85,(anonymous_18)
FNDA:4,(anonymous_19)
FNDA:44,(anonymous_20)
FNDA:3,(anonymous_21)
FNDA:14,(anonymous_22)
FNDA:2,(anonymous_23)
DA:6,14
DA:25,154
DA:27,14
DA:28,14
DA:29,14
DA:30,14
DA:32,14
DA:33,14
DA:38,14
DA:41,14
DA:42,13
DA:45,221
DA:49,13
DA:52,14
DA:53,12
DA:56,132
DA:60,12
DA:64,14
DA:65,14
DA:66,14
DA:68,14
DA:69,11
DA:74,11
DA:77,14
DA:78,10
DA:87,10
DA:90,14
DA:91,9
DA:94,99
DA:101,9
DA:105,14
DA:106,14
DA:107,14
DA:109,14
DA:110,8
DA:115,8
DA:118,14
DA:119,7
DA:128,7
DA:130,14
DA:131,6
DA:136,6
DA:139,14
DA:140,5
DA:143,85
DA:147,5
DA:150,14
DA:151,4
DA:154,44
DA:161,4
DA:164,14
DA:165,3
DA:171,3
DA:175,14
DA:176,14
DA:177,14
DA:178,14
DA:180,14
DA:181,2
DA:188,2
LF:60
LH:60
BRF:0
BRH:0
end_of_record
TN:
SF:packages/sdds-insol/src/components/Slider/Slider.update-test.component-test.tsx
FN:4,(anonymous_0)
FN:8,(anonymous_1)
FN:33,(anonymous_2)
FN:61,(anonymous_3)
FN:86,(anonymous_4)
FN:108,(anonymous_5)
FN:118,(anonymous_6)
FN:142,(anonymous_7)
FNF:8
FNH:8
FNDA:8,(anonymous_0)
FNDA:8,(anonymous_1)
FNDA:7,(anonymous_2)
FNDA:6,(anonymous_3)
FNDA:5,(anonymous_4)
FNDA:4,(anonymous_5)
FNDA:3,(anonymous_6)
FNDA:2,(anonymous_7)
DA:4,8
DA:5,8
DA:6,8
DA:8,8
DA:9,8
DA:30,8
DA:33,8
DA:34,7
DA:56,7
DA:58,7
DA:61,8
DA:62,6
DA:83,6
DA:86,8
DA:87,5
DA:105,5
DA:108,8
DA:109,4
DA:115,4
DA:118,8
DA:119,3
DA:139,3
DA:142,8
DA:143,2
DA:149,2
DA:151,2
LF:26
LH:26
BRF:0
BRH:0
end_of_record
TN:
SF:packages/sdds-insol/src/components/Steps/Steps.component-test.tsx
FN:155,(anonymous_0)
FN:156,(anonymous_1)
FN:178,(anonymous_2)
FN:182,(anonymous_3)
FN:185,(anonymous_4)
FN:187,(anonymous_5)
FN:190,(anonymous_6)
FN:196,(anonymous_7)
FN:207,(anonymous_8)
FN:210,(anonymous_9)
FN:216,(anonymous_10)
FN:228,(anonymous_11)
FN:231,(anonymous_12)
FN:242,(anonymous_13)
FN:256,(anonymous_14)
FN:259,(anonymous_15)
FN:270,(anonymous_16)
FN:273,(anonymous_17)
FN:285,(anonymous_18)
FN:288,(anonymous_19)
FN:300,(anonymous_20)
FN:303,(anonymous_21)
FN:312,(anonymous_22)
FN:315,(anonymous_23)
FN:316,(anonymous_24)
FN:324,(anonymous_25)
FN:327,(anonymous_26)
FN:329,(anonymous_27)
FN:335,(anonymous_28)
FN:350,(anonymous_29)
FN:353,(anonymous_30)
FN:364,(anonymous_31)
FN:365,(anonymous_32)
FN:369,(anonymous_33)
FN:375,(anonymous_34)
FN:387,(anonymous_35)
FN:391,(anonymous_36)
FN:397,(anonymous_37)
FN:410,(anonymous_38)
FN:414,(anonymous_39)
FN:426,(anonymous_40)
FN:442,(anonymous_41)
FN:446,(anonymous_42)
FN:458,(anonymous_43)
FN:462,(anonymous_44)
FN:475,(anonymous_45)
FN:479,(anonymous_46)
FN:492,(anonymous_47)
FN:496,(anonymous_48)
FN:506,(anonymous_49)
FN:510,(anonymous_50)
FN:513,(anonymous_51)
FN:524,(anonymous_52)
FN:529,(anonymous_53)
FN:533,(anonymous_54)
FN:540,(anonymous_55)
FN:557,(anonymous_56)
FN:561,(anonymous_57)
FN:567,(anonymous_58)
FNF:59
FNH:59
FNDA:50,(anonymous_0)
FNDA:225,(anonymous_1)
FNDA:25,(anonymous_2)
FNDA:125,(anonymous_3)
FNDA:100,(anonymous_4)
FNDA:25,(anonymous_5)
FNDA:100,(anonymous_6)
FNDA:100,(anonymous_7)
FNDA:24,(anonymous_8)
FNDA:144,(anonymous_9)
FNDA:144,(anonymous_10)
FNDA:23,(anonymous_11)
FNDA:92,(anonymous_12)
FNDA:22,(anonymous_13)
FNDA:21,(anonymous_14)
FNDA:84,(anonymous_15)
FNDA:20,(anonymous_16)
FNDA:100,(anonymous_17)
FNDA:19,(anonymous_18)
FNDA:95,(anonymous_19)
FNDA:18,(anonymous_20)
FNDA:234,(anonymous_21)
FNDA:17,(anonymous_22)
FNDA:221,(anonymous_23)
FNDA:510,(anonymous_24)
FNDA:16,(anonymous_25)
FNDA:80,(anonymous_26)
FNDA:64,(anonymous_27)
FNDA:15,(anonymous_28)
FNDA:14,(anonymous_29)
FNDA:84,(anonymous_30)
FNDA:25,(anonymous_31)
FNDA:13,(anonymous_32)
FNDA:52,(anonymous_33)
FNDA:52,(anonymous_34)
FNDA:12,(anonymous_35)
FNDA:72,(anonymous_36)
FNDA:72,(anonymous_37)
FNDA:11,(anonymous_38)
FNDA:44,(anonymous_39)
FNDA:10,(anonymous_40)
FNDA:9,(anonymous_41)
FNDA:36,(anonymous_42)
FNDA:8,(anonymous_43)
FNDA:40,(anonymous_44)
FNDA:7,(anonymous_45)
FNDA:35,(anonymous_46)
FNDA:6,(anonymous_47)
FNDA:78,(anonymous_48)
FNDA:5,(anonymous_49)
FNDA:65,(anonymous_50)
FNDA:150,(anonymous_51)
FNDA:4,(anonymous_52)
FNDA:20,(anonymous_53)
FNDA:16,(anonymous_54)
FNDA:3,(anonymous_55)
FNDA:2,(anonymous_56)
FNDA:12,(anonymous_57)
FNDA:12,(anonymous_58)
DA:5,25
DA:7,25
DA:149,25
DA:155,25
DA:156,50
DA:157,225
DA:158,225
DA:160,225
DA:161,125
DA:167,100
DA:175,50
DA:178,25
DA:179,25
DA:181,25
DA:182,125
DA:184,25
DA:185,100
DA:187,25
DA:188,25
DA:191,100
DA:197,100
DA:204,25
DA:207,25
DA:208,24
DA:211,144
DA:217,144
DA:225,24
DA:228,25
DA:229,23
DA:232,92
DA:239,23
DA:242,25
DA:243,22
DA:253,22
DA:256,25
DA:257,21
DA:260,84
DA:267,21
DA:270,25
DA:271,20
DA:274,100
DA:282,20
DA:285,25
DA:286,19
DA:289,95
DA:297,19
DA:300,25
DA:301,18
DA:304,234
DA:309,18
DA:312,25
DA:313,17
DA:316,510
DA:321,17
DA:324,25
DA:325,16
DA:327,80
DA:329,64
DA:332,16
DA:335,25
DA:336,15
DA:347,15
DA:350,25
DA:351,14
DA:354,84
DA:361,14
DA:364,25
DA:365,25
DA:366,13
DA:370,52
DA:376,52
DA:384,13
DA:387,25
DA:388,12
DA:392,72
DA:398,72
DA:407,12
DA:410,25
DA:411,11
DA:415,44
DA:423,11
DA:426,25
DA:427,10
DA:439,10
DA:442,25
DA:443,9
DA:447,36
DA:455,9
DA:458,25
DA:459,8
DA:463,40
DA:472,8
DA:475,25
DA:476,7
DA:480,35
DA:489,7
DA:492,25
DA:493,6
DA:497,78
DA:503,6
DA:506,25
DA:507,5
DA:511,65
DA:513,150
DA:521,5
DA:524,25
DA:525,4
DA:529,20
DA:533,16
DA:537,4
DA:540,25
DA:541,3
DA:554,3
DA:557,25
DA:558,2
DA:562,12
DA:568,12
DA:582,2
LF:118
LH:118
BRDA:155,0,0,0
BRDA:155,1,0,25
BRDA:155,2,0,50
BRDA:155,3,0,50
BRDA:155,4,0,0
BRDA:158,5,0,50
BRDA:158,5,1,175
BRDA:160,6,0,125
BRDA:160,6,1,100
BRF:9
BRH:7
end_of_record
TN:
SF:packages/sdds-insol/src/components/Switch/Switch.update-test.component-test.tsx
FN:4,(anonymous_0)
FN:7,(anonymous_1)
FN:17,(anonymous_2)
FN:27,(anonymous_3)
FN:37,(anonymous_4)
FN:47,(anonymous_5)
FN:57,(anonymous_6)
FN:67,(anonymous_7)
FN:77,(anonymous_8)
FN:88,(anonymous_9)
FN:99,(anonymous_10)
FN:110,(anonymous_11)
FNF:12
FNH:12
FNDA:12,(anonymous_0)
FNDA:12,(anonymous_1)
FNDA:11,(anonymous_2)
FNDA:10,(anonymous_3)
FNDA:9,(anonymous_4)
FNDA:8,(anonymous_5)
FNDA:7,(anonymous_6)
FNDA:6,(anonymous_7)
FNDA:5,(anonymous_8)
FNDA:4,(anonymous_9)
FNDA:3,(anonymous_10)
FNDA:2,(anonymous_11)
DA:4,12
DA:5,12
DA:7,12
DA:8,12
DA:14,12
DA:17,12
DA:18,11
DA:24,11
DA:27,12
DA:28,10
DA:34,10
DA:37,12
DA:38,9
DA:44,9
DA:47,12
DA:48,8
DA:54,8
DA:57,12
DA:58,7
DA:64,7
DA:67,12
DA:68,6
DA:74,6
DA:77,12
DA:78,5
DA:84,5
DA:85,5
DA:88,12
DA:89,4
DA:95,4
DA:96,4
DA:99,12
DA:100,3
DA:106,3
DA:107,3
DA:110,12
DA:111,2
DA:117,2
DA:118,2
DA:119,2
LF:40
LH:40
BRF:0
BRH:0
end_of_record
TN:
SF:packages/sdds-insol/src/components/Table/Table.component-test.tsx
FN:186,(anonymous_0)
FN:318,(anonymous_1)
FN:322,(anonymous_2)
FN:325,(anonymous_3)
FN:337,(anonymous_4)
FN:349,(anonymous_5)
FN:361,(anonymous_6)
FN:373,(anonymous_7)
FN:385,(anonymous_8)
FN:397,(anonymous_9)
FN:409,(anonymous_10)
FN:421,(anonymous_11)
FN:433,(anonymous_12)
FN:447,(anonymous_13)
FN:459,(anonymous_14)
FN:481,(anonymous_15)
FN:500,(anonymous_16)
FN:518,(anonymous_17)
FN:532,(anonymous_18)
FNF:19
FNH:19
FNDA:50,(anonymous_0)
FNDA:20,(anonymous_1)
FNDA:17,(anonymous_2)
FNDA:17,(anonymous_3)
FNDA:16,(anonymous_4)
FNDA:15,(anonymous_5)
FNDA:14,(anonymous_6)
FNDA:13,(anonymous_7)
FNDA:12,(anonymous_8)
FNDA:11,(anonymous_9)
FNDA:10,(anonymous_10)
FNDA:9,(anonymous_11)
FNDA:8,(anonymous_12)
FNDA:7,(anonymous_13)
FNDA:6,(anonymous_14)
FNDA:5,(anonymous_15)
FNDA:4,(anonymous_16)
FNDA:3,(anonymous_17)
FNDA:2,(anonymous_18)
DA:4,17
DA:107,17
DA:138,17
DA:170,17
DA:187,50
DA:189,0
DA:190,0
DA:194,50
DA:195,25
DA:199,0
DA:222,17
DA:254,17
DA:286,17
DA:318,20
DA:322,17
DA:323,17
DA:325,17
DA:326,17
DA:328,17
DA:334,17
DA:337,17
DA:338,16
DA:340,16
DA:346,16
DA:349,17
DA:350,15
DA:352,15
DA:358,15
DA:361,17
DA:362,14
DA:364,14
DA:370,14
DA:373,17
DA:374,13
DA:376,13
DA:382,13
DA:385,17
DA:386,12
DA:388,12
DA:394,12
DA:397,17
DA:398,11
DA:400,11
DA:406,11
DA:409,17
DA:410,10
DA:412,10
DA:418,10
DA:421,17
DA:422,9
DA:424,9
DA:430,9
DA:433,17
DA:434,8
DA:436,8
DA:442,8
DA:444,8
DA:447,17
DA:448,7
DA:450,7
DA:456,7
DA:459,17
DA:460,6
DA:462,6
DA:468,6
DA:469,6
DA:470,6
DA:471,6
DA:472,6
DA:473,6
DA:474,6
DA:475,6
DA:476,6
DA:478,6
DA:481,17
DA:482,5
DA:484,5
DA:490,5
DA:491,5
DA:492,5
DA:493,5
DA:494,5
DA:495,5
DA:497,5
DA:500,17
DA:501,4
DA:503,4
DA:509,4
DA:510,4
DA:511,4
DA:513,4
DA:515,4
DA:518,17
DA:519,3
DA:521,3
DA:527,3
DA:529,3
DA:532,17
DA:533,2
DA:535,2
DA:541,2
LF:101
LH:98
BRDA:187,0,0,0
BRDA:187,0,1,50
BRDA:187,0,2,0
BRDA:189,1,0,0
BRDA:189,1,1,0
BRDA:194,2,0,25
BRDA:194,2,1,25
BRF:7
BRH:3
end_of_record
TN:
SF:packages/sdds-insol/src/components/Tabs/Tabs.update-test.component-test.tsx
FN:9,(anonymous_0)
FN:13,(anonymous_1)
FN:17,(anonymous_2)
FN:29,(anonymous_3)
FN:33,(anonymous_4)
FN:52,(anonymous_5)
FN:56,(anonymous_6)
FN:73,(anonymous_7)
FN:77,(anonymous_8)
FN:89,(anonymous_9)
FN:93,(anonymous_10)
FN:112,(anonymous_11)
FN:116,(anonymous_12)
FN:128,(anonymous_13)
FN:132,(anonymous_14)
FN:151,(anonymous_15)
FN:155,(anonymous_16)
FNF:17
FNH:17
FNDA:9,(anonymous_0)
FNDA:9,(anonymous_1)
FNDA:27,(anonymous_2)
FNDA:8,(anonymous_3)
FNDA:24,(anonymous_4)
FNDA:7,(anonymous_5)
FNDA:21,(anonymous_6)
FNDA:6,(anonymous_7)
FNDA:18,(anonymous_8)
FNDA:5,(anonymous_9)
FNDA:15,(anonymous_10)
FNDA:4,(anonymous_11)
FNDA:12,(anonymous_12)
FNDA:3,(anonymous_13)
FNDA:9,(anonymous_14)
FNDA:2,(anonymous_15)
FNDA:6,(anonymous_16)
DA:7,9
DA:9,9
DA:10,9
DA:11,9
DA:13,9
DA:14,9
DA:18,27
DA:26,9
DA:29,9
DA:30,8
DA:34,24
DA:49,8
DA:52,9
DA:53,7
DA:57,21
DA:70,7
DA:73,9
DA:74,6
DA:78,18
DA:86,6
DA:89,9
DA:90,5
DA:94,15
DA:109,5
DA:112,9
DA:113,4
DA:117,12
DA:125,4
DA:128,9
DA:129,3
DA:133,9
DA:141,3
DA:142,3
DA:143,3
DA:144,3
DA:145,3
DA:146,3
DA:148,3
DA:151,9
DA:152,2
DA:156,6
DA:164,2
LF:42
LH:42
BRF:0
BRH:0
end_of_record
TN:
SF:packages/sdds-insol/src/components/TextArea/TextArea.update-test.component-test.tsx
FN:5,(anonymous_0)
FN:20,(anonymous_1)
FN:41,(anonymous_2)
FN:62,(anonymous_3)
FN:81,(anonymous_4)
FN:100,(anonymous_5)
FN:124,(anonymous_6)
FN:144,(anonymous_7)
FN:164,(anonymous_8)
FN:184,(anonymous_9)
FN:207,(anonymous_10)
FN:226,(anonymous_11)
FN:248,(anonymous_12)
FN:268,(anonymous_13)
FN:291,(anonymous_14)
FN:303,(anonymous_15)
FN:313,(anonymous_16)
FN:325,(anonymous_17)
FN:335,(anonymous_18)
FN:347,(anonymous_19)
FN:359,(anonymous_20)
FN:371,(anonymous_21)
FN:394,(anonymous_22)
FN:419,(anonymous_23)
FN:452,(anonymous_24)
FN:484,(anonymous_25)
FN:516,(anonymous_26)
FN:550,(anonymous_27)
FNF:28
FNH:28
FNDA:28,(anonymous_0)
FNDA:28,(anonymous_1)
FNDA:27,(anonymous_2)
FNDA:26,(anonymous_3)
FNDA:25,(anonymous_4)
FNDA:24,(anonymous_5)
FNDA:23,(anonymous_6)
FNDA:22,(anonymous_7)
FNDA:21,(anonymous_8)
FNDA:20,(anonymous_9)
FNDA:19,(anonymous_10)
FNDA:18,(anonymous_11)
FNDA:17,(anonymous_12)
FNDA:16,(anonymous_13)
FNDA:15,(anonymous_14)
FNDA:14,(anonymous_15)
FNDA:13,(anonymous_16)
FNDA:12,(anonymous_17)
FNDA:11,(anonymous_18)
FNDA:10,(anonymous_19)
FNDA:9,(anonymous_20)
FNDA:8,(anonymous_21)
FNDA:7,(anonymous_22)
FNDA:6,(anonymous_23)
FNDA:5,(anonymous_24)
FNDA:4,(anonymous_25)
FNDA:3,(anonymous_26)
FNDA:2,(anonymous_27)
DA:5,28
DA:6,28
DA:7,28
DA:8,28
DA:10,28
DA:20,28
DA:21,28
DA:38,28
DA:41,28
DA:42,27
DA:59,27
DA:62,28
DA:63,26
DA:78,26
DA:81,28
DA:82,25
DA:97,25
DA:100,28
DA:101,24
DA:121,24
DA:124,28
DA:125,23
DA:141,23
DA:144,28
DA:145,22
DA:161,22
DA:164,28
DA:165,21
DA:181,21
DA:184,28
DA:185,20
DA:204,20
DA:207,28
DA:208,19
DA:223,19
DA:226,28
DA:227,18
DA:245,18
DA:248,28
DA:249,17
DA:265,17
DA:268,28
DA:269,16
DA:288,16
DA:291,28
DA:292,15
DA:298,15
DA:300,15
DA:303,28
DA:304,14
DA:310,14
DA:313,28
DA:314,13
DA:320,13
DA:322,13
DA:325,28
DA:326,12
DA:332,12
DA:335,28
DA:336,11
DA:342,11
DA:344,11
DA:347,28
DA:348,10
DA:354,10
DA:356,10
DA:359,28
DA:360,9
DA:366,9
DA:368,9
DA:371,28
DA:372,8
DA:391,8
DA:394,28
DA:395,7
DA:416,7
DA:419,28
DA:420,6
DA:443,6
DA:445,6
DA:447,6
DA:449,6
DA:452,28
DA:453,5
DA:479,5
DA:481,5
DA:484,28
DA:485,4
DA:511,4
DA:513,4
DA:516,28
DA:517,3
DA:519,3
DA:545,3
DA:547,3
DA:550,28
DA:551,2
DA:577,2
DA:579,2
LF:99
LH:99
BRF:0
BRH:0
end_of_record
TN:
SF:packages/sdds-insol/src/components/TextField/TextField.update-test.component-test.tsx
FN:7,(anonymous_0)
FN:11,(anonymous_1)
FN:31,(anonymous_2)
FN:49,(anonymous_3)
FN:69,(anonymous_4)
FN:86,(anonymous_5)
FN:108,(anonymous_6)
FN:128,(anonymous_7)
FN:148,(anonymous_8)
FN:167,(anonymous_9)
FN:189,(anonymous_10)
FN:208,(anonymous_11)
FN:232,(anonymous_12)
FN:254,(anonymous_13)
FN:279,(anonymous_14)
FN:298,(anonymous_15)
FN:322,(anonymous_16)
FN:344,(anonymous_17)
FN:367,(anonymous_18)
FN:386,(anonymous_19)
FN:407,(anonymous_20)
FN:436,(anonymous_21)
FN:466,(anonymous_22)
FN:494,(anonymous_23)
FN:527,(anonymous_24)
FNF:25
FNH:25
FNDA:25,(anonymous_0)
FNDA:25,(anonymous_1)
FNDA:24,(anonymous_2)
FNDA:23,(anonymous_3)
FNDA:22,(anonymous_4)
FNDA:21,(anonymous_5)
FNDA:20,(anonymous_6)
FNDA:19,(anonymous_7)
FNDA:18,(anonymous_8)
FNDA:17,(anonymous_9)
FNDA:16,(anonymous_10)
FNDA:15,(anonymous_11)
FNDA:14,(anonymous_12)
FNDA:13,(anonymous_13)
FNDA:12,(anonymous_14)
FNDA:11,(anonymous_15)
FNDA:10,(anonymous_16)
FNDA:9,(anonymous_17)
FNDA:8,(anonymous_18)
FNDA:7,(anonymous_19)
FNDA:6,(anonymous_20)
FNDA:5,(anonymous_21)
FNDA:4,(anonymous_22)
FNDA:3,(anonymous_23)
FNDA:2,(anonymous_24)
DA:7,25
DA:8,25
DA:9,25
DA:11,25
DA:12,25
DA:28,25
DA:31,25
DA:32,24
DA:46,24
DA:49,25
DA:50,23
DA:66,23
DA:69,25
DA:70,22
DA:83,22
DA:86,25
DA:87,21
DA:105,21
DA:108,25
DA:109,20
DA:125,20
DA:128,25
DA:129,19
DA:145,19
DA:148,25
DA:149,18
DA:164,18
DA:167,25
DA:168,17
DA:186,17
DA:189,25
DA:190,16
DA:205,16
DA:208,25
DA:209,15
DA:227,15
DA:229,15
DA:232,25
DA:233,14
DA:251,14
DA:254,25
DA:255,13
DA:276,13
DA:279,25
DA:280,12
DA:295,12
DA:298,25
DA:299,11
DA:317,11
DA:319,11
DA:322,25
DA:323,10
DA:341,10
DA:344,25
DA:345,9
DA:364,9
DA:367,25
DA:368,8
DA:383,8
DA:386,25
DA:387,7
DA:404,7
DA:407,25
DA:408,6
DA:427,6
DA:429,6
DA:431,6
DA:433,6
DA:436,25
DA:437,5
DA:461,5
DA:463,5
DA:466,25
DA:467,4
DA:489,4
DA:491,4
DA:494,25
DA:495,3
DA:497,3
DA:522,3
DA:524,3
DA:527,25
DA:528,2
DA:550,2
DA:552,2
LF:85
LH:85
BRF:0
BRH:0
end_of_record
TN:
SF:packages/sdds-insol/src/components/TextFieldGroup/TextFieldGroup.component-test.tsx
FN:4,(anonymous_0)
FN:8,(anonymous_1)
FN:15,(anonymous_2)
FN:37,(anonymous_3)
FN:50,(anonymous_4)
FN:65,(anonymous_5)
FN:84,(anonymous_6)
FN:112,(anonymous_7)
FNF:8
FNH:8
FNDA:7,(anonymous_0)
FNDA:64,(anonymous_1)
FNDA:7,(anonymous_2)
FNDA:6,(anonymous_3)
FNDA:5,(anonymous_4)
FNDA:4,(anonymous_5)
FNDA:3,(anonymous_6)
FNDA:2,(anonymous_7)
DA:4,7
DA:5,7
DA:6,7
DA:8,64
DA:15,7
DA:16,7
DA:31,7
DA:33,7
DA:34,7
DA:37,7
DA:38,6
DA:46,6
DA:47,6
DA:50,7
DA:51,5
DA:62,5
DA:65,7
DA:66,4
DA:78,4
DA:80,4
DA:81,4
DA:84,7
DA:85,3
DA:106,3
DA:108,3
DA:109,3
DA:112,7
DA:113,2
DA:123,2
DA:124,2
LF:30
LH:30
BRF:0
BRH:0
end_of_record
TN:
SF:packages/sdds-insol/src/components/Toast/Toast.component-test.tsx
FN:6,(anonymous_0)
FN:8,(anonymous_1)
FN:13,(anonymous_2)
FN:17,(anonymous_3)
FN:33,(anonymous_4)
FN:48,(anonymous_5)
FN:63,(anonymous_6)
FN:75,(anonymous_7)
FN:87,(anonymous_8)
FN:99,(anonymous_9)
FN:105,(anonymous_10)
FN:108,(anonymous_11)
FN:123,(anonymous_12)
FN:138,(anonymous_13)
FN:153,(anonymous_14)
FN:168,(anonymous_15)
FN:182,(anonymous_16)
FN:197,(anonymous_17)
FN:212,(anonymous_18)
FN:228,(anonymous_19)
FN:233,(anonymous_20)
FN:235,(anonymous_21)
FN:272,(anonymous_22)
FN:275,(anonymous_23)
FN:277,(anonymous_24)
FN:301,(anonymous_25)
FN:313,(anonymous_26)
FN:315,(anonymous_27)
FNF:28
FNH:28
FNDA:44,(anonymous_0)
FNDA:17,(anonymous_1)
FNDA:42,(anonymous_2)
FNDA:17,(anonymous_3)
FNDA:16,(anonymous_4)
FNDA:15,(anonymous_5)
FNDA:14,(anonymous_6)
FNDA:13,(anonymous_7)
FNDA:12,(anonymous_8)
FNDA:17,(anonymous_9)
FNDA:70,(anonymous_10)
FNDA:35,(anonymous_11)
FNDA:8,(anonymous_12)
FNDA:7,(anonymous_13)
FNDA:6,(anonymous_14)
FNDA:5,(anonymous_15)
FNDA:4,(anonymous_16)
FNDA:3,(anonymous_17)
FNDA:2,(anonymous_18)
FNDA:11,(anonymous_19)
FNDA:66,(anonymous_20)
FNDA:22,(anonymous_21)
FNDA:10,(anonymous_22)
FNDA:20,(anonymous_23)
FNDA:10,(anonymous_24)
FNDA:9,(anonymous_25)
FNDA:18,(anonymous_26)
FNDA:9,(anonymous_27)
DA:6,44
DA:8,17
DA:9,17
DA:10,17
DA:11,17
DA:13,17
DA:14,42
DA:17,17
DA:18,17
DA:26,17
DA:33,17
DA:34,16
DA:45,16
DA:48,17
DA:49,15
DA:60,15
DA:63,17
DA:64,14
DA:72,14
DA:75,17
DA:76,13
DA:84,13
DA:87,17
DA:88,12
DA:96,12
DA:99,17
DA:100,17
DA:102,17
DA:103,17
DA:105,17
DA:106,70
DA:107,70
DA:108,70
DA:109,35
DA:120,70
DA:123,17
DA:124,8
DA:132,8
DA:134,8
DA:135,8
DA:138,17
DA:139,7
DA:147,7
DA:149,7
DA:150,7
DA:153,17
DA:154,6
DA:162,6
DA:164,6
DA:165,6
DA:168,17
DA:169,5
DA:177,5
DA:179,5
DA:182,17
DA:183,4
DA:191,4
DA:193,4
DA:194,4
DA:197,17
DA:198,3
DA:206,3
DA:208,3
DA:209,3
DA:212,17
DA:213,2
DA:221,2
DA:223,2
DA:224,2
DA:228,17
DA:229,11
DA:231,11
DA:233,11
DA:234,66
DA:235,66
DA:236,22
DA:244,66
DA:252,11
DA:260,11
DA:261,11
DA:263,11
DA:264,11
DA:266,11
DA:267,11
DA:269,11
DA:272,17
DA:273,10
DA:275,10
DA:276,20
DA:277,20
DA:278,10
DA:285,20
DA:288,10
DA:296,10
DA:298,10
DA:301,17
DA:302,9
DA:304,9
DA:313,9
DA:314,18
DA:315,18
DA:317,18
DA:320,9
DA:328,9
DA:330,9
LF:105
LH:105
BRDA:107,0,0,70
BRDA:107,0,1,4
BRF:2
BRH:2
end_of_record
TN:
SF:packages/sdds-insol/src/components/Toolbar/Toolbar.component-test.tsx
FN:9,(anonymous_0)
FN:15,(anonymous_1)
FN:19,(anonymous_2)
FN:22,(anonymous_3)
FN:33,(anonymous_4)
FN:49,(anonymous_5)
FN:52,(anonymous_6)
FN:63,(anonymous_7)
FN:79,(anonymous_8)
FN:82,(anonymous_9)
FN:96,(anonymous_10)
FNF:11
FNH:11
FNDA:248,(anonymous_0)
FNDA:4,(anonymous_1)
FNDA:4,(anonymous_2)
FNDA:16,(anonymous_3)
FNDA:16,(anonymous_4)
FNDA:3,(anonymous_5)
FNDA:12,(anonymous_6)
FNDA:12,(anonymous_7)
FNDA:2,(anonymous_8)
FNDA:8,(anonymous_9)
FNDA:8,(anonymous_10)
DA:7,4
DA:9,4
DA:10,248
DA:15,4
DA:16,4
DA:17,4
DA:19,4
DA:20,4
DA:23,16
DA:34,16
DA:46,4
DA:49,4
DA:50,3
DA:53,12
DA:64,12
DA:76,3
DA:79,4
DA:80,2
DA:83,8
DA:97,8
DA:112,2
LF:21
LH:21
BRF:0
BRH:0
end_of_record
TN:
SF:packages/sdds-insol/src/components/Tooltip/Tooltip.component-test.tsx
FN:5,(anonymous_0)
FN:9,Demo
FN:27,(anonymous_2)
FN:34,(anonymous_3)
FN:52,(anonymous_4)
FN:53,(anonymous_5)
FN:112,(anonymous_6)
FN:168,(anonymous_7)
FN:169,Demo
FN:178,(anonymous_9)
FN:179,(anonymous_10)
FN:202,(anonymous_11)
FN:203,(anonymous_12)
FN:240,(anonymous_13)
FN:257,(anonymous_14)
FN:258,(anonymous_15)
FN:282,(anonymous_16)
FN:297,(anonymous_17)
FN:315,(anonymous_18)
FN:316,(anonymous_19)
FN:343,(anonymous_20)
FN:359,(anonymous_21)
FNF:22
FNH:22
FNDA:13,(anonymous_0)
FNDA:25,Demo
FNDA:20,(anonymous_2)
FNDA:13,(anonymous_3)
FNDA:12,(anonymous_4)
FNDA:12,(anonymous_5)
FNDA:11,(anonymous_6)
FNDA:10,(anonymous_7)
FNDA:20,Demo
FNDA:10,(anonymous_9)
FNDA:10,(anonymous_10)
FNDA:9,(anonymous_11)
FNDA:9,(anonymous_12)
FNDA:8,(anonymous_13)
FNDA:7,(anonymous_14)
FNDA:7,(anonymous_15)
FNDA:6,(anonymous_16)
FNDA:5,(anonymous_17)
FNDA:13,(anonymous_18)
FNDA:4,(anonymous_19)
FNDA:3,(anonymous_20)
FNDA:2,(anonymous_21)
DA:5,13
DA:6,13
DA:7,13
DA:10,25
DA:12,25
DA:27,20
DA:34,13
DA:35,13
DA:46,13
DA:52,13
DA:53,12
DA:54,12
DA:68,12
DA:109,12
DA:112,13
DA:113,11
DA:165,11
DA:168,13
DA:170,20
DA:172,20
DA:179,10
DA:191,10
DA:197,10
DA:199,10
DA:202,13
DA:203,9
DA:204,9
DA:216,9
DA:237,9
DA:240,13
DA:241,8
DA:254,8
DA:257,13
DA:258,7
DA:259,7
DA:271,7
DA:279,7
DA:282,13
DA:283,6
DA:294,6
DA:297,13
DA:298,5
DA:304,5
DA:306,5
DA:308,5
DA:310,5
DA:312,5
DA:315,13
DA:316,13
DA:317,4
DA:330,4
DA:332,4
DA:333,4
DA:335,4
DA:336,4
DA:338,4
DA:339,4
DA:340,4
DA:343,13
DA:344,3
DA:350,3
DA:352,3
DA:353,3
DA:355,3
DA:356,3
DA:359,13
DA:360,2
DA:366,2
DA:368,2
DA:369,2
DA:371,2
DA:372,2
LF:72
LH:72
BRF:0
BRH:0
end_of_record
TN:
SF:packages/sdds-insol/src/components/Tree/Tree.component-test.tsx
FN:57,(anonymous_0)
FN:60,(anonymous_1)
FN:81,(anonymous_2)
FN:93,(anonymous_3)
FN:105,(anonymous_4)
FN:120,(anonymous_5)
FN:139,(anonymous_6)
FN:151,(anonymous_7)
FN:163,(anonymous_8)
FN:175,(anonymous_9)
FN:187,(anonymous_10)
FN:199,(anonymous_11)
FN:216,(anonymous_12)
FN:221,(anonymous_13)
FN:228,(anonymous_14)
FN:240,(anonymous_15)
FN:254,(anonymous_16)
FN:262,(anonymous_17)
FNF:18
FNH:18
FNDA:15,(anonymous_0)
FNDA:16,(anonymous_1)
FNDA:15,(anonymous_2)
FNDA:14,(anonymous_3)
FNDA:13,(anonymous_4)
FNDA:12,(anonymous_5)
FNDA:11,(anonymous_6)
FNDA:10,(anonymous_7)
FNDA:9,(anonymous_8)
FNDA:8,(anonymous_9)
FNDA:7,(anonymous_10)
FNDA:6,(anonymous_11)
FNDA:5,(anonymous_12)
FNDA:300,(anonymous_13)
FNDA:4,(anonymous_14)
FNDA:3,(anonymous_15)
FNDA:2,(anonymous_16)
FNDA:2000,(anonymous_17)
DA:5,15
DA:57,15
DA:58,15
DA:60,15
DA:61,16
DA:62,16
DA:63,16
DA:65,16
DA:81,15
DA:82,15
DA:84,15
DA:90,15
DA:93,15
DA:94,14
DA:96,14
DA:102,14
DA:105,15
DA:106,13
DA:108,13
DA:114,13
DA:115,13
DA:117,13
DA:120,15
DA:121,12
DA:123,12
DA:129,12
DA:130,12
DA:132,12
DA:134,12
DA:136,12
DA:139,15
DA:140,11
DA:142,11
DA:148,11
DA:151,15
DA:152,10
DA:154,10
DA:160,10
DA:163,15
DA:164,9
DA:166,9
DA:172,9
DA:175,15
DA:176,8
DA:178,8
DA:184,8
DA:187,15
DA:188,7
DA:190,7
DA:196,7
DA:199,15
DA:200,6
DA:202,6
DA:213,6
DA:216,15
DA:217,5
DA:219,5
DA:221,300
DA:225,5
DA:228,15
DA:229,4
DA:231,4
DA:233,4
DA:234,4
DA:235,4
DA:237,4
DA:240,15
DA:241,3
DA:243,3
DA:251,3
DA:254,15
DA:255,2
DA:257,2
DA:262,2000
DA:269,2
DA:270,2
LF:76
LH:76
BRF:0
BRH:0
end_of_record
TN:
SF:packages/sdds-insol/src/components/Typography/Typography.component-test.tsx
FN:4,(anonymous_0)
FN:74,(anonymous_1)
FN:81,(anonymous_2)
FN:88,(anonymous_3)
FN:95,(anonymous_4)
FN:102,(anonymous_5)
FN:109,(anonymous_6)
FN:116,(anonymous_7)
FN:123,(anonymous_8)
FN:130,(anonymous_9)
FN:137,(anonymous_10)
FN:144,(anonymous_11)
FN:151,(anonymous_12)
FNF:13
FNH:13
FNDA:13,(anonymous_0)
FNDA:13,(anonymous_1)
FNDA:12,(anonymous_2)
FNDA:11,(anonymous_3)
FNDA:10,(anonymous_4)
FNDA:9,(anonymous_5)
FNDA:8,(anonymous_6)
FNDA:7,(anonymous_7)
FNDA:6,(anonymous_8)
FNDA:5,(anonymous_9)
FNDA:4,(anonymous_10)
FNDA:3,(anonymous_11)
FNDA:2,(anonymous_12)
DA:4,13
DA:5,13
DA:6,13
DA:7,13
DA:8,13
DA:9,13
DA:10,13
DA:11,13
DA:12,13
DA:13,13
DA:14,13
DA:15,13
DA:16,13
DA:17,13
DA:18,13
DA:19,13
DA:20,13
DA:21,13
DA:24,13
DA:38,13
DA:48,13
DA:62,13
DA:74,13
DA:75,13
DA:77,13
DA:78,13
DA:81,13
DA:82,12
DA:84,12
DA:85,12
DA:88,13
DA:89,11
DA:91,11
DA:92,11
DA:95,13
DA:96,10
DA:98,10
DA:99,10
DA:102,13
DA:103,9
DA:105,9
DA:106,9
DA:109,13
DA:110,8
DA:112,8
DA:113,8
DA:116,13
DA:117,7
DA:119,7
DA:120,7
DA:123,13
DA:124,6
DA:126,6
DA:127,6
DA:130,13
DA:131,5
DA:133,5
DA:134,5
DA:137,13
DA:138,4
DA:140,4
DA:141,4
DA:144,13
DA:145,3
DA:147,3
DA:148,3
DA:151,13
DA:152,2
DA:154,2
DA:155,2
LF:70
LH:70
BRF:0
BRH:0
end_of_record
